"report-drag-rfile"
"Iteration" "report-drag"
("Iteration" "report-drag")
1 0.3354706
2 0.3412854
3 0.3469993
4 0.3526296
5 0.3581884
6 0.3636838
7 0.3691195
8 0.374498
9 0.3798174
10 0.3850755
11 0.3902692
12 0.3953947
13 0.4004459
14 0.4054186
15 0.4103059
16 0.4151044
17 0.4198079
18 0.4244113
19 0.4289103
20 0.4332996
21 0.4375764
22 0.4417357
23 0.4457691
24 0.4496724
25 0.4534418
26 0.4570729
27 0.4605653
28 0.4639188
29 0.4671367
30 0.4702196
31 0.4731744
32 0.4760045
33 0.4787171
34 0.481319
35 0.4838181
36 0.4862214
37 0.488537
38 0.4907719
39 0.4929326
40 0.4950268
41 0.4970595
42 0.4990368
43 0.5009622
44 0.5028392
45 0.5046723
46 0.5064629
47 0.5082132
48 0.5099235
49 0.5115944
50 0.513225
51 0.5148157
52 0.5163636
53 0.5178691
54 0.5193313
55 0.5207474
56 0.5221145
57 0.5234321
58 0.5246959
59 0.5259057
60 0.5270593
61 0.5281588
62 0.529206
63 0.5301965
64 0.531131
65 0.5320109
66 0.5328351
67 0.5336039
68 0.5343146
69 0.5349666
70 0.5355568
71 0.5360855
72 0.5365494
73 0.536948
74 0.537282
75 0.5375496
76 0.5377527
77 0.5378905
78 0.5379668
79 0.5379832
80 0.5379418
81 0.5378456
82 0.5376975
83 0.5375011
84 0.5372591
85 0.5369756
86 0.5366526
87 0.536294
88 0.5359028
89 0.5354806
90 0.5350306
91 0.5345557
92 0.534058
93 0.5335385
94 0.5330004
95 0.5324448
96 0.5318733
97 0.5312874
98 0.5306867
99 0.5300764
100 0.5294539
101 0.5288211
102 0.5281782
103 0.5275269
104 0.5268669
105 0.5261992
106 0.5255234
107 0.5248402
108 0.5241503
109 0.5234538
110 0.5227519
111 0.5220442
112 0.5213307
113 0.5206129
114 0.5198904
115 0.5191633
116 0.5184297
117 0.5176902
118 0.5169433
119 0.5161887
120 0.5154207
121 0.5146357
122 0.513837
123 0.513025
124 0.5121998
125 0.5113636
126 0.5105146
127 0.5096549
128 0.5087834
129 0.507902
130 0.5070106
131 0.5061094
132 0.5052002
133 0.5042834
134 0.5033591
135 0.5024283
136 0.501493
137 0.5005535
138 0.4996099
139 0.4986642
140 0.4977173
141 0.4967703
142 0.4958231
143 0.494877
144 0.4939347
145 0.4929951
146 0.4920607
147 0.4911303
148 0.4902053
149 0.4892869
150 0.4883763
151 0.4874725
152 0.4865775
153 0.4856909
154 0.4848134
155 0.4839462
156 0.4830892
157 0.4822426
158 0.4814071
159 0.4805827
160 0.4797702
161 0.4789692
162 0.4781807
163 0.4774058
164 0.4766426
165 0.4758931
166 0.4751556
167 0.4744315
168 0.4737219
169 0.4730256
170 0.4723428
171 0.471674
172 0.4710198
173 0.4703785
174 0.4697517
175 0.4691389
176 0.4685396
177 0.4679542
178 0.4673832
179 0.4668254
180 0.4662814
181 0.4657505
182 0.4652336
183 0.4647294
184 0.4642374
185 0.463759
186 0.463293
187 0.4628392
188 0.4623979
189 0.4619681
190 0.4615503
191 0.4611444
192 0.460749
193 0.4603651
194 0.4599924
195 0.4596304
196 0.4592791
197 0.4589389
198 0.4586081
199 0.4582882
200 0.457978
201 0.4576787
202 0.4573889
203 0.4571088
204 0.4568387
205 0.4565781
206 0.4563273
207 0.4560856
208 0.4558538
209 0.455631
210 0.4554171
211 0.4552134
212 0.4550176
213 0.4548315
214 0.4546544
215 0.4544857
216 0.4543264
217 0.4541744
218 0.4540318
219 0.4538974
220 0.4537717
221 0.4536534
222 0.4535441
223 0.4534416
224 0.4533477
225 0.4532611
226 0.4531818
227 0.4531105
228 0.4530462
229 0.4529888
230 0.4529388
231 0.4528949
232 0.4528579
233 0.4528278
234 0.4528036
235 0.4527858
236 0.4527743
237 0.4527682
238 0.4527676
239 0.4527728
240 0.4527834
241 0.452799
242 0.4528198
243 0.4528462
244 0.4528768
245 0.4529113
246 0.4529509
247 0.452994
248 0.453041
249 0.4530915
250 0.4531456
251 0.4532026
252 0.4532628
253 0.4533262
254 0.453392
255 0.4534605
256 0.4535311
257 0.4536036
258 0.4536784
259 0.4537548
260 0.4538323
261 0.4539117
262 0.4539916
263 0.4540727
264 0.4541548
265 0.4542372
266 0.4543208
267 0.4544044
268 0.4544886
269 0.4545733
270 0.4546578
271 0.4547427
272 0.4548272
273 0.4549106
274 0.4549946
275 0.455078
276 0.4551604
277 0.4552427
278 0.455324
279 0.4554048
280 0.455485
281 0.4555646
282 0.4556428
283 0.4557204
284 0.4557978
285 0.455874
286 0.455948
287 0.4560221
288 0.4560947
289 0.4561662
290 0.4562372
291 0.4563065
292 0.4563746
293 0.4564424
294 0.4565087
295 0.4565739
296 0.4566381
297 0.4567011
298 0.4567631
299 0.4568237
300 0.4568829
301 0.4569416
302 0.4569992
303 0.4570552
304 0.4571105
305 0.4571645
306 0.4572174
307 0.4572692
308 0.4573202
309 0.45737
310 0.4574189
311 0.4574664
312 0.4575126
313 0.4575587
314 0.457603
315 0.4576466
316 0.4576888
317 0.4577296
318 0.45777
319 0.4578093
320 0.4578477
321 0.4578848
322 0.4579211
323 0.4579561
324 0.4579901
325 0.458023
326 0.458055
327 0.4580857
328 0.4581156
329 0.4581439
330 0.4581715
331 0.4581977
332 0.458223
333 0.4582473
334 0.4582703
335 0.4582922
336 0.4583137
337 0.4583329
338 0.4583518
339 0.4583696
340 0.4583856
341 0.4584011
342 0.4584153
343 0.4584283
344 0.4584398
345 0.4584506
346 0.4584597
347 0.4584684
348 0.4584755
349 0.4584812
350 0.4584856
351 0.4584897
352 0.4584922
353 0.4584931
354 0.458493
355 0.458492
356 0.4584904
357 0.4584872
358 0.4584831
359 0.458478
360 0.4584718
361 0.458464
362 0.4584553
363 0.4584454
364 0.4584354
365 0.4584235
366 0.4584108
367 0.458398
368 0.4583837
369 0.4583681
370 0.4583515
371 0.4583345
372 0.4583166
373 0.458298
374 0.4582789
375 0.4582582
376 0.458237
377 0.4582154
378 0.4581928
379 0.4581695
380 0.4581458
381 0.4581212
382 0.4580963
383 0.458071
384 0.4580444
385 0.4580176
386 0.4579903
387 0.4579621
388 0.4579345
389 0.4579052
390 0.4578763
391 0.4578469
392 0.457817
393 0.4577868
394 0.4577563
395 0.4577255
396 0.4576943
397 0.4576629
398 0.4576319
399 0.4575999
400 0.4575678
401 0.4575358
402 0.4575028
403 0.4574707
404 0.4574379
405 0.4574049
406 0.457372
407 0.457339
408 0.4573059
409 0.457273
410 0.45724
411 0.457207
412 0.4571737
413 0.4571409
414 0.4571073
415 0.4570738
416 0.4570407
417 0.4570075
418 0.4569744
419 0.4569411
420 0.4569077
421 0.4568744
422 0.4568412
423 0.4568085
424 0.4567758
425 0.4567421
426 0.4567087
427 0.456676
428 0.4566427
429 0.45661
430 0.4565769
431 0.4565437
432 0.4565112
433 0.4564784
434 0.4564453
435 0.4564124
436 0.4563799
437 0.4563468
438 0.4563139
439 0.4562811
440 0.456248
441 0.4562153
442 0.4561826
443 0.4561501
444 0.4561172
445 0.4560843
446 0.4560517
447 0.4560187
448 0.4559858
449 0.4559529
450 0.4559196
451 0.4558863
452 0.4558538
453 0.4558212
454 0.4557884
455 0.4557553
456 0.4557222
457 0.455689
458 0.4556558
459 0.4556223
460 0.4555895
461 0.455556
462 0.4555231
463 0.4554899
464 0.4554565
465 0.4554231
466 0.4553902
467 0.4553573
468 0.4553232
469 0.4552897
470 0.4552561
471 0.4552228
472 0.4551894
473 0.4551556
474 0.4551218
475 0.4550882
476 0.4550552
477 0.4550215
478 0.4549874
479 0.4549536
480 0.4549199
481 0.4548864
482 0.4548521
483 0.4548185
484 0.4547851
485 0.4547513
486 0.4547172
487 0.4546834
488 0.4546492
489 0.4546155
490 0.454582
491 0.4545487
492 0.4545145
493 0.4544808
494 0.4544471
495 0.4544136
496 0.4543801
497 0.454346
498 0.4543127
499 0.4542792
500 0.4542453
501 0.4542114
502 0.4541782
503 0.4541446
504 0.4541113
505 0.4540779
506 0.4540443
507 0.4540108
508 0.4539772
509 0.4539438
510 0.4539106
511 0.4538772
512 0.4538438
513 0.4538105
514 0.4537771
515 0.4537438
516 0.4537106
517 0.4536774
518 0.4536441
519 0.4536108
520 0.4535778
521 0.4535447
522 0.4535113
523 0.4534782
524 0.453445
525 0.453412
526 0.4533792
527 0.4533459
528 0.4533131
529 0.4532798
530 0.4532467
531 0.4532137
532 0.45318
533 0.4531473
534 0.4531139
535 0.4530812
536 0.4530484
537 0.4530153
538 0.4529822
539 0.452949
540 0.4529162
541 0.452883
542 0.4528501
543 0.4528168
544 0.4527839
545 0.4527507
546 0.4527178
547 0.452684
548 0.4526508
549 0.4526174
550 0.4525835
551 0.4525506
552 0.4525174
553 0.4524837
554 0.4524501
555 0.452417
556 0.4523829
557 0.4523495
558 0.4523151
559 0.4522822
560 0.4522481
561 0.4522144
562 0.4521804
563 0.4521466
564 0.4521126
565 0.4520788
566 0.452045
567 0.4519938
568 0.4519429
569 0.4518916
570 0.4518407
571 0.4517887
572 0.4517373
573 0.4516861
574 0.4516339
575 0.451583
576 0.4515308
577 0.4514788
578 0.451427
579 0.4513752
580 0.4513228
581 0.4512707
582 0.4512182
583 0.4511656
584 0.4511138
585 0.4510615
586 0.4510083
587 0.4509561
588 0.4509034
589 0.4508508
590 0.4507981
591 0.4507455
592 0.4506926
593 0.45064
594 0.4505874
595 0.4505347
596 0.4504812
597 0.4504284
598 0.4503753
599 0.4503226
600 0.4502693
601 0.4502164
602 0.4501638
603 0.450111
604 0.4500577
605 0.4500049
606 0.4499517
607 0.4498985
608 0.4498453
609 0.4497923
610 0.4497394
611 0.4496859
612 0.449633
613 0.4495797
614 0.4495264
615 0.4494733
616 0.44942
617 0.4493669
618 0.4493133
619 0.4492602
620 0.4492064
621 0.449153
622 0.4490994
623 0.4490461
624 0.4489923
625 0.4489387
626 0.4488851
627 0.4488305
628 0.448777
629 0.4487227
630 0.4486686
631 0.4486145
632 0.4485604
633 0.448506
634 0.448452
635 0.4483974
636 0.4483429
637 0.448288
638 0.4482335
639 0.4481788
640 0.4481242
641 0.4480689
642 0.4480138
643 0.4479584
644 0.4479033
645 0.4478478
646 0.4477921
647 0.4477368
648 0.4476812
649 0.4476255
650 0.4475696
651 0.4475137
652 0.4474578
653 0.447402
654 0.4473451
655 0.4472896
656 0.4472332
657 0.4471768
658 0.4471201
659 0.4470633
660 0.4470068
661 0.4469498
662 0.446893
663 0.446836
664 0.4467795
665 0.4467224
666 0.4466653
667 0.4466076
668 0.4465505
669 0.4464929
670 0.4464357
671 0.4463782
672 0.4463209
673 0.446263
674 0.4462054
675 0.4461477
676 0.4460901
677 0.4460324
678 0.4459744
679 0.4459162
680 0.4458586
681 0.4458008
682 0.4457426
683 0.4456846
684 0.4456257
685 0.4455679
686 0.4455093
687 0.4454516
688 0.4453927
689 0.4453344
690 0.445276
691 0.4452175
692 0.4451592
693 0.4451007
694 0.4450419
695 0.4449832
696 0.4449247
697 0.4448659
698 0.4448071
699 0.4447484
700 0.4446896
701 0.4446305
702 0.4445716
703 0.4445127
704 0.4444535
705 0.4443939
706 0.4443354
707 0.4442762
708 0.4442165
709 0.4441575
710 0.4440984
711 0.4440391
712 0.4439799
713 0.4439202
714 0.4438615
715 0.4438016
716 0.4437417
717 0.4436824
718 0.4436231
719 0.4435634
720 0.4435039
721 0.4434436
722 0.4433839
723 0.4433241
724 0.4432642
725 0.4432044
726 0.4431445
727 0.4430845
728 0.4430245
729 0.4429648
730 0.4429047
731 0.4428444
732 0.4427846
733 0.4427245
734 0.4426644
735 0.4426039
736 0.4425438
737 0.4424836
738 0.4424231
739 0.4423634
740 0.4423029
741 0.4422426
742 0.4421821
743 0.4421218
744 0.4420615
745 0.4420012
746 0.441941
747 0.4418806
748 0.4418204
749 0.4417599
750 0.4416991
751 0.4416387
752 0.4415784
753 0.4415175
754 0.4414572
755 0.4413968
756 0.4413361
757 0.4412755
758 0.4412154
759 0.441155
760 0.4410941
761 0.4410338
762 0.4409732
763 0.4409129
764 0.4408524
765 0.4407919
766 0.4407313
767 0.4406705
768 0.44061
769 0.4405495
770 0.4404892
771 0.4404285
772 0.4403682
773 0.4403075
774 0.440247
775 0.4401862
776 0.4401267
777 0.4400658
778 0.4400048
779 0.4399437
780 0.4398839
781 0.4398234
782 0.4397627
783 0.4397022
784 0.4396419
785 0.4395819
786 0.4395209
787 0.4394605
788 0.4394
789 0.4393396
790 0.4392793
791 0.4392187
792 0.4391582
793 0.4390978
794 0.4390376
795 0.4389767
796 0.4389162
797 0.4388556
798 0.4387951
799 0.4387346
800 0.4386747
801 0.438614
802 0.4385526
803 0.4384929
804 0.4384323
805 0.438372
806 0.438311
807 0.4382504
808 0.4381902
809 0.4381301
810 0.438069
811 0.4380082
812 0.4379479
813 0.4378873
814 0.4378269
815 0.4377659
816 0.4377053
817 0.437644
818 0.4375835
819 0.4375235
820 0.4374625
821 0.4374014
822 0.4373405
823 0.43728
824 0.4372194
825 0.4371585
826 0.4370975
827 0.4370369
828 0.4369757
829 0.4369147
830 0.436854
831 0.4367934
832 0.4367323
833 0.436671
834 0.4366099
835 0.4365485
836 0.4364878
837 0.4364264
838 0.436365
839 0.4363041
840 0.4362429
841 0.4361815
842 0.4361203
843 0.4360587
844 0.4359976
845 0.4359362
846 0.4358744
847 0.4358127
848 0.4357517
849 0.4356904
850 0.435629
851 0.4355674
852 0.4355056
853 0.4354447
854 0.4353825
855 0.435321
856 0.4352592
857 0.4351973
858 0.4351354
859 0.4350737
860 0.4350119
861 0.4349498
862 0.4348881
863 0.4348262
864 0.434764
865 0.4347021
866 0.4346396
867 0.434577
868 0.4345151
869 0.4344533
870 0.4343907
871 0.4343284
872 0.4342661
873 0.4342038
874 0.4341409
875 0.4340786
876 0.4340165
877 0.4339537
878 0.4338911
879 0.4338282
880 0.4337654
881 0.4337028
882 0.4336404
883 0.4335774
884 0.4335145
885 0.4334514
886 0.4333887
887 0.4333257
888 0.4332623
889 0.4331992
890 0.433136
891 0.433073
892 0.4330096
893 0.4329462
894 0.4328827
895 0.432819
896 0.4327554
897 0.4326921
898 0.432629
899 0.4325652
900 0.432501
901 0.4324376
902 0.4323735
903 0.43231
904 0.4322457
905 0.4321816
906 0.4321177
907 0.4320532
908 0.431989
909 0.4319251
910 0.4318607
911 0.4317965
912 0.4317319
913 0.4316671
914 0.4316023
915 0.4315383
916 0.4314735
917 0.4314086
918 0.4313437
919 0.4312792
920 0.4312139
921 0.4311491
922 0.4310839
923 0.4310191
924 0.4309546
925 0.430889
926 0.4308236
927 0.4307579
928 0.4306926
929 0.4306269
930 0.4305615
931 0.4304959
932 0.43043
933 0.4303637
934 0.4302984
935 0.4302327
936 0.4301664
937 0.4301002
938 0.4300341
939 0.4299679
940 0.4299018
941 0.4298353
942 0.4297688
943 0.4297025
944 0.4296361
945 0.4295696
946 0.4295031
947 0.4294361
948 0.4293691
949 0.4293024
950 0.4292353
951 0.4291683
952 0.4291013
953 0.4290339
954 0.4289669
955 0.4288993
956 0.4288322
957 0.4287646
958 0.4286972
959 0.4286297
960 0.4285617
961 0.4284941
962 0.4284267
963 0.4283587
964 0.4282902
965 0.4282228
966 0.4281545
967 0.4280866
968 0.4280183
969 0.4279495
970 0.4278816
971 0.4278134
972 0.4277451
973 0.4276764
974 0.4276078
975 0.4275388
976 0.4274699
977 0.4274019
978 0.427333
979 0.4272643
980 0.4271952
981 0.4271263
982 0.4270572
983 0.4269888
984 0.4269194
985 0.4268505
986 0.4267814
987 0.4267121
988 0.4266428
989 0.4265735
990 0.4265044
991 0.4264354
992 0.4263657
993 0.4262962
994 0.4262266
995 0.4261571
996 0.4260881
997 0.4260182
998 0.4259485
999 0.4258789
1000 0.4258088
1001 0.4257396
1002 0.425669
1003 0.4255996
1004 0.4255299
1005 0.42546
1006 0.4253893
1007 0.4253198
1008 0.4252496
1009 0.4251792
1010 0.4251093
1011 0.4250391
1012 0.4249693
1013 0.4248987
1014 0.4248285
1015 0.424758
1016 0.4246877
1017 0.4246175
1018 0.4245471
1019 0.4244769
1020 0.4244062
1021 0.4243363
1022 0.4242655
1023 0.4241948
1024 0.4241247
1025 0.4240539
1026 0.4239835
1027 0.4239126
1028 0.4238418
1029 0.4237716
1030 0.4237008
1031 0.4236303
1032 0.4235599
1033 0.4234892
1034 0.4234185
1035 0.4233478
1036 0.4232773
1037 0.4232064
1038 0.4231355
1039 0.4230648
1040 0.422994
1041 0.4229239
1042 0.4228528
1043 0.4227823
1044 0.4227119
1045 0.4226414
1046 0.4225701
1047 0.4225002
1048 0.4224288
1049 0.4223579
1050 0.4222872
1051 0.4222169
1052 0.4221458
1053 0.4220753
1054 0.4220053
1055 0.4219346
1056 0.4218638
1057 0.4217936
1058 0.4217227
1059 0.421652
1060 0.4215815
1061 0.4215114
1062 0.4214407
1063 0.4213703
1064 0.4212993
1065 0.4212291
1066 0.4211589
1067 0.4210884
1068 0.4210183
1069 0.420948
1070 0.4208774
1071 0.4208075
1072 0.4207373
1073 0.4206673
1074 0.4205969
1075 0.4205275
1076 0.4204571
1077 0.4203874
1078 0.4203173
1079 0.4202477
1080 0.4201775
1081 0.4201082
1082 0.4200384
1083 0.4199693
1084 0.4198994
1085 0.4198298
1086 0.4197601
1087 0.4196908
1088 0.4196221
1089 0.4195526
1090 0.419483
1091 0.4194139
1092 0.4193447
1093 0.4192757
1094 0.4192069
1095 0.4191379
1096 0.4190692
1097 0.4190001
1098 0.4189319
1099 0.4188633
1100 0.4187945
1101 0.4187261
1102 0.4186579
1103 0.4185899
1104 0.4185214
1105 0.4184532
1106 0.4183848
1107 0.4183165
1108 0.4182483
1109 0.4181809
1110 0.4181133
1111 0.4180456
1112 0.4179775
1113 0.4179102
1114 0.4178424
1115 0.4177752
1116 0.4177082
1117 0.4176409
1118 0.4175738
1119 0.4175065
1120 0.4174399
1121 0.417373
1122 0.4173065
1123 0.4172394
1124 0.4171729
1125 0.4171067
1126 0.4170405
1127 0.4169737
1128 0.4169076
1129 0.4168415
1130 0.4167756
1131 0.4167099
1132 0.4166441
1133 0.4165783
1134 0.4165123
1135 0.4164471
1136 0.4163817
1137 0.4163163
1138 0.4162513
1139 0.416186
1140 0.4161212
1141 0.4160562
1142 0.4159916
1143 0.4159268
1144 0.4158621
1145 0.4157972
1146 0.415733
1147 0.4156689
1148 0.4156047
1149 0.4155403
1150 0.4154769
1151 0.415413
1152 0.4153488
1153 0.4152855
1154 0.4152216
1155 0.4151584
1156 0.4150947
1157 0.4150316
1158 0.4149686
1159 0.4149053
1160 0.4148425
1161 0.4147795
1162 0.4147169
1163 0.414654
1164 0.4145918
1165 0.4145292
1166 0.4144667
1167 0.4144047
1168 0.4143428
1169 0.414281
1170 0.4142192
1171 0.4141567
1172 0.4140954
1173 0.414034
1174 0.4139724
1175 0.413911
1176 0.4138498
1177 0.4137889
1178 0.4137273
1179 0.4136664
1180 0.4136057
1181 0.4135444
1182 0.4134841
1183 0.4134239
1184 0.4133637
1185 0.413303
1186 0.4132428
1187 0.4131827
1188 0.4131233
1189 0.4130632
1190 0.4130032
1191 0.4129438
1192 0.4128844
1193 0.4128244
1194 0.4127652
1195 0.4127061
1196 0.4126472
1197 0.4125875
1198 0.4125288
1199 0.4124699
1200 0.4124109
1201 0.4123527
1202 0.412294
1203 0.4122351
1204 0.4121767
1205 0.4121186
1206 0.4120605
1207 0.4120024
1208 0.4119442
1209 0.4118869
1210 0.4118286
1211 0.4117709
1212 0.4117133
1213 0.4116558
1214 0.4115981
1215 0.4115407
1216 0.4114835
1217 0.4114264
1218 0.4113692
1219 0.4113128
1220 0.4112558
1221 0.4111987
1222 0.4111418
1223 0.4110851
1224 0.4110288
1225 0.4109724
1226 0.410916
1227 0.4108595
1228 0.4108033
1229 0.4107474
1230 0.4106911
1231 0.4106351
1232 0.4105792
1233 0.4105235
1234 0.4104678
1235 0.410412
1236 0.4103566
1237 0.4103008
1238 0.4102455
1239 0.4101902
1240 0.4101348
1241 0.4100796
1242 0.4100246
1243 0.409969
1244 0.4099143
1245 0.4098591
1246 0.4098037
1247 0.4097489
1248 0.4096947
1249 0.4096397
1250 0.4095853
1251 0.4095305
1252 0.4094762
1253 0.4094215
1254 0.4093674
1255 0.4093129
1256 0.4092582
1257 0.4092042
1258 0.4091499
1259 0.4090956
1260 0.4090418
1261 0.4089876
1262 0.4089337
1263 0.4088799
1264 0.4088262
1265 0.4087721
1266 0.4087179
1267 0.4086645
1268 0.4086105
1269 0.4085568
1270 0.4085036
1271 0.4084497
1272 0.4083961
1273 0.4083427
1274 0.4082894
1275 0.4082359
1276 0.4081829
1277 0.4081294
1278 0.4080755
1279 0.408022
1280 0.4079686
1281 0.4079152
1282 0.4078616
1283 0.4078088
1284 0.407756
1285 0.4077025
1286 0.4076491
1287 0.4075957
1288 0.4075424
1289 0.4074896
1290 0.4074363
1291 0.4073833
1292 0.4073306
1293 0.4072775
1294 0.4072242
1295 0.4071712
1296 0.4071186
1297 0.407065
1298 0.4070122
1299 0.4069595
1300 0.4069064
1301 0.4068534
1302 0.4068009
1303 0.4067471
1304 0.4066945
1305 0.4066413
1306 0.4065882
1307 0.406535
1308 0.406482
1309 0.4064292
1310 0.4063763
1311 0.4063227
1312 0.4062701
1313 0.4062172
1314 0.4061641
1315 0.4061108
1316 0.4060579
1317 0.4060048
1318 0.4059516
1319 0.4058991
1320 0.4058459
1321 0.4057928
1322 0.4057392
1323 0.4056859
1324 0.4056327
1325 0.4055798
1326 0.4055268
1327 0.4054733
1328 0.4054201
1329 0.405367
1330 0.4053135
1331 0.4052605
1332 0.405207
1333 0.4051532
1334 0.4051
1335 0.4050467
1336 0.4049934
1337 0.4049399
1338 0.4048866
1339 0.4048328
1340 0.4047792
1341 0.4047258
1342 0.4046719
1343 0.4046185
1344 0.4045646
1345 0.404511
1346 0.404457
1347 0.4044036
1348 0.4043496
1349 0.4042954
1350 0.4042419
1351 0.4041881
1352 0.4041342
1353 0.4040804
1354 0.4040262
1355 0.4039724
1356 0.4039181
1357 0.403864
1358 0.4038097
1359 0.4037555
1360 0.4037008
1361 0.4036468
1362 0.4035925
1363 0.4035381
1364 0.403484
1365 0.4034293
1366 0.4033743
1367 0.4033203
1368 0.4032656
1369 0.4032114
1370 0.403156
1371 0.4031019
1372 0.4030471
1373 0.4029922
1374 0.4029372
1375 0.4028826
1376 0.4028276
1377 0.4027722
1378 0.4027175
1379 0.4026623
1380 0.4026073
1381 0.4025525
1382 0.4024971
1383 0.4024417
1384 0.4023869
1385 0.4023318
1386 0.4022758
1387 0.4022211
1388 0.4021651
1389 0.4021096
1390 0.4020539
1391 0.4019986
1392 0.4019435
1393 0.4018876
1394 0.401832
1395 0.4017764
1396 0.4017204
1397 0.4016651
1398 0.4016092
1399 0.4015536
1400 0.4014973
1401 0.4014413
1402 0.4013859
1403 0.4013299
1404 0.4012737
1405 0.4012173
1406 0.4011617
1407 0.4011059
1408 0.4010497
1409 0.4009935
1410 0.4009374
1411 0.4008808
1412 0.400825
1413 0.4007688
1414 0.4007122
1415 0.400656
1416 0.4005994
1417 0.4005434
1418 0.4004866
1419 0.4004306
1420 0.4003743
1421 0.4003175
1422 0.4002606
1423 0.4002045
1424 0.4001484
1425 0.4000915
1426 0.4000351
1427 0.3999783
1428 0.3999218
1429 0.3998655
1430 0.399809
1431 0.3997522
1432 0.3996957
1433 0.3996389
1434 0.3995819
1435 0.3995251
1436 0.3994682
1437 0.3994122
1438 0.3993551
1439 0.3992987
1440 0.3992419
1441 0.399185
1442 0.3991283
1443 0.3990719
1444 0.399015
1445 0.3989585
1446 0.3989016
1447 0.3988447
1448 0.3987881
1449 0.3987313
1450 0.3986746
1451 0.3986178
1452 0.3985607
1453 0.3985043
1454 0.3984475
1455 0.398391
1456 0.3983344
1457 0.3982772
1458 0.3982205
1459 0.398164
1460 0.3981071
1461 0.3980511
1462 0.3979946
1463 0.3979376
1464 0.3978814
1465 0.3978247
1466 0.3977683
1467 0.3977117
1468 0.3976551
1469 0.3975991
1470 0.3975424
1471 0.3974862
1472 0.3974299
1473 0.3973736
1474 0.3973175
1475 0.3972611
1476 0.3972049
1477 0.3971487
1478 0.3970928
1479 0.3970365
1480 0.3969803
1481 0.3969249
1482 0.3968683
1483 0.3968124
1484 0.3967566
1485 0.3967006
1486 0.3966452
1487 0.3965895
1488 0.3965339
1489 0.3964786
1490 0.3964229
1491 0.3963675
1492 0.3963121
1493 0.3962562
1494 0.396201
1495 0.3961457
1496 0.3960908
1497 0.3960359
1498 0.3959804
1499 0.3959256
1500 0.3958703
1501 0.3958152
1502 0.3957611
1503 0.3957065
1504 0.3956515
1505 0.3955966
1506 0.3955422
1507 0.3954879
1508 0.3954335
1509 0.3953788
1510 0.3953246
1511 0.3952704
1512 0.395217
1513 0.3951626
1514 0.3951091
1515 0.3950553
1516 0.3950012
1517 0.3949476
1518 0.394894
1519 0.3948404
1520 0.3947875
1521 0.3947339
1522 0.394681
1523 0.3946282
1524 0.3945756
1525 0.3945222
1526 0.3944692
1527 0.3944169
1528 0.3943643
1529 0.3943122
1530 0.3942599
1531 0.3942071
1532 0.3941547
1533 0.3941028
1534 0.3940508
1535 0.3939992
1536 0.3939476
1537 0.393896
1538 0.3938441
1539 0.3937931
1540 0.3937419
1541 0.3936907
1542 0.3936396
1543 0.3935886
1544 0.3935384
1545 0.3934876
1546 0.3934368
1547 0.3933868
1548 0.3933368
1549 0.3932862
1550 0.3932362
1551 0.3931865
1552 0.3931366
1553 0.3930868
1554 0.3930371
1555 0.3929883
1556 0.3929388
1557 0.3928895
1558 0.3928407
1559 0.392792
1560 0.3927433
1561 0.3926945
1562 0.3926468
1563 0.3925977
1564 0.3925497
1565 0.3925019
1566 0.3924538
1567 0.3924063
1568 0.3923585
1569 0.3923116
1570 0.3922637
1571 0.392217
1572 0.3921702
1573 0.3921233
1574 0.3920764
1575 0.3920301
1576 0.391984
1577 0.3919378
1578 0.3918922
1579 0.3918456
1580 0.3918004
1581 0.391755
1582 0.3917092
1583 0.391664
1584 0.391619
1585 0.3915743
1586 0.3915296
1587 0.3914849
1588 0.3914402
1589 0.3913963
1590 0.3913519
1591 0.3913079
1592 0.3912645
1593 0.3912205
1594 0.3911771
1595 0.3911337
1596 0.3910908
1597 0.3910482
1598 0.3910051
1599 0.3909624
1600 0.3909201
1601 0.3908777
1602 0.3908358
1603 0.3907938
1604 0.3907524
1605 0.3907107
1606 0.3906692
1607 0.3906282
1608 0.3905873
1609 0.3905463
1610 0.3905055
1611 0.3904649
1612 0.3904244
1613 0.3903846
1614 0.3903449
1615 0.390305
1616 0.3902653
1617 0.390226
1618 0.3901867
1619 0.3901477
1620 0.3901086
1621 0.3900696
1622 0.3900318
1623 0.3899931
1624 0.3899549
1625 0.389917
1626 0.3898792
1627 0.3898417
1628 0.3898043
1629 0.3897669
1630 0.3897304
1631 0.3896932
1632 0.3896565
1633 0.38962
1634 0.3895836
1635 0.3895471
1636 0.3895113
1637 0.3894753
1638 0.3894396
1639 0.3894044
1640 0.3893691
1641 0.3893342
1642 0.3892993
1643 0.3892646
1644 0.38923
1645 0.3891955
1646 0.3891614
1647 0.3891276
1648 0.3890934
1649 0.3890603
1650 0.3890267
1651 0.3889936
1652 0.3889608
1653 0.3889278
1654 0.3888952
1655 0.3888623
1656 0.3888299
1657 0.3887979
1658 0.3887657
1659 0.3887346
1660 0.3887025
1661 0.388671
1662 0.38864
1663 0.3886087
1664 0.388578
1665 0.3885476
1666 0.3885169
1667 0.3884866
1668 0.3884567
1669 0.388427
1670 0.3883969
1671 0.3883675
1672 0.3883376
1673 0.3883085
1674 0.3882793
1675 0.3882505
1676 0.3882223
1677 0.3881933
1678 0.3881648
1679 0.3881371
1680 0.3881088
1681 0.388081
1682 0.3880533
1683 0.3880261
1684 0.3879989
1685 0.3879719
1686 0.3879448
1687 0.3879178
1688 0.3878916
1689 0.3878651
1690 0.3878389
1691 0.387813
1692 0.3877871
1693 0.3877612
1694 0.3877358
1695 0.38771
1696 0.3876852
1697 0.3876602
1698 0.3876355
1699 0.3876106
1700 0.3875863
1701 0.3875621
1702 0.3875379
1703 0.387514
1704 0.3874903
1705 0.387466
1706 0.3874429
1707 0.3874193
1708 0.3873965
1709 0.3873733
1710 0.3873509
1711 0.3873278
1712 0.3873053
1713 0.3872829
1714 0.3872607
1715 0.3872386
1716 0.3872166
1717 0.3871949
1718 0.3871731
1719 0.3871519
1720 0.3871308
1721 0.3871098
1722 0.3870886
1723 0.3870681
1724 0.3870473
1725 0.3870266
1726 0.3870064
1727 0.3869863
1728 0.3869662
1729 0.3869465
1730 0.3869271
1731 0.3869073
1732 0.3868878
1733 0.3868687
1734 0.3868495
1735 0.3868304
1736 0.3868116
1737 0.3867933
1738 0.3867745
1739 0.3867562
1740 0.3867382
1741 0.3867202
1742 0.3867019
1743 0.3866839
1744 0.3866662
1745 0.3866488
1746 0.3866318
1747 0.3866146
1748 0.3865972
1749 0.3865802
1750 0.3865638
1751 0.386547
1752 0.3865305
1753 0.3865135
1754 0.3864974
1755 0.3864811
1756 0.3864655
1757 0.3864495
1758 0.3864337
1759 0.386418
1760 0.3864026
1761 0.3863867
1762 0.3863718
1763 0.3863567
1764 0.3863418
1765 0.3863268
1766 0.3863124
1767 0.3862975
1768 0.3862828
1769 0.3862688
1770 0.3862548
1771 0.3862399
1772 0.3862261
1773 0.3862125
1774 0.3861985
1775 0.3861845
1776 0.3861715
1777 0.3861579
1778 0.3861447
1779 0.3861313
1780 0.3861184
1781 0.3861056
1782 0.3860926
1783 0.3860798
1784 0.386067
1785 0.3860545
1786 0.3860421
1787 0.38603
1788 0.3860171
1789 0.3860057
1790 0.3859938
1791 0.3859816
1792 0.3859699
1793 0.3859588
1794 0.385947
1795 0.3859355
1796 0.3859238
1797 0.3859131
1798 0.3859018
1799 0.3858911
1800 0.38588
1801 0.3858692
1802 0.3858583
1803 0.3858474
1804 0.3858372
1805 0.3858267
1806 0.3858166
1807 0.3858061
1808 0.3857961
1809 0.3857859
1810 0.3857763
1811 0.3857666
1812 0.3857566
1813 0.385747
1814 0.3857371
1815 0.3857276
1816 0.3857183
1817 0.3857089
1818 0.3856996
1819 0.3856904
1820 0.3856813
1821 0.3856726
1822 0.3856638
1823 0.3856547
1824 0.3856462
1825 0.3856373
1826 0.3856285
1827 0.3856198
1828 0.3856116
1829 0.3856032
1830 0.3855948
1831 0.3855866
1832 0.3855787
1833 0.3855705
1834 0.3855624
1835 0.3855546
1836 0.3855468
1837 0.3855391
1838 0.3855316
1839 0.385524
1840 0.3855165
1841 0.3855087
1842 0.3855012
1843 0.385494
1844 0.3854868
1845 0.3854793
1846 0.3854724
1847 0.3854657
1848 0.3854584
1849 0.3854515
1850 0.3854446
1851 0.3854383
1852 0.3854314
1853 0.3854246
1854 0.3854181
1855 0.3854115
1856 0.3854053
1857 0.3853991
1858 0.3853928
1859 0.3853867
1860 0.3853803
1861 0.3853743
1862 0.3853681
1863 0.385362
1864 0.3853561
1865 0.3853503
1866 0.3853447
1867 0.3853384
1868 0.3853327
1869 0.3853273
1870 0.3853218
1871 0.3853162
1872 0.3853107
1873 0.3853052
1874 0.3852996
1875 0.3852945
1876 0.3852892
1877 0.3852841
1878 0.3852792
1879 0.3852737
1880 0.3852684
1881 0.3852634
1882 0.3852581
1883 0.385253
1884 0.3852483
1885 0.3852436
1886 0.3852384
1887 0.3852341
1888 0.3852293
1889 0.3852248
1890 0.3852201
1891 0.3852157
1892 0.3852109
1893 0.3852062
1894 0.3852021
1895 0.3851976
1896 0.385193
1897 0.3851888
1898 0.3851848
1899 0.3851809
1900 0.3851766
1901 0.3851721
1902 0.3851681
1903 0.3851645
1904 0.3851603
1905 0.3851565
1906 0.3851522
1907 0.3851485
1908 0.385145
1909 0.3851409
1910 0.3851371
1911 0.3851334
1912 0.3851295
1913 0.3851258
1914 0.3851221
1915 0.3851187
1916 0.3851151
1917 0.3851117
1918 0.3851079
1919 0.3851046
1920 0.3851009
1921 0.385098
1922 0.3850945
1923 0.3850914
1924 0.3850877
1925 0.3850848
1926 0.3850814
1927 0.385078
1928 0.3850752
1929 0.3850721
1930 0.385069
1931 0.385066
1932 0.3850627
1933 0.3850601
1934 0.3850567
1935 0.3850539
1936 0.385051
1937 0.3850484
1938 0.3850453
1939 0.3850427
1940 0.3850402
1941 0.385037
1942 0.3850348
1943 0.3850316
1944 0.3850293
1945 0.3850264
1946 0.3850241
1947 0.3850215
1948 0.385019
1949 0.3850164
1950 0.3850139
1951 0.3850113
1952 0.3850089
1953 0.3850069
1954 0.3850044
1955 0.3850017
1956 0.3849995
1957 0.3849969
1958 0.3849947
1959 0.3849926
1960 0.3849905
1961 0.3849885
1962 0.3849866
1963 0.3849844
1964 0.384982
1965 0.3849799
1966 0.3849774
1967 0.3849757
1968 0.3849736
1969 0.3849714
1970 0.3849697
1971 0.3849676
1972 0.3849655
1973 0.3849639
1974 0.3849621
1975 0.3849601
1976 0.3849583
1977 0.3849562
1978 0.3849545
1979 0.3849527
1980 0.3849512
1981 0.3849493
1982 0.3849478
1983 0.3849461
1984 0.3849446
1985 0.3849432
1986 0.3849412
1987 0.3849398
1988 0.384938
1989 0.3849365
1990 0.3849348
1991 0.3849334
1992 0.384932
1993 0.3849305
1994 0.3849292
1995 0.3849281
1996 0.3849264
1997 0.3849249
1998 0.3849239
1999 0.3849225
2000 0.384921
2001 0.38492
2002 0.3849188
2003 0.3849174
2004 0.3849162
2005 0.384915
2006 0.3849138
2007 0.3849129
2008 0.3849116
2009 0.3849106
2010 0.3849095
2011 0.3849085
2012 0.3849073
2013 0.3849063
2014 0.3849052
2015 0.3849041
2016 0.3849036
2017 0.3849024
2018 0.3849016
2019 0.3849009
2020 0.3849001
2021 0.3848991
2022 0.3848982
2023 0.3848973
2024 0.3848964
2025 0.3848958
2026 0.3848953
2027 0.3848941
2028 0.3848938
2029 0.3848931
2030 0.3848922
2031 0.3848918
2032 0.384891
2033 0.3848902
2034 0.3848901
2035 0.3848893
2036 0.3848889
2037 0.3848883
2038 0.3848879
2039 0.3848875
2040 0.3848868
2041 0.3848864
2042 0.3848858
2043 0.3848855
2044 0.3848854
2045 0.3848849
2046 0.3848845
2047 0.3848841
2048 0.3848836
2049 0.3848834
2050 0.3848832
2051 0.3848828
2052 0.384883
2053 0.3848827
2054 0.3848822
2055 0.384882
2056 0.3848821
2057 0.3848821
2058 0.3848818
2059 0.3848816
2060 0.3848816
2061 0.3848815
2062 0.3848817
2063 0.3848814
2064 0.3848818
2065 0.3848819
2066 0.3848821
2067 0.3848818
2068 0.3848823
2069 0.3848824
2070 0.3848825
2071 0.3848826
2072 0.3848827
2073 0.3848829
2074 0.3848831
2075 0.3848833
2076 0.3848834
2077 0.3848838
2078 0.3848844
2079 0.3848848
2080 0.3848849
2081 0.3848854
2082 0.3848858
2083 0.3848858
2084 0.3848868
2085 0.3848871
2086 0.3848875
2087 0.3848881
2088 0.3848886
2089 0.3848889
2090 0.3848898
2091 0.3848905
2092 0.3848912
2093 0.3848915
2094 0.3848921
2095 0.3848926
2096 0.3848935
2097 0.3848945
2098 0.3848948
2099 0.384896
2100 0.384897
2101 0.3848976
2102 0.3848982
2103 0.3848988
2104 0.3849
2105 0.3849006
2106 0.3849016
2107 0.3849027
2108 0.3849037
2109 0.3849045
2110 0.3849056
2111 0.3849066
2112 0.3849075
2113 0.3849086
2114 0.3849097
2115 0.3849107
2116 0.3849116
2117 0.3849124
2118 0.384914
2119 0.3849154
2120 0.3849164
2121 0.3849172
2122 0.3849183
2123 0.3849197
2124 0.384921
2125 0.3849223
2126 0.3849235
2127 0.3849247
2128 0.3849259
2129 0.3849275
2130 0.3849288
2131 0.3849304
2132 0.3849317
2133 0.384933
2134 0.3849344
2135 0.3849359
2136 0.3849373
2137 0.3849388
2138 0.3849406
2139 0.3849418
2140 0.3849434
2141 0.384945
2142 0.3849465
2143 0.3849485
2144 0.3849502
2145 0.3849517
2146 0.384953
2147 0.3849548
2148 0.3849563
2149 0.384958
2150 0.3849598
2151 0.3849614
2152 0.3849633
2153 0.3849651
2154 0.3849669
2155 0.3849691
2156 0.3849708
2157 0.3849724
2158 0.3849738
2159 0.3849757
2160 0.3849777
2161 0.3849796
2162 0.3849817
2163 0.3849836
2164 0.3849858
2165 0.3849877
2166 0.3849895
2167 0.3849916
2168 0.3849935
2169 0.3849958
2170 0.3849976
2171 0.3849995
2172 0.3850018
2173 0.3850036
2174 0.3850055
2175 0.3850079
2176 0.3850101
2177 0.3850122
2178 0.3850144
2179 0.3850166
2180 0.3850187
2181 0.3850212
2182 0.3850233
2183 0.3850253
2184 0.3850275
2185 0.3850301
2186 0.3850326
2187 0.3850345
2188 0.3850369
2189 0.3850392
2190 0.3850413
2191 0.3850433
2192 0.3850458
2193 0.3850477
2194 0.3850503
2195 0.3850525
2196 0.3850548
2197 0.3850569
2198 0.3850594
2199 0.3850619
2200 0.3850644
2201 0.3850669
2202 0.3850692
2203 0.3850718
2204 0.3850744
2205 0.3850766
2206 0.385079
2207 0.3850815
2208 0.3850841
2209 0.3850864
2210 0.3850891
2211 0.3850914
2212 0.3850937
2213 0.3850962
2214 0.3850986
2215 0.385101
2216 0.3851037
2217 0.3851064
2218 0.3851087
2219 0.3851113
2220 0.385114
2221 0.3851165
2222 0.3851189
2223 0.3851213
2224 0.3851243
2225 0.3851268
2226 0.3851292
2227 0.3851317
2228 0.3851346
2229 0.3851373
2230 0.3851397
2231 0.3851424
2232 0.3851449
2233 0.3851476
2234 0.3851499
2235 0.3851522
2236 0.3851548
2237 0.3851573
2238 0.38516
2239 0.3851625
2240 0.3851653
2241 0.3851676
2242 0.3851701
2243 0.3851726
2244 0.385175
2245 0.3851778
2246 0.3851807
2247 0.3851859
2248 0.3851911
2249 0.3851963
2250 0.3852012
2251 0.3852065
2252 0.3852116
2253 0.3852164
2254 0.3852215
2255 0.3852265
2256 0.3852316
2257 0.3852364
2258 0.3852417
2259 0.3852464
2260 0.3852513
2261 0.3852562
2262 0.3852609
2263 0.3852654
2264 0.3852704
2265 0.3852752
2266 0.3852802
2267 0.3852848
2268 0.3852891
2269 0.3852935
2270 0.3852982
2271 0.385303
2272 0.385307
2273 0.3853112
2274 0.3853163
2275 0.38532
2276 0.3853239
2277 0.3853281
2278 0.3853321
2279 0.3853362
2280 0.3853397
2281 0.3853438
2282 0.3853473
2283 0.3853509
2284 0.3853546
2285 0.3853584
2286 0.3853615
2287 0.3853648
2288 0.3853683
2289 0.3853716
2290 0.3853748
2291 0.3853774
2292 0.3853804
2293 0.3853833
2294 0.3853861
2295 0.385389
2296 0.3853917
2297 0.3853939
2298 0.3853964
2299 0.3853985
2300 0.3854008
2301 0.3854031
2302 0.3854052
2303 0.385407
2304 0.3854085
2305 0.3854104
2306 0.3854115
2307 0.3854133
2308 0.3854145
2309 0.3854157
2310 0.385417
2311 0.3854181
2312 0.3854189
2313 0.3854198
2314 0.3854207
2315 0.385421
2316 0.3854216
2317 0.3854221
2318 0.3854226
2319 0.3854229
2320 0.3854229
2321 0.3854228
2322 0.3854229
2323 0.3854228
2324 0.3854222
2325 0.3854218
2326 0.3854212
2327 0.3854207
2328 0.3854202
2329 0.385419
2330 0.3854178
2331 0.3854168
2332 0.3854156
2333 0.385414
2334 0.3854126
2335 0.385411
2336 0.3854091
2337 0.3854068
2338 0.3854048
2339 0.3854028
2340 0.3854005
2341 0.3853982
2342 0.3853959
2343 0.3853932
2344 0.3853904
2345 0.3853876
2346 0.3853846
2347 0.3853818
2348 0.3853786
2349 0.3853751
2350 0.3853717
2351 0.3853684
2352 0.3853647
2353 0.3853614
2354 0.3853568
2355 0.385353
2356 0.3853482
2357 0.3853443
2358 0.38534
2359 0.3853353
2360 0.385331
2361 0.385326
2362 0.3853213
2363 0.3853162
2364 0.3853116
2365 0.3853062
2366 0.3853011
2367 0.3852955
2368 0.3852905
2369 0.3852844
2370 0.3852786
2371 0.3852727
2372 0.3852669
2373 0.3852609
2374 0.3852547
2375 0.3852483
2376 0.3852418
2377 0.3852352
2378 0.3852285
2379 0.3852219
2380 0.385215
2381 0.3852085
2382 0.3852009
2383 0.385194
2384 0.3851868
2385 0.3851794
2386 0.3851722
2387 0.3851643
2388 0.3851564
2389 0.3851487
2390 0.3851407
2391 0.3851327
2392 0.3851249
2393 0.3851165
2394 0.3851081
2395 0.3850996
2396 0.3850916
2397 0.3850828
2398 0.3850743
2399 0.385066
2400 0.3850566
2401 0.3850475
2402 0.3850386
2403 0.3850298
2404 0.3850206
2405 0.385011
2406 0.3850016
2407 0.3849925
2408 0.3849828
2409 0.384973
2410 0.384963
2411 0.3849535
2412 0.3849432
2413 0.3849332
2414 0.3849228
2415 0.3849128
2416 0.3849026
2417 0.384892
2418 0.3848816
2419 0.3848709
2420 0.3848606
2421 0.3848499
2422 0.3848391
2423 0.3848282
2424 0.384818
2425 0.3848067
2426 0.3847956
2427 0.3847844
2428 0.384773
2429 0.3847619
2430 0.384751
2431 0.3847392
2432 0.3847275
2433 0.3847158
2434 0.3847042
2435 0.3846921
2436 0.3846802
2437 0.3846684
2438 0.3846561
2439 0.3846444
2440 0.3846319
2441 0.3846198
2442 0.3846072
2443 0.3845952
2444 0.3845827
2445 0.3845703
2446 0.3845578
2447 0.3845449
2448 0.3845324
2449 0.3845197
2450 0.3845073
2451 0.3844939
2452 0.3844813
2453 0.3844683
2454 0.3844552
2455 0.3844422
2456 0.3844289
2457 0.3844159
2458 0.3844028
2459 0.3843897
2460 0.3843761
2461 0.3843624
2462 0.3843489
2463 0.3843353
2464 0.3843214
2465 0.384308
2466 0.3842942
2467 0.3842804
2468 0.3842664
2469 0.3842526
2470 0.3842385
2471 0.3842243
2472 0.3842102
2473 0.384196
2474 0.3841817
2475 0.3841677
2476 0.3841532
2477 0.3841389
2478 0.3841245
2479 0.3841102
2480 0.3840958
2481 0.3840812
2482 0.3840668
2483 0.384052
2484 0.3840368
2485 0.3840222
2486 0.3840076
2487 0.3839924
2488 0.3839777
2489 0.3839626
2490 0.3839476
2491 0.3839324
2492 0.3839172
2493 0.383902
2494 0.3838868
2495 0.3838715
2496 0.3838565
2497 0.3838409
2498 0.3838256
2499 0.3838102
2500 0.3837949
2501 0.3837792
2502 0.383764
2503 0.3837481
2504 0.3837327
2505 0.383717
2506 0.3837016
2507 0.3836855
2508 0.3836693
2509 0.3836536
2510 0.3836378
2511 0.3836219
2512 0.3836062
2513 0.38359
2514 0.3835741
2515 0.3835582
2516 0.383542
2517 0.383526
2518 0.3835096
2519 0.3834935
2520 0.3834771
2521 0.3834613
2522 0.383445
2523 0.3834285
2524 0.383412
2525 0.3833955
2526 0.383379
2527 0.3833623
2528 0.3833459
2529 0.3833295
2530 0.3833129
2531 0.3832966
2532 0.3832797
2533 0.3832629
2534 0.3832463
2535 0.3832298
2536 0.3832129
2537 0.3831963
2538 0.3831795
2539 0.3831628
2540 0.3831462
2541 0.3831291
2542 0.3831123
2543 0.3830953
2544 0.3830786
2545 0.383062
2546 0.3830446
2547 0.3830275
2548 0.3830106
2549 0.3829932
2550 0.3829762
2551 0.3829593
2552 0.3829422
2553 0.3829249
2554 0.3829077
2555 0.3828909
2556 0.3828736
2557 0.3828565
2558 0.3828393
2559 0.3828222
2560 0.382805
2561 0.3827877
2562 0.3827702
2563 0.3827531
2564 0.3827361
2565 0.3827188
2566 0.3827015
2567 0.3826839
2568 0.3826668
2569 0.3826493
2570 0.382632
2571 0.3826148
2572 0.3825973
2573 0.38258
2574 0.3825625
2575 0.3825447
2576 0.3825274
2577 0.38251
2578 0.3824924
2579 0.3824751
2580 0.3824575
2581 0.3824397
2582 0.382422
2583 0.3824049
2584 0.3823873
2585 0.3823698
2586 0.3823521
2587 0.3823344
2588 0.382317
2589 0.3822997
2590 0.3822823
2591 0.3822649
2592 0.3822473
2593 0.38223
2594 0.3822125
2595 0.3821942
2596 0.3821771
2597 0.3821598
2598 0.382142
2599 0.3821241
2600 0.3821068
2601 0.3820892
2602 0.3820717
2603 0.382054
2604 0.3820365
2605 0.3820191
2606 0.3820016
2607 0.3819841
2608 0.3819669
2609 0.3819493
2610 0.3819317
2611 0.381914
2612 0.3818966
2613 0.3818792
2614 0.3818618
2615 0.3818446
2616 0.3818269
2617 0.3818095
2618 0.3817918
2619 0.3817742
2620 0.381757
2621 0.3817393
2622 0.3817216
2623 0.3817042
2624 0.3816865
2625 0.3816689
2626 0.3816517
2627 0.3816343
2628 0.3816172
2629 0.3816002
2630 0.3815827
2631 0.381565
2632 0.3815475
2633 0.3815303
2634 0.3815134
2635 0.3814957
2636 0.3814785
2637 0.3814608
2638 0.3814439
2639 0.3814267
2640 0.3814097
2641 0.3813923
2642 0.3813749
2643 0.3813582
2644 0.3813407
2645 0.3813234
2646 0.381306
2647 0.3812889
2648 0.3812717
2649 0.381255
2650 0.3812375
2651 0.3812208
2652 0.3812036
2653 0.3811864
2654 0.3811692
2655 0.3811524
2656 0.3811353
2657 0.381118
2658 0.3811011
2659 0.3810839
2660 0.3810673
2661 0.3810506
2662 0.3810335
2663 0.3810166
2664 0.3809997
2665 0.3809829
2666 0.3809662
2667 0.3809493
2668 0.3809327
2669 0.3809158
2670 0.380899
2671 0.3808825
2672 0.3808654
2673 0.3808486
2674 0.380832
2675 0.3808156
2676 0.3807988
2677 0.3807824
2678 0.3807657
2679 0.3807492
2680 0.3807326
2681 0.3807159
2682 0.3806991
2683 0.3806829
2684 0.3806668
2685 0.3806503
2686 0.3806337
2687 0.3806172
2688 0.3806008
2689 0.3805842
2690 0.3805683
2691 0.3805519
2692 0.3805357
2693 0.3805197
2694 0.3805032
2695 0.3804872
2696 0.3804711
2697 0.3804548
2698 0.380439
2699 0.3804229
2700 0.3804067
2701 0.3803906
2702 0.3803746
2703 0.3803586
2704 0.3803428
2705 0.3803269
2706 0.380311
2707 0.380295
2708 0.3802795
2709 0.3802633
2710 0.3802479
2711 0.3802323
2712 0.3802164
2713 0.3802004
2714 0.3801849
2715 0.3801692
2716 0.3801536
2717 0.380138
2718 0.3801223
2719 0.380107
2720 0.3800917
2721 0.3800761
2722 0.3800606
2723 0.3800449
2724 0.3800297
2725 0.3800144
2726 0.3799992
2727 0.3799841
2728 0.3799688
2729 0.379954
2730 0.3799388
2731 0.3799237
2732 0.3799082
2733 0.3798936
2734 0.3798784
2735 0.3798633
2736 0.3798481
2737 0.3798334
2738 0.3798185
2739 0.3798036
2740 0.3797887
2741 0.3797743
2742 0.3797596
2743 0.3797444
2744 0.3797296
2745 0.3797149
2746 0.3797005
2747 0.3796856
2748 0.3796712
2749 0.3796566
2750 0.3796422
2751 0.3796279
2752 0.3796135
2753 0.3795989
2754 0.3795846
2755 0.3795704
2756 0.379556
2757 0.3795415
2758 0.3795273
2759 0.3795132
2760 0.3794992
2761 0.3794851
2762 0.3794711
2763 0.3794568
2764 0.3794428
2765 0.379429
2766 0.379415
2767 0.3794011
2768 0.3793869
2769 0.3793733
2770 0.3793593
2771 0.3793454
2772 0.3793317
2773 0.3793179
2774 0.3793043
2775 0.379291
2776 0.3792771
2777 0.3792633
2778 0.3792499
2779 0.3792365
2780 0.3792229
2781 0.3792094
2782 0.3791959
2783 0.3791826
2784 0.3791695
2785 0.379156
2786 0.3791428
2787 0.3791298
2788 0.3791165
2789 0.3791032
2790 0.3790902
2791 0.379077
2792 0.3790642
2793 0.3790511
2794 0.3790381
2795 0.3790251
2796 0.3790128
2797 0.3789997
2798 0.378987
2799 0.378974
2800 0.3789612
2801 0.3789486
2802 0.3789358
2803 0.378923
2804 0.3789104
2805 0.3788977
2806 0.3788852
2807 0.3788725
2808 0.3788599
2809 0.3788477
2810 0.378835
2811 0.3788226
2812 0.3788102
2813 0.3787983
2814 0.3787859
2815 0.3787737
2816 0.3787613
2817 0.378749
2818 0.3787366
2819 0.3787248
2820 0.3787124
2821 0.3787002
2822 0.3786885
2823 0.3786765
2824 0.3786646
2825 0.3786526
2826 0.3786409
2827 0.3786289
2828 0.3786174
2829 0.3786052
2830 0.3785937
2831 0.3785821
2832 0.3785703
2833 0.3785587
2834 0.3785471
2835 0.3785353
2836 0.3785241
2837 0.3785125
2838 0.378501
2839 0.3784896
2840 0.3784779
2841 0.3784665
2842 0.3784548
2843 0.3784438
2844 0.3784323
2845 0.3784211
2846 0.3784099
2847 0.3783986
2848 0.3783875
2849 0.3783762
2850 0.3783652
2851 0.3783544
2852 0.3783428
2853 0.3783321
2854 0.3783208
2855 0.3783103
2856 0.3782991
2857 0.3782882
2858 0.3782771
2859 0.3782662
2860 0.3782552
2861 0.3782446
2862 0.378234
2863 0.3782233
2864 0.3782124
2865 0.3782019
2866 0.3781911
2867 0.3781804
2868 0.37817
2869 0.3781595
2870 0.3781489
2871 0.3781384
2872 0.378128
2873 0.3781177
2874 0.3781074
2875 0.3780966
2876 0.3780865
2877 0.378076
2878 0.3780656
2879 0.3780554
2880 0.378045
2881 0.3780347
2882 0.3780248
2883 0.3780147
2884 0.3780045
2885 0.3779941
2886 0.3779839
2887 0.3779739
2888 0.3779641
2889 0.377954
2890 0.377944
2891 0.3779339
2892 0.3779241
2893 0.3779142
2894 0.3779044
2895 0.3778947
2896 0.3778846
2897 0.3778748
2898 0.377865
2899 0.3778553
2900 0.3778455
2901 0.3778354
2902 0.3778259
2903 0.3778163
2904 0.3778069
2905 0.3777969
2906 0.3777876
2907 0.3777781
2908 0.3777685
2909 0.3777593
2910 0.3777497
2911 0.3777403
2912 0.3777311
2913 0.3777216
2914 0.3777121
2915 0.3777027
2916 0.3776938
2917 0.3776844
2918 0.377675
2919 0.3776655
2920 0.3776565
2921 0.3776475
2922 0.3776381
2923 0.3776292
2924 0.37762
2925 0.3776108
2926 0.3776015
2927 0.3775926
2928 0.3775834
2929 0.3775747
2930 0.3775652
2931 0.3775566
2932 0.3775476
2933 0.3775389
2934 0.3775301
2935 0.3775212
2936 0.3775123
2937 0.3775034
2938 0.3774944
2939 0.3774858
2940 0.3774769
2941 0.377468
2942 0.3774594
2943 0.3774503
2944 0.3774416
2945 0.3774331
2946 0.3774243
2947 0.3774161
2948 0.3774073
2949 0.3773988
2950 0.3773905
2951 0.3773818
2952 0.3773735
2953 0.377365
2954 0.3773563
2955 0.3773481
2956 0.3773397
2957 0.377331
2958 0.3773226
2959 0.3773142
2960 0.3773058
2961 0.3772976
2962 0.3772893
2963 0.377281
2964 0.3772729
2965 0.3772646
2966 0.3772562
2967 0.377248
2968 0.3772396
2969 0.3772318
2970 0.3772239
2971 0.3772157
2972 0.3772075
2973 0.3771995
2974 0.3771915
2975 0.3771835
2976 0.3771758
2977 0.3771676
2978 0.3771597
2979 0.3771517
2980 0.3771437
2981 0.377136
2982 0.3771278
2983 0.3771197
2984 0.3771122
2985 0.3771042
2986 0.3770964
2987 0.3770885
2988 0.3770804
2989 0.3770729
2990 0.3770649
2991 0.3770572
2992 0.3770494
2993 0.3770418
2994 0.3770339
2995 0.377026
2996 0.3770182
2997 0.3770106
2998 0.377003
2999 0.3769957
3000 0.3769882
3001 0.3769806
3002 0.3769731
3003 0.3769656
3004 0.376958
3005 0.3769504
3006 0.3769433
3007 0.3769357
3008 0.3769283
3009 0.3769208
3010 0.3769137
3011 0.3769061
3012 0.3768986
3013 0.3768911
3014 0.3768838
3015 0.3768766
3016 0.376869
3017 0.3768618
3018 0.3768547
3019 0.3768477
3020 0.3768403
3021 0.3768329
3022 0.3768257
3023 0.3768185
3024 0.3768116
3025 0.3768043
3026 0.376797
3027 0.3767896
3028 0.3767824
3029 0.3767756
3030 0.3767686
3031 0.3767615
3032 0.3767542
3033 0.3767473
3034 0.3767406
3035 0.3767333
3036 0.3767263
3037 0.3767197
3038 0.3767125
3039 0.3767058
3040 0.376699
3041 0.3766919
3042 0.3766849
3043 0.3766782
3044 0.3766715
3045 0.3766648
3046 0.3766579
3047 0.3766512
3048 0.3766446
3049 0.3766377
3050 0.3766307
3051 0.3766239
3052 0.3766174
3053 0.3766105
3054 0.3766041
3055 0.3765971
3056 0.3765905
3057 0.3765838
3058 0.376577
3059 0.3765704
3060 0.3765635
3061 0.3765569
3062 0.3765506
3063 0.3765438
3064 0.3765373
3065 0.3765307
3066 0.3765244
3067 0.3765176
3068 0.3765113
3069 0.3765046
3070 0.3764981
3071 0.3764918
3072 0.3764852
3073 0.3764784
3074 0.3764721
3075 0.3764658
3076 0.3764595
3077 0.376453
3078 0.3764467
3079 0.3764405
3080 0.3764339
3081 0.3764277
3082 0.3764213
3083 0.3764149
3084 0.3764088
3085 0.3764029
3086 0.3763961
3087 0.3763898
3088 0.3763833
3089 0.3763776
3090 0.3763709
3091 0.376365
3092 0.3763586
3093 0.3763525
3094 0.3763461
3095 0.3763401
3096 0.3763337
3097 0.3763276
3098 0.3763213
3099 0.3763154
3100 0.3763094
3101 0.3763031
3102 0.3762971
3103 0.3762909
3104 0.3762849
3105 0.3762791
3106 0.3762729
3107 0.376267
3108 0.3762608
3109 0.3762548
3110 0.3762486
3111 0.3762425
3112 0.3762365
3113 0.3762305
3114 0.3762245
3115 0.3762186
3116 0.3762127
3117 0.3762068
3118 0.3762011
3119 0.3761948
3120 0.3761887
3121 0.3761828
3122 0.3761769
3123 0.376171
3124 0.3761653
3125 0.3761592
3126 0.3761531
3127 0.3761475
3128 0.3761413
3129 0.3761359
3130 0.3761299
3131 0.376124
3132 0.3761182
3133 0.3761123
3134 0.3761068
3135 0.3761007
3136 0.3760952
3137 0.3760892
3138 0.3760832
3139 0.3760774
3140 0.3760717
3141 0.3760657
3142 0.37606
3143 0.3760541
3144 0.3760481
3145 0.3760429
3146 0.376037
3147 0.3760312
3148 0.3760252
3149 0.3760196
3150 0.3760138
3151 0.3760082
3152 0.3760024
3153 0.3759964
3154 0.3759907
3155 0.3759851
3156 0.3759794
3157 0.3759741
3158 0.3759682
3159 0.3759625
3160 0.3759567
3161 0.3759509
3162 0.3759455
3163 0.3759395
3164 0.375934
3165 0.3759283
3166 0.3759223
3167 0.3759169
3168 0.3759116
3169 0.3759057
3170 0.3759
3171 0.3758942
3172 0.3758888
3173 0.3758831
3174 0.3758777
3175 0.3758719
3176 0.3758662
3177 0.3758611
3178 0.3758554
3179 0.3758496
3180 0.375844
3181 0.3758385
3182 0.3758332
3183 0.3758276
3184 0.3758221
3185 0.3758162
3186 0.3758106
3187 0.3758053
3188 0.3757997
3189 0.375794
3190 0.3757884
3191 0.3757829
3192 0.3757772
3193 0.3757716
3194 0.3757662
3195 0.3757606
3196 0.375755
3197 0.3757498
3198 0.3757442
3199 0.3757387
3200 0.3757334
3201 0.3757278
3202 0.3757221
3203 0.3757166
3204 0.375711
3205 0.3757058
3206 0.3757004
3207 0.3756949
3208 0.3756897
3209 0.375684
3210 0.3756788
3211 0.3756731
3212 0.3756679
3213 0.3756623
3214 0.3756569
3215 0.3756516
3216 0.3756463
3217 0.3756409
3218 0.3756354
3219 0.3756299
3220 0.3756245
3221 0.3756189
3222 0.3756135
3223 0.3756081
3224 0.3756028
3225 0.3755971
3226 0.3755924
3227 0.3755866
3228 0.3755811
3229 0.3755758
3230 0.37557
3231 0.3755645
3232 0.3755591
3233 0.3755538
3234 0.3755481
3235 0.3755431
3236 0.3755374
3237 0.3755323
3238 0.375527
3239 0.3755217
3240 0.3755164
3241 0.3755111
3242 0.375506
3243 0.3755005
3244 0.3754953
3245 0.37549
3246 0.3754846
3247 0.3754794
3248 0.3754741
3249 0.3754687
3250 0.3754633
3251 0.375458
3252 0.3754528
3253 0.3754475
3254 0.3754423
3255 0.375437
3256 0.3754314
3257 0.3754264
3258 0.375421
3259 0.3754154
3260 0.3754105
3261 0.375405
3262 0.3753999
3263 0.3753943
3264 0.3753892
3265 0.3753839
3266 0.3753784
3267 0.3753731
3268 0.3753679
3269 0.3753631
3270 0.3753577
3271 0.3753526
3272 0.3753476
3273 0.3753423
3274 0.3753369
3275 0.3753318
3276 0.3753266
3277 0.3753211
3278 0.3753158
3279 0.3753107
3280 0.3753054
3281 0.3753003
3282 0.3752951
3283 0.3752899
3284 0.3752847
3285 0.3752796
3286 0.3752742
3287 0.375269
3288 0.3752638
3289 0.3752586
3290 0.3752536
3291 0.3752486
3292 0.3752434
3293 0.3752382
3294 0.3752334
3295 0.3752282
3296 0.375223
3297 0.3752179
3298 0.3752127
3299 0.3752075
3300 0.3752027
3301 0.3751975
3302 0.3751921
3303 0.3751872
3304 0.3751821
3305 0.375177
3306 0.3751716
3307 0.3751665
3308 0.3751618
3309 0.3751571
3310 0.3751516
3311 0.3751462
3312 0.3751411
3313 0.375136
3314 0.3751312
3315 0.3751259
3316 0.3751208
3317 0.3751157
3318 0.3751112
3319 0.3751061
3320 0.3751013
3321 0.3750959
3322 0.3750911
3323 0.3750858
3324 0.375081
3325 0.3750756
3326 0.3750708
3327 0.3750659
3328 0.3750612
3329 0.3750562
3330 0.3750511
3331 0.375046
3332 0.375041
3333 0.3750361
3334 0.3750313
3335 0.375026
3336 0.375021
3337 0.3750159
3338 0.3750109
3339 0.3750062
3340 0.3750014
3341 0.3749963
3342 0.3749914
3343 0.3749865
3344 0.3749817
3345 0.374977
3346 0.3749719
3347 0.3749669
3348 0.3749622
3349 0.3749575
3350 0.3749525
3351 0.3749477
3352 0.3749425
3353 0.3749374
3354 0.3749331
3355 0.3749281
3356 0.3749232
3357 0.3749183
3358 0.3749138
3359 0.374909
3360 0.3749043
3361 0.374899
3362 0.3748946
3363 0.3748896
3364 0.3748845
3365 0.3748801
3366 0.3748754
3367 0.3748703
3368 0.3748656
3369 0.3748611
3370 0.3748564
3371 0.3748513
3372 0.3748467
3373 0.374842
3374 0.3748373
3375 0.3748326
3376 0.3748278
3377 0.3748232
3378 0.3748184
3379 0.3748134
3380 0.3748087
3381 0.3748039
3382 0.3747993
3383 0.3747946
3384 0.37479
3385 0.3747853
3386 0.3747807
3387 0.3747759
3388 0.3747715
3389 0.3747667
3390 0.3747621
3391 0.3747577
3392 0.374753
3393 0.3747483
3394 0.3747435
3395 0.374739
3396 0.3747344
3397 0.3747298
3398 0.3747253
3399 0.374721
3400 0.3747163
3401 0.3747119
3402 0.3747073
3403 0.3747028
3404 0.374698
3405 0.3746931
3406 0.3746889
3407 0.3746843
3408 0.3746797
3409 0.374675
3410 0.3746707
3411 0.3746662
3412 0.3746616
3413 0.3746571
3414 0.3746525
3415 0.3746482
3416 0.3746435
3417 0.3746389
3418 0.3746347
3419 0.3746302
3420 0.3746255
3421 0.3746211
3422 0.3746169
3423 0.3746126
3424 0.3746081
3425 0.3746037
3426 0.3745995
3427 0.3745949
3428 0.3745906
3429 0.3745862
3430 0.3745818
3431 0.3745773
3432 0.3745732
3433 0.3745687
3434 0.3745646
3435 0.3745599
3436 0.3745555
3437 0.3745515
3438 0.3745469
3439 0.3745424
3440 0.3745382
3441 0.3745339
3442 0.3745295
3443 0.3745252
3444 0.3745209
3445 0.3745165
3446 0.3745124
3447 0.3745078
3448 0.3745037
3449 0.3744995
3450 0.3744951
3451 0.3744909
3452 0.3744869
3453 0.3744823
3454 0.3744782
3455 0.3744738
3456 0.3744696
3457 0.3744655
3458 0.3744612
3459 0.3744567
3460 0.374453
3461 0.3744485
3462 0.3744447
3463 0.3744403
3464 0.3744361
3465 0.3744317
3466 0.3744274
3467 0.3744236
3468 0.3744191
3469 0.3744153
3470 0.3744111
3471 0.3744071
3472 0.3744031
3473 0.3743988
3474 0.3743946
3475 0.3743902
3476 0.3743862
3477 0.3743822
3478 0.3743783
3479 0.3743743
3480 0.3743705
3481 0.3743659
3482 0.3743621
3483 0.3743578
3484 0.3743542
3485 0.3743501
3486 0.374346
3487 0.3743418
3488 0.3743379
3489 0.3743337
3490 0.3743297
3491 0.3743259
3492 0.374322
3493 0.3743177
3494 0.3743139
3495 0.3743093
3496 0.3743054
3497 0.3743014
3498 0.3742976
3499 0.3742934
3500 0.3742895
3501 0.3742856
3502 0.3742819
3503 0.3742779
3504 0.3742736
3505 0.3742697
3506 0.374266
3507 0.374262
3508 0.3742583
3509 0.3742543
3510 0.3742504
3511 0.3742463
3512 0.3742425
3513 0.3742385
3514 0.3742347
3515 0.3742307
3516 0.3742269
3517 0.3742231
3518 0.3742188
3519 0.3742152
3520 0.3742112
3521 0.3742073
3522 0.3742034
3523 0.3741996
3524 0.374196
3525 0.3741919
3526 0.3741879
3527 0.3741844
3528 0.3741804
3529 0.3741768
3530 0.374173
3531 0.3741692
3532 0.3741654
3533 0.3741614
3534 0.3741578
3535 0.3741537
3536 0.3741502
3537 0.3741464
3538 0.3741426
3539 0.3741392
3540 0.3741354
3541 0.3741318
3542 0.3741278
3543 0.3741241
3544 0.3741203
3545 0.3741166
3546 0.3741128
3547 0.3741092
3548 0.3741055
3549 0.3741018
3550 0.3740981
3551 0.3740943
3552 0.3740906
3553 0.3740871
3554 0.3740836
3555 0.3740797
3556 0.3740762
3557 0.3740726
3558 0.3740687
3559 0.3740651
3560 0.3740612
3561 0.3740576
3562 0.3740541
3563 0.3740502
3564 0.3740469
3565 0.374043
3566 0.3740396
3567 0.3740359
3568 0.3740323
3569 0.3740285
3570 0.3740252
3571 0.3740213
3572 0.3740175
3573 0.374014
3574 0.3740105
3575 0.3740069
3576 0.3740032
3577 0.3739999
3578 0.3739964
3579 0.3739929
3580 0.3739892
3581 0.373986
3582 0.3739823
3583 0.3739789
3584 0.3739753
3585 0.3739718
3586 0.3739682
3587 0.3739648
3588 0.3739612
3589 0.373958
3590 0.3739542
3591 0.373951
3592 0.3739472
3593 0.3739438
3594 0.3739403
3595 0.3739368
3596 0.3739334
3597 0.3739299
3598 0.3739263
3599 0.3739224
3600 0.3739191
3601 0.3739155
3602 0.3739121
3603 0.3739085
3604 0.3739052
3605 0.3739019
3606 0.3738985
3607 0.373895
3608 0.3738919
3609 0.3738887
3610 0.373885
3611 0.3738816
3612 0.3738782
3613 0.3738749
3614 0.3738716
3615 0.373868
3616 0.3738646
3617 0.3738614
3618 0.3738579
3619 0.3738546
3620 0.3738513
3621 0.373848
3622 0.3738446
3623 0.3738411
3624 0.3738376
3625 0.3738342
3626 0.3738308
3627 0.3738275
3628 0.3738241
3629 0.373821
3630 0.3738174
3631 0.3738141
3632 0.3738106
3633 0.3738075
3634 0.3738045
3635 0.3738011
3636 0.3737976
3637 0.3737943
3638 0.3737908
3639 0.3737876
3640 0.3737842
3641 0.3737807
3642 0.3737774
3643 0.3737742
3644 0.373771
3645 0.3737675
3646 0.3737642
3647 0.3737608
3648 0.3737575
3649 0.3737543
3650 0.3737511
3651 0.3737478
3652 0.3737445
3653 0.3737414
3654 0.3737382
3655 0.3737349
3656 0.3737315
3657 0.3737286
3658 0.3737254
3659 0.373722
3660 0.3737187
3661 0.3737155
3662 0.3737124
3663 0.3737092
3664 0.3737061
3665 0.3737026
3666 0.3736995
3667 0.3736961
3668 0.373693
3669 0.3736897
3670 0.3736864
3671 0.3736835
3672 0.3736801
3673 0.3736772
3674 0.373674
3675 0.3736708
3676 0.3736674
3677 0.3736645
3678 0.3736613
3679 0.373658
3680 0.3736548
3681 0.3736518
3682 0.3736485
3683 0.3736452
3684 0.3736423
3685 0.3736389
3686 0.3736358
3687 0.3736326
3688 0.3736292
3689 0.3736264
3690 0.3736233
3691 0.37362
3692 0.3736168
3693 0.3736137
3694 0.3736106
3695 0.3736076
3696 0.3736042
3697 0.3736012
3698 0.373598
3699 0.3735947
3700 0.3735918
3701 0.3735887
3702 0.3735857
3703 0.3735828
3704 0.3735795
3705 0.3735767
3706 0.3735735
3707 0.3735702
3708 0.3735673
3709 0.3735641
3710 0.3735611
3711 0.3735581
3712 0.373555
3713 0.3735521
3714 0.3735491
3715 0.3735461
3716 0.373543
3717 0.3735397
3718 0.3735366
3719 0.3735335
3720 0.3735304
3721 0.3735272
3722 0.3735244
3723 0.3735214
3724 0.3735183
3725 0.3735152
3726 0.3735123
3727 0.3735092
3728 0.373506
3729 0.3735028
3730 0.3734997
3731 0.3734967
3732 0.3734939
3733 0.373491
3734 0.3734881
3735 0.3734851
3736 0.3734823
3737 0.3734793
3738 0.3734764
3739 0.3734732
3740 0.3734704
3741 0.373467
3742 0.3734641
3743 0.3734614
3744 0.3734583
3745 0.3734555
3746 0.3734524
3747 0.3734495
3748 0.3734465
3749 0.3734436
3750 0.3734407
3751 0.3734378
3752 0.3734349
3753 0.373432
3754 0.3734289
3755 0.3734259
3756 0.3734229
3757 0.3734201
3758 0.3734173
3759 0.3734145
3760 0.3734116
3761 0.3734085
3762 0.3734054
3763 0.3734023
3764 0.3733998
3765 0.3733967
3766 0.3733938
3767 0.3733907
3768 0.373388
3769 0.373385
3770 0.3733825
3771 0.3733797
3772 0.3733767
3773 0.3733738
3774 0.3733705
3775 0.3733678
3776 0.3733649
3777 0.3733622
3778 0.3733591
3779 0.373356
3780 0.3733533
3781 0.3733506
3782 0.3733476
3783 0.3733447
3784 0.3733416
3785 0.373339
3786 0.3733362
3787 0.3733334
3788 0.3733305
3789 0.3733276
3790 0.3733249
3791 0.3733223
3792 0.3733198
3793 0.3733169
3794 0.3733142
3795 0.3733113
3796 0.3733088
3797 0.3733058
3798 0.3733029
3799 0.3733
3800 0.3732972
3801 0.3732945
3802 0.3732916
3803 0.3732889
3804 0.3732857
3805 0.3732831
3806 0.3732804
3807 0.3732776
3808 0.3732748
3809 0.3732722
3810 0.3732697
3811 0.3732668
3812 0.3732641
3813 0.3732614
3814 0.3732587
3815 0.373256
3816 0.3732533
3817 0.3732505
3818 0.3732476
3819 0.3732449
3820 0.3732423
3821 0.3732398
3822 0.3732368
3823 0.373234
3824 0.3732313
3825 0.3732288
3826 0.373226
3827 0.3732233
3828 0.3732209
3829 0.3732179
3830 0.3732153
3831 0.3732126
3832 0.3732098
3833 0.3732074
3834 0.3732047
3835 0.3732021
3836 0.3731992
3837 0.3731968
3838 0.3731942
3839 0.3731915
3840 0.3731887
3841 0.3731863
3842 0.3731838
3843 0.3731812
3844 0.3731783
3845 0.3731759
3846 0.3731733
3847 0.3731706
3848 0.3731681
3849 0.3731657
3850 0.3731628
3851 0.3731604
3852 0.3731576
3853 0.3731551
3854 0.3731525
3855 0.3731497
3856 0.3731473
3857 0.3731448
3858 0.3731421
3859 0.3731397
3860 0.3731372
3861 0.3731345
3862 0.373132
3863 0.3731292
3864 0.3731266
3865 0.3731239
3866 0.3731217
3867 0.3731194
3868 0.3731167
3869 0.3731142
3870 0.3731117
3871 0.3731089
3872 0.3731064
3873 0.3731038
3874 0.3731014
3875 0.3730987
3876 0.3730964
3877 0.3730937
3878 0.373091
3879 0.3730887
3880 0.3730861
3881 0.3730837
3882 0.3730812
3883 0.3730787
3884 0.3730762
3885 0.3730738
3886 0.3730714
3887 0.373069
3888 0.3730665
3889 0.373064
3890 0.3730614
3891 0.3730589
3892 0.3730566
3893 0.373054
3894 0.3730514
3895 0.3730491
3896 0.3730466
3897 0.3730441
3898 0.3730415
3899 0.3730389
3900 0.3730368
3901 0.3730344
3902 0.3730317
3903 0.3730295
3904 0.373027
3905 0.3730247
3906 0.3730221
3907 0.3730198
3908 0.3730173
3909 0.3730148
3910 0.3730124
3911 0.37301
3912 0.3730076
3913 0.373005
3914 0.3730029
3915 0.3730003
3916 0.3729982
3917 0.3729955
3918 0.3729932
3919 0.3729907
3920 0.3729886
3921 0.372986
3922 0.3729837
3923 0.3729812
3924 0.3729788
3925 0.3729764
3926 0.3729739
3927 0.3729717
3928 0.3729696
3929 0.3729669
3930 0.3729646
3931 0.3729622
3932 0.3729599
3933 0.3729573
3934 0.3729552
3935 0.3729528
3936 0.3729503
3937 0.3729481
3938 0.3729457
3939 0.3729434
3940 0.372941
3941 0.3729386
3942 0.372936
3943 0.3729337
3944 0.3729314
3945 0.3729291
3946 0.3729268
3947 0.3729243
3948 0.372922
3949 0.3729198
3950 0.3729173
3951 0.3729149
3952 0.3729126
3953 0.3729103
3954 0.3729081
3955 0.3729056
3956 0.3729033
3957 0.3729011
3958 0.3728989
3959 0.3728966
3960 0.3728944
3961 0.3728921
3962 0.3728896
3963 0.3728871
3964 0.3728848
3965 0.3728825
3966 0.3728803
3967 0.372878
3968 0.3728756
3969 0.3728733
3970 0.3728711
3971 0.3728689
3972 0.3728665
3973 0.3728643
3974 0.3728621
3975 0.37286
3976 0.3728576
3977 0.3728554
3978 0.3728528
3979 0.3728506
3980 0.3728484
3981 0.3728461
3982 0.3728437
3983 0.3728417
3984 0.3728395
3985 0.3728371
3986 0.3728349
3987 0.3728328
3988 0.3728304
3989 0.3728281
3990 0.372826
3991 0.3728239
3992 0.3728215
3993 0.372819
3994 0.3728167
3995 0.3728146
3996 0.3728123
3997 0.3728101
3998 0.3728079
3999 0.3728055
4000 0.3728033
4001 0.3728011
4002 0.3727989
4003 0.3727966
4004 0.3727944
4005 0.3727922
4006 0.37279
4007 0.3727877
4008 0.3727853
4009 0.3727831
4010 0.3727808
4011 0.3727785
4012 0.3727765
4013 0.3727744
4014 0.3727721
4015 0.3727695
4016 0.3727675
4017 0.3727653
4018 0.3727631
4019 0.3727607
4020 0.3727582
4021 0.3727561
4022 0.3727538
4023 0.3727518
4024 0.3727497
4025 0.3727474
4026 0.3727453
4027 0.3727429
4028 0.3727409
4029 0.372739
4030 0.3727368
4031 0.3727343
4032 0.3727323
4033 0.3727302
4034 0.3727278
4035 0.3727255
4036 0.3727235
4037 0.3727211
4038 0.3727191
4039 0.3727168
4040 0.3727143
4041 0.3727124
4042 0.3727102
4043 0.3727079
4044 0.3727058
4045 0.3727035
4046 0.3727016
4047 0.3726993
4048 0.3726971
4049 0.372695
4050 0.3726928
4051 0.3726906
4052 0.3726882
4053 0.3726862
4054 0.3726839
4055 0.3726815
4056 0.3726797
4057 0.3726773
4058 0.3726753
4059 0.3726729
4060 0.3726708
4061 0.3726687
4062 0.3726665
4063 0.3726643
4064 0.372662
4065 0.3726599
4066 0.3726578
4067 0.3726555
4068 0.3726531
4069 0.3726509
4070 0.3726488
4071 0.3726467
4072 0.3726445
4073 0.3726422
4074 0.3726399
4075 0.3726379
4076 0.3726358
4077 0.3726338
4078 0.3726316
4079 0.3726296
4080 0.3726274
4081 0.372625
4082 0.372623
4083 0.3726208
4084 0.3726188
4085 0.3726166
4086 0.3726146
4087 0.3726117
4088 0.372609
4089 0.372606
4090 0.372603
4091 0.3726004
4092 0.3725972
4093 0.3725945
4094 0.3725914
4095 0.3725885
4096 0.3725857
4097 0.3725829
4098 0.3725802
4099 0.3725774
4100 0.3725746
4101 0.3725719
4102 0.3725691
4103 0.3725662
4104 0.3725632
4105 0.3725605
4106 0.3725575
4107 0.3725549
4108 0.3725519
4109 0.3725494
4110 0.3725465
4111 0.3725438
4112 0.3725411
4113 0.3725382
4114 0.3725355
4115 0.3725325
4116 0.3725299
4117 0.3725272
4118 0.3725244
4119 0.3725213
4120 0.3725187
4121 0.3725159
4122 0.3725131
4123 0.3725102
4124 0.3725075
4125 0.3725048
4126 0.372502
4127 0.3724993
4128 0.3724967
4129 0.372494
4130 0.3724913
4131 0.3724886
4132 0.3724859
4133 0.3724833
4134 0.3724804
4135 0.3724777
4136 0.3724748
4137 0.3724721
4138 0.3724696
4139 0.3724668
4140 0.3724641
4141 0.3724614
4142 0.3724585
4143 0.3724558
4144 0.3724529
4145 0.3724502
4146 0.3724476
4147 0.3724448
4148 0.3724422
4149 0.3724395
4150 0.3724367
4151 0.3724342
4152 0.3724315
4153 0.3724287
4154 0.3724262
4155 0.3724235
4156 0.3724208
4157 0.372418
4158 0.3724152
4159 0.3724123
4160 0.3724099
4161 0.3724072
4162 0.3724048
4163 0.3724018
4164 0.3723994
4165 0.3723965
4166 0.3723937
4167 0.372391
4168 0.3723885
4169 0.372386
4170 0.3723831
4171 0.3723807
4172 0.372378
4173 0.3723756
4174 0.3723726
4175 0.3723702
4176 0.3723678
4177 0.3723653
4178 0.372363
4179 0.3723602
4180 0.3723572
4181 0.3723548
4182 0.3723519
4183 0.3723493
4184 0.3723465
4185 0.372344
4186 0.3723413
4187 0.3723388
4188 0.3723363
4189 0.3723335
4190 0.3723311
4191 0.3723285
4192 0.3723259
4193 0.3723233
4194 0.372321
4195 0.3723184
4196 0.3723159
4197 0.3723133
4198 0.3723108
4199 0.3723083
4200 0.3723058
4201 0.3723032
4202 0.3723007
4203 0.3722981
4204 0.3722956
4205 0.372293
4206 0.3722908
4207 0.3722881
4208 0.3722857
4209 0.3722831
4210 0.3722807
4211 0.3722781
4212 0.3722757
4213 0.372273
4214 0.3722705
4215 0.372268
4216 0.3722655
4217 0.372263
4218 0.3722604
4219 0.372258
4220 0.372256
4221 0.3722537
4222 0.372251
4223 0.3722486
4224 0.3722461
4225 0.3722437
4226 0.3722412
4227 0.3722387
4228 0.3722365
4229 0.372234
4230 0.3722314
4231 0.3722291
4232 0.3722267
4233 0.3722244
4234 0.3722219
4235 0.3722196
4236 0.3722173
4237 0.3722151
4238 0.3722125
4239 0.3722101
4240 0.3722079
4241 0.3722055
4242 0.372203
4243 0.3722006
4244 0.3721983
4245 0.3721958
4246 0.3721932
4247 0.3721909
4248 0.3721886
4249 0.3721862
4250 0.372184
4251 0.3721815
4252 0.3721791
4253 0.3721767
4254 0.3721746
4255 0.3721722
4256 0.3721698
4257 0.3721673
4258 0.3721651
4259 0.3721628
4260 0.3721605
4261 0.3721581
4262 0.3721558
4263 0.3721535
4264 0.3721513
4265 0.3721488
4266 0.3721465
4267 0.3721445
4268 0.3721422
4269 0.37214
4270 0.3721375
4271 0.3721355
4272 0.3721331
4273 0.3721308
4274 0.3721288
4275 0.3721265
4276 0.3721242
4277 0.372122
4278 0.3721197
4279 0.3721176
4280 0.3721153
4281 0.3721133
4282 0.3721112
4283 0.372109
4284 0.3721069
4285 0.3721049
4286 0.3721027
4287 0.3721006
4288 0.3720983
4289 0.3720964
4290 0.3720942
4291 0.372092
4292 0.3720898
4293 0.3720874
4294 0.3720854
4295 0.3720834
4296 0.3720815
4297 0.3720792
4298 0.372077
4299 0.3720752
4300 0.3720728
4301 0.3720709
4302 0.3720692
4303 0.3720668
4304 0.3720647
4305 0.3720627
4306 0.3720604
4307 0.3720586
4308 0.3720565
4309 0.3720544
4310 0.3720523
4311 0.3720504
4312 0.372048
4313 0.372046
4314 0.3720441
4315 0.3720421
4316 0.3720399
4317 0.3720377
4318 0.3720358
4319 0.3720341
4320 0.3720319
4321 0.3720299
4322 0.3720281
4323 0.3720261
4324 0.3720243
4325 0.3720226
4326 0.3720205
4327 0.3720185
4328 0.3720164
4329 0.3720145
4330 0.3720127
4331 0.3720109
4332 0.3720088
4333 0.3720067
4334 0.3720046
4335 0.3720029
4336 0.372001
4337 0.3719992
4338 0.3719971
4339 0.3719952
4340 0.3719931
4341 0.3719912
4342 0.3719891
4343 0.3719872
4344 0.3719853
4345 0.3719836
4346 0.3719816
4347 0.3719799
4348 0.3719779
4349 0.3719758
4350 0.3719741
4351 0.3719722
4352 0.3719703
4353 0.3719687
4354 0.3719668
4355 0.3719651
4356 0.3719633
4357 0.3719614
4358 0.3719594
4359 0.3719577
4360 0.3719559
4361 0.371954
4362 0.3719524
4363 0.3719505
4364 0.3719488
4365 0.371947
4366 0.3719451
4367 0.3719431
4368 0.3719413
4369 0.3719395
4370 0.3719377
4371 0.3719363
4372 0.3719346
4373 0.371933
4374 0.3719311
4375 0.3719294
4376 0.3719275
4377 0.3719258
4378 0.3719241
4379 0.3719227
4380 0.371921
4381 0.3719192
4382 0.3719175
4383 0.3719159
4384 0.3719142
4385 0.3719125
4386 0.3719108
4387 0.3719089
4388 0.3719074
4389 0.371906
4390 0.3719039
4391 0.3719022
4392 0.3719008
4393 0.3718991
4394 0.3718975
4395 0.3718957
4396 0.3718939
4397 0.3718922
4398 0.3718909
4399 0.3718893
4400 0.3718876
4401 0.3718859
4402 0.3718843
4403 0.3718825
4404 0.371881
4405 0.3718792
4406 0.3718778
4407 0.371876
4408 0.3718744
4409 0.3718729
4410 0.3718711
4411 0.3718696
4412 0.3718679
4413 0.3718665
4414 0.3718651
4415 0.3718634
4416 0.3718618
4417 0.3718599
4418 0.3718582
4419 0.3718568
4420 0.3718552
4421 0.3718535
4422 0.3718518
4423 0.3718503
4424 0.3718488
4425 0.3718473
4426 0.3718459
4427 0.3718445
4428 0.3718429
4429 0.3718415
4430 0.37184
4431 0.3718384
4432 0.3718372
4433 0.3718358
4434 0.3718341
4435 0.3718326
4436 0.3718312
4437 0.3718297
4438 0.3718283
4439 0.3718269
4440 0.3718252
4441 0.3718238
4442 0.3718224
4443 0.3718208
4444 0.3718192
4445 0.3718178
4446 0.3718161
4447 0.3718148
4448 0.3718133
4449 0.3718116
4450 0.3718104
4451 0.3718092
4452 0.3718078
4453 0.3718063
4454 0.3718049
4455 0.3718033
4456 0.3718019
4457 0.3718003
4458 0.3717988
4459 0.3717972
4460 0.3717961
4461 0.3717948
4462 0.3717934
4463 0.3717918
4464 0.3717904
4465 0.3717887
4466 0.3717873
4467 0.371786
4468 0.3717847
4469 0.3717832
4470 0.3717821
4471 0.3717805
4472 0.371779
4473 0.3717779
4474 0.3717765
4475 0.3717752
4476 0.371774
4477 0.3717725
4478 0.3717712
4479 0.3717701
4480 0.3717684
4481 0.3717673
4482 0.3717659
4483 0.3717645
4484 0.3717629
4485 0.3717618
4486 0.3717604
4487 0.371759
4488 0.3717577
4489 0.3717563
4490 0.371755
4491 0.3717537
4492 0.3717521
4493 0.371751
4494 0.3717498
4495 0.3717484
4496 0.3717471
4497 0.3717456
4498 0.3717442
4499 0.3717429
4500 0.3717417
4501 0.3717405
4502 0.3717392
4503 0.3717379
4504 0.3717366
4505 0.3717352
4506 0.3717341
4507 0.3717327
4508 0.3717314
4509 0.3717303
4510 0.3717292
4511 0.3717279
4512 0.3717265
4513 0.3717251
4514 0.371724
4515 0.3717226
4516 0.3717216
4517 0.3717205
4518 0.3717191
4519 0.3717177
4520 0.3717165
4521 0.3717153
4522 0.3717141
4523 0.3717128
4524 0.3717115
4525 0.3717104
4526 0.371709
4527 0.3717079
4528 0.3717065
4529 0.3717054
4530 0.371704
4531 0.3717029
4532 0.3717018
4533 0.3717004
4534 0.3716992
4535 0.3716981
4536 0.3716969
4537 0.3716957
4538 0.3716945
4539 0.3716932
4540 0.371692
4541 0.3716908
4542 0.3716895
4543 0.3716886
4544 0.3716873
4545 0.3716863
4546 0.3716848
4547 0.3716837
4548 0.3716826
4549 0.3716815
4550 0.3716801
4551 0.371679
4552 0.3716779
4553 0.3716768
4554 0.3716756
4555 0.3716743
4556 0.3716728
4557 0.3716718
4558 0.3716706
4559 0.3716693
4560 0.3716684
4561 0.3716672
4562 0.3716659
4563 0.3716648
4564 0.3716636
4565 0.3716622
4566 0.371661
4567 0.3716598
4568 0.3716589
4569 0.3716578
4570 0.3716567
4571 0.3716555
4572 0.3716543
4573 0.3716532
4574 0.3716521
4575 0.3716509
4576 0.3716497
4577 0.3716487
4578 0.3716477
4579 0.3716465
4580 0.3716454
4581 0.3716442
4582 0.3716433
4583 0.3716419
4584 0.3716409
4585 0.3716398
4586 0.3716387
4587 0.3716376
4588 0.3716366
4589 0.3716354
4590 0.3716342
4591 0.3716333
4592 0.3716321
4593 0.3716311
4594 0.3716299
4595 0.371629
4596 0.3716278
4597 0.3716266
4598 0.3716255
4599 0.3716244
4600 0.3716234
4601 0.3716219
4602 0.371621
4603 0.3716201
4604 0.371619
4605 0.3716179
4606 0.3716168
4607 0.3716157
4608 0.3716146
4609 0.3716136
4610 0.3716123
4611 0.3716113
4612 0.3716104
4613 0.3716095
4614 0.3716085
4615 0.3716075
4616 0.3716064
4617 0.3716052
4618 0.3716042
4619 0.3716033
4620 0.3716024
4621 0.3716015
4622 0.3716004
4623 0.3715993
4624 0.3715982
4625 0.3715973
4626 0.3715963
4627 0.3715953
4628 0.3715944
4629 0.3715929
4630 0.3715923
4631 0.3715914
4632 0.3715902
4633 0.3715889
4634 0.3715878
4635 0.3715871
4636 0.3715861
4637 0.371585
4638 0.3715842
4639 0.371583
4640 0.3715819
4641 0.3715811
4642 0.3715802
4643 0.3715791
4644 0.3715782
4645 0.3715773
4646 0.3715762
4647 0.3715751
4648 0.371574
4649 0.3715731
4650 0.3715724
4651 0.3715715
4652 0.3715705
4653 0.3715694
4654 0.3715686
4655 0.3715676
4656 0.3715667
4657 0.3715658
4658 0.3715647
4659 0.3715636
4660 0.3715627
4661 0.3715617
4662 0.3715608
4663 0.37156
4664 0.3715588
4665 0.371558
4666 0.371557
4667 0.3715561
4668 0.3715551
4669 0.3715543
4670 0.3715535
4671 0.3715526
4672 0.3715516
4673 0.3715507
4674 0.3715497
4675 0.3715487
4676 0.3715478
4677 0.3715469
4678 0.371546
4679 0.371545
4680 0.3715441
4681 0.3715433
4682 0.3715425
4683 0.3715415
4684 0.3715406
4685 0.3715395
4686 0.3715386
4687 0.3715378
4688 0.3715368
4689 0.3715359
4690 0.3715349
4691 0.3715339
4692 0.3715329
4693 0.3715322
4694 0.3715314
4695 0.3715305
4696 0.3715296
4697 0.3715288
4698 0.3715279
4699 0.371527
4700 0.3715264
4701 0.3715254
4702 0.3715246
4703 0.3715237
4704 0.3715228
4705 0.3715219
4706 0.371521
4707 0.3715201
4708 0.3715193
4709 0.3715183
4710 0.3715175
4711 0.3715166
4712 0.3715158
4713 0.3715148
4714 0.371514
4715 0.371513
4716 0.3715124
4717 0.3715115
4718 0.3715107
4719 0.3715097
4720 0.371509
4721 0.3715082
4722 0.3715072
4723 0.3715063
4724 0.3715055
4725 0.3715048
4726 0.3715039
4727 0.3715028
4728 0.371502
4729 0.3715012
4730 0.3715004
4731 0.3714996
4732 0.3714988
4733 0.371498
4734 0.3714972
4735 0.3714967
4736 0.371496
4737 0.3714951
4738 0.3714943
4739 0.3714935
4740 0.3714928
4741 0.371492
4742 0.3714911
4743 0.3714904
4744 0.3714896
4745 0.3714888
4746 0.371488
4747 0.3714871
4748 0.3714864
4749 0.3714857
4750 0.3714848
4751 0.3714839
4752 0.3714832
4753 0.3714823
4754 0.3714814
4755 0.3714808
4756 0.3714801
4757 0.3714793
4758 0.3714784
4759 0.3714778
4760 0.3714769
4761 0.371476
4762 0.3714753
4763 0.3714747
4764 0.3714739
4765 0.3714731
4766 0.3714724
4767 0.3714717
4768 0.3714709
4769 0.3714701
4770 0.3714692
4771 0.3714686
4772 0.3714679
4773 0.3714671
4774 0.3714666
4775 0.3714657
4776 0.3714649
4777 0.3714642
4778 0.3714634
4779 0.3714627
4780 0.371462
4781 0.3714613
4782 0.3714607
4783 0.3714599
4784 0.3714594
4785 0.3714586
4786 0.3714578
4787 0.371457
4788 0.3714563
4789 0.3714558
4790 0.3714549
4791 0.3714541
4792 0.3714534
4793 0.3714527
4794 0.3714519
4795 0.3714512
4796 0.3714504
4797 0.3714496
4798 0.371449
4799 0.3714485
4800 0.3714477
4801 0.3714469
4802 0.3714462
4803 0.3714454
4804 0.3714446
4805 0.3714439
4806 0.3714432
4807 0.3714424
4808 0.3714419
4809 0.3714411
4810 0.3714403
4811 0.3714395
4812 0.3714388
4813 0.3714382
4814 0.3714375
4815 0.371437
4816 0.3714364
4817 0.3714356
4818 0.3714348
4819 0.3714342
4820 0.3714335
4821 0.3714328
4822 0.3714322
4823 0.3714314
4824 0.3714306
4825 0.3714299
4826 0.3714293
4827 0.3714285
4828 0.371428
4829 0.3714273
4830 0.3714266
4831 0.371426
4832 0.3714254
4833 0.3714249
4834 0.3714241
4835 0.3714234
4836 0.3714226
4837 0.3714219
4838 0.3714213
4839 0.3714207
4840 0.37142
4841 0.3714195
4842 0.371419
4843 0.3714183
4844 0.3714178
4845 0.371417
4846 0.3714164
4847 0.3714158
4848 0.3714151
4849 0.3714142
4850 0.3714136
4851 0.3714129
4852 0.3714123
4853 0.3714118
4854 0.3714112
4855 0.3714105
4856 0.37141
4857 0.3714093
4858 0.3714087
4859 0.3714081
4860 0.3714077
4861 0.3714069
4862 0.3714063
4863 0.3714057
4864 0.3714051
4865 0.3714044
4866 0.3714039
4867 0.3714032
4868 0.3714029
4869 0.3714021
4870 0.3714016
4871 0.3714008
4872 0.3714001
4873 0.3713994
4874 0.3713989
4875 0.3713983
4876 0.3713978
4877 0.3713972
4878 0.3713964
4879 0.3713956
4880 0.3713952
4881 0.3713945
4882 0.3713938
4883 0.3713933
4884 0.3713928
4885 0.3713923
4886 0.3713917
4887 0.371391
4888 0.3713904
4889 0.3713897
4890 0.3713891
4891 0.3713884
4892 0.3713879
4893 0.3713875
4894 0.3713867
4895 0.371386
4896 0.3713853
4897 0.3713848
4898 0.3713842
4899 0.3713836
4900 0.3713831
4901 0.3713824
4902 0.3713818
4903 0.3713814
4904 0.3713808
4905 0.3713803
4906 0.3713797
4907 0.3713791
4908 0.3713786
4909 0.371378
4910 0.3713773
4911 0.3713767
4912 0.3713762
4913 0.3713757
4914 0.3713753
4915 0.3713745
4916 0.3713739
4917 0.3713732
4918 0.3713728
4919 0.3713722
4920 0.3713719
4921 0.3713712
4922 0.3713706
4923 0.37137
4924 0.3713694
4925 0.3713688
4926 0.3713683
4927 0.3713675
4928 0.371367
4929 0.3713663
4930 0.3713657
4931 0.3713653
4932 0.3713647
4933 0.3713641
4934 0.3713638
4935 0.3713632
4936 0.3713627
4937 0.3713622
4938 0.3713615
4939 0.371361
4940 0.3713606
4941 0.3713601
4942 0.3713594
4943 0.371359
4944 0.3713582
4945 0.3713575
4946 0.371357
4947 0.3713566
4948 0.371356
4949 0.3713555
4950 0.3713551
4951 0.3713543
4952 0.3713538
4953 0.3713534
4954 0.3713529
4955 0.3713524
4956 0.3713518
4957 0.3713513
4958 0.3713509
4959 0.3713504
4960 0.37135
4961 0.3713495
4962 0.371349
4963 0.3713486
4964 0.3713481
4965 0.3713475
4966 0.3713468
4967 0.3713462
4968 0.3713459
4969 0.3713454
4970 0.3713449
4971 0.3713443
4972 0.3713439
4973 0.3713434
4974 0.3713429
4975 0.3713424
4976 0.3713419
4977 0.3713413
4978 0.3713407
4979 0.3713402
4980 0.3713396
4981 0.3713394
4982 0.3713388
4983 0.3713382
4984 0.3713376
4985 0.3713371
4986 0.3713364
4987 0.3713361
4988 0.3713356
4989 0.3713351
4990 0.3713347
4991 0.3713341
4992 0.3713337
4993 0.3713333
4994 0.3713328
4995 0.3713322
4996 0.3713318
4997 0.3713313
4998 0.3713309
4999 0.3713304
5000 0.3713299
5001 0.3713295
5002 0.3713291
5003 0.3713285
5004 0.371328
5005 0.3713276
5006 0.371327
5007 0.3713265
5008 0.3713261
5009 0.3713256
5010 0.371325
5011 0.3713246
5012 0.371324
5013 0.3713235
5014 0.3713231
5015 0.3713227
5016 0.3713223
5017 0.3713218
5018 0.3713215
5019 0.371321
5020 0.3713207
5021 0.3713202
5022 0.3713197
5023 0.3713191
5024 0.3713187
5025 0.3713181
5026 0.3713178
5027 0.371317
5028 0.3713168
5029 0.3713163
5030 0.371316
5031 0.3713154
5032 0.371315
5033 0.3713147
5034 0.3713143
5035 0.371314
5036 0.3713134
5037 0.3713129
5038 0.3713124
5039 0.3713121
5040 0.3713115
5041 0.3713111
5042 0.3713106
5043 0.3713101
5044 0.3713097
5045 0.3713093
5046 0.3713089
5047 0.3713082
5048 0.3713078
5049 0.3713074
5050 0.371307
5051 0.3713066
5052 0.3713062
5053 0.3713058
5054 0.3713052
5055 0.3713048
5056 0.3713043
5057 0.371304
5058 0.3713037
5059 0.3713033
5060 0.3713029
5061 0.3713025
5062 0.371302
5063 0.3713017
5064 0.3713013
5065 0.3713009
5066 0.3713005
5067 0.3713
5068 0.3712996
5069 0.3712991
5070 0.3712988
5071 0.3712985
5072 0.3712982
5073 0.3712977
5074 0.3712973
5075 0.3712967
5076 0.3712962
5077 0.3712957
5078 0.3712954
5079 0.3712948
5080 0.3712945
5081 0.3712942
5082 0.3712938
5083 0.3712933
5084 0.3712929
5085 0.3712927
5086 0.3712921
5087 0.3712917
5088 0.3712915
5089 0.371291
5090 0.3712906
5091 0.3712902
5092 0.3712898
5093 0.3712894
5094 0.3712891
5095 0.3712887
5096 0.3712883
5097 0.3712879
5098 0.3712876
5099 0.3712872
5100 0.3712869
5101 0.3712865
5102 0.3712861
5103 0.3712857
5104 0.3712855
5105 0.3712851
5106 0.3712847
5107 0.3712845
5108 0.371284
5109 0.3712835
5110 0.3712832
5111 0.371283
5112 0.3712826
5113 0.3712822
5114 0.3712819
5115 0.3712814
5116 0.3712811
5117 0.3712808
5118 0.3712803
5119 0.37128
5120 0.3712797
5121 0.3712793
5122 0.371279
5123 0.3712786
5124 0.3712781
5125 0.3712778
5126 0.3712775
5127 0.3712771
5128 0.3712767
5129 0.3712762
5130 0.3712759
5131 0.3712756
5132 0.3712752
5133 0.3712748
5134 0.3712746
5135 0.3712742
5136 0.3712739
5137 0.3712735
5138 0.3712732
5139 0.3712729
5140 0.3712725
5141 0.3712721
5142 0.3712716
5143 0.3712713
5144 0.3712711
5145 0.3712708
5146 0.3712705
5147 0.3712702
5148 0.37127
5149 0.3712694
5150 0.3712692
5151 0.3712688
5152 0.3712685
5153 0.3712681
5154 0.3712678
5155 0.3712675
5156 0.3712672
5157 0.371267
5158 0.3712666
5159 0.3712663
5160 0.371266
5161 0.3712656
5162 0.3712654
5163 0.3712649
5164 0.3712646
5165 0.3712642
5166 0.3712639
5167 0.3712636
5168 0.3712634
5169 0.3712632
5170 0.371263
5171 0.3712626
5172 0.3712623
5173 0.3712618
5174 0.3712615
5175 0.3712614
5176 0.3712611
5177 0.3712608
5178 0.3712604
5179 0.3712601
5180 0.3712598
5181 0.3712595
5182 0.3712592
5183 0.3712589
5184 0.3712586
5185 0.3712582
5186 0.3712579
5187 0.3712576
5188 0.3712572
5189 0.371257
5190 0.3712567
5191 0.3712564
5192 0.371256
5193 0.3712557
5194 0.3712553
5195 0.3712551
5196 0.3712547
5197 0.3712545
5198 0.3712542
5199 0.3712538
5200 0.3712535
5201 0.3712532
5202 0.3712529
5203 0.3712526
5204 0.3712523
5205 0.371252
5206 0.3712519
5207 0.3712516
5208 0.3712513
5209 0.371251
5210 0.3712507
5211 0.3712504
5212 0.3712502
5213 0.3712498
5214 0.3712496
5215 0.3712493
5216 0.3712491
5217 0.3712487
5218 0.3712484
5219 0.3712481
5220 0.3712477
5221 0.3712475
5222 0.3712471
5223 0.3712469
5224 0.3712465
5225 0.3712463
5226 0.371246
5227 0.371246
5228 0.3712459
5229 0.3712456
5230 0.3712453
5231 0.3712451
5232 0.3712448
5233 0.3712445
5234 0.3712441
5235 0.3712439
5236 0.3712436
5237 0.3712433
5238 0.371243
5239 0.3712427
5240 0.3712425
5241 0.3712423
5242 0.3712421
5243 0.3712417
5244 0.3712414
5245 0.3712412
5246 0.371241
5247 0.3712406
5248 0.3712402
5249 0.37124
5250 0.3712398
5251 0.3712395
5252 0.3712392
5253 0.3712389
5254 0.3712388
5255 0.3712386
5256 0.3712383
5257 0.371238
5258 0.3712377
5259 0.3712376
5260 0.3712373
5261 0.3712371
5262 0.371237
5263 0.3712368
5264 0.3712363
5265 0.3712361
5266 0.3712359
5267 0.3712357
5268 0.3712355
5269 0.3712352
5270 0.3712349
5271 0.3712346
5272 0.3712344
5273 0.3712341
5274 0.371234
5275 0.3712337
5276 0.3712335
5277 0.3712333
5278 0.371233
5279 0.3712327
5280 0.3712325
5281 0.3712323
5282 0.3712323
5283 0.371232
5284 0.3712318
5285 0.3712314
5286 0.3712313
5287 0.371231
5288 0.3712308
5289 0.3712306
5290 0.3712303
5291 0.3712301
5292 0.3712299
5293 0.3712298
5294 0.3712296
5295 0.3712292
5296 0.3712291
5297 0.3712289
5298 0.3712287
5299 0.3712285
5300 0.3712283
5301 0.3712281
5302 0.3712279
5303 0.3712274
5304 0.3712272
5305 0.371227
5306 0.3712268
5307 0.3712267
5308 0.3712264
5309 0.371226
5310 0.3712258
5311 0.3712257
5312 0.3712255
5313 0.3712254
5314 0.3712252
5315 0.371225
5316 0.3712247
5317 0.3712245
5318 0.3712243
5319 0.3712241
5320 0.3712239
5321 0.3712237
5322 0.3712234
5323 0.3712232
5324 0.371223
5325 0.3712229
5326 0.3712226
5327 0.3712225
5328 0.3712223
5329 0.3712221
5330 0.3712219
5331 0.3712218
5332 0.3712217
5333 0.3712215
5334 0.3712215
5335 0.3712213
5336 0.3712209
5337 0.3712206
5338 0.3712204
5339 0.3712203
5340 0.3712201
5341 0.3712199
5342 0.3712196
5343 0.3712193
5344 0.3712192
5345 0.371219
5346 0.3712187
5347 0.3712185
5348 0.3712183
5349 0.371218
5350 0.3712177
5351 0.3712175
5352 0.3712174
5353 0.3712174
5354 0.3712172
5355 0.3712171
5356 0.371217
5357 0.3712168
5358 0.3712167
5359 0.3712164
5360 0.3712163
5361 0.3712161
5362 0.371216
5363 0.3712157
5364 0.3712154
5365 0.3712153
5366 0.3712152
5367 0.371215
5368 0.3712149
5369 0.3712147
5370 0.3712146
5371 0.3712143
5372 0.3712143
5373 0.371214
5374 0.3712137
5375 0.3712136
5376 0.3712136
5377 0.3712135
5378 0.3712134
5379 0.3712132
5380 0.3712129
5381 0.3712127
5382 0.3712125
5383 0.3712124
5384 0.3712122
5385 0.3712119
5386 0.3712118
5387 0.3712116
5388 0.3712115
5389 0.3712112
5390 0.371211
5391 0.3712108
5392 0.3712106
5393 0.3712104
5394 0.3712102
5395 0.3712101
5396 0.3712099
5397 0.3712097
5398 0.3712095
5399 0.3712094
5400 0.3712093
5401 0.3712092
5402 0.3712091
5403 0.371209
5404 0.3712089
5405 0.3712086
5406 0.3712085
5407 0.3712083
5408 0.3712081
5409 0.371208
5410 0.3712078
5411 0.3712077
5412 0.3712076
5413 0.3712076
5414 0.3712075
5415 0.3712071
5416 0.371207
5417 0.3712068
5418 0.3712065
5419 0.3712065
5420 0.3712064
5421 0.3712062
5422 0.371206
5423 0.3712059
5424 0.3712057
5425 0.3712057
5426 0.3712054
5427 0.3712051
5428 0.371205
5429 0.3712049
5430 0.3712047
5431 0.3712046
5432 0.3712045
5433 0.3712043
5434 0.3712043
5435 0.3712042
5436 0.3712039
5437 0.3712036
5438 0.3712035
5439 0.3712034
5440 0.3712034
5441 0.3712033
5442 0.3712032
5443 0.371203
5444 0.3712029
5445 0.3712028
5446 0.3712027
5447 0.3712025
5448 0.3712023
5449 0.3712022
5450 0.371202
5451 0.3712019
5452 0.3712018
5453 0.3712016
5454 0.3712015
5455 0.3712015
5456 0.3712013
5457 0.3712012
5458 0.371201
5459 0.3712009
5460 0.3712009
5461 0.3712007
5462 0.3712007
5463 0.3712006
5464 0.3712005
5465 0.3712004
5466 0.3712002
5467 0.3711999
5468 0.3711998
5469 0.3711996
5470 0.3711996
5471 0.3711995
5472 0.3711994
5473 0.3711994
5474 0.3711992
5475 0.371199
5476 0.3711989
5477 0.3711988
5478 0.3711988
5479 0.3711988
5480 0.3711986
5481 0.3711984
5482 0.3711984
5483 0.3711981
5484 0.371198
5485 0.3711978
5486 0.3711977
5487 0.3711975
5488 0.3711975
5489 0.3711974
5490 0.3711973
5491 0.3711971
5492 0.3711969
5493 0.3711969
5494 0.3711967
5495 0.3711967
5496 0.3711967
5497 0.3711965
5498 0.3711964
5499 0.3711962
5500 0.3711962
5501 0.3711961
5502 0.3711961
5503 0.371196
5504 0.3711958
5505 0.3711958
5506 0.3711956
5507 0.3711954
5508 0.3711954
5509 0.3711953
5510 0.3711952
5511 0.3711952
5512 0.371195
5513 0.371195
5514 0.3711949
5515 0.3711947
5516 0.3711946
5517 0.3711945
5518 0.3711945
5519 0.3711944
5520 0.3711942
5521 0.371194
5522 0.371194
5523 0.3711939
5524 0.3711939
5525 0.3711938
5526 0.3711935
5527 0.3711935
5528 0.3711933
5529 0.3711934
5530 0.3711932
5531 0.3711933
5532 0.3711931
5533 0.3711931
5534 0.371193
5535 0.3711931
5536 0.3711929
5537 0.3711928
5538 0.3711928
5539 0.3711926
5540 0.3711924
5541 0.3711924
5542 0.3711922
5543 0.3711921
5544 0.371192
5545 0.3711919
5546 0.3711919
5547 0.3711919
5548 0.3711917
5549 0.3711917
5550 0.3711916
5551 0.3711915
5552 0.3711914
5553 0.3711913
5554 0.3711912
5555 0.3711911
5556 0.371191
5557 0.3711909
5558 0.3711909
5559 0.3711907
5560 0.3711906
5561 0.3711905
5562 0.3711904
5563 0.3711903
5564 0.3711902
5565 0.3711902
5566 0.37119
