"report-lift-rfile"
"Iteration" "report-lift"
("Iteration" "report-lift")
1 0.3954315
2 0.4069676
3 0.4184938
4 0.4299876
5 0.441428
6 0.4527938
7 0.4640631
8 0.4752183
9 0.4862375
10 0.4971045
11 0.5078024
12 0.5183171
13 0.5286332
14 0.5387383
15 0.5486189
16 0.5582676
17 0.5676742
18 0.5768303
19 0.5857299
20 0.5943657
21 0.6027353
22 0.6108332
23 0.6186482
24 0.6261765
25 0.6334148
26 0.64036
27 0.647014
28 0.653381
29 0.6594694
30 0.6652835
31 0.6708382
32 0.6761428
33 0.6812112
34 0.6860582
35 0.690699
36 0.6951478
37 0.6994201
38 0.7035298
39 0.7074887
40 0.7113121
41 0.7150092
42 0.7185912
43 0.7220657
44 0.7254387
45 0.7287191
46 0.7319094
47 0.7350141
48 0.7380341
49 0.7409708
50 0.7438233
51 0.7465926
52 0.7492741
53 0.751869
54 0.7543764
55 0.7567917
56 0.7591109
57 0.7613338
58 0.7634536
59 0.765471
60 0.767383
61 0.7691945
62 0.7709078
63 0.7725182
64 0.7740263
65 0.7754365
66 0.7767469
67 0.7779599
68 0.7790711
69 0.7800812
70 0.7809856
71 0.7817861
72 0.7824782
73 0.7830613
74 0.7835383
75 0.7839063
76 0.7841698
77 0.7843274
78 0.7843872
79 0.7843515
80 0.7842245
81 0.7840117
82 0.7837183
83 0.7833509
84 0.7829137
85 0.7824141
86 0.7818556
87 0.7812451
88 0.7805869
89 0.7798844
90 0.7791431
91 0.7783671
92 0.7775605
93 0.7767248
94 0.7758647
95 0.774982
96 0.7740801
97 0.7731599
98 0.7722219
99 0.7712736
100 0.7703111
101 0.769337
102 0.7683511
103 0.7673569
104 0.7663527
105 0.7653402
106 0.7643183
107 0.7632884
108 0.7622505
109 0.7612053
110 0.7601536
111 0.7590944
112 0.7580281
113 0.7569563
114 0.7558785
115 0.7547941
116 0.7537001
117 0.7525972
118 0.7514826
119 0.7503558
120 0.7492076
121 0.7480314
122 0.7468328
123 0.7456133
124 0.7443715
125 0.7431118
126 0.7418315
127 0.7405336
128 0.7392166
129 0.7378835
130 0.7365342
131 0.7351694
132 0.7337917
133 0.7324019
134 0.7310005
135 0.729589
136 0.7281709
137 0.7267465
138 0.7253162
139 0.7238836
140 0.7224497
141 0.7210169
142 0.7195848
143 0.7181556
144 0.7167338
145 0.7153175
146 0.713911
147 0.7125123
148 0.7111236
149 0.7097471
150 0.7083846
151 0.7070344
152 0.7057001
153 0.7043808
154 0.7030774
155 0.7017924
156 0.7005254
157 0.6992763
158 0.6980466
159 0.6968363
160 0.6956464
161 0.6944762
162 0.6933278
163 0.6922023
164 0.6910968
165 0.6900147
166 0.6889526
167 0.6879127
168 0.6868973
169 0.6859041
170 0.6849337
171 0.683986
172 0.6830626
173 0.6821601
174 0.6812814
175 0.6804253
176 0.6795912
177 0.6787797
178 0.6779908
179 0.6772231
180 0.6764779
181 0.6757531
182 0.6750504
183 0.6743677
184 0.673704
185 0.6730616
186 0.6724383
187 0.6718339
188 0.6712487
189 0.670681
190 0.6701317
191 0.6696004
192 0.6690851
193 0.6685867
194 0.6681052
195 0.6676399
196 0.6671906
197 0.6667576
198 0.6663384
199 0.6659353
200 0.6655466
201 0.6651738
202 0.664815
203 0.6644704
204 0.6641404
205 0.6638243
206 0.663522
207 0.6632332
208 0.6629589
209 0.6626973
210 0.6624485
211 0.6622148
212 0.661992
213 0.6617834
214 0.6615876
215 0.6614038
216 0.6612338
217 0.661074
218 0.6609277
219 0.6607932
220 0.6606712
221 0.6605597
222 0.6604611
223 0.6603723
224 0.6602955
225 0.6602296
226 0.6601736
227 0.6601292
228 0.6600948
229 0.6600704
230 0.6600564
231 0.6600512
232 0.6600557
233 0.6600702
234 0.6600929
235 0.6601246
236 0.6601655
237 0.6602138
238 0.6602701
239 0.6603343
240 0.6604062
241 0.6604853
242 0.6605714
243 0.6606656
244 0.6607656
245 0.6608709
246 0.6609834
247 0.6611006
248 0.6612229
249 0.6613503
250 0.6614822
251 0.6616181
252 0.6617582
253 0.6619025
254 0.66205
255 0.6622007
256 0.6623544
257 0.6625102
258 0.6626688
259 0.6628292
260 0.6629906
261 0.6631544
262 0.663318
263 0.6634828
264 0.6636486
265 0.6638141
266 0.6639811
267 0.6641471
268 0.6643136
269 0.66448
270 0.6646459
271 0.6648116
272 0.6649758
273 0.6651377
274 0.6653003
275 0.6654611
276 0.6656199
277 0.665778
278 0.6659336
279 0.6660882
280 0.6662413
281 0.666393
282 0.6665416
283 0.666689
284 0.6668354
285 0.6669795
286 0.6671197
287 0.6672595
288 0.6673966
289 0.6675313
290 0.6676651
291 0.6677954
292 0.6679235
293 0.6680509
294 0.6681752
295 0.6682978
296 0.668418
297 0.6685361
298 0.6686524
299 0.6687658
300 0.6688766
301 0.6689866
302 0.6690944
303 0.6691994
304 0.6693029
305 0.669404
306 0.6695032
307 0.6696002
308 0.6696959
309 0.6697894
310 0.6698809
311 0.6699702
312 0.6700573
313 0.670144
314 0.6702275
315 0.6703097
316 0.6703894
317 0.6704668
318 0.6705434
319 0.6706181
320 0.6706913
321 0.6707623
322 0.6708316
323 0.670899
324 0.6709645
325 0.6710283
326 0.6710906
327 0.6711506
328 0.6712093
329 0.6712652
330 0.6713203
331 0.6713727
332 0.6714237
333 0.6714733
334 0.6715206
335 0.6715661
336 0.6716108
337 0.6716518
338 0.6716925
339 0.6717312
340 0.6717671
341 0.6718022
342 0.6718352
343 0.6718664
344 0.6718952
345 0.671923
346 0.6719479
347 0.6719722
348 0.6719941
349 0.6720136
350 0.6720311
351 0.6720482
352 0.6720628
353 0.6720747
354 0.6720853
355 0.6720944
356 0.6721026
357 0.6721084
358 0.6721126
359 0.6721155
360 0.6721166
361 0.6721151
362 0.6721123
363 0.6721078
364 0.6721032
365 0.6720954
366 0.6720867
367 0.6720775
368 0.6720663
369 0.672053
370 0.6720384
371 0.6720231
372 0.6720065
373 0.6719891
374 0.6719705
375 0.6719497
376 0.6719282
377 0.6719062
378 0.6718827
379 0.6718582
380 0.6718329
381 0.6718066
382 0.6717797
383 0.6717525
384 0.6717232
385 0.6716938
386 0.6716637
387 0.6716319
388 0.6716014
389 0.6715685
390 0.6715361
391 0.6715031
392 0.6714694
393 0.6714353
394 0.6714008
395 0.671366
396 0.6713304
397 0.6712949
398 0.6712601
399 0.6712237
400 0.6711873
401 0.671151
402 0.6711133
403 0.6710772
404 0.6710397
405 0.6710022
406 0.6709651
407 0.6709279
408 0.6708905
409 0.6708536
410 0.6708164
411 0.6707793
412 0.670742
413 0.6707055
414 0.6706677
415 0.6706302
416 0.6705933
417 0.6705564
418 0.6705197
419 0.6704826
420 0.6704456
421 0.6704088
422 0.670372
423 0.6703364
424 0.6703007
425 0.6702632
426 0.6702264
427 0.6701909
428 0.6701543
429 0.6701189
430 0.6700827
431 0.6700465
432 0.6700113
433 0.6699759
434 0.6699396
435 0.6699041
436 0.6698689
437 0.6698331
438 0.6697975
439 0.6697621
440 0.6697262
441 0.669691
442 0.6696558
443 0.6696211
444 0.6695858
445 0.6695501
446 0.6695151
447 0.6694795
448 0.6694442
449 0.6694089
450 0.6693725
451 0.6693366
452 0.6693018
453 0.6692669
454 0.6692317
455 0.669196
456 0.6691602
457 0.6691245
458 0.6690887
459 0.6690522
460 0.669017
461 0.6689808
462 0.6689452
463 0.6689095
464 0.6688734
465 0.6688371
466 0.6688017
467 0.6687663
468 0.6687288
469 0.6686922
470 0.6686559
471 0.6686195
472 0.6685835
473 0.6685466
474 0.6685095
475 0.6684729
476 0.6684372
477 0.6684003
478 0.668363
479 0.668326
480 0.6682891
481 0.6682526
482 0.6682147
483 0.6681778
484 0.6681414
485 0.6681043
486 0.6680667
487 0.6680295
488 0.6679918
489 0.6679548
490 0.667918
491 0.6678817
492 0.6678436
493 0.6678067
494 0.6677696
495 0.6677328
496 0.6676959
497 0.6676582
498 0.6676216
499 0.6675848
500 0.6675472
501 0.6675093
502 0.6674731
503 0.6674358
504 0.667399
505 0.6673622
506 0.6673248
507 0.6672877
508 0.6672505
509 0.6672134
510 0.6671767
511 0.6671395
512 0.6671025
513 0.6670656
514 0.6670284
515 0.6669914
516 0.6669545
517 0.6669174
518 0.6668802
519 0.6668431
520 0.6668064
521 0.6667694
522 0.666732
523 0.666695
524 0.6666577
525 0.666621
526 0.6665843
527 0.6665468
528 0.6665102
529 0.6664727
530 0.6664355
531 0.6663983
532 0.66636
533 0.6663233
534 0.6662855
535 0.6662485
536 0.6662117
537 0.666174
538 0.6661363
539 0.6660987
540 0.6660615
541 0.6660236
542 0.665986
543 0.665948
544 0.6659104
545 0.6658725
546 0.6658348
547 0.6657957
548 0.6657576
549 0.665719
550 0.6656795
551 0.6656417
552 0.6656035
553 0.665564
554 0.665525
555 0.6654865
556 0.6654466
557 0.6654076
558 0.6653669
559 0.6653288
560 0.6652885
561 0.6652489
562 0.6652086
563 0.6651689
564 0.6651286
565 0.6650887
566 0.6650484
567 0.6649875
568 0.6649269
569 0.6648654
570 0.6648045
571 0.6647418
572 0.66468
573 0.6646183
574 0.6645551
575 0.6644936
576 0.6644301
577 0.6643667
578 0.6643038
579 0.6642407
580 0.6641762
581 0.6641123
582 0.6640478
583 0.6639828
584 0.6639193
585 0.6638547
586 0.6637886
587 0.6637239
588 0.6636583
589 0.6635931
590 0.6635272
591 0.6634616
592 0.6633953
593 0.6633297
594 0.6632639
595 0.6631979
596 0.6631302
597 0.663064
598 0.6629969
599 0.6629307
600 0.6628633
601 0.6627965
602 0.6627298
603 0.6626632
604 0.6625954
605 0.6625285
606 0.6624607
607 0.6623932
608 0.6623251
609 0.6622574
610 0.66219
611 0.6621215
612 0.6620539
613 0.6619855
614 0.6619171
615 0.6618488
616 0.6617802
617 0.6617121
618 0.6616428
619 0.6615745
620 0.6615047
621 0.6614358
622 0.6613663
623 0.6612973
624 0.6612274
625 0.6611579
626 0.6610882
627 0.6610169
628 0.6609471
629 0.6608761
630 0.6608053
631 0.6607348
632 0.6606638
633 0.6605924
634 0.6605216
635 0.6604497
636 0.660378
637 0.6603054
638 0.6602338
639 0.6601614
640 0.6600894
641 0.6600159
642 0.6599431
643 0.6598694
644 0.6597961
645 0.6597221
646 0.6596481
647 0.6595743
648 0.6595001
649 0.6594254
650 0.6593506
651 0.6592758
652 0.6592008
653 0.659126
654 0.6590495
655 0.658975
656 0.6588988
657 0.6588228
658 0.6587462
659 0.6586695
660 0.658593
661 0.6585158
662 0.6584388
663 0.6583612
664 0.6582847
665 0.658207
666 0.6581295
667 0.6580504
668 0.6579725
669 0.6578937
670 0.6578156
671 0.657737
672 0.6576586
673 0.6575789
674 0.6575
675 0.6574209
676 0.6573416
677 0.6572622
678 0.6571823
679 0.657102
680 0.6570225
681 0.6569429
682 0.6568623
683 0.656782
684 0.6567004
685 0.6566205
686 0.6565389
687 0.6564591
688 0.6563771
689 0.656296
690 0.6562147
691 0.6561334
692 0.6560521
693 0.6559704
694 0.6558883
695 0.6558063
696 0.6557243
697 0.655642
698 0.6555597
699 0.6554773
700 0.6553949
701 0.6553118
702 0.6552291
703 0.6551464
704 0.6550629
705 0.6549788
706 0.6548964
707 0.6548131
708 0.6547286
709 0.6546454
710 0.654562
711 0.6544781
712 0.6543943
713 0.6543097
714 0.6542267
715 0.6541416
716 0.6540565
717 0.6539723
718 0.6538883
719 0.6538033
720 0.6537189
721 0.6536328
722 0.6535478
723 0.6534626
724 0.6533772
725 0.6532918
726 0.6532065
727 0.6531209
728 0.653035
729 0.6529498
730 0.6528639
731 0.6527775
732 0.6526918
733 0.6526058
734 0.6525198
735 0.652433
736 0.6523469
737 0.6522608
738 0.6521736
739 0.652088
740 0.6520011
741 0.6519146
742 0.6518275
743 0.6517406
744 0.6516541
745 0.6515672
746 0.6514807
747 0.6513938
748 0.6513069
749 0.6512198
750 0.6511322
751 0.6510449
752 0.6509578
753 0.65087
754 0.6507829
755 0.6506957
756 0.6506081
757 0.6505204
758 0.6504338
759 0.6503463
760 0.6502582
761 0.6501713
762 0.6500835
763 0.6499962
764 0.6499087
765 0.6498212
766 0.6497334
767 0.6496452
768 0.6495575
769 0.6494699
770 0.6493827
771 0.6492946
772 0.6492071
773 0.6491191
774 0.6490313
775 0.6489433
776 0.6488573
777 0.6487685
778 0.64868
779 0.6485911
780 0.6485045
781 0.6484168
782 0.6483285
783 0.6482405
784 0.648153
785 0.6480659
786 0.6479772
787 0.6478893
788 0.6478015
789 0.6477136
790 0.6476261
791 0.6475379
792 0.6474499
793 0.6473622
794 0.6472746
795 0.6471859
796 0.6470979
797 0.6470096
798 0.6469216
799 0.6468334
800 0.6467463
801 0.6466579
802 0.6465684
803 0.6464816
804 0.6463932
805 0.6463055
806 0.6462166
807 0.6461282
808 0.6460405
809 0.6459529
810 0.645864
811 0.6457751
812 0.6456873
813 0.645599
814 0.645511
815 0.645422
816 0.6453335
817 0.645244
818 0.6451559
819 0.6450685
820 0.6449794
821 0.6448903
822 0.6448014
823 0.6447132
824 0.6446248
825 0.644536
826 0.6444468
827 0.6443585
828 0.6442691
829 0.6441799
830 0.6440916
831 0.6440032
832 0.6439139
833 0.6438245
834 0.6437351
835 0.6436455
836 0.6435569
837 0.6434673
838 0.6433778
839 0.6432888
840 0.6431995
841 0.6431099
842 0.6430206
843 0.6429305
844 0.6428413
845 0.6427517
846 0.6426613
847 0.6425713
848 0.6424825
849 0.6423931
850 0.6423033
851 0.6422135
852 0.6421233
853 0.6420345
854 0.6419436
855 0.641854
856 0.6417637
857 0.6416734
858 0.6415831
859 0.6414932
860 0.6414031
861 0.6413124
862 0.6412225
863 0.6411322
864 0.6410416
865 0.6409513
866 0.6408601
867 0.6407689
868 0.6406786
869 0.6405887
870 0.6404976
871 0.6404067
872 0.6403159
873 0.6402251
874 0.6401333
875 0.6400425
876 0.6399524
877 0.6398609
878 0.6397696
879 0.6396779
880 0.6395863
881 0.6394952
882 0.6394044
883 0.6393129
884 0.6392213
885 0.6391295
886 0.6390382
887 0.6389465
888 0.6388541
889 0.6387624
890 0.6386704
891 0.6385788
892 0.6384865
893 0.6383945
894 0.638302
895 0.6382093
896 0.6381166
897 0.6380247
898 0.6379329
899 0.6378402
900 0.6377468
901 0.6376548
902 0.6375616
903 0.6374693
904 0.6373757
905 0.6372826
906 0.6371896
907 0.6370959
908 0.6370024
909 0.6369097
910 0.6368163
911 0.6367229
912 0.636629
913 0.636535
914 0.6364406
915 0.6363476
916 0.6362535
917 0.6361593
918 0.6360651
919 0.6359715
920 0.6358765
921 0.6357822
922 0.6356879
923 0.6355937
924 0.6355003
925 0.6354049
926 0.6353099
927 0.6352143
928 0.6351196
929 0.6350241
930 0.6349293
931 0.6348341
932 0.6347384
933 0.6346419
934 0.6345474
935 0.634452
936 0.6343555
937 0.6342595
938 0.6341636
939 0.6340675
940 0.6339717
941 0.6338751
942 0.6337786
943 0.6336824
944 0.633586
945 0.6334897
946 0.6333933
947 0.633296
948 0.6331986
949 0.6331019
950 0.6330044
951 0.6329073
952 0.6328101
953 0.6327123
954 0.632615
955 0.6325169
956 0.6324197
957 0.6323215
958 0.6322238
959 0.6321262
960 0.6320272
961 0.6319294
962 0.6318315
963 0.6317331
964 0.6316336
965 0.631536
966 0.6314369
967 0.6313385
968 0.6312395
969 0.6311396
970 0.6310411
971 0.6309425
972 0.6308433
973 0.6307435
974 0.6306441
975 0.6305439
976 0.6304443
977 0.6303456
978 0.6302457
979 0.6301461
980 0.6300457
981 0.6299456
982 0.6298453
983 0.6297461
984 0.6296453
985 0.6295451
986 0.6294448
987 0.629344
988 0.6292433
989 0.6291425
990 0.6290423
991 0.628942
992 0.6288407
993 0.6287398
994 0.6286384
995 0.6285374
996 0.6284372
997 0.6283354
998 0.6282341
999 0.6281327
1000 0.6280307
1001 0.6279304
1002 0.6278275
1003 0.6277266
1004 0.6276251
1005 0.6275237
1006 0.6274206
1007 0.6273195
1008 0.6272175
1009 0.6271148
1010 0.6270133
1011 0.6269112
1012 0.6268098
1013 0.6267071
1014 0.6266049
1015 0.6265023
1016 0.6264
1017 0.6262978
1018 0.6261954
1019 0.6260933
1020 0.6259904
1021 0.6258887
1022 0.6257856
1023 0.6256825
1024 0.6255808
1025 0.6254777
1026 0.6253753
1027 0.6252722
1028 0.625169
1029 0.6250671
1030 0.6249639
1031 0.6248614
1032 0.624759
1033 0.6246563
1034 0.6245534
1035 0.6244503
1036 0.6243478
1037 0.6242445
1038 0.6241415
1039 0.6240385
1040 0.6239353
1041 0.6238335
1042 0.6237301
1043 0.6236275
1044 0.6235254
1045 0.6234227
1046 0.6233189
1047 0.6232173
1048 0.6231133
1049 0.6230102
1050 0.6229074
1051 0.6228051
1052 0.6227016
1053 0.6225992
1054 0.6224974
1055 0.6223946
1056 0.6222913
1057 0.6221894
1058 0.6220862
1059 0.6219832
1060 0.6218809
1061 0.6217793
1062 0.6216761
1063 0.6215737
1064 0.6214705
1065 0.6213683
1066 0.6212663
1067 0.6211638
1068 0.6210619
1069 0.6209596
1070 0.6208569
1071 0.6207553
1072 0.6206532
1073 0.6205516
1074 0.6204491
1075 0.6203483
1076 0.6202459
1077 0.6201447
1078 0.6200427
1079 0.6199416
1080 0.6198394
1081 0.6197388
1082 0.6196375
1083 0.6195371
1084 0.6194355
1085 0.6193343
1086 0.6192331
1087 0.6191323
1088 0.6190327
1089 0.6189317
1090 0.6188306
1091 0.61873
1092 0.6186296
1093 0.6185293
1094 0.6184294
1095 0.6183293
1096 0.6182294
1097 0.6181291
1098 0.6180301
1099 0.6179305
1100 0.6178306
1101 0.6177314
1102 0.6176324
1103 0.6175337
1104 0.6174342
1105 0.6173353
1106 0.6172359
1107 0.6171369
1108 0.6170377
1109 0.6169401
1110 0.6168419
1111 0.6167437
1112 0.6166449
1113 0.6165474
1114 0.6164488
1115 0.6163515
1116 0.6162543
1117 0.6161568
1118 0.6160594
1119 0.6159617
1120 0.6158653
1121 0.6157683
1122 0.6156719
1123 0.6155747
1124 0.6154782
1125 0.6153824
1126 0.6152865
1127 0.6151896
1128 0.6150938
1129 0.6149981
1130 0.6149027
1131 0.6148076
1132 0.6147122
1133 0.6146171
1134 0.6145214
1135 0.6144271
1136 0.6143322
1137 0.6142376
1138 0.6141437
1139 0.6140492
1140 0.6139554
1141 0.6138613
1142 0.6137679
1143 0.6136741
1144 0.6135806
1145 0.6134867
1146 0.6133939
1147 0.6133013
1148 0.6132085
1149 0.6131154
1150 0.6130239
1151 0.6129316
1152 0.6128385
1153 0.6127471
1154 0.6126547
1155 0.6125637
1156 0.6124715
1157 0.6123805
1158 0.6122897
1159 0.6121982
1160 0.6121075
1161 0.6120166
1162 0.6119263
1163 0.6118354
1164 0.6117456
1165 0.6116552
1166 0.6115651
1167 0.6114757
1168 0.6113867
1169 0.6112974
1170 0.6112084
1171 0.6111182
1172 0.61103
1173 0.6109416
1174 0.6108526
1175 0.6107642
1176 0.6106759
1177 0.6105883
1178 0.6104994
1179 0.6104117
1180 0.6103243
1181 0.610236
1182 0.6101492
1183 0.6100627
1184 0.609976
1185 0.6098886
1186 0.6098019
1187 0.6097154
1188 0.6096298
1189 0.6095434
1190 0.6094573
1191 0.6093717
1192 0.6092863
1193 0.6092
1194 0.6091148
1195 0.6090298
1196 0.6089452
1197 0.6088592
1198 0.6087748
1199 0.6086903
1200 0.6086054
1201 0.6085218
1202 0.6084374
1203 0.6083527
1204 0.6082686
1205 0.6081854
1206 0.6081018
1207 0.6080183
1208 0.6079345
1209 0.6078525
1210 0.6077687
1211 0.6076857
1212 0.607603
1213 0.6075206
1214 0.6074375
1215 0.6073551
1216 0.607273
1217 0.607191
1218 0.6071088
1219 0.6070279
1220 0.6069461
1221 0.606864
1222 0.6067823
1223 0.6067007
1224 0.6066201
1225 0.6065391
1226 0.6064582
1227 0.606377
1228 0.6062964
1229 0.6062162
1230 0.6061351
1231 0.606055
1232 0.6059747
1233 0.6058946
1234 0.6058148
1235 0.6057345
1236 0.6056551
1237 0.6055748
1238 0.6054956
1239 0.6054163
1240 0.6053368
1241 0.6052576
1242 0.6051786
1243 0.6050987
1244 0.6050201
1245 0.604941
1246 0.6048614
1247 0.6047826
1248 0.6047049
1249 0.6046256
1250 0.6045477
1251 0.6044692
1252 0.6043911
1253 0.6043124
1254 0.6042349
1255 0.6041567
1256 0.6040779
1257 0.6040004
1258 0.6039225
1259 0.6038442
1260 0.603767
1261 0.603689
1262 0.6036118
1263 0.6035345
1264 0.6034573
1265 0.6033792
1266 0.6033012
1267 0.6032246
1268 0.603147
1269 0.6030697
1270 0.6029931
1271 0.6029156
1272 0.6028386
1273 0.6027617
1274 0.6026851
1275 0.6026081
1276 0.6025319
1277 0.6024547
1278 0.602377
1279 0.6022999
1280 0.6022228
1281 0.602146
1282 0.6020687
1283 0.6019928
1284 0.6019167
1285 0.6018394
1286 0.6017625
1287 0.6016853
1288 0.6016084
1289 0.6015323
1290 0.6014555
1291 0.6013787
1292 0.6013029
1293 0.6012262
1294 0.6011491
1295 0.6010725
1296 0.6009967
1297 0.6009191
1298 0.6008429
1299 0.6007667
1300 0.6006899
1301 0.6006132
1302 0.6005373
1303 0.6004594
1304 0.6003833
1305 0.6003063
1306 0.6002293
1307 0.6001522
1308 0.6000754
1309 0.5999987
1310 0.5999222
1311 0.5998443
1312 0.599768
1313 0.5996913
1314 0.5996144
1315 0.5995368
1316 0.5994602
1317 0.5993831
1318 0.5993055
1319 0.5992295
1320 0.599152
1321 0.5990748
1322 0.5989968
1323 0.5989192
1324 0.5988418
1325 0.598765
1326 0.5986875
1327 0.5986096
1328 0.5985324
1329 0.5984548
1330 0.5983768
1331 0.5982997
1332 0.5982217
1333 0.598143
1334 0.5980653
1335 0.5979875
1336 0.5979093
1337 0.5978313
1338 0.5977536
1339 0.5976747
1340 0.5975963
1341 0.5975182
1342 0.5974393
1343 0.5973612
1344 0.5972822
1345 0.5972036
1346 0.5971244
1347 0.5970461
1348 0.596967
1349 0.5968874
1350 0.5968089
1351 0.5967299
1352 0.5966508
1353 0.5965719
1354 0.5964921
1355 0.596413
1356 0.596333
1357 0.5962536
1358 0.5961735
1359 0.5960937
1360 0.5960132
1361 0.5959336
1362 0.5958536
1363 0.5957735
1364 0.5956936
1365 0.595613
1366 0.5955317
1367 0.5954522
1368 0.5953713
1369 0.5952914
1370 0.5952092
1371 0.5951295
1372 0.5950484
1373 0.5949672
1374 0.5948858
1375 0.5948049
1376 0.5947235
1377 0.5946413
1378 0.5945602
1379 0.5944785
1380 0.5943969
1381 0.5943156
1382 0.5942334
1383 0.5941512
1384 0.59407
1385 0.5939878
1386 0.5939047
1387 0.5938234
1388 0.5937402
1389 0.5936577
1390 0.5935747
1391 0.5934925
1392 0.5934104
1393 0.5933272
1394 0.5932444
1395 0.5931616
1396 0.593078
1397 0.5929955
1398 0.5929123
1399 0.5928291
1400 0.592745
1401 0.5926614
1402 0.5925787
1403 0.592495
1404 0.5924111
1405 0.5923268
1406 0.5922435
1407 0.5921602
1408 0.5920761
1409 0.5919919
1410 0.591908
1411 0.5918231
1412 0.5917396
1413 0.5916553
1414 0.5915705
1415 0.5914861
1416 0.5914013
1417 0.5913172
1418 0.5912319
1419 0.5911479
1420 0.5910633
1421 0.5909779
1422 0.5908923
1423 0.590808
1424 0.5907238
1425 0.590638
1426 0.5905533
1427 0.5904678
1428 0.5903829
1429 0.5902982
1430 0.5902131
1431 0.5901275
1432 0.5900425
1433 0.5899568
1434 0.5898706
1435 0.5897852
1436 0.5896993
1437 0.5896149
1438 0.5895285
1439 0.5894433
1440 0.5893579
1441 0.5892718
1442 0.589186
1443 0.589101
1444 0.589015
1445 0.5889296
1446 0.5888436
1447 0.5887573
1448 0.5886718
1449 0.5885858
1450 0.5885001
1451 0.5884141
1452 0.5883274
1453 0.5882422
1454 0.5881559
1455 0.5880706
1456 0.5879847
1457 0.5878981
1458 0.5878119
1459 0.5877264
1460 0.58764
1461 0.5875551
1462 0.5874696
1463 0.5873828
1464 0.5872976
1465 0.5872114
1466 0.587126
1467 0.58704
1468 0.586954
1469 0.5868688
1470 0.5867827
1471 0.5866974
1472 0.5866117
1473 0.5865261
1474 0.5864408
1475 0.5863551
1476 0.5862696
1477 0.586184
1478 0.586099
1479 0.5860133
1480 0.5859277
1481 0.5858434
1482 0.5857573
1483 0.5856721
1484 0.5855873
1485 0.5855018
1486 0.5854174
1487 0.5853326
1488 0.5852479
1489 0.5851637
1490 0.5850788
1491 0.5849944
1492 0.58491
1493 0.5848246
1494 0.5847405
1495 0.5846562
1496 0.5845726
1497 0.5844887
1498 0.5844039
1499 0.5843204
1500 0.584236
1501 0.5841521
1502 0.5840696
1503 0.5839863
1504 0.5839022
1505 0.5838183
1506 0.5837352
1507 0.5836524
1508 0.5835695
1509 0.5834857
1510 0.5834031
1511 0.5833202
1512 0.5832388
1513 0.5831558
1514 0.5830739
1515 0.5829917
1516 0.582909
1517 0.582827
1518 0.5827453
1519 0.5826634
1520 0.5825825
1521 0.5825006
1522 0.5824199
1523 0.5823392
1524 0.582259
1525 0.5821772
1526 0.5820961
1527 0.582016
1528 0.5819358
1529 0.5818563
1530 0.5817763
1531 0.5816956
1532 0.5816154
1533 0.5815361
1534 0.5814566
1535 0.5813778
1536 0.5812988
1537 0.5812199
1538 0.5811405
1539 0.5810625
1540 0.5809845
1541 0.5809062
1542 0.5808279
1543 0.58075
1544 0.5806735
1545 0.5805955
1546 0.5805179
1547 0.5804415
1548 0.5803651
1549 0.5802878
1550 0.5802113
1551 0.5801355
1552 0.5800592
1553 0.5799831
1554 0.5799071
1555 0.5798327
1556 0.579757
1557 0.5796814
1558 0.5796068
1559 0.5795326
1560 0.5794581
1561 0.5793834
1562 0.5793108
1563 0.5792358
1564 0.5791622
1565 0.5790893
1566 0.5790158
1567 0.5789432
1568 0.5788702
1569 0.5787987
1570 0.5787253
1571 0.5786542
1572 0.5785828
1573 0.578511
1574 0.5784395
1575 0.5783688
1576 0.5782987
1577 0.5782279
1578 0.5781584
1579 0.5780872
1580 0.5780183
1581 0.577949
1582 0.5778793
1583 0.5778102
1584 0.5777415
1585 0.5776733
1586 0.5776052
1587 0.5775371
1588 0.5774688
1589 0.5774019
1590 0.5773342
1591 0.5772672
1592 0.5772011
1593 0.5771339
1594 0.577068
1595 0.5770018
1596 0.5769365
1597 0.5768716
1598 0.5768059
1599 0.5767408
1600 0.5766764
1601 0.5766119
1602 0.5765482
1603 0.5764843
1604 0.5764213
1605 0.5763578
1606 0.5762945
1607 0.5762323
1608 0.5761701
1609 0.5761078
1610 0.5760456
1611 0.5759839
1612 0.5759224
1613 0.5758621
1614 0.5758017
1615 0.5757411
1616 0.5756809
1617 0.5756212
1618 0.5755614
1619 0.5755022
1620 0.5754428
1621 0.5753837
1622 0.5753263
1623 0.5752675
1624 0.5752096
1625 0.5751521
1626 0.5750948
1627 0.5750381
1628 0.5749813
1629 0.5749244
1630 0.5748693
1631 0.5748128
1632 0.5747572
1633 0.574702
1634 0.5746468
1635 0.5745917
1636 0.5745374
1637 0.574483
1638 0.574429
1639 0.5743755
1640 0.5743223
1641 0.5742694
1642 0.5742167
1643 0.5741641
1644 0.5741117
1645 0.5740595
1646 0.5740083
1647 0.5739571
1648 0.5739054
1649 0.5738555
1650 0.5738048
1651 0.5737548
1652 0.5737054
1653 0.5736554
1654 0.5736062
1655 0.5735566
1656 0.5735078
1657 0.5734596
1658 0.5734108
1659 0.5733641
1660 0.5733159
1661 0.5732683
1662 0.5732216
1663 0.5731744
1664 0.5731283
1665 0.5730824
1666 0.5730363
1667 0.5729908
1668 0.5729457
1669 0.5729012
1670 0.5728557
1671 0.5728118
1672 0.5727668
1673 0.5727232
1674 0.5726793
1675 0.5726359
1676 0.5725936
1677 0.57255
1678 0.5725074
1679 0.5724658
1680 0.5724233
1681 0.5723817
1682 0.5723403
1683 0.5722994
1684 0.5722587
1685 0.5722183
1686 0.5721775
1687 0.5721371
1688 0.5720981
1689 0.5720583
1690 0.5720191
1691 0.5719805
1692 0.5719417
1693 0.5719028
1694 0.5718651
1695 0.5718263
1696 0.5717894
1697 0.5717521
1698 0.5717152
1699 0.571678
1700 0.5716418
1701 0.5716057
1702 0.5715695
1703 0.5715339
1704 0.5714985
1705 0.5714622
1706 0.571428
1707 0.5713928
1708 0.5713588
1709 0.5713242
1710 0.571291
1711 0.5712566
1712 0.5712233
1713 0.5711898
1714 0.5711567
1715 0.571124
1716 0.5710914
1717 0.571059
1718 0.5710265
1719 0.5709952
1720 0.5709639
1721 0.5709327
1722 0.570901
1723 0.5708708
1724 0.5708398
1725 0.5708092
1726 0.5707791
1727 0.5707495
1728 0.5707197
1729 0.5706905
1730 0.5706618
1731 0.5706324
1732 0.5706035
1733 0.5705753
1734 0.5705469
1735 0.5705186
1736 0.5704908
1737 0.5704638
1738 0.5704359
1739 0.5704089
1740 0.5703825
1741 0.5703559
1742 0.5703287
1743 0.5703023
1744 0.570276
1745 0.5702504
1746 0.5702252
1747 0.5701999
1748 0.5701742
1749 0.5701494
1750 0.5701252
1751 0.5701004
1752 0.570076
1753 0.570051
1754 0.5700274
1755 0.5700033
1756 0.5699805
1757 0.5699569
1758 0.5699337
1759 0.5699106
1760 0.5698879
1761 0.5698645
1762 0.5698428
1763 0.5698205
1764 0.5697987
1765 0.5697767
1766 0.5697556
1767 0.5697337
1768 0.5697121
1769 0.5696917
1770 0.5696712
1771 0.5696492
1772 0.5696293
1773 0.5696092
1774 0.5695887
1775 0.5695681
1776 0.5695491
1777 0.5695293
1778 0.5695099
1779 0.5694903
1780 0.5694713
1781 0.5694528
1782 0.5694337
1783 0.569415
1784 0.5693963
1785 0.5693778
1786 0.5693597
1787 0.5693422
1788 0.5693233
1789 0.5693069
1790 0.5692893
1791 0.5692714
1792 0.5692543
1793 0.5692383
1794 0.569221
1795 0.5692043
1796 0.5691872
1797 0.5691718
1798 0.5691551
1799 0.5691397
1800 0.5691236
1801 0.5691078
1802 0.5690919
1803 0.5690761
1804 0.569061
1805 0.5690459
1806 0.5690312
1807 0.5690157
1808 0.5690015
1809 0.5689865
1810 0.5689727
1811 0.5689584
1812 0.5689439
1813 0.56893
1814 0.5689155
1815 0.5689018
1816 0.5688882
1817 0.5688746
1818 0.5688612
1819 0.5688477
1820 0.5688344
1821 0.5688218
1822 0.5688091
1823 0.568796
1824 0.5687835
1825 0.5687706
1826 0.5687578
1827 0.5687451
1828 0.5687332
1829 0.568721
1830 0.5687087
1831 0.5686967
1832 0.5686854
1833 0.5686734
1834 0.5686619
1835 0.5686505
1836 0.5686391
1837 0.5686279
1838 0.5686171
1839 0.568606
1840 0.5685952
1841 0.5685838
1842 0.5685728
1843 0.5685623
1844 0.5685519
1845 0.5685409
1846 0.568531
1847 0.5685211
1848 0.5685106
1849 0.5685006
1850 0.5684905
1851 0.5684815
1852 0.5684712
1853 0.5684614
1854 0.5684519
1855 0.5684422
1856 0.5684333
1857 0.5684243
1858 0.5684152
1859 0.5684063
1860 0.568397
1861 0.5683883
1862 0.5683792
1863 0.5683702
1864 0.5683617
1865 0.5683531
1866 0.568345
1867 0.5683358
1868 0.5683274
1869 0.5683198
1870 0.5683116
1871 0.5683036
1872 0.5682954
1873 0.5682873
1874 0.5682791
1875 0.5682718
1876 0.5682639
1877 0.5682565
1878 0.5682493
1879 0.5682412
1880 0.5682335
1881 0.568226
1882 0.5682182
1883 0.5682105
1884 0.5682038
1885 0.5681969
1886 0.5681892
1887 0.5681829
1888 0.5681759
1889 0.5681694
1890 0.5681624
1891 0.5681559
1892 0.5681489
1893 0.5681419
1894 0.5681359
1895 0.5681291
1896 0.5681224
1897 0.5681161
1898 0.5681103
1899 0.5681044
1900 0.5680982
1901 0.5680915
1902 0.5680856
1903 0.5680804
1904 0.5680741
1905 0.5680683
1906 0.5680619
1907 0.5680565
1908 0.5680514
1909 0.5680451
1910 0.5680394
1911 0.568034
1912 0.5680281
1913 0.5680225
1914 0.5680169
1915 0.5680119
1916 0.5680066
1917 0.5680014
1918 0.5679959
1919 0.5679907
1920 0.5679852
1921 0.5679809
1922 0.5679756
1923 0.5679709
1924 0.5679653
1925 0.5679609
1926 0.5679559
1927 0.5679507
1928 0.5679463
1929 0.5679417
1930 0.5679372
1931 0.5679325
1932 0.5679275
1933 0.5679237
1934 0.5679184
1935 0.5679141
1936 0.5679097
1937 0.5679058
1938 0.5679011
1939 0.5678968
1940 0.5678931
1941 0.5678882
1942 0.5678849
1943 0.5678799
1944 0.5678763
1945 0.5678717
1946 0.5678684
1947 0.5678644
1948 0.5678605
1949 0.5678564
1950 0.5678527
1951 0.5678486
1952 0.5678449
1953 0.5678418
1954 0.5678378
1955 0.5678337
1956 0.5678301
1957 0.5678261
1958 0.5678228
1959 0.5678194
1960 0.5678163
1961 0.5678131
1962 0.5678101
1963 0.5678066
1964 0.567803
1965 0.5677996
1966 0.5677955
1967 0.5677929
1968 0.5677896
1969 0.5677861
1970 0.5677833
1971 0.5677801
1972 0.5677767
1973 0.5677741
1974 0.5677711
1975 0.567768
1976 0.5677652
1977 0.5677618
1978 0.5677592
1979 0.5677562
1980 0.5677537
1981 0.5677507
1982 0.5677483
1983 0.5677456
1984 0.5677432
1985 0.5677409
1986 0.5677376
1987 0.5677354
1988 0.5677324
1989 0.56773
1990 0.5677271
1991 0.5677249
1992 0.5677226
1993 0.5677199
1994 0.5677179
1995 0.5677161
1996 0.5677133
1997 0.5677108
1998 0.5677091
1999 0.5677068
2000 0.5677043
2001 0.5677025
2002 0.5677006
2003 0.5676983
2004 0.5676962
2005 0.5676942
2006 0.5676922
2007 0.5676906
2008 0.5676886
2009 0.5676867
2010 0.567685
2011 0.5676832
2012 0.5676811
2013 0.5676795
2014 0.5676774
2015 0.5676757
2016 0.5676747
2017 0.5676728
2018 0.5676714
2019 0.56767
2020 0.5676686
2021 0.5676671
2022 0.5676653
2023 0.5676637
2024 0.5676622
2025 0.5676611
2026 0.5676602
2027 0.5676581
2028 0.5676575
2029 0.5676563
2030 0.5676547
2031 0.567654
2032 0.5676526
2033 0.5676511
2034 0.5676508
2035 0.5676495
2036 0.5676485
2037 0.5676475
2038 0.5676467
2039 0.567646
2040 0.5676446
2041 0.5676436
2042 0.5676426
2043 0.567642
2044 0.5676418
2045 0.5676408
2046 0.5676399
2047 0.5676392
2048 0.5676383
2049 0.5676377
2050 0.5676373
2051 0.5676367
2052 0.5676368
2053 0.5676362
2054 0.5676352
2055 0.5676348
2056 0.5676346
2057 0.5676345
2058 0.5676338
2059 0.5676335
2060 0.5676333
2061 0.5676329
2062 0.5676333
2063 0.5676326
2064 0.567633
2065 0.5676331
2066 0.5676331
2067 0.5676324
2068 0.5676333
2069 0.5676333
2070 0.5676334
2071 0.5676334
2072 0.5676334
2073 0.5676335
2074 0.5676336
2075 0.5676338
2076 0.5676338
2077 0.5676343
2078 0.5676352
2079 0.5676357
2080 0.5676357
2081 0.5676364
2082 0.567637
2083 0.5676368
2084 0.5676383
2085 0.5676385
2086 0.5676392
2087 0.5676399
2088 0.5676405
2089 0.5676409
2090 0.5676423
2091 0.5676432
2092 0.5676442
2093 0.5676447
2094 0.5676455
2095 0.5676462
2096 0.5676475
2097 0.5676489
2098 0.5676494
2099 0.567651
2100 0.5676527
2101 0.5676536
2102 0.5676544
2103 0.5676552
2104 0.567657
2105 0.567658
2106 0.5676594
2107 0.567661
2108 0.5676625
2109 0.5676636
2110 0.5676655
2111 0.5676668
2112 0.5676681
2113 0.5676699
2114 0.5676716
2115 0.567673
2116 0.5676745
2117 0.5676756
2118 0.5676782
2119 0.5676804
2120 0.5676818
2121 0.5676831
2122 0.5676847
2123 0.5676869
2124 0.5676889
2125 0.5676908
2126 0.567693
2127 0.5676948
2128 0.5676965
2129 0.5676993
2130 0.5677013
2131 0.5677037
2132 0.5677057
2133 0.5677078
2134 0.5677099
2135 0.5677122
2136 0.5677143
2137 0.5677169
2138 0.5677196
2139 0.5677216
2140 0.5677239
2141 0.5677266
2142 0.567729
2143 0.5677322
2144 0.5677346
2145 0.5677372
2146 0.5677394
2147 0.5677422
2148 0.5677447
2149 0.5677472
2150 0.56775
2151 0.5677527
2152 0.5677558
2153 0.5677586
2154 0.5677613
2155 0.5677651
2156 0.5677676
2157 0.5677704
2158 0.5677727
2159 0.5677758
2160 0.5677789
2161 0.567782
2162 0.5677853
2163 0.5677885
2164 0.567792
2165 0.567795
2166 0.567798
2167 0.5678012
2168 0.5678043
2169 0.5678081
2170 0.567811
2171 0.5678141
2172 0.5678177
2173 0.5678208
2174 0.5678238
2175 0.5678278
2176 0.5678314
2177 0.5678347
2178 0.5678383
2179 0.5678419
2180 0.5678453
2181 0.5678495
2182 0.5678528
2183 0.567856
2184 0.5678596
2185 0.5678638
2186 0.5678679
2187 0.5678709
2188 0.5678748
2189 0.5678786
2190 0.567882
2191 0.5678853
2192 0.5678895
2193 0.5678925
2194 0.5678968
2195 0.5679005
2196 0.5679043
2197 0.5679077
2198 0.5679117
2199 0.5679157
2200 0.5679199
2201 0.5679241
2202 0.5679279
2203 0.5679322
2204 0.5679364
2205 0.5679399
2206 0.5679439
2207 0.567948
2208 0.5679522
2209 0.567956
2210 0.5679604
2211 0.567964
2212 0.5679679
2213 0.5679721
2214 0.567976
2215 0.5679798
2216 0.5679842
2217 0.5679887
2218 0.5679925
2219 0.5679968
2220 0.5680012
2221 0.5680054
2222 0.5680094
2223 0.5680131
2224 0.5680183
2225 0.5680224
2226 0.5680262
2227 0.5680303
2228 0.5680351
2229 0.5680394
2230 0.5680436
2231 0.568048
2232 0.5680522
2233 0.5680565
2234 0.5680604
2235 0.568064
2236 0.5680683
2237 0.5680726
2238 0.568077
2239 0.568081
2240 0.5680857
2241 0.5680893
2242 0.5680935
2243 0.5680976
2244 0.5681016
2245 0.5681062
2246 0.5681109
2247 0.5681195
2248 0.5681279
2249 0.5681366
2250 0.5681447
2251 0.5681533
2252 0.5681617
2253 0.5681697
2254 0.5681779
2255 0.5681861
2256 0.5681943
2257 0.5682023
2258 0.568211
2259 0.5682186
2260 0.5682266
2261 0.5682346
2262 0.5682423
2263 0.5682499
2264 0.568258
2265 0.5682656
2266 0.5682738
2267 0.5682814
2268 0.5682885
2269 0.5682955
2270 0.5683031
2271 0.5683109
2272 0.5683176
2273 0.5683244
2274 0.5683325
2275 0.5683386
2276 0.5683448
2277 0.5683517
2278 0.5683582
2279 0.5683646
2280 0.5683703
2281 0.5683769
2282 0.5683826
2283 0.5683883
2284 0.5683942
2285 0.5684003
2286 0.5684052
2287 0.5684105
2288 0.5684161
2289 0.5684212
2290 0.5684263
2291 0.5684304
2292 0.5684353
2293 0.5684397
2294 0.5684441
2295 0.5684485
2296 0.5684527
2297 0.5684562
2298 0.5684599
2299 0.5684632
2300 0.5684667
2301 0.5684702
2302 0.5684734
2303 0.5684763
2304 0.5684785
2305 0.5684812
2306 0.5684827
2307 0.5684852
2308 0.5684869
2309 0.5684884
2310 0.5684903
2311 0.5684917
2312 0.5684926
2313 0.5684937
2314 0.568495
2315 0.5684952
2316 0.5684957
2317 0.5684959
2318 0.5684965
2319 0.5684966
2320 0.568496
2321 0.5684956
2322 0.5684953
2323 0.5684947
2324 0.5684932
2325 0.5684921
2326 0.5684908
2327 0.5684896
2328 0.5684882
2329 0.5684859
2330 0.5684834
2331 0.5684813
2332 0.5684786
2333 0.5684756
2334 0.5684729
2335 0.5684696
2336 0.5684661
2337 0.5684617
2338 0.568458
2339 0.5684541
2340 0.5684498
2341 0.5684456
2342 0.5684411
2343 0.5684361
2344 0.5684311
2345 0.568426
2346 0.5684204
2347 0.5684152
2348 0.5684094
2349 0.5684031
2350 0.568397
2351 0.5683908
2352 0.5683841
2353 0.5683782
2354 0.5683699
2355 0.568363
2356 0.5683545
2357 0.5683476
2358 0.5683399
2359 0.5683315
2360 0.5683239
2361 0.568315
2362 0.5683067
2363 0.5682975
2364 0.5682895
2365 0.56828
2366 0.5682709
2367 0.5682611
2368 0.5682524
2369 0.5682416
2370 0.5682315
2371 0.5682212
2372 0.5682108
2373 0.5682003
2374 0.5681894
2375 0.5681785
2376 0.568167
2377 0.5681555
2378 0.5681441
2379 0.5681325
2380 0.5681204
2381 0.568109
2382 0.5680959
2383 0.5680839
2384 0.5680713
2385 0.5680586
2386 0.5680461
2387 0.5680325
2388 0.568019
2389 0.5680056
2390 0.5679917
2391 0.5679777
2392 0.5679643
2393 0.56795
2394 0.5679355
2395 0.5679207
2396 0.567907
2397 0.5678918
2398 0.5678774
2399 0.5678632
2400 0.5678471
2401 0.5678313
2402 0.5678161
2403 0.5678008
2404 0.5677852
2405 0.5677688
2406 0.5677527
2407 0.5677372
2408 0.5677205
2409 0.5677038
2410 0.5676869
2411 0.5676706
2412 0.5676529
2413 0.5676361
2414 0.5676183
2415 0.5676011
2416 0.5675839
2417 0.567566
2418 0.5675482
2419 0.5675302
2420 0.5675126
2421 0.5674945
2422 0.567476
2423 0.5674576
2424 0.5674402
2425 0.5674211
2426 0.5674024
2427 0.5673834
2428 0.5673641
2429 0.5673454
2430 0.5673268
2431 0.5673068
2432 0.5672872
2433 0.5672674
2434 0.5672478
2435 0.5672274
2436 0.5672075
2437 0.5671874
2438 0.5671668
2439 0.567147
2440 0.5671262
2441 0.5671058
2442 0.5670844
2443 0.5670645
2444 0.5670434
2445 0.5670227
2446 0.5670018
2447 0.56698
2448 0.5669591
2449 0.5669377
2450 0.5669169
2451 0.5668947
2452 0.5668734
2453 0.5668518
2454 0.5668299
2455 0.5668081
2456 0.5667859
2457 0.5667644
2458 0.5667425
2459 0.5667205
2460 0.5666979
2461 0.566675
2462 0.5666524
2463 0.5666298
2464 0.5666067
2465 0.5665843
2466 0.5665613
2467 0.5665384
2468 0.5665153
2469 0.5664923
2470 0.5664688
2471 0.5664454
2472 0.5664218
2473 0.5663983
2474 0.5663746
2475 0.5663512
2476 0.5663272
2477 0.5663036
2478 0.5662797
2479 0.5662561
2480 0.5662321
2481 0.566208
2482 0.5661841
2483 0.5661597
2484 0.5661346
2485 0.5661104
2486 0.5660864
2487 0.5660611
2488 0.5660368
2489 0.5660118
2490 0.565987
2491 0.565962
2492 0.565937
2493 0.5659118
2494 0.5658868
2495 0.5658617
2496 0.5658368
2497 0.5658113
2498 0.5657861
2499 0.5657606
2500 0.5657353
2501 0.5657096
2502 0.5656847
2503 0.5656585
2504 0.5656332
2505 0.5656072
2506 0.5655821
2507 0.5655556
2508 0.5655289
2509 0.5655032
2510 0.5654773
2511 0.565451
2512 0.5654253
2513 0.5653986
2514 0.5653726
2515 0.5653465
2516 0.56532
2517 0.5652938
2518 0.565267
2519 0.5652404
2520 0.5652137
2521 0.5651879
2522 0.5651612
2523 0.5651341
2524 0.565107
2525 0.5650799
2526 0.565053
2527 0.5650257
2528 0.5649989
2529 0.5649721
2530 0.564945
2531 0.5649183
2532 0.5648905
2533 0.5648631
2534 0.564836
2535 0.5648091
2536 0.5647815
2537 0.5647543
2538 0.5647269
2539 0.5646996
2540 0.5646726
2541 0.5646448
2542 0.5646173
2543 0.5645896
2544 0.5645624
2545 0.5645354
2546 0.564507
2547 0.5644789
2548 0.5644513
2549 0.5644231
2550 0.5643952
2551 0.5643675
2552 0.5643399
2553 0.5643116
2554 0.5642837
2555 0.5642563
2556 0.5642281
2557 0.5642003
2558 0.5641722
2559 0.5641444
2560 0.5641164
2561 0.5640882
2562 0.5640598
2563 0.5640318
2564 0.5640042
2565 0.563976
2566 0.5639479
2567 0.5639192
2568 0.5638915
2569 0.5638629
2570 0.5638348
2571 0.5638067
2572 0.5637783
2573 0.5637501
2574 0.5637217
2575 0.5636927
2576 0.5636646
2577 0.5636362
2578 0.5636074
2579 0.5635794
2580 0.5635508
2581 0.5635218
2582 0.563493
2583 0.5634653
2584 0.5634364
2585 0.563408
2586 0.5633792
2587 0.5633503
2588 0.5633222
2589 0.5632939
2590 0.5632657
2591 0.5632375
2592 0.5632089
2593 0.5631805
2594 0.5631523
2595 0.5631225
2596 0.5630946
2597 0.5630664
2598 0.5630375
2599 0.5630084
2600 0.5629804
2601 0.5629517
2602 0.5629231
2603 0.5628945
2604 0.562866
2605 0.5628376
2606 0.5628092
2607 0.5627806
2608 0.5627527
2609 0.5627243
2610 0.5626955
2611 0.5626668
2612 0.5626386
2613 0.5626101
2614 0.5625818
2615 0.5625539
2616 0.562525
2617 0.5624966
2618 0.5624678
2619 0.5624391
2620 0.5624113
2621 0.5623823
2622 0.5623536
2623 0.5623252
2624 0.5622965
2625 0.5622678
2626 0.5622399
2627 0.5622114
2628 0.5621837
2629 0.5621559
2630 0.5621274
2631 0.5620987
2632 0.5620702
2633 0.5620422
2634 0.5620146
2635 0.5619857
2636 0.5619578
2637 0.561929
2638 0.5619015
2639 0.5618734
2640 0.5618457
2641 0.5618173
2642 0.561789
2643 0.5617618
2644 0.5617334
2645 0.5617052
2646 0.5616767
2647 0.5616488
2648 0.5616209
2649 0.5615936
2650 0.5615651
2651 0.561538
2652 0.5615099
2653 0.5614818
2654 0.5614537
2655 0.5614263
2656 0.5613984
2657 0.5613703
2658 0.5613427
2659 0.5613146
2660 0.5612876
2661 0.5612604
2662 0.5612325
2663 0.561205
2664 0.5611774
2665 0.56115
2666 0.5611228
2667 0.5610953
2668 0.5610682
2669 0.5610405
2670 0.5610131
2671 0.5609863
2672 0.5609581
2673 0.5609309
2674 0.5609038
2675 0.560877
2676 0.5608497
2677 0.5608228
2678 0.5607956
2679 0.5607688
2680 0.5607416
2681 0.5607142
2682 0.5606868
2683 0.5606604
2684 0.5606342
2685 0.560607
2686 0.56058
2687 0.5605531
2688 0.5605261
2689 0.5604992
2690 0.560473
2691 0.5604463
2692 0.5604199
2693 0.5603935
2694 0.5603667
2695 0.5603404
2696 0.560314
2697 0.5602873
2698 0.5602615
2699 0.5602353
2700 0.5602087
2701 0.5601823
2702 0.560156
2703 0.56013
2704 0.5601041
2705 0.560078
2706 0.560052
2707 0.5600258
2708 0.5600005
2709 0.559974
2710 0.5599486
2711 0.5599232
2712 0.5598971
2713 0.5598708
2714 0.5598456
2715 0.5598198
2716 0.559794
2717 0.5597685
2718 0.5597426
2719 0.5597175
2720 0.5596925
2721 0.5596669
2722 0.5596414
2723 0.5596157
2724 0.5595908
2725 0.5595655
2726 0.5595405
2727 0.5595158
2728 0.5594907
2729 0.5594665
2730 0.5594413
2731 0.5594167
2732 0.5593911
2733 0.5593669
2734 0.5593419
2735 0.559317
2736 0.5592921
2737 0.5592679
2738 0.5592433
2739 0.5592188
2740 0.5591943
2741 0.5591705
2742 0.5591461
2743 0.5591213
2744 0.5590968
2745 0.5590726
2746 0.5590488
2747 0.5590242
2748 0.5590004
2749 0.5589762
2750 0.5589526
2751 0.558929
2752 0.5589051
2753 0.558881
2754 0.5588574
2755 0.5588338
2756 0.5588101
2757 0.558786
2758 0.5587626
2759 0.5587392
2760 0.5587159
2761 0.5586926
2762 0.5586696
2763 0.5586457
2764 0.5586225
2765 0.5585995
2766 0.5585765
2767 0.5585535
2768 0.5585299
2769 0.5585073
2770 0.5584839
2771 0.5584608
2772 0.5584382
2773 0.5584151
2774 0.5583928
2775 0.5583706
2776 0.5583475
2777 0.5583245
2778 0.558302
2779 0.5582799
2780 0.5582571
2781 0.5582345
2782 0.5582121
2783 0.5581897
2784 0.5581681
2785 0.5581456
2786 0.5581235
2787 0.5581019
2788 0.5580795
2789 0.5580574
2790 0.5580357
2791 0.5580137
2792 0.5579923
2793 0.5579702
2794 0.5579486
2795 0.5579269
2796 0.5579063
2797 0.5578843
2798 0.5578631
2799 0.5578413
2800 0.5578198
2801 0.5577986
2802 0.557777
2803 0.5577556
2804 0.5577345
2805 0.5577133
2806 0.5576923
2807 0.5576709
2808 0.5576498
2809 0.5576292
2810 0.5576079
2811 0.5575871
2812 0.5575663
2813 0.5575464
2814 0.5575255
2815 0.5575049
2816 0.5574839
2817 0.5574632
2818 0.5574423
2819 0.5574224
2820 0.5574015
2821 0.5573809
2822 0.5573612
2823 0.5573409
2824 0.557321
2825 0.5573005
2826 0.5572809
2827 0.5572606
2828 0.5572412
2829 0.5572204
2830 0.5572009
2831 0.5571813
2832 0.5571613
2833 0.5571418
2834 0.5571219
2835 0.5571023
2836 0.5570831
2837 0.5570633
2838 0.5570437
2839 0.5570243
2840 0.5570046
2841 0.5569852
2842 0.5569654
2843 0.5569468
2844 0.5569273
2845 0.5569084
2846 0.5568892
2847 0.5568699
2848 0.5568511
2849 0.5568317
2850 0.5568129
2851 0.5567946
2852 0.556775
2853 0.5567566
2854 0.5567374
2855 0.5567193
2856 0.5567002
2857 0.5566818
2858 0.5566627
2859 0.5566441
2860 0.5566254
2861 0.5566071
2862 0.556589
2863 0.5565708
2864 0.5565522
2865 0.5565341
2866 0.5565156
2867 0.5564972
2868 0.5564794
2869 0.5564614
2870 0.5564433
2871 0.5564252
2872 0.5564072
2873 0.5563896
2874 0.5563718
2875 0.5563533
2876 0.5563359
2877 0.5563179
2878 0.5563
2879 0.5562824
2880 0.5562644
2881 0.5562466
2882 0.5562296
2883 0.5562122
2884 0.5561947
2885 0.5561766
2886 0.5561591
2887 0.5561419
2888 0.5561249
2889 0.5561075
2890 0.5560901
2891 0.5560727
2892 0.5560557
2893 0.5560384
2894 0.5560217
2895 0.5560048
2896 0.5559872
2897 0.5559703
2898 0.5559532
2899 0.5559364
2900 0.5559193
2901 0.5559018
2902 0.5558853
2903 0.5558686
2904 0.5558521
2905 0.5558348
2906 0.5558186
2907 0.5558019
2908 0.5557852
2909 0.5557693
2910 0.5557525
2911 0.555736
2912 0.5557199
2913 0.5557034
2914 0.5556868
2915 0.5556704
2916 0.5556548
2917 0.5556384
2918 0.555622
2919 0.5556053
2920 0.5555894
2921 0.5555735
2922 0.5555573
2923 0.5555415
2924 0.5555254
2925 0.5555093
2926 0.5554929
2927 0.5554772
2928 0.5554611
2929 0.5554456
2930 0.555429
2931 0.555414
2932 0.5553981
2933 0.5553827
2934 0.5553671
2935 0.5553516
2936 0.5553358
2937 0.55532
2938 0.5553042
2939 0.5552888
2940 0.5552734
2941 0.5552573
2942 0.5552422
2943 0.5552262
2944 0.5552108
2945 0.5551957
2946 0.55518
2947 0.5551654
2948 0.5551499
2949 0.5551345
2950 0.5551199
2951 0.5551046
2952 0.5550898
2953 0.5550748
2954 0.5550592
2955 0.5550445
2956 0.5550295
2957 0.5550141
2958 0.5549992
2959 0.5549842
2960 0.5549693
2961 0.5549548
2962 0.5549398
2963 0.554925
2964 0.5549105
2965 0.5548956
2966 0.5548807
2967 0.554866
2968 0.5548509
2969 0.5548369
2970 0.5548228
2971 0.554808
2972 0.5547935
2973 0.5547791
2974 0.5547647
2975 0.5547503
2976 0.5547365
2977 0.5547218
2978 0.5547075
2979 0.554693
2980 0.5546787
2981 0.5546649
2982 0.5546501
2983 0.5546355
2984 0.5546218
2985 0.5546075
2986 0.5545935
2987 0.5545793
2988 0.5545647
2989 0.5545509
2990 0.5545366
2991 0.5545226
2992 0.5545085
2993 0.5544948
2994 0.5544806
2995 0.5544662
2996 0.5544521
2997 0.5544384
2998 0.5544246
2999 0.5544114
3000 0.5543976
3001 0.5543839
3002 0.5543703
3003 0.5543564
3004 0.5543426
3005 0.5543289
3006 0.554316
3007 0.5543022
3008 0.5542886
3009 0.5542749
3010 0.5542619
3011 0.5542483
3012 0.5542345
3013 0.5542209
3014 0.5542076
3015 0.5541943
3016 0.5541804
3017 0.5541673
3018 0.5541542
3019 0.5541412
3020 0.5541278
3021 0.5541142
3022 0.554101
3023 0.5540878
3024 0.5540751
3025 0.5540617
3026 0.5540483
3027 0.5540348
3028 0.5540217
3029 0.5540091
3030 0.5539963
3031 0.553983
3032 0.5539696
3033 0.553957
3034 0.5539445
3035 0.5539311
3036 0.5539182
3037 0.5539061
3038 0.5538927
3039 0.5538802
3040 0.5538676
3041 0.5538546
3042 0.5538415
3043 0.5538291
3044 0.5538167
3045 0.5538043
3046 0.5537915
3047 0.553779
3048 0.5537667
3049 0.553754
3050 0.553741
3051 0.5537285
3052 0.553716
3053 0.5537034
3054 0.5536914
3055 0.5536784
3056 0.5536662
3057 0.5536535
3058 0.5536409
3059 0.5536285
3060 0.5536158
3061 0.5536035
3062 0.5535915
3063 0.553579
3064 0.5535668
3065 0.5535545
3066 0.5535429
3067 0.5535301
3068 0.5535182
3069 0.5535057
3070 0.5534935
3071 0.5534817
3072 0.5534693
3073 0.5534566
3074 0.5534446
3075 0.5534329
3076 0.5534211
3077 0.553409
3078 0.553397
3079 0.5533853
3080 0.5533727
3081 0.553361
3082 0.5533491
3083 0.5533371
3084 0.5533254
3085 0.5533143
3086 0.5533016
3087 0.5532897
3088 0.5532775
3089 0.5532664
3090 0.553254
3091 0.5532427
3092 0.5532305
3093 0.553219
3094 0.553207
3095 0.5531955
3096 0.5531834
3097 0.5531718
3098 0.5531599
3099 0.5531485
3100 0.553137
3101 0.5531251
3102 0.5531139
3103 0.553102
3104 0.5530905
3105 0.5530795
3106 0.5530679
3107 0.5530567
3108 0.5530448
3109 0.5530333
3110 0.5530216
3111 0.5530099
3112 0.5529985
3113 0.552987
3114 0.5529755
3115 0.5529642
3116 0.5529529
3117 0.5529417
3118 0.5529309
3119 0.5529189
3120 0.5529071
3121 0.5528958
3122 0.5528846
3123 0.5528731
3124 0.5528622
3125 0.5528507
3126 0.5528391
3127 0.5528282
3128 0.5528164
3129 0.552806
3130 0.5527945
3131 0.5527833
3132 0.5527722
3133 0.5527607
3134 0.55275
3135 0.5527384
3136 0.5527278
3137 0.5527165
3138 0.552705
3139 0.5526937
3140 0.5526827
3141 0.5526712
3142 0.5526603
3143 0.5526489
3144 0.5526375
3145 0.5526273
3146 0.5526161
3147 0.5526049
3148 0.5525933
3149 0.5525824
3150 0.5525712
3151 0.5525606
3152 0.5525493
3153 0.5525379
3154 0.5525268
3155 0.552516
3156 0.5525051
3157 0.5524948
3158 0.5524833
3159 0.5524724
3160 0.5524613
3161 0.5524501
3162 0.5524395
3163 0.5524281
3164 0.5524175
3165 0.5524064
3166 0.552395
3167 0.5523847
3168 0.5523742
3169 0.5523628
3170 0.5523517
3171 0.5523407
3172 0.55233
3173 0.5523191
3174 0.5523087
3175 0.5522974
3176 0.5522864
3177 0.5522764
3178 0.5522653
3179 0.5522543
3180 0.5522435
3181 0.5522328
3182 0.5522223
3183 0.5522115
3184 0.5522009
3185 0.5521895
3186 0.5521786
3187 0.5521683
3188 0.5521575
3189 0.5521464
3190 0.5521358
3191 0.552125
3192 0.5521139
3193 0.5521032
3194 0.5520927
3195 0.5520817
3196 0.5520708
3197 0.5520607
3198 0.5520499
3199 0.5520394
3200 0.5520289
3201 0.552018
3202 0.5520071
3203 0.5519963
3204 0.5519855
3205 0.5519753
3206 0.5519648
3207 0.5519542
3208 0.551944
3209 0.551933
3210 0.5519229
3211 0.551912
3212 0.5519018
3213 0.5518908
3214 0.5518803
3215 0.5518699
3216 0.5518596
3217 0.5518491
3218 0.5518384
3219 0.5518276
3220 0.5518173
3221 0.5518063
3222 0.551796
3223 0.5517855
3224 0.551775
3225 0.551764
3226 0.5517546
3227 0.5517434
3228 0.5517327
3229 0.5517223
3230 0.5517113
3231 0.5517005
3232 0.5516901
3233 0.5516797
3234 0.5516686
3235 0.5516589
3236 0.5516477
3237 0.5516378
3238 0.5516274
3239 0.5516172
3240 0.5516067
3241 0.5515963
3242 0.5515865
3243 0.5515758
3244 0.5515658
3245 0.5515553
3246 0.5515448
3247 0.5515347
3248 0.5515243
3249 0.5515139
3250 0.5515034
3251 0.551493
3252 0.5514828
3253 0.5514725
3254 0.5514624
3255 0.551452
3256 0.5514411
3257 0.5514315
3258 0.5514208
3259 0.55141
3260 0.5514004
3261 0.5513897
3262 0.5513797
3263 0.551369
3264 0.551359
3265 0.5513486
3266 0.5513381
3267 0.5513278
3268 0.5513177
3269 0.5513082
3270 0.5512977
3271 0.5512878
3272 0.551278
3273 0.5512678
3274 0.5512573
3275 0.5512472
3276 0.5512373
3277 0.5512266
3278 0.5512162
3279 0.5512064
3280 0.551196
3281 0.551186
3282 0.551176
3283 0.5511661
3284 0.5511558
3285 0.5511459
3286 0.5511355
3287 0.5511252
3288 0.5511152
3289 0.551105
3290 0.5510955
3291 0.5510855
3292 0.5510756
3293 0.5510654
3294 0.551056
3295 0.5510461
3296 0.5510359
3297 0.551026
3298 0.5510159
3299 0.5510059
3300 0.5509964
3301 0.5509863
3302 0.5509759
3303 0.5509664
3304 0.5509565
3305 0.5509466
3306 0.5509363
3307 0.5509264
3308 0.5509172
3309 0.550908
3310 0.5508974
3311 0.550887
3312 0.5508772
3313 0.5508672
3314 0.550858
3315 0.5508475
3316 0.5508379
3317 0.5508279
3318 0.550819
3319 0.5508092
3320 0.5507999
3321 0.5507895
3322 0.5507802
3323 0.55077
3324 0.5507607
3325 0.5507504
3326 0.550741
3327 0.5507315
3328 0.5507222
3329 0.5507127
3330 0.5507028
3331 0.550693
3332 0.5506834
3333 0.5506738
3334 0.5506645
3335 0.5506544
3336 0.5506448
3337 0.5506351
3338 0.5506255
3339 0.5506164
3340 0.550607
3341 0.5505972
3342 0.5505878
3343 0.5505782
3344 0.5505691
3345 0.5505598
3346 0.5505501
3347 0.5505406
3348 0.5505316
3349 0.5505224
3350 0.5505128
3351 0.5505036
3352 0.5504938
3353 0.5504839
3354 0.5504755
3355 0.5504659
3356 0.5504566
3357 0.5504472
3358 0.5504385
3359 0.5504292
3360 0.5504203
3361 0.5504102
3362 0.5504016
3363 0.5503923
3364 0.5503825
3365 0.5503739
3366 0.5503649
3367 0.5503553
3368 0.5503461
3369 0.5503375
3370 0.5503284
3371 0.5503188
3372 0.5503101
3373 0.5503008
3374 0.5502921
3375 0.550283
3376 0.5502739
3377 0.5502651
3378 0.550256
3379 0.5502466
3380 0.5502375
3381 0.5502284
3382 0.5502195
3383 0.5502106
3384 0.550202
3385 0.550193
3386 0.5501841
3387 0.5501751
3388 0.5501667
3389 0.5501576
3390 0.5501489
3391 0.5501404
3392 0.5501316
3393 0.5501227
3394 0.5501136
3395 0.550105
3396 0.5500962
3397 0.5500876
3398 0.5500791
3399 0.5500708
3400 0.5500618
3401 0.5500535
3402 0.5500449
3403 0.5500363
3404 0.5500274
3405 0.5500181
3406 0.5500101
3407 0.5500014
3408 0.5499926
3409 0.5499839
3410 0.5499758
3411 0.5499671
3412 0.5499586
3413 0.5499501
3414 0.5499415
3415 0.5499333
3416 0.5499246
3417 0.5499159
3418 0.549908
3419 0.5498995
3420 0.5498907
3421 0.5498824
3422 0.5498745
3423 0.5498664
3424 0.549858
3425 0.5498499
3426 0.5498418
3427 0.5498332
3428 0.5498251
3429 0.5498169
3430 0.5498089
3431 0.5498004
3432 0.5497926
3433 0.5497843
3434 0.5497765
3435 0.5497677
3436 0.5497596
3437 0.5497519
3438 0.5497437
3439 0.5497352
3440 0.5497273
3441 0.5497193
3442 0.5497112
3443 0.5497032
3444 0.5496951
3445 0.5496871
3446 0.5496794
3447 0.5496711
3448 0.5496633
3449 0.5496554
3450 0.5496473
3451 0.5496395
3452 0.549632
3453 0.5496236
3454 0.5496161
3455 0.5496078
3456 0.5496001
3457 0.5495926
3458 0.5495846
3459 0.5495765
3460 0.5495696
3461 0.5495613
3462 0.5495543
3463 0.5495464
3464 0.5495384
3465 0.5495305
3466 0.5495227
3467 0.5495155
3468 0.5495073
3469 0.5495002
3470 0.5494927
3471 0.5494853
3472 0.5494781
3473 0.5494702
3474 0.5494623
3475 0.5494543
3476 0.5494471
3477 0.5494397
3478 0.5494326
3479 0.5494254
3480 0.5494182
3481 0.5494101
3482 0.5494031
3483 0.5493955
3484 0.5493888
3485 0.5493814
3486 0.5493739
3487 0.5493664
3488 0.5493593
3489 0.5493518
3490 0.5493444
3491 0.5493376
3492 0.5493305
3493 0.5493227
3494 0.5493157
3495 0.5493077
3496 0.5493006
3497 0.5492933
3498 0.5492865
3499 0.549279
3500 0.5492721
3501 0.549265
3502 0.5492583
3503 0.5492511
3504 0.5492434
3505 0.5492364
3506 0.5492297
3507 0.5492227
3508 0.549216
3509 0.5492089
3510 0.549202
3511 0.5491948
3512 0.5491879
3513 0.5491809
3514 0.549174
3515 0.5491669
3516 0.5491601
3517 0.5491532
3518 0.5491457
3519 0.5491394
3520 0.5491323
3521 0.5491254
3522 0.5491185
3523 0.5491118
3524 0.5491053
3525 0.5490981
3526 0.5490912
3527 0.5490848
3528 0.549078
3529 0.5490714
3530 0.5490647
3531 0.5490583
3532 0.5490516
3533 0.5490444
3534 0.5490382
3535 0.549031
3536 0.5490249
3537 0.5490183
3538 0.5490116
3539 0.5490056
3540 0.5489989
3541 0.5489927
3542 0.5489857
3543 0.5489792
3544 0.5489726
3545 0.5489663
3546 0.5489596
3547 0.5489532
3548 0.5489469
3549 0.5489405
3550 0.5489341
3551 0.5489277
3552 0.548921
3553 0.5489151
3554 0.5489091
3555 0.5489024
3556 0.5488963
3557 0.5488899
3558 0.5488834
3559 0.5488772
3560 0.5488706
3561 0.5488644
3562 0.5488583
3563 0.5488515
3564 0.5488459
3565 0.5488393
3566 0.5488334
3567 0.5488271
3568 0.548821
3569 0.5488145
3570 0.5488089
3571 0.5488021
3572 0.5487958
3573 0.5487898
3574 0.5487839
3575 0.5487778
3576 0.5487714
3577 0.5487658
3578 0.5487599
3579 0.5487539
3580 0.5487477
3581 0.5487424
3582 0.5487361
3583 0.5487302
3584 0.5487242
3585 0.5487183
3586 0.5487122
3587 0.5487065
3588 0.5487003
3589 0.5486949
3590 0.5486887
3591 0.5486832
3592 0.548677
3593 0.5486712
3594 0.5486654
3595 0.5486596
3596 0.5486539
3597 0.5486479
3598 0.548642
3599 0.5486355
3600 0.5486299
3601 0.548624
3602 0.5486184
3603 0.5486124
3604 0.5486069
3605 0.5486014
3606 0.5485958
3607 0.54859
3608 0.5485849
3609 0.5485795
3610 0.5485735
3611 0.5485678
3612 0.5485622
3613 0.5485567
3614 0.5485514
3615 0.5485454
3616 0.5485398
3617 0.5485347
3618 0.5485288
3619 0.5485234
3620 0.5485181
3621 0.5485125
3622 0.548507
3623 0.5485013
3624 0.5484955
3625 0.5484899
3626 0.5484844
3627 0.5484791
3628 0.5484735
3629 0.5484686
3630 0.5484626
3631 0.5484573
3632 0.5484517
3633 0.5484468
3634 0.5484418
3635 0.5484364
3636 0.5484307
3637 0.5484254
3638 0.5484197
3639 0.5484145
3640 0.5484089
3641 0.5484034
3642 0.5483978
3643 0.5483928
3644 0.5483876
3645 0.548382
3646 0.5483767
3647 0.5483713
3648 0.5483661
3649 0.5483609
3650 0.5483558
3651 0.5483506
3652 0.5483454
3653 0.5483403
3654 0.5483351
3655 0.54833
3656 0.5483245
3657 0.54832
3658 0.5483149
3659 0.5483096
3660 0.5483043
3661 0.5482994
3662 0.5482944
3663 0.5482893
3664 0.5482845
3665 0.5482789
3666 0.548274
3667 0.5482686
3668 0.5482637
3669 0.5482585
3670 0.5482534
3671 0.5482489
3672 0.5482433
3673 0.5482389
3674 0.5482339
3675 0.5482289
3676 0.5482236
3677 0.5482191
3678 0.5482141
3679 0.548209
3680 0.548204
3681 0.5481993
3682 0.5481942
3683 0.5481892
3684 0.5481846
3685 0.5481792
3686 0.5481745
3687 0.5481694
3688 0.5481642
3689 0.54816
3690 0.5481551
3691 0.5481501
3692 0.548145
3693 0.5481405
3694 0.5481356
3695 0.5481311
3696 0.5481258
3697 0.5481211
3698 0.5481162
3699 0.5481111
3700 0.5481068
3701 0.5481022
3702 0.5480976
3703 0.5480932
3704 0.5480881
3705 0.548084
3706 0.5480789
3707 0.5480739
3708 0.5480695
3709 0.5480648
3710 0.5480602
3711 0.5480556
3712 0.5480509
3713 0.5480465
3714 0.548042
3715 0.5480376
3716 0.5480329
3717 0.5480279
3718 0.5480233
3719 0.5480185
3720 0.5480139
3721 0.5480091
3722 0.5480047
3723 0.5480005
3724 0.5479958
3725 0.5479912
3726 0.5479869
3727 0.5479821
3728 0.5479774
3729 0.5479726
3730 0.5479681
3731 0.5479636
3732 0.5479594
3733 0.5479553
3734 0.547951
3735 0.5479464
3736 0.5479424
3737 0.5479379
3738 0.5479336
3739 0.5479289
3740 0.5479248
3741 0.5479197
3742 0.5479154
3743 0.5479115
3744 0.5479069
3745 0.5479029
3746 0.5478984
3747 0.5478941
3748 0.5478897
3749 0.5478855
3750 0.5478814
3751 0.547877
3752 0.5478728
3753 0.5478684
3754 0.547864
3755 0.5478596
3756 0.5478552
3757 0.5478511
3758 0.5478471
3759 0.5478432
3760 0.547839
3761 0.5478345
3762 0.5478299
3763 0.5478254
3764 0.5478219
3765 0.5478175
3766 0.5478132
3767 0.5478087
3768 0.5478048
3769 0.5478004
3770 0.547797
3771 0.547793
3772 0.5477887
3773 0.5477846
3774 0.5477797
3775 0.5477758
3776 0.5477718
3777 0.547768
3778 0.5477635
3779 0.547759
3780 0.5477551
3781 0.5477514
3782 0.5477468
3783 0.547743
3784 0.5477385
3785 0.5477348
3786 0.5477308
3787 0.5477268
3788 0.5477227
3789 0.5477188
3790 0.5477149
3791 0.5477113
3792 0.5477077
3793 0.5477038
3794 0.5476999
3795 0.5476959
3796 0.5476926
3797 0.5476884
3798 0.5476841
3799 0.54768
3800 0.5476759
3801 0.5476724
3802 0.5476682
3803 0.5476644
3804 0.54766
3805 0.5476563
3806 0.5476526
3807 0.5476485
3808 0.5476446
3809 0.5476411
3810 0.5476377
3811 0.5476338
3812 0.5476298
3813 0.547626
3814 0.5476224
3815 0.5476186
3816 0.5476149
3817 0.547611
3818 0.5476069
3819 0.5476031
3820 0.5475996
3821 0.5475962
3822 0.547592
3823 0.5475882
3824 0.5475845
3825 0.5475811
3826 0.5475772
3827 0.5475734
3828 0.54757
3829 0.547566
3830 0.5475624
3831 0.5475588
3832 0.5475548
3833 0.5475518
3834 0.5475481
3835 0.5475443
3836 0.5475403
3837 0.5475372
3838 0.5475336
3839 0.5475299
3840 0.5475261
3841 0.5475228
3842 0.5475194
3843 0.5475157
3844 0.5475119
3845 0.5475087
3846 0.5475051
3847 0.5475015
3848 0.5474983
3849 0.5474949
3850 0.547491
3851 0.5474877
3852 0.5474839
3853 0.5474805
3854 0.547477
3855 0.5474731
3856 0.54747
3857 0.5474665
3858 0.5474628
3859 0.5474597
3860 0.5474563
3861 0.5474526
3862 0.5474492
3863 0.5474454
3864 0.5474418
3865 0.5474383
3866 0.5474355
3867 0.5474323
3868 0.5474288
3869 0.5474253
3870 0.547422
3871 0.5474182
3872 0.5474148
3873 0.5474114
3874 0.5474082
3875 0.5474045
3876 0.5474015
3877 0.5473979
3878 0.5473942
3879 0.5473911
3880 0.5473875
3881 0.5473844
3882 0.547381
3883 0.5473778
3884 0.5473744
3885 0.5473711
3886 0.547368
3887 0.547365
3888 0.5473616
3889 0.5473583
3890 0.5473548
3891 0.5473512
3892 0.5473481
3893 0.5473447
3894 0.5473412
3895 0.5473381
3896 0.5473347
3897 0.5473315
3898 0.5473279
3899 0.5473244
3900 0.5473217
3901 0.5473186
3902 0.5473149
3903 0.5473119
3904 0.5473086
3905 0.5473056
3906 0.5473022
3907 0.5472991
3908 0.5472957
3909 0.5472924
3910 0.5472891
3911 0.547286
3912 0.5472828
3913 0.5472794
3914 0.5472767
3915 0.547273
3916 0.5472704
3917 0.5472667
3918 0.5472637
3919 0.5472603
3920 0.5472576
3921 0.5472541
3922 0.547251
3923 0.5472476
3924 0.5472445
3925 0.5472414
3926 0.5472381
3927 0.5472351
3928 0.5472324
3929 0.5472288
3930 0.5472257
3931 0.5472225
3932 0.5472195
3933 0.547216
3934 0.5472134
3935 0.5472103
3936 0.5472067
3937 0.547204
3938 0.5472007
3939 0.5471976
3940 0.5471945
3941 0.5471914
3942 0.5471879
3943 0.5471847
3944 0.5471819
3945 0.5471789
3946 0.5471758
3947 0.5471724
3948 0.5471693
3949 0.5471666
3950 0.5471631
3951 0.54716
3952 0.5471568
3953 0.5471538
3954 0.5471509
3955 0.5471476
3956 0.5471444
3957 0.5471417
3958 0.5471388
3959 0.5471357
3960 0.5471328
3961 0.5471297
3962 0.5471265
3963 0.547123
3964 0.5471201
3965 0.5471171
3966 0.5471141
3967 0.5471111
3968 0.5471079
3969 0.547105
3970 0.547102
3971 0.547099
3972 0.5470959
3973 0.547093
3974 0.5470902
3975 0.5470873
3976 0.5470842
3977 0.5470814
3978 0.5470778
3979 0.5470749
3980 0.5470721
3981 0.5470689
3982 0.5470658
3983 0.5470631
3984 0.5470603
3985 0.5470571
3986 0.5470544
3987 0.5470517
3988 0.5470483
3989 0.5470454
3990 0.5470428
3991 0.5470398
3992 0.5470366
3993 0.5470332
3994 0.5470302
3995 0.5470275
3996 0.5470244
3997 0.5470216
3998 0.5470187
3999 0.5470155
4000 0.5470125
4001 0.5470098
4002 0.5470067
4003 0.5470037
4004 0.5470009
4005 0.546998
4006 0.5469952
4007 0.546992
4008 0.5469888
4009 0.5469859
4010 0.5469828
4011 0.5469798
4012 0.5469772
4013 0.5469744
4014 0.5469714
4015 0.546968
4016 0.5469654
4017 0.5469626
4018 0.5469597
4019 0.5469564
4020 0.546953
4021 0.5469502
4022 0.5469471
4023 0.5469446
4024 0.5469418
4025 0.5469388
4026 0.5469362
4027 0.546933
4028 0.5469304
4029 0.5469279
4030 0.5469251
4031 0.5469217
4032 0.5469192
4033 0.5469163
4034 0.546913
4035 0.5469099
4036 0.5469074
4037 0.5469041
4038 0.5469016
4039 0.5468987
4040 0.5468952
4041 0.5468929
4042 0.54689
4043 0.546887
4044 0.5468843
4045 0.5468811
4046 0.5468787
4047 0.5468757
4048 0.5468729
4049 0.54687
4050 0.5468672
4051 0.5468644
4052 0.5468611
4053 0.5468585
4054 0.5468554
4055 0.5468523
4056 0.54685
4057 0.5468468
4058 0.5468444
4059 0.546841
4060 0.5468383
4061 0.5468355
4062 0.5468326
4063 0.5468296
4064 0.5468266
4065 0.5468239
4066 0.5468211
4067 0.5468181
4068 0.5468148
4069 0.5468118
4070 0.5468092
4071 0.5468064
4072 0.5468034
4073 0.5468004
4074 0.5467975
4075 0.546795
4076 0.5467922
4077 0.5467896
4078 0.5467867
4079 0.5467841
4080 0.5467812
4081 0.5467781
4082 0.5467753
4083 0.5467724
4084 0.5467699
4085 0.546767
4086 0.5467644
4087 0.5467606
4088 0.5467572
4089 0.5467531
4090 0.5467491
4091 0.5467458
4092 0.5467414
4093 0.5467381
4094 0.5467337
4095 0.54673
4096 0.5467263
4097 0.5467227
4098 0.5467192
4099 0.5467155
4100 0.5467118
4101 0.5467083
4102 0.5467045
4103 0.5467008
4104 0.5466968
4105 0.5466933
4106 0.5466894
4107 0.546686
4108 0.546682
4109 0.5466789
4110 0.546675
4111 0.5466715
4112 0.5466678
4113 0.5466641
4114 0.5466605
4115 0.5466565
4116 0.5466532
4117 0.5466496
4118 0.5466459
4119 0.5466419
4120 0.5466385
4121 0.5466348
4122 0.5466312
4123 0.5466273
4124 0.5466237
4125 0.5466203
4126 0.5466165
4127 0.546613
4128 0.5466098
4129 0.5466062
4130 0.5466026
4131 0.5465992
4132 0.5465955
4133 0.5465922
4134 0.5465884
4135 0.5465846
4136 0.5465809
4137 0.5465774
4138 0.5465742
4139 0.5465705
4140 0.546567
4141 0.5465634
4142 0.5465596
4143 0.5465559
4144 0.5465522
4145 0.5465487
4146 0.5465453
4147 0.5465415
4148 0.5465381
4149 0.5465345
4150 0.5465307
4151 0.5465276
4152 0.546524
4153 0.5465204
4154 0.5465172
4155 0.5465136
4156 0.54651
4157 0.5465064
4158 0.5465025
4159 0.5464987
4160 0.5464956
4161 0.546492
4162 0.5464891
4163 0.5464849
4164 0.5464817
4165 0.5464778
4166 0.5464741
4167 0.5464707
4168 0.5464674
4169 0.5464641
4170 0.5464604
4171 0.5464573
4172 0.5464536
4173 0.5464504
4174 0.5464463
4175 0.5464432
4176 0.5464401
4177 0.5464369
4178 0.5464339
4179 0.5464303
4180 0.5464262
4181 0.5464231
4182 0.5464193
4183 0.5464156
4184 0.546412
4185 0.5464087
4186 0.5464052
4187 0.5464019
4188 0.5463986
4189 0.5463948
4190 0.5463916
4191 0.5463881
4192 0.5463847
4193 0.5463812
4194 0.5463783
4195 0.5463748
4196 0.5463716
4197 0.5463682
4198 0.5463649
4199 0.5463614
4200 0.5463582
4201 0.5463548
4202 0.5463514
4203 0.546348
4204 0.5463448
4205 0.5463413
4206 0.5463386
4207 0.5463349
4208 0.5463315
4209 0.5463282
4210 0.546325
4211 0.5463216
4212 0.5463183
4213 0.5463147
4214 0.5463114
4215 0.5463082
4216 0.5463047
4217 0.5463015
4218 0.546298
4219 0.5462948
4220 0.5462924
4221 0.5462893
4222 0.5462858
4223 0.5462825
4224 0.5462793
4225 0.5462762
4226 0.5462728
4227 0.5462694
4228 0.5462667
4229 0.5462632
4230 0.5462598
4231 0.5462566
4232 0.5462535
4233 0.5462505
4234 0.5462472
4235 0.5462441
4236 0.5462409
4237 0.5462382
4238 0.5462347
4239 0.5462315
4240 0.5462288
4241 0.5462254
4242 0.546222
4243 0.546219
4244 0.546216
4245 0.5462126
4246 0.546209
4247 0.5462059
4248 0.5462029
4249 0.5461996
4250 0.5461968
4251 0.5461935
4252 0.5461902
4253 0.546187
4254 0.5461842
4255 0.546181
4256 0.5461779
4257 0.5461746
4258 0.5461716
4259 0.5461684
4260 0.5461653
4261 0.5461623
4262 0.546159
4263 0.546156
4264 0.5461531
4265 0.5461498
4266 0.5461468
4267 0.5461442
4268 0.5461413
4269 0.5461382
4270 0.5461348
4271 0.546132
4272 0.5461288
4273 0.5461259
4274 0.5461231
4275 0.5461201
4276 0.546117
4277 0.5461141
4278 0.5461109
4279 0.5461082
4280 0.5461051
4281 0.5461025
4282 0.5460997
4283 0.5460968
4284 0.5460939
4285 0.5460915
4286 0.5460886
4287 0.5460857
4288 0.5460826
4289 0.5460803
4290 0.5460773
4291 0.5460743
4292 0.5460712
4293 0.5460681
4294 0.5460653
4295 0.5460628
4296 0.5460603
4297 0.5460571
4298 0.5460542
4299 0.5460519
4300 0.5460485
4301 0.5460461
4302 0.5460439
4303 0.5460407
4304 0.5460379
4305 0.5460352
4306 0.5460322
4307 0.5460298
4308 0.5460271
4309 0.546024
4310 0.5460213
4311 0.5460189
4312 0.5460156
4313 0.5460129
4314 0.5460104
4315 0.5460077
4316 0.5460047
4317 0.5460017
4318 0.5459992
4319 0.5459971
4320 0.5459939
4321 0.5459914
4322 0.5459889
4323 0.5459862
4324 0.545984
4325 0.5459817
4326 0.5459787
4327 0.5459761
4328 0.5459733
4329 0.5459708
4330 0.5459685
4331 0.545966
4332 0.5459633
4333 0.5459605
4334 0.5459576
4335 0.5459552
4336 0.5459527
4337 0.5459504
4338 0.5459476
4339 0.5459451
4340 0.5459422
4341 0.5459396
4342 0.5459366
4343 0.5459341
4344 0.5459316
4345 0.5459293
4346 0.5459266
4347 0.5459242
4348 0.5459215
4349 0.5459186
4350 0.5459164
4351 0.5459139
4352 0.5459113
4353 0.5459093
4354 0.5459068
4355 0.5459044
4356 0.5459021
4357 0.5458995
4358 0.5458969
4359 0.5458945
4360 0.5458921
4361 0.5458895
4362 0.5458875
4363 0.5458849
4364 0.5458827
4365 0.5458801
4366 0.5458776
4367 0.5458749
4368 0.5458723
4369 0.5458699
4370 0.5458675
4371 0.5458657
4372 0.5458635
4373 0.5458613
4374 0.5458587
4375 0.5458565
4376 0.5458539
4377 0.5458515
4378 0.5458493
4379 0.5458475
4380 0.5458454
4381 0.5458428
4382 0.5458407
4383 0.5458385
4384 0.5458362
4385 0.545834
4386 0.5458318
4387 0.5458291
4388 0.5458271
4389 0.5458254
4390 0.5458225
4391 0.5458201
4392 0.5458183
4393 0.5458159
4394 0.5458137
4395 0.5458113
4396 0.5458089
4397 0.5458066
4398 0.5458048
4399 0.5458025
4400 0.5458004
4401 0.5457979
4402 0.5457959
4403 0.5457933
4404 0.5457913
4405 0.545789
4406 0.545787
4407 0.5457845
4408 0.5457823
4409 0.5457805
4410 0.545778
4411 0.5457759
4412 0.5457735
4413 0.5457718
4414 0.5457699
4415 0.5457675
4416 0.5457653
4417 0.5457627
4418 0.5457603
4419 0.5457586
4420 0.5457564
4421 0.545754
4422 0.5457518
4423 0.5457496
4424 0.5457476
4425 0.5457457
4426 0.5457438
4427 0.545742
4428 0.5457398
4429 0.545738
4430 0.5457359
4431 0.5457338
4432 0.5457321
4433 0.5457304
4434 0.5457281
4435 0.5457261
4436 0.5457242
4437 0.5457222
4438 0.5457202
4439 0.5457183
4440 0.5457161
4441 0.5457141
4442 0.5457124
4443 0.5457101
4444 0.5457079
4445 0.545706
4446 0.5457038
4447 0.545702
4448 0.5456999
4449 0.5456975
4450 0.545696
4451 0.5456944
4452 0.5456924
4453 0.5456904
4454 0.5456885
4455 0.5456863
4456 0.5456843
4457 0.5456823
4458 0.5456802
4459 0.5456779
4460 0.5456766
4461 0.5456749
4462 0.545673
4463 0.5456707
4464 0.5456688
4465 0.5456664
4466 0.5456645
4467 0.5456628
4468 0.545661
4469 0.5456589
4470 0.5456576
4471 0.5456552
4472 0.5456532
4473 0.5456517
4474 0.5456499
4475 0.545648
4476 0.5456465
4477 0.5456445
4478 0.5456428
4479 0.5456413
4480 0.545639
4481 0.5456374
4482 0.5456355
4483 0.5456336
4484 0.5456313
4485 0.5456299
4486 0.5456281
4487 0.545626
4488 0.5456243
4489 0.5456223
4490 0.5456207
4491 0.5456188
4492 0.5456166
4493 0.5456151
4494 0.5456135
4495 0.5456117
4496 0.5456098
4497 0.5456077
4498 0.5456058
4499 0.5456041
4500 0.5456025
4501 0.5456009
4502 0.545599
4503 0.5455973
4504 0.5455956
4505 0.5455938
4506 0.5455923
4507 0.5455903
4508 0.5455886
4509 0.5455871
4510 0.5455856
4511 0.5455838
4512 0.5455818
4513 0.54558
4514 0.5455784
4515 0.5455766
4516 0.5455753
4517 0.5455738
4518 0.5455719
4519 0.5455698
4520 0.5455682
4521 0.5455666
4522 0.5455649
4523 0.545563
4524 0.5455613
4525 0.5455599
4526 0.5455579
4527 0.5455564
4528 0.5455546
4529 0.5455531
4530 0.5455511
4531 0.5455498
4532 0.5455483
4533 0.5455463
4534 0.5455444
4535 0.5455431
4536 0.5455415
4537 0.5455397
4538 0.5455381
4539 0.5455364
4540 0.5455347
4541 0.5455331
4542 0.5455313
4543 0.54553
4544 0.5455282
4545 0.5455269
4546 0.5455248
4547 0.5455231
4548 0.5455218
4549 0.5455202
4550 0.5455183
4551 0.5455169
4552 0.5455153
4553 0.5455139
4554 0.5455123
4555 0.5455105
4556 0.5455083
4557 0.5455069
4558 0.5455053
4559 0.5455034
4560 0.5455023
4561 0.5455007
4562 0.5454989
4563 0.5454974
4564 0.5454956
4565 0.5454935
4566 0.5454921
4567 0.5454903
4568 0.5454891
4569 0.5454878
4570 0.5454862
4571 0.5454845
4572 0.5454828
4573 0.5454814
4574 0.54548
4575 0.5454783
4576 0.5454766
4577 0.5454752
4578 0.5454738
4579 0.5454722
4580 0.5454707
4581 0.545469
4582 0.5454679
4583 0.5454658
4584 0.5454644
4585 0.5454629
4586 0.5454615
4587 0.5454599
4588 0.5454586
4589 0.5454569
4590 0.5454552
4591 0.545454
4592 0.5454522
4593 0.5454509
4594 0.5454492
4595 0.5454481
4596 0.5454465
4597 0.5454448
4598 0.5454432
4599 0.5454417
4600 0.5454403
4601 0.5454382
4602 0.545437
4603 0.5454358
4604 0.5454342
4605 0.5454327
4606 0.5454313
4607 0.5454298
4608 0.5454282
4609 0.5454268
4610 0.545425
4611 0.5454236
4612 0.5454224
4613 0.5454212
4614 0.5454199
4615 0.5454184
4616 0.545417
4617 0.5454152
4618 0.545414
4619 0.5454128
4620 0.5454115
4621 0.5454103
4622 0.5454088
4623 0.5454072
4624 0.5454059
4625 0.5454046
4626 0.5454034
4627 0.5454019
4628 0.5454007
4629 0.5453985
4630 0.5453978
4631 0.5453966
4632 0.5453949
4633 0.545393
4634 0.5453916
4635 0.5453907
4636 0.5453893
4637 0.5453878
4638 0.5453866
4639 0.5453849
4640 0.5453835
4641 0.5453823
4642 0.5453811
4643 0.5453795
4644 0.5453784
4645 0.5453771
4646 0.5453756
4647 0.5453741
4648 0.5453727
4649 0.5453714
4650 0.5453706
4651 0.5453693
4652 0.5453679
4653 0.5453665
4654 0.5453653
4655 0.5453641
4656 0.5453629
4657 0.5453616
4658 0.5453602
4659 0.5453587
4660 0.5453574
4661 0.5453562
4662 0.5453549
4663 0.5453538
4664 0.5453522
4665 0.5453511
4666 0.5453497
4667 0.5453485
4668 0.5453472
4669 0.5453461
4670 0.545345
4671 0.5453439
4672 0.5453426
4673 0.5453414
4674 0.5453399
4675 0.5453386
4676 0.5453373
4677 0.5453362
4678 0.5453349
4679 0.5453334
4680 0.5453323
4681 0.5453314
4682 0.5453302
4683 0.5453288
4684 0.5453276
4685 0.5453261
4686 0.5453249
4687 0.545324
4688 0.5453225
4689 0.5453213
4690 0.5453198
4691 0.5453185
4692 0.5453172
4693 0.5453162
4694 0.5453153
4695 0.545314
4696 0.5453128
4697 0.5453117
4698 0.5453106
4699 0.5453093
4700 0.5453086
4701 0.5453073
4702 0.5453062
4703 0.5453051
4704 0.5453039
4705 0.5453027
4706 0.5453015
4707 0.5453003
4708 0.5452992
4709 0.5452978
4710 0.5452967
4711 0.5452955
4712 0.5452944
4713 0.5452931
4714 0.545292
4715 0.5452908
4716 0.54529
4717 0.5452888
4718 0.5452877
4719 0.5452864
4720 0.5452855
4721 0.5452845
4722 0.5452831
4723 0.5452819
4724 0.5452809
4725 0.5452799
4726 0.5452789
4727 0.5452774
4728 0.5452762
4729 0.5452751
4730 0.5452741
4731 0.5452732
4732 0.545272
4733 0.5452711
4734 0.54527
4735 0.5452694
4736 0.5452685
4737 0.5452675
4738 0.5452663
4739 0.5452653
4740 0.5452643
4741 0.5452633
4742 0.545262
4743 0.5452611
4744 0.5452601
4745 0.5452591
4746 0.545258
4747 0.5452569
4748 0.545256
4749 0.5452552
4750 0.545254
4751 0.5452527
4752 0.545252
4753 0.5452508
4754 0.5452496
4755 0.5452489
4756 0.545248
4757 0.5452469
4758 0.5452458
4759 0.5452451
4760 0.5452438
4761 0.5452427
4762 0.5452418
4763 0.545241
4764 0.5452401
4765 0.545239
4766 0.5452381
4767 0.5452373
4768 0.5452362
4769 0.5452352
4770 0.5452339
4771 0.5452332
4772 0.5452325
4773 0.5452314
4774 0.5452307
4775 0.5452297
4776 0.5452286
4777 0.5452276
4778 0.5452266
4779 0.5452257
4780 0.545225
4781 0.5452241
4782 0.5452234
4783 0.5452225
4784 0.5452218
4785 0.5452208
4786 0.5452197
4787 0.5452188
4788 0.5452179
4789 0.5452174
4790 0.5452163
4791 0.5452152
4792 0.5452144
4793 0.5452136
4794 0.5452124
4795 0.5452116
4796 0.5452107
4797 0.5452096
4798 0.5452089
4799 0.5452083
4800 0.5452073
4801 0.5452062
4802 0.5452054
4803 0.5452045
4804 0.5452035
4805 0.5452025
4806 0.5452017
4807 0.5452006
4808 0.5452002
4809 0.5451991
4810 0.545198
4811 0.545197
4812 0.5451962
4813 0.5451955
4814 0.5451946
4815 0.5451941
4816 0.5451933
4817 0.5451925
4818 0.5451914
4819 0.5451907
4820 0.5451899
4821 0.5451888
4822 0.5451882
4823 0.5451874
4824 0.5451862
4825 0.5451854
4826 0.5451846
4827 0.5451838
4828 0.5451831
4829 0.5451823
4830 0.5451815
4831 0.5451807
4832 0.5451801
4833 0.5451795
4834 0.5451785
4835 0.5451778
4836 0.5451767
4837 0.5451759
4838 0.5451752
4839 0.5451745
4840 0.5451736
4841 0.5451732
4842 0.5451726
4843 0.5451717
4844 0.5451713
4845 0.5451704
4846 0.5451697
4847 0.5451689
4848 0.5451682
4849 0.5451669
4850 0.5451663
4851 0.5451654
4852 0.5451647
4853 0.5451643
4854 0.5451635
4855 0.5451628
4856 0.5451621
4857 0.5451613
4858 0.5451607
4859 0.5451601
4860 0.5451596
4861 0.5451587
4862 0.5451579
4863 0.5451573
4864 0.5451565
4865 0.5451559
4866 0.5451553
4867 0.5451545
4868 0.5451542
4869 0.5451534
4870 0.5451528
4871 0.5451518
4872 0.545151
4873 0.54515
4874 0.5451496
4875 0.5451489
4876 0.5451484
4877 0.5451477
4878 0.5451468
4879 0.5451458
4880 0.5451453
4881 0.5451446
4882 0.5451436
4883 0.5451431
4884 0.5451427
4885 0.5451421
4886 0.5451415
4887 0.5451407
4888 0.54514
4889 0.5451392
4890 0.5451384
4891 0.5451378
4892 0.5451371
4893 0.5451367
4894 0.5451358
4895 0.5451348
4896 0.5451341
4897 0.5451337
4898 0.545133
4899 0.5451325
4900 0.5451319
4901 0.545131
4902 0.5451304
4903 0.5451301
4904 0.5451294
4905 0.5451288
4906 0.5451281
4907 0.5451276
4908 0.545127
4909 0.5451264
4910 0.5451256
4911 0.5451249
4912 0.5451245
4913 0.545124
4914 0.5451235
4915 0.5451227
4916 0.5451219
4917 0.5451211
4918 0.5451208
4919 0.5451201
4920 0.5451199
4921 0.5451192
4922 0.5451185
4923 0.5451179
4924 0.5451171
4925 0.5451165
4926 0.5451159
4927 0.545115
4928 0.5451145
4929 0.5451137
4930 0.5451131
4931 0.5451127
4932 0.5451121
4933 0.5451115
4934 0.5451112
4935 0.5451106
4936 0.54511
4937 0.5451096
4938 0.5451089
4939 0.5451085
4940 0.5451081
4941 0.5451076
4942 0.5451068
4943 0.5451064
4944 0.5451055
4945 0.5451048
4946 0.5451041
4947 0.5451038
4948 0.5451033
4949 0.5451027
4950 0.5451025
4951 0.5451015
4952 0.545101
4953 0.5451007
4954 0.5451001
4955 0.5450997
4956 0.5450991
4957 0.5450986
4958 0.5450982
4959 0.5450979
4960 0.5450976
4961 0.5450971
4962 0.5450965
4963 0.5450963
4964 0.5450958
4965 0.5450951
4966 0.5450943
4967 0.5450937
4968 0.5450937
4969 0.5450931
4970 0.5450926
4971 0.545092
4972 0.5450916
4973 0.5450912
4974 0.5450906
4975 0.5450901
4976 0.5450898
4977 0.5450892
4978 0.5450884
4979 0.545088
4980 0.5450873
4981 0.5450874
4982 0.5450866
4983 0.545086
4984 0.5450854
4985 0.545085
4986 0.5450842
4987 0.545084
4988 0.5450836
4989 0.545083
4990 0.5450828
4991 0.5450822
4992 0.5450818
4993 0.5450815
4994 0.5450811
4995 0.5450805
4996 0.5450802
4997 0.5450798
4998 0.5450794
4999 0.545079
5000 0.5450785
5001 0.5450783
5002 0.5450778
5003 0.5450773
5004 0.5450768
5005 0.5450765
5006 0.5450761
5007 0.5450755
5008 0.5450752
5009 0.5450746
5010 0.5450742
5011 0.5450737
5012 0.5450733
5013 0.5450727
5014 0.5450724
5015 0.5450722
5016 0.5450718
5017 0.5450715
5018 0.5450712
5019 0.5450708
5020 0.5450706
5021 0.5450702
5022 0.5450698
5023 0.5450692
5024 0.5450687
5025 0.5450683
5026 0.545068
5027 0.5450672
5028 0.5450672
5029 0.5450667
5030 0.5450665
5031 0.5450659
5032 0.5450656
5033 0.5450656
5034 0.5450653
5035 0.545065
5036 0.5450644
5037 0.545064
5038 0.5450637
5039 0.5450634
5040 0.5450629
5041 0.5450625
5042 0.545062
5043 0.5450616
5044 0.5450615
5045 0.5450611
5046 0.5450608
5047 0.5450601
5048 0.5450598
5049 0.5450596
5050 0.5450593
5051 0.545059
5052 0.5450586
5053 0.5450583
5054 0.5450578
5055 0.5450575
5056 0.5450571
5057 0.5450569
5058 0.5450568
5059 0.5450566
5060 0.5450563
5061 0.545056
5062 0.5450557
5063 0.5450556
5064 0.5450551
5065 0.5450549
5066 0.5450546
5067 0.5450542
5068 0.5450539
5069 0.5450535
5070 0.5450534
5071 0.5450533
5072 0.5450531
5073 0.5450528
5074 0.5450525
5075 0.5450519
5076 0.5450515
5077 0.5450511
5078 0.5450509
5079 0.5450503
5080 0.5450502
5081 0.54505
5082 0.5450498
5083 0.5450493
5084 0.5450491
5085 0.5450491
5086 0.5450486
5087 0.5450483
5088 0.5450484
5089 0.5450479
5090 0.5450476
5091 0.5450473
5092 0.5450471
5093 0.5450469
5094 0.5450467
5095 0.5450465
5096 0.5450462
5097 0.5450459
5098 0.5450458
5099 0.5450455
5100 0.5450454
5101 0.5450453
5102 0.5450448
5103 0.5450448
5104 0.5450447
5105 0.5450444
5106 0.5450442
5107 0.5450442
5108 0.5450438
5109 0.5450435
5110 0.5450433
5111 0.5450433
5112 0.5450432
5113 0.545043
5114 0.5450427
5115 0.5450424
5116 0.5450422
5117 0.545042
5118 0.5450418
5119 0.5450417
5120 0.5450415
5121 0.5450412
5122 0.5450411
5123 0.5450408
5124 0.5450405
5125 0.5450404
5126 0.5450402
5127 0.54504
5128 0.5450397
5129 0.5450394
5130 0.5450392
5131 0.5450392
5132 0.5450389
5133 0.5450386
5134 0.5450386
5135 0.5450383
5136 0.5450383
5137 0.545038
5138 0.545038
5139 0.545038
5140 0.5450377
5141 0.5450374
5142 0.545037
5143 0.5450369
5144 0.545037
5145 0.545037
5146 0.5450369
5147 0.5450367
5148 0.5450366
5149 0.5450363
5150 0.5450363
5151 0.545036
5152 0.5450358
5153 0.5450356
5154 0.5450355
5155 0.5450355
5156 0.5450355
5157 0.5450354
5158 0.5450352
5159 0.5450351
5160 0.5450351
5161 0.5450348
5162 0.5450347
5163 0.5450345
5164 0.5450344
5165 0.5450342
5166 0.5450339
5167 0.5450339
5168 0.5450339
5169 0.545034
5170 0.5450341
5171 0.5450339
5172 0.5450338
5173 0.5450334
5174 0.5450334
5175 0.5450335
5176 0.5450335
5177 0.5450332
5178 0.5450331
5179 0.545033
5180 0.5450329
5181 0.5450328
5182 0.5450328
5183 0.5450326
5184 0.5450325
5185 0.5450324
5186 0.5450322
5187 0.545032
5188 0.5450319
5189 0.545032
5190 0.545032
5191 0.5450317
5192 0.5450314
5193 0.5450315
5194 0.5450312
5195 0.5450314
5196 0.5450311
5197 0.5450312
5198 0.5450311
5199 0.5450309
5200 0.5450308
5201 0.5450307
5202 0.5450305
5203 0.5450305
5204 0.5450305
5205 0.5450304
5206 0.5450305
5207 0.5450305
5208 0.5450304
5209 0.5450304
5210 0.5450302
5211 0.5450302
5212 0.5450302
5213 0.54503
5214 0.5450301
5215 0.5450301
5216 0.5450301
5217 0.5450298
5218 0.5450298
5219 0.5450295
5220 0.5450295
5221 0.5450295
5222 0.5450292
5223 0.5450293
5224 0.5450291
5225 0.5450292
5226 0.5450292
5227 0.5450295
5228 0.5450296
5229 0.5450297
5230 0.5450297
5231 0.5450298
5232 0.5450295
5233 0.5450296
5234 0.5450293
5235 0.5450293
5236 0.5450292
5237 0.5450292
5238 0.545029
5239 0.545029
5240 0.545029
5241 0.5450292
5242 0.5450292
5243 0.5450291
5244 0.5450289
5245 0.545029
5246 0.545029
5247 0.545029
5248 0.5450287
5249 0.5450287
5250 0.5450287
5251 0.5450286
5252 0.5450286
5253 0.5450286
5254 0.5450287
5255 0.5450288
5256 0.5450287
5257 0.5450286
5258 0.5450286
5259 0.5450287
5260 0.5450287
5261 0.5450288
5262 0.5450292
5263 0.545029
5264 0.5450287
5265 0.5450287
5266 0.5450288
5267 0.545029
5268 0.545029
5269 0.5450289
5270 0.545029
5271 0.5450288
5272 0.5450289
5273 0.5450288
5274 0.5450289
5275 0.5450289
5276 0.545029
5277 0.545029
5278 0.545029
5279 0.5450289
5280 0.545029
5281 0.545029
5282 0.5450294
5283 0.5450295
5284 0.5450293
5285 0.5450292
5286 0.5450295
5287 0.5450293
5288 0.5450292
5289 0.5450293
5290 0.5450294
5291 0.5450295
5292 0.5450295
5293 0.5450298
5294 0.5450298
5295 0.5450297
5296 0.5450298
5297 0.54503
5298 0.54503
5299 0.5450301
5300 0.5450302
5301 0.5450304
5302 0.5450303
5303 0.54503
5304 0.54503
5305 0.5450301
5306 0.5450302
5307 0.5450304
5308 0.5450302
5309 0.54503
5310 0.5450302
5311 0.5450304
5312 0.5450304
5313 0.5450307
5314 0.5450308
5315 0.5450308
5316 0.5450309
5317 0.5450309
5318 0.545031
5319 0.5450311
5320 0.5450311
5321 0.5450311
5322 0.5450311
5323 0.5450312
5324 0.5450313
5325 0.5450315
5326 0.5450314
5327 0.5450316
5328 0.5450318
5329 0.5450319
5330 0.545032
5331 0.5450321
5332 0.5450324
5333 0.5450324
5334 0.5450329
5335 0.5450329
5336 0.5450327
5337 0.5450326
5338 0.5450327
5339 0.545033
5340 0.545033
5341 0.5450331
5342 0.545033
5343 0.545033
5344 0.5450332
5345 0.5450332
5346 0.5450332
5347 0.5450332
5348 0.5450333
5349 0.5450331
5350 0.545033
5351 0.545033
5352 0.5450334
5353 0.5450338
5354 0.5450338
5355 0.5450341
5356 0.5450343
5357 0.5450345
5358 0.5450348
5359 0.5450347
5360 0.5450349
5361 0.545035
5362 0.5450351
5363 0.545035
5364 0.5450349
5365 0.5450351
5366 0.5450353
5367 0.5450354
5368 0.5450357
5369 0.5450358
5370 0.545036
5371 0.545036
5372 0.5450363
5373 0.5450363
5374 0.5450361
5375 0.5450363
5376 0.5450368
5377 0.545037
5378 0.5450373
5379 0.5450373
5380 0.5450373
5381 0.5450373
5382 0.5450373
5383 0.5450376
5384 0.5450376
5385 0.5450375
5386 0.5450378
5387 0.5450379
5388 0.545038
5389 0.545038
5390 0.545038
5391 0.5450381
5392 0.5450382
5393 0.5450383
5394 0.5450383
5395 0.5450385
5396 0.5450386
5397 0.5450388
5398 0.5450388
5399 0.5450391
5400 0.5450392
5401 0.5450394
5402 0.5450397
5403 0.54504
5404 0.5450401
5405 0.5450401
5406 0.5450403
5407 0.5450404
5408 0.5450406
5409 0.5450408
5410 0.5450408
5411 0.5450411
5412 0.5450413
5413 0.5450417
5414 0.5450419
5415 0.5450417
5416 0.5450418
5417 0.5450419
5418 0.5450419
5419 0.5450422
5420 0.5450423
5421 0.5450425
5422 0.5450426
5423 0.5450429
5424 0.5450429
5425 0.5450432
5426 0.5450432
5427 0.5450431
5428 0.5450433
5429 0.5450435
5430 0.5450436
5431 0.5450439
5432 0.5450441
5433 0.5450442
5434 0.5450445
5435 0.5450447
5436 0.5450447
5437 0.5450447
5438 0.5450449
5439 0.545045
5440 0.5450454
5441 0.5450457
5442 0.5450459
5443 0.545046
5444 0.5450463
5445 0.5450463
5446 0.5450466
5447 0.5450467
5448 0.5450467
5449 0.5450469
5450 0.545047
5451 0.5450473
5452 0.5450474
5453 0.5450476
5454 0.5450478
5455 0.5450482
5456 0.5450483
5457 0.5450484
5458 0.5450486
5459 0.5450488
5460 0.5450491
5461 0.5450492
5462 0.5450495
5463 0.5450497
5464 0.54505
5465 0.5450501
5466 0.5450503
5467 0.5450503
5468 0.5450504
5469 0.5450506
5470 0.5450509
5471 0.545051
5472 0.5450513
5473 0.5450516
5474 0.5450517
5475 0.5450518
5476 0.5450521
5477 0.5450523
5478 0.5450526
5479 0.545053
5480 0.5450531
5481 0.5450532
5482 0.5450535
5483 0.5450535
5484 0.5450538
5485 0.5450538
5486 0.545054
5487 0.5450541
5488 0.5450544
5489 0.5450546
5490 0.5450549
5491 0.5450548
5492 0.545055
5493 0.5450554
5494 0.5450555
5495 0.5450559
5496 0.5450561
5497 0.5450562
5498 0.5450563
5499 0.5450565
5500 0.5450569
5501 0.5450572
5502 0.5450574
5503 0.5450577
5504 0.545058
5505 0.5450582
5506 0.5450583
5507 0.5450584
5508 0.5450587
5509 0.5450589
5510 0.5450592
5511 0.5450595
5512 0.5450596
5513 0.54506
5514 0.5450602
5515 0.5450603
5516 0.5450605
5517 0.5450607
5518 0.545061
5519 0.5450613
5520 0.5450613
5521 0.5450613
5522 0.5450618
5523 0.545062
5524 0.5450623
5525 0.5450625
5526 0.5450625
5527 0.5450628
5528 0.5450629
5529 0.5450633
5530 0.5450635
5531 0.5450639
5532 0.5450642
5533 0.5450643
5534 0.5450647
5535 0.5450651
5536 0.5450652
5537 0.5450655
5538 0.5450658
5539 0.5450659
5540 0.5450659
5541 0.5450662
5542 0.5450664
5543 0.5450667
5544 0.5450668
5545 0.5450671
5546 0.5450675
5547 0.5450679
5548 0.5450679
5549 0.5450682
5550 0.5450685
5551 0.5450686
5552 0.5450689
5553 0.5450692
5554 0.5450692
5555 0.5450696
5556 0.5450697
5557 0.5450701
5558 0.5450704
5559 0.5450703
5560 0.5450706
5561 0.5450707
5562 0.545071
5563 0.5450713
5564 0.5450715
5565 0.5450718
5566 0.5450719
