"report-lift-rfile"
"Iteration" "report-lift"
("Iteration" "report-lift")
1 0.440913
2 0.4583296
3 0.4757079
4 0.4930282
5 0.5102686
6 0.527406
7 0.5444137
8 0.5612676
9 0.5779392
10 0.5944026
11 0.6106343
12 0.6266109
13 0.6423094
14 0.657711
15 0.6727962
16 0.6875495
17 0.7019554
18 0.7160026
19 0.7296803
20 0.7429788
21 0.7558914
22 0.7684141
23 0.7805412
24 0.7922698
25 0.8035978
26 0.8145264
27 0.8250548
28 0.8351815
29 0.8449045
30 0.8542178
31 0.8631251
32 0.871627
33 0.8797329
34 0.8874507
35 0.894797
36 0.9017887
37 0.9084392
38 0.914773
39 0.9208125
40 0.9265797
41 0.9320962
42 0.9373878
43 0.9424737
44 0.9473751
45 0.9521099
46 0.9566953
47 0.9611444
48 0.9654713
49 0.9696833
50 0.9737897
51 0.9777931
52 0.9816977
53 0.9855041
54 0.9892108
55 0.9928143
56 0.9963102
57 0.9996944
58 1.002961
59 1.006101
60 1.00911
61 1.011983
62 1.014711
63 1.017297
64 1.019732
65 1.022015
66 1.024137
67 1.026092
68 1.027877
69 1.029506
70 1.030951
71 1.032233
72 1.033353
73 1.034317
74 1.035131
75 1.035792
76 1.0363
77 1.036658
78 1.03686
79 1.036906
80 1.0368
81 1.036543
82 1.036138
83 1.035589
84 1.034904
85 1.034093
86 1.033164
87 1.032125
88 1.03099
89 1.029768
90 1.028468
91 1.027101
92 1.02568
93 1.024209
94 1.022696
95 1.021152
96 1.019578
97 1.017986
98 1.016375
99 1.014753
100 1.013124
101 1.011493
102 1.009857
103 1.008219
104 1.006581
105 1.004945
106 1.00331
107 1.001676
108 1.000043
109 0.9984113
110 0.9967823
111 0.9951545
112 0.9935248
113 0.9918949
114 0.9902614
115 0.9886193
116 0.9869706
117 0.9853089
118 0.9836366
119 0.9819531
120 0.9802521
121 0.9785095
122 0.976732
123 0.9749312
124 0.9731042
125 0.9712565
126 0.9693872
127 0.967496
128 0.9655861
129 0.9636578
130 0.9617081
131 0.9597422
132 0.9577589
133 0.9557575
134 0.9537413
135 0.9517098
136 0.9496633
137 0.9476047
138 0.9455337
139 0.9434557
140 0.9413701
141 0.9392788
142 0.9371847
143 0.9350899
144 0.9329994
145 0.9309128
146 0.9288339
147 0.9267619
148 0.9247049
149 0.922661
150 0.9206339
151 0.9186267
152 0.9166387
153 0.9146754
154 0.9127375
155 0.9108258
156 0.9089431
157 0.9070905
158 0.9052706
159 0.9034834
160 0.9017298
161 0.9000121
162 0.8983284
163 0.8966817
164 0.8950726
165 0.8935009
166 0.8919678
167 0.8904717
168 0.889015
169 0.8875955
170 0.8862149
171 0.8848714
172 0.8835671
173 0.8822995
174 0.8810709
175 0.8798777
176 0.8787225
177 0.8776056
178 0.8765244
179 0.8754787
180 0.8744692
181 0.873496
182 0.8725572
183 0.8716542
184 0.870782
185 0.8699448
186 0.8691393
187 0.8683656
188 0.8676212
189 0.8669071
190 0.8662234
191 0.8655667
192 0.8649368
193 0.8643335
194 0.8637562
195 0.8632039
196 0.8626764
197 0.8621705
198 0.8616894
199 0.8612298
200 0.860791
201 0.8603735
202 0.8599769
203 0.8596004
204 0.8592426
205 0.8589048
206 0.8585842
207 0.8582828
208 0.8579981
209 0.857731
210 0.8574838
211 0.8572512
212 0.8570372
213 0.856838
214 0.8566564
215 0.8564914
216 0.8563414
217 0.8562078
218 0.8560907
219 0.8559888
220 0.8559021
221 0.8558314
222 0.8557751
223 0.8557327
224 0.8557055
225 0.855693
226 0.8556945
227 0.8557117
228 0.8557407
229 0.8557834
230 0.8558404
231 0.8559098
232 0.8559915
233 0.8560884
234 0.8561941
235 0.8563128
236 0.856443
237 0.856585
238 0.8567398
239 0.856903
240 0.8570772
241 0.8572612
242 0.8574552
243 0.8576596
244 0.8578703
245 0.8580896
246 0.8583172
247 0.8585516
248 0.8587925
249 0.8590403
250 0.8592958
251 0.8595541
252 0.8598192
253 0.8600886
254 0.8603612
255 0.8606374
256 0.8609165
257 0.8611993
258 0.8614842
259 0.8617715
260 0.8620607
261 0.8623502
262 0.8626404
263 0.8629295
264 0.8632208
265 0.8635104
266 0.8637995
267 0.8640873
268 0.8643726
269 0.8646581
270 0.8649392
271 0.8652192
272 0.8654962
273 0.8657701
274 0.8660406
275 0.8663068
276 0.8665712
277 0.8668295
278 0.8670856
279 0.867337
280 0.867585
281 0.8678267
282 0.8680654
283 0.8682988
284 0.8685276
285 0.868752
286 0.8689712
287 0.8691857
288 0.8693957
289 0.869601
290 0.8698009
291 0.8699957
292 0.8701872
293 0.8703728
294 0.8705543
295 0.8707321
296 0.8709041
297 0.8710715
298 0.8712351
299 0.8713948
300 0.8715498
301 0.8717006
302 0.8718489
303 0.8719921
304 0.8721309
305 0.8722672
306 0.8723995
307 0.8725271
308 0.8726519
309 0.8727736
310 0.8728912
311 0.8730068
312 0.8731172
313 0.8732256
314 0.8733306
315 0.8734322
316 0.8735316
317 0.8736277
318 0.8737204
319 0.8738111
320 0.8738986
321 0.8739839
322 0.8740659
323 0.8741459
324 0.8742231
325 0.874298
326 0.8743705
327 0.8744403
328 0.8745073
329 0.8745731
330 0.8746356
331 0.8746969
332 0.8747555
333 0.8748121
334 0.8748648
335 0.8749169
336 0.8749654
337 0.8750132
338 0.8750575
339 0.8750991
340 0.875139
341 0.8751764
342 0.8752123
343 0.8752453
344 0.8752764
345 0.8753054
346 0.8753312
347 0.8753553
348 0.8753774
349 0.8753963
350 0.8754141
351 0.8754277
352 0.8754402
353 0.8754501
354 0.8754571
355 0.8754632
356 0.8754665
357 0.8754665
358 0.8754646
359 0.8754606
360 0.8754541
361 0.8754458
362 0.875436
363 0.8754225
364 0.8754076
365 0.8753914
366 0.8753731
367 0.8753523
368 0.8753298
369 0.8753034
370 0.8752767
371 0.8752486
372 0.8752175
373 0.8751857
374 0.8751514
375 0.8751162
376 0.8750796
377 0.8750417
378 0.8750019
379 0.8749599
380 0.8749181
381 0.874874
382 0.8748289
383 0.8747839
384 0.8747367
385 0.8746887
386 0.874641
387 0.8745894
388 0.8745393
389 0.8744886
390 0.8744365
391 0.8743843
392 0.8743313
393 0.8742775
394 0.8742238
395 0.8741699
396 0.8741158
397 0.87406
398 0.874006
399 0.873951
400 0.8738965
401 0.8738416
402 0.8737868
403 0.8737311
404 0.8736762
405 0.8736212
406 0.8735659
407 0.8735121
408 0.873459
409 0.8734049
410 0.8733519
411 0.8732991
412 0.8732472
413 0.8731944
414 0.873143
415 0.8730898
416 0.8730397
417 0.8729898
418 0.8729404
419 0.8728899
420 0.8728411
421 0.8727924
422 0.872745
423 0.8726973
424 0.8726495
425 0.8726027
426 0.8725567
427 0.87251
428 0.8724638
429 0.8724187
430 0.8723733
431 0.8723292
432 0.8722861
433 0.8722423
434 0.8721985
435 0.8721551
436 0.8721124
437 0.8720694
438 0.8720266
439 0.8719854
440 0.8719434
441 0.8719022
442 0.8718617
443 0.8718207
444 0.8717785
445 0.8717373
446 0.8716953
447 0.8716551
448 0.8716132
449 0.8715721
450 0.871531
451 0.8714898
452 0.8714486
453 0.8714065
454 0.8713647
455 0.8713239
456 0.8712823
457 0.87124
458 0.8711976
459 0.8711552
460 0.8711129
461 0.8710707
462 0.8710269
463 0.8709844
464 0.8709404
465 0.8708974
466 0.8708534
467 0.8708092
468 0.8707645
469 0.8707208
470 0.8706766
471 0.8706314
472 0.8705857
473 0.8705407
474 0.8704951
475 0.8704502
476 0.8704033
477 0.8703566
478 0.8703099
479 0.8702627
480 0.8702155
481 0.8701688
482 0.87012
483 0.8700727
484 0.870025
485 0.8699761
486 0.8699272
487 0.8698798
488 0.8698319
489 0.8697819
490 0.8697324
491 0.8696836
492 0.869634
493 0.8695843
494 0.8695349
495 0.8694862
496 0.8694354
497 0.8693855
498 0.8693362
499 0.8692862
500 0.8692346
501 0.8691846
502 0.869136
503 0.8690845
504 0.8690344
505 0.8689845
506 0.8689336
507 0.8688836
508 0.8688325
509 0.8687824
510 0.8687316
511 0.8686813
512 0.868632
513 0.8685805
514 0.86853
515 0.8684801
516 0.868429
517 0.8683789
518 0.8683277
519 0.8682775
520 0.8682267
521 0.868176
522 0.8681274
523 0.868075
524 0.8680253
525 0.8679743
526 0.867922
527 0.8678722
528 0.8678213
529 0.8677709
530 0.8677203
531 0.8676695
532 0.8676183
533 0.8675677
534 0.8675161
535 0.8674657
536 0.8674139
537 0.867363
538 0.8673109
539 0.8672597
540 0.8672077
541 0.8671559
542 0.8671051
543 0.8670527
544 0.8670003
545 0.8669476
546 0.8668959
547 0.866843
548 0.8667911
549 0.8667371
550 0.8666841
551 0.8666306
552 0.8665776
553 0.8665242
554 0.8664703
555 0.8664156
556 0.8663616
557 0.8663064
558 0.8662508
559 0.8661969
560 0.8661419
561 0.8660862
562 0.8660315
563 0.8659753
564 0.8659184
565 0.8658621
566 0.8658063
567 0.8657489
568 0.8656912
569 0.8656052
570 0.8655193
571 0.8654317
572 0.8653435
573 0.865256
574 0.8651667
575 0.8650773
576 0.8649876
577 0.8648954
578 0.8648059
579 0.8647142
580 0.8646224
581 0.8645301
582 0.8644375
583 0.8643459
584 0.864253
585 0.8641582
586 0.8640643
587 0.8639703
588 0.8638762
589 0.8637807
590 0.8636847
591 0.8635899
592 0.8634933
593 0.863397
594 0.8633008
595 0.8632045
596 0.8631073
597 0.8630102
598 0.8629136
599 0.862816
600 0.8627183
601 0.8626219
602 0.8625238
603 0.8624262
604 0.862329
605 0.8622299
606 0.8621334
607 0.8620349
608 0.8619369
609 0.8618386
610 0.8617398
611 0.8616412
612 0.8615426
613 0.861445
614 0.8613452
615 0.8612462
616 0.8611464
617 0.8610465
618 0.8609477
619 0.8608479
620 0.8607479
621 0.8606478
622 0.860548
623 0.8604465
624 0.8603472
625 0.8602457
626 0.860144
627 0.8600435
628 0.8599417
629 0.8598397
630 0.859737
631 0.8596358
632 0.8595334
633 0.8594295
634 0.8593262
635 0.8592212
636 0.8591173
637 0.8590127
638 0.8589092
639 0.8588037
640 0.8586984
641 0.8585923
642 0.8584865
643 0.8583801
644 0.858274
645 0.8581656
646 0.8580576
647 0.8579488
648 0.8578403
649 0.8577307
650 0.8576224
651 0.8575122
652 0.8574024
653 0.8572926
654 0.8571817
655 0.8570711
656 0.8569597
657 0.856848
658 0.8567358
659 0.8566245
660 0.8565106
661 0.8563985
662 0.8562849
663 0.8561714
664 0.8560575
665 0.8559429
666 0.8558286
667 0.8557134
668 0.8555978
669 0.855482
670 0.8553672
671 0.8552505
672 0.8551349
673 0.8550187
674 0.8549016
675 0.8547857
676 0.8546684
677 0.8545505
678 0.8544326
679 0.8543153
680 0.8541957
681 0.8540789
682 0.8539605
683 0.8538429
684 0.8537243
685 0.8536049
686 0.8534856
687 0.853367
688 0.853247
689 0.8531276
690 0.8530084
691 0.8528883
692 0.8527672
693 0.852648
694 0.8525273
695 0.8524064
696 0.8522849
697 0.8521638
698 0.8520418
699 0.8519206
700 0.8517997
701 0.8516769
702 0.8515556
703 0.851433
704 0.8513101
705 0.8511885
706 0.8510656
707 0.8509436
708 0.850821
709 0.8506977
710 0.8505744
711 0.8504514
712 0.8503278
713 0.850203
714 0.8500801
715 0.8499548
716 0.8498312
717 0.8497064
718 0.8495824
719 0.8494567
720 0.8493317
721 0.8492073
722 0.8490826
723 0.8489571
724 0.8488319
725 0.8487052
726 0.8485799
727 0.8484538
728 0.848329
729 0.8482018
730 0.8480763
731 0.8479497
732 0.847822
733 0.8476964
734 0.8475687
735 0.847442
736 0.8473141
737 0.8471875
738 0.8470593
739 0.8469316
740 0.8468053
741 0.8466766
742 0.8465485
743 0.8464203
744 0.8462915
745 0.8461639
746 0.8460354
747 0.8459067
748 0.8457789
749 0.8456498
750 0.8455218
751 0.8453931
752 0.8452638
753 0.8451362
754 0.8450068
755 0.8448788
756 0.84475
757 0.8446213
758 0.8444914
759 0.8443621
760 0.8442344
761 0.8441045
762 0.8439749
763 0.8438457
764 0.8437175
765 0.8435878
766 0.8434594
767 0.8433301
768 0.8432001
769 0.8430719
770 0.8429428
771 0.8428139
772 0.8426845
773 0.8425546
774 0.8424261
775 0.8422967
776 0.8421683
777 0.8420389
778 0.8419086
779 0.8417793
780 0.8416498
781 0.8415201
782 0.8413924
783 0.8412626
784 0.8411336
785 0.8410035
786 0.8408753
787 0.840745
788 0.8406163
789 0.8404862
790 0.8403577
791 0.8402277
792 0.8400976
793 0.8399687
794 0.8398399
795 0.8397099
796 0.8395801
797 0.8394505
798 0.8393201
799 0.8391905
800 0.8390624
801 0.8389323
802 0.8388038
803 0.8386731
804 0.8385431
805 0.8384134
806 0.8382837
807 0.8381535
808 0.8380247
809 0.8378941
810 0.8377635
811 0.8376341
812 0.8375033
813 0.8373734
814 0.8372438
815 0.8371133
816 0.836983
817 0.8368528
818 0.8367212
819 0.8365906
820 0.8364591
821 0.8363298
822 0.836199
823 0.8360674
824 0.8359366
825 0.8358063
826 0.8356754
827 0.8355446
828 0.8354131
829 0.8352825
830 0.8351502
831 0.8350191
832 0.8348882
833 0.8347567
834 0.8346255
835 0.8344954
836 0.8343629
837 0.8342314
838 0.8340997
839 0.8339675
840 0.8338358
841 0.8337043
842 0.8335732
843 0.8334411
844 0.8333086
845 0.8331766
846 0.8330443
847 0.8329121
848 0.8327799
849 0.832647
850 0.832516
851 0.832383
852 0.8322509
853 0.8321177
854 0.8319848
855 0.8318522
856 0.8317208
857 0.8315871
858 0.8314549
859 0.8313213
860 0.8311889
861 0.8310564
862 0.8309234
863 0.8307907
864 0.8306566
865 0.8305236
866 0.8303906
867 0.8302575
868 0.8301238
869 0.8299918
870 0.8298582
871 0.8297253
872 0.8295922
873 0.8294585
874 0.8293244
875 0.8291914
876 0.8290586
877 0.8289242
878 0.8287905
879 0.8286566
880 0.8285233
881 0.8283893
882 0.8282558
883 0.8281217
884 0.8279865
885 0.8278524
886 0.8277187
887 0.8275847
888 0.8274495
889 0.8273157
890 0.8271811
891 0.8270471
892 0.826912
893 0.8267778
894 0.8266423
895 0.8265083
896 0.8263744
897 0.8262398
898 0.8261048
899 0.8259698
900 0.8258344
901 0.8256994
902 0.825565
903 0.8254302
904 0.8252947
905 0.8251589
906 0.8250235
907 0.8248882
908 0.8247523
909 0.8246166
910 0.8244817
911 0.8243451
912 0.8242091
913 0.8240727
914 0.8239368
915 0.8238014
916 0.8236649
917 0.8235282
918 0.8233924
919 0.8232564
920 0.8231203
921 0.8229839
922 0.822847
923 0.8227103
924 0.8225738
925 0.8224376
926 0.8223003
927 0.8221633
928 0.8220268
929 0.8218898
930 0.8217528
931 0.8216142
932 0.8214779
933 0.8213395
934 0.8212032
935 0.8210652
936 0.820928
937 0.8207902
938 0.8206533
939 0.8205151
940 0.8203777
941 0.820239
942 0.8201011
943 0.819963
944 0.8198251
945 0.8196864
946 0.8195481
947 0.8194105
948 0.8192723
949 0.8191334
950 0.8189951
951 0.8188561
952 0.8187181
953 0.8185788
954 0.8184399
955 0.818301
956 0.8181618
957 0.8180233
958 0.8178843
959 0.8177453
960 0.8176063
961 0.8174672
962 0.8173269
963 0.817188
964 0.817049
965 0.8169099
966 0.8167699
967 0.8166298
968 0.8164901
969 0.8163499
970 0.8162109
971 0.8160719
972 0.8159318
973 0.815791
974 0.8156515
975 0.8155109
976 0.8153723
977 0.8152324
978 0.8150923
979 0.8149511
980 0.8148113
981 0.8146706
982 0.8145303
983 0.8143907
984 0.8142506
985 0.8141089
986 0.8139694
987 0.8138292
988 0.8136897
989 0.8135485
990 0.8134074
991 0.813266
992 0.8131254
993 0.8129859
994 0.8128448
995 0.8127041
996 0.8125634
997 0.8124224
998 0.8122827
999 0.8121415
1000 0.812001
1001 0.8118598
1002 0.8117198
1003 0.8115791
1004 0.8114372
1005 0.8112971
1006 0.8111554
1007 0.8110151
1008 0.8108736
1009 0.8107322
1010 0.8105921
1011 0.8104508
1012 0.8103101
1013 0.8101686
1014 0.8100279
1015 0.8098868
1016 0.8097461
1017 0.8096055
1018 0.8094636
1019 0.8093235
1020 0.8091828
1021 0.8090405
1022 0.8089001
1023 0.8087593
1024 0.8086185
1025 0.8084776
1026 0.8083356
1027 0.8081946
1028 0.808054
1029 0.8079126
1030 0.8077724
1031 0.8076319
1032 0.8074913
1033 0.8073507
1034 0.8072094
1035 0.8070679
1036 0.8069282
1037 0.8067876
1038 0.8066477
1039 0.8065078
1040 0.8063668
1041 0.8062273
1042 0.8060861
1043 0.8059462
1044 0.8058057
1045 0.8056649
1046 0.8055245
1047 0.8053855
1048 0.8052449
1049 0.8051054
1050 0.8049657
1051 0.8048254
1052 0.8046851
1053 0.8045456
1054 0.8044053
1055 0.8042668
1056 0.8041272
1057 0.8039882
1058 0.8038483
1059 0.8037091
1060 0.8035701
1061 0.8034316
1062 0.8032923
1063 0.8031546
1064 0.8030148
1065 0.8028774
1066 0.8027384
1067 0.8025997
1068 0.8024611
1069 0.8023223
1070 0.8021845
1071 0.8020473
1072 0.8019092
1073 0.8017705
1074 0.8016331
1075 0.8014956
1076 0.8013577
1077 0.8012204
1078 0.8010827
1079 0.8009468
1080 0.8008091
1081 0.8006733
1082 0.8005363
1083 0.8004004
1084 0.800263
1085 0.8001276
1086 0.7999911
1087 0.7998548
1088 0.7997199
1089 0.7995843
1090 0.799449
1091 0.7993146
1092 0.7991793
1093 0.7990435
1094 0.7989086
1095 0.7987733
1096 0.7986395
1097 0.7985045
1098 0.7983705
1099 0.7982375
1100 0.798103
1101 0.7979701
1102 0.7978357
1103 0.7977032
1104 0.7975694
1105 0.7974363
1106 0.7973036
1107 0.7971706
1108 0.7970381
1109 0.7969069
1110 0.7967742
1111 0.7966427
1112 0.7965105
1113 0.7963792
1114 0.7962474
1115 0.7961164
1116 0.7959864
1117 0.7958557
1118 0.7957247
1119 0.7955943
1120 0.7954642
1121 0.7953342
1122 0.795204
1123 0.7950758
1124 0.7949466
1125 0.7948166
1126 0.794688
1127 0.7945592
1128 0.7944314
1129 0.7943032
1130 0.7941753
1131 0.7940466
1132 0.7939194
1133 0.7937914
1134 0.7936642
1135 0.7935377
1136 0.7934118
1137 0.7932842
1138 0.7931585
1139 0.7930322
1140 0.7929066
1141 0.7927808
1142 0.7926551
1143 0.7925301
1144 0.7924051
1145 0.7922801
1146 0.7921555
1147 0.7920318
1148 0.7919064
1149 0.791783
1150 0.7916598
1151 0.791537
1152 0.791414
1153 0.7912909
1154 0.7911678
1155 0.7910455
1156 0.790924
1157 0.7908017
1158 0.7906807
1159 0.7905583
1160 0.790437
1161 0.7903156
1162 0.7901946
1163 0.7900735
1164 0.7899531
1165 0.789834
1166 0.7897136
1167 0.7895936
1168 0.7894735
1169 0.7893535
1170 0.7892348
1171 0.7891159
1172 0.7889969
1173 0.7888781
1174 0.7887599
1175 0.7886419
1176 0.7885244
1177 0.7884071
1178 0.7882894
1179 0.7881719
1180 0.7880549
1181 0.7879381
1182 0.7878214
1183 0.7877057
1184 0.787589
1185 0.7874724
1186 0.787356
1187 0.7872412
1188 0.7871256
1189 0.7870104
1190 0.7868951
1191 0.7867805
1192 0.7866669
1193 0.7865524
1194 0.7864375
1195 0.7863244
1196 0.7862097
1197 0.7860962
1198 0.7859821
1199 0.7858697
1200 0.7857553
1201 0.7856429
1202 0.7855299
1203 0.7854169
1204 0.785305
1205 0.7851934
1206 0.7850807
1207 0.7849688
1208 0.7848579
1209 0.7847455
1210 0.7846346
1211 0.7845246
1212 0.7844127
1213 0.7843014
1214 0.7841913
1215 0.7840809
1216 0.7839702
1217 0.78386
1218 0.7837501
1219 0.7836406
1220 0.7835309
1221 0.7834218
1222 0.7833112
1223 0.7832018
1224 0.7830929
1225 0.7829827
1226 0.7828738
1227 0.7827653
1228 0.7826568
1229 0.7825477
1230 0.7824394
1231 0.78233
1232 0.7822229
1233 0.7821146
1234 0.7820066
1235 0.7818982
1236 0.7817907
1237 0.7816833
1238 0.7815751
1239 0.7814682
1240 0.7813606
1241 0.7812526
1242 0.7811459
1243 0.7810379
1244 0.7809305
1245 0.7808238
1246 0.7807166
1247 0.7806104
1248 0.7805035
1249 0.7803975
1250 0.7802907
1251 0.7801836
1252 0.780077
1253 0.7799712
1254 0.7798646
1255 0.7797578
1256 0.7796519
1257 0.7795456
1258 0.7794386
1259 0.779332
1260 0.7792256
1261 0.7791198
1262 0.7790132
1263 0.7789067
1264 0.7788008
1265 0.7786953
1266 0.7785886
1267 0.7784827
1268 0.7783769
1269 0.778271
1270 0.7781646
1271 0.7780589
1272 0.7779518
1273 0.7778453
1274 0.7777397
1275 0.7776333
1276 0.7775282
1277 0.7774212
1278 0.7773147
1279 0.7772094
1280 0.7771021
1281 0.7769953
1282 0.7768887
1283 0.776782
1284 0.7766763
1285 0.7765697
1286 0.7764631
1287 0.7763556
1288 0.7762502
1289 0.776142
1290 0.7760355
1291 0.7759297
1292 0.7758216
1293 0.7757156
1294 0.7756089
1295 0.7755008
1296 0.7753941
1297 0.7752863
1298 0.7751794
1299 0.775071
1300 0.7749633
1301 0.7748559
1302 0.7747485
1303 0.7746399
1304 0.7745329
1305 0.774424
1306 0.774315
1307 0.7742069
1308 0.7740986
1309 0.7739904
1310 0.773881
1311 0.7737722
1312 0.7736638
1313 0.7735558
1314 0.7734458
1315 0.7733366
1316 0.7732267
1317 0.7731172
1318 0.7730073
1319 0.7728987
1320 0.7727883
1321 0.7726784
1322 0.7725684
1323 0.7724572
1324 0.772347
1325 0.7722368
1326 0.7721257
1327 0.7720147
1328 0.7719041
1329 0.7717922
1330 0.771681
1331 0.7715691
1332 0.7714573
1333 0.7713456
1334 0.771234
1335 0.771122
1336 0.7710102
1337 0.7708976
1338 0.7707848
1339 0.7706714
1340 0.7705589
1341 0.7704454
1342 0.7703322
1343 0.7702191
1344 0.7701058
1345 0.769992
1346 0.7698784
1347 0.7697639
1348 0.7696505
1349 0.7695362
1350 0.7694216
1351 0.7693058
1352 0.7691907
1353 0.7690759
1354 0.7689606
1355 0.7688447
1356 0.7687289
1357 0.7686139
1358 0.7684966
1359 0.7683803
1360 0.7682651
1361 0.7681479
1362 0.7680318
1363 0.7679151
1364 0.7677976
1365 0.7676799
1366 0.7675627
1367 0.7674453
1368 0.7673283
1369 0.7672107
1370 0.767092
1371 0.7669747
1372 0.7668552
1373 0.7667376
1374 0.7666188
1375 0.7664999
1376 0.7663805
1377 0.7662618
1378 0.766142
1379 0.7660227
1380 0.7659031
1381 0.7657839
1382 0.7656636
1383 0.7655439
1384 0.765424
1385 0.765303
1386 0.765182
1387 0.7650626
1388 0.764942
1389 0.7648198
1390 0.7646998
1391 0.7645785
1392 0.7644574
1393 0.7643356
1394 0.7642146
1395 0.7640926
1396 0.7639707
1397 0.7638486
1398 0.7637266
1399 0.763605
1400 0.7634818
1401 0.7633603
1402 0.7632368
1403 0.7631142
1404 0.7629909
1405 0.7628686
1406 0.7627452
1407 0.762623
1408 0.7624997
1409 0.7623765
1410 0.7622531
1411 0.7621301
1412 0.7620069
1413 0.761883
1414 0.7617598
1415 0.7616361
1416 0.7615124
1417 0.7613893
1418 0.7612651
1419 0.7611414
1420 0.7610177
1421 0.760893
1422 0.7607686
1423 0.760645
1424 0.7605211
1425 0.7603964
1426 0.760272
1427 0.7601477
1428 0.7600235
1429 0.7598996
1430 0.7597755
1431 0.7596509
1432 0.7595276
1433 0.7594029
1434 0.7592784
1435 0.7591544
1436 0.7590301
1437 0.7589056
1438 0.7587817
1439 0.7586573
1440 0.7585327
1441 0.7584088
1442 0.7582855
1443 0.7581618
1444 0.7580379
1445 0.7579132
1446 0.7577888
1447 0.7576652
1448 0.7575419
1449 0.757417
1450 0.7572934
1451 0.7571699
1452 0.7570465
1453 0.756923
1454 0.7567995
1455 0.7566764
1456 0.7565523
1457 0.7564297
1458 0.7563073
1459 0.7561847
1460 0.7560622
1461 0.7559394
1462 0.7558169
1463 0.7556949
1464 0.7555721
1465 0.7554501
1466 0.7553284
1467 0.7552065
1468 0.7550855
1469 0.754963
1470 0.7548419
1471 0.7547204
1472 0.7545992
1473 0.7544789
1474 0.7543575
1475 0.7542367
1476 0.7541165
1477 0.7539964
1478 0.7538765
1479 0.7537568
1480 0.7536367
1481 0.7535173
1482 0.7533981
1483 0.7532795
1484 0.7531605
1485 0.7530419
1486 0.7529235
1487 0.7528061
1488 0.7526874
1489 0.7525703
1490 0.7524524
1491 0.7523358
1492 0.7522183
1493 0.7521017
1494 0.7519848
1495 0.7518693
1496 0.7517534
1497 0.7516376
1498 0.7515216
1499 0.7514068
1500 0.7512923
1501 0.7511776
1502 0.7510632
1503 0.7509496
1504 0.7508369
1505 0.7507239
1506 0.7506105
1507 0.7504977
1508 0.7503859
1509 0.750274
1510 0.7501625
1511 0.7500506
1512 0.7499403
1513 0.74983
1514 0.7497197
1515 0.7496099
1516 0.7494991
1517 0.7493907
1518 0.749281
1519 0.7491729
1520 0.7490643
1521 0.748957
1522 0.748849
1523 0.7487416
1524 0.7486353
1525 0.7485284
1526 0.7484227
1527 0.7483176
1528 0.7482121
1529 0.7481073
1530 0.7480028
1531 0.7478991
1532 0.7477958
1533 0.7476921
1534 0.7475894
1535 0.7474871
1536 0.7473864
1537 0.7472836
1538 0.7471826
1539 0.7470824
1540 0.7469822
1541 0.7468818
1542 0.746783
1543 0.7466837
1544 0.7465851
1545 0.7464871
1546 0.7463891
1547 0.7462918
1548 0.7461947
1549 0.7460977
1550 0.7460021
1551 0.7459075
1552 0.7458113
1553 0.7457169
1554 0.7456234
1555 0.7455291
1556 0.7454356
1557 0.7453428
1558 0.7452511
1559 0.7451593
1560 0.7450674
1561 0.7449765
1562 0.7448862
1563 0.7447969
1564 0.7447068
1565 0.7446179
1566 0.7445294
1567 0.7444408
1568 0.744353
1569 0.7442656
1570 0.7441799
1571 0.7440928
1572 0.7440072
1573 0.7439218
1574 0.7438368
1575 0.743753
1576 0.7436689
1577 0.7435864
1578 0.7435023
1579 0.7434209
1580 0.7433377
1581 0.7432567
1582 0.743176
1583 0.7430964
1584 0.7430158
1585 0.7429367
1586 0.7428573
1587 0.7427793
1588 0.7427009
1589 0.742623
1590 0.7425463
1591 0.7424711
1592 0.7423942
1593 0.7423186
1594 0.7422431
1595 0.7421687
1596 0.7420949
1597 0.742021
1598 0.7419487
1599 0.7418762
1600 0.7418039
1601 0.7417325
1602 0.7416615
1603 0.7415909
1604 0.7415206
1605 0.7414512
1606 0.7413815
1607 0.7413129
1608 0.7412447
1609 0.7411766
1610 0.7411099
1611 0.7410434
1612 0.7409772
1613 0.740912
1614 0.7408466
1615 0.7407812
1616 0.7407171
1617 0.7406533
1618 0.7405899
1619 0.7405272
1620 0.7404638
1621 0.7404026
1622 0.7403408
1623 0.7402803
1624 0.7402199
1625 0.7401603
1626 0.7401001
1627 0.7400402
1628 0.7399827
1629 0.7399244
1630 0.7398671
1631 0.7398093
1632 0.7397522
1633 0.7396963
1634 0.7396412
1635 0.7395859
1636 0.7395306
1637 0.7394764
1638 0.7394221
1639 0.7393688
1640 0.7393159
1641 0.7392626
1642 0.7392118
1643 0.7391593
1644 0.7391077
1645 0.739058
1646 0.7390065
1647 0.7389569
1648 0.7389072
1649 0.7388577
1650 0.7388098
1651 0.7387608
1652 0.7387139
1653 0.7386664
1654 0.7386194
1655 0.7385733
1656 0.738527
1657 0.7384811
1658 0.738436
1659 0.7383916
1660 0.7383474
1661 0.7383027
1662 0.7382597
1663 0.7382167
1664 0.7381736
1665 0.7381311
1666 0.7380899
1667 0.7380481
1668 0.7380077
1669 0.7379662
1670 0.7379255
1671 0.737886
1672 0.7378471
1673 0.7378072
1674 0.7377682
1675 0.7377301
1676 0.7376921
1677 0.7376544
1678 0.7376172
1679 0.7375801
1680 0.7375435
1681 0.7375076
1682 0.7374711
1683 0.7374358
1684 0.7374014
1685 0.7373669
1686 0.7373316
1687 0.7372977
1688 0.7372644
1689 0.7372312
1690 0.7371983
1691 0.7371662
1692 0.7371333
1693 0.7371014
1694 0.7370701
1695 0.737039
1696 0.7370077
1697 0.7369775
1698 0.7369469
1699 0.7369169
1700 0.7368873
1701 0.7368584
1702 0.7368285
1703 0.7368009
1704 0.7367719
1705 0.7367433
1706 0.7367163
1707 0.7366893
1708 0.7366621
1709 0.7366349
1710 0.7366078
1711 0.7365823
1712 0.7365565
1713 0.7365301
1714 0.7365061
1715 0.7364801
1716 0.7364557
1717 0.7364306
1718 0.7364066
1719 0.7363831
1720 0.7363596
1721 0.7363356
1722 0.7363122
1723 0.7362901
1724 0.7362671
1725 0.7362441
1726 0.7362226
1727 0.7362008
1728 0.7361792
1729 0.7361579
1730 0.7361365
1731 0.7361152
1732 0.7360954
1733 0.7360747
1734 0.7360549
1735 0.7360346
1736 0.7360153
1737 0.7359954
1738 0.735976
1739 0.7359572
1740 0.7359383
1741 0.73592
1742 0.7359019
1743 0.7358834
1744 0.7358663
1745 0.7358481
1746 0.7358308
1747 0.7358139
1748 0.7357972
1749 0.7357802
1750 0.7357642
1751 0.7357471
1752 0.7357311
1753 0.735715
1754 0.7356986
1755 0.7356842
1756 0.7356682
1757 0.7356534
1758 0.7356383
1759 0.7356229
1760 0.7356083
1761 0.7355947
1762 0.73558
1763 0.7355657
1764 0.7355524
1765 0.7355376
1766 0.7355247
1767 0.7355115
1768 0.735498
1769 0.7354848
1770 0.7354724
1771 0.7354593
1772 0.7354475
1773 0.735434
1774 0.7354221
1775 0.7354106
1776 0.7353989
1777 0.7353866
1778 0.7353743
1779 0.7353637
1780 0.735352
1781 0.7353401
1782 0.735329
1783 0.7353184
1784 0.7353079
1785 0.735297
1786 0.7352866
1787 0.735276
1788 0.7352656
1789 0.7352557
1790 0.7352453
1791 0.7352351
1792 0.7352259
1793 0.7352166
1794 0.7352069
1795 0.735197
1796 0.7351875
1797 0.7351788
1798 0.7351696
1799 0.7351601
1800 0.7351518
1801 0.7351437
1802 0.735135
1803 0.7351255
1804 0.7351176
1805 0.7351092
1806 0.7351012
1807 0.7350937
1808 0.7350852
1809 0.7350779
1810 0.73507
1811 0.7350616
1812 0.7350551
1813 0.7350475
1814 0.7350401
1815 0.7350325
1816 0.7350248
1817 0.735018
1818 0.7350115
1819 0.7350042
1820 0.7349972
1821 0.734991
1822 0.7349839
1823 0.7349771
1824 0.7349696
1825 0.7349641
1826 0.7349575
1827 0.7349513
1828 0.7349454
1829 0.7349387
1830 0.7349333
1831 0.7349267
1832 0.7349198
1833 0.7349148
1834 0.7349094
1835 0.7349033
1836 0.7348978
1837 0.7348923
1838 0.7348865
1839 0.7348807
1840 0.7348761
1841 0.7348708
1842 0.7348655
1843 0.7348599
1844 0.7348549
1845 0.7348497
1846 0.7348443
1847 0.7348401
1848 0.734836
1849 0.734831
1850 0.7348253
1851 0.7348207
1852 0.7348161
1853 0.7348109
1854 0.7348062
1855 0.7348033
1856 0.7347976
1857 0.7347938
1858 0.7347896
1859 0.734785
1860 0.7347807
1861 0.7347767
1862 0.7347714
1863 0.7347677
1864 0.7347645
1865 0.7347597
1866 0.7347556
1867 0.7347524
1868 0.7347477
1869 0.734744
1870 0.7347341
1871 0.7347242
1872 0.7347151
1873 0.7347058
1874 0.7346967
1875 0.7346886
1876 0.7346799
1877 0.7346724
1878 0.7346643
1879 0.7346563
1880 0.7346495
1881 0.7346432
1882 0.7346361
1883 0.7346296
1884 0.7346233
1885 0.7346177
1886 0.734611
1887 0.7346064
1888 0.7346013
1889 0.7345964
1890 0.7345912
1891 0.7345864
1892 0.7345827
1893 0.7345785
1894 0.7345744
1895 0.734571
1896 0.7345678
1897 0.734565
1898 0.7345608
1899 0.7345591
1900 0.7345563
1901 0.7345545
1902 0.7345526
1903 0.7345511
1904 0.734549
1905 0.7345485
1906 0.7345471
1907 0.7345469
1908 0.7345462
1909 0.7345464
1910 0.734547
1911 0.734547
1912 0.7345474
1913 0.7345478
1914 0.7345478
1915 0.7345502
1916 0.7345518
1917 0.7345523
1918 0.7345551
1919 0.734558
1920 0.7345607
1921 0.7345641
1922 0.7345679
1923 0.7345718
1924 0.7345756
1925 0.7345796
1926 0.734584
1927 0.7345893
1928 0.7345945
1929 0.7345996
1930 0.7346051
1931 0.7346118
1932 0.7346181
1933 0.7346264
1934 0.7346324
1935 0.7346398
1936 0.7346478
1937 0.7346551
1938 0.7346628
1939 0.7346718
1940 0.7346813
1941 0.7346894
1942 0.7346988
1943 0.7347087
1944 0.7347192
1945 0.7347286
1946 0.7347393
1947 0.7347496
1948 0.7347606
1949 0.7347721
1950 0.7347839
1951 0.7347949
1952 0.734808
1953 0.7348194
1954 0.7348319
1955 0.7348451
1956 0.7348587
1957 0.734871
1958 0.7348855
1959 0.7348986
1960 0.7349119
1961 0.7349262
1962 0.7349402
1963 0.734955
1964 0.7349688
1965 0.7349839
1966 0.7349982
1967 0.7350129
1968 0.7350284
1969 0.7350432
1970 0.7350587
1971 0.7350735
1972 0.7350887
1973 0.7351046
1974 0.73512
1975 0.7351357
1976 0.7351506
1977 0.735166
1978 0.7351817
1979 0.7351969
1980 0.7352129
1981 0.7352282
1982 0.735244
1983 0.7352588
1984 0.7352735
1985 0.735288
1986 0.7353033
1987 0.7353179
1988 0.7353326
1989 0.7353474
1990 0.7353616
1991 0.7353758
1992 0.7353894
1993 0.7354024
1994 0.7354168
1995 0.7354295
1996 0.7354418
1997 0.7354542
1998 0.7354667
1999 0.7354788
2000 0.7354904
2001 0.7355022
2002 0.7355127
2003 0.7355233
2004 0.735534
2005 0.7355436
2006 0.7355524
2007 0.7355618
2008 0.7355707
2009 0.7355788
2010 0.7355874
2011 0.7355947
2012 0.7356017
2013 0.7356069
2014 0.7356135
2015 0.7356185
2016 0.7356229
2017 0.7356274
2018 0.7356318
2019 0.7356339
2020 0.7356375
2021 0.7356394
2022 0.7356411
2023 0.7356414
2024 0.7356422
2025 0.7356412
2026 0.7356408
2027 0.7356392
2028 0.7356373
2029 0.7356341
2030 0.7356303
2031 0.7356259
2032 0.7356224
2033 0.7356153
2034 0.7356107
2035 0.7356032
2036 0.735596
2037 0.7355875
2038 0.735579
2039 0.7355695
2040 0.735559
2041 0.7355497
2042 0.7355371
2043 0.7355247
2044 0.7355111
2045 0.7354984
2046 0.7354842
2047 0.7354689
2048 0.7354534
2049 0.735437
2050 0.7354198
2051 0.7354017
2052 0.7353831
2053 0.7353647
2054 0.7353447
2055 0.7353247
2056 0.7353033
2057 0.7352811
2058 0.7352597
2059 0.7352358
2060 0.735212
2061 0.7351877
2062 0.7351618
2063 0.735137
2064 0.7351097
2065 0.7350828
2066 0.7350546
2067 0.7350271
2068 0.7349979
2069 0.7349681
2070 0.7349381
2071 0.7349074
2072 0.7348757
2073 0.7348436
2074 0.7348111
2075 0.7347778
2076 0.7347447
2077 0.73471
2078 0.7346753
2079 0.7346388
2080 0.7346031
2081 0.7345667
2082 0.7345297
2083 0.7344915
2084 0.7344541
2085 0.7344147
2086 0.734376
2087 0.7343371
2088 0.7342966
2089 0.7342565
2090 0.7342159
2091 0.7341756
2092 0.7341325
2093 0.7340911
2094 0.7340475
2095 0.7340047
2096 0.733962
2097 0.7339187
2098 0.7338741
2099 0.7338291
2100 0.733784
2101 0.7337394
2102 0.7336932
2103 0.733648
2104 0.733602
2105 0.7335551
2106 0.7335087
2107 0.7334617
2108 0.733414
2109 0.7333668
2110 0.7333186
2111 0.7332704
2112 0.7332218
2113 0.733173
2114 0.7331249
2115 0.7330753
2116 0.7330263
2117 0.7329758
2118 0.7329265
2119 0.7328765
2120 0.7328268
2121 0.7327764
2122 0.7327262
2123 0.7326756
2124 0.732624
2125 0.7325742
2126 0.7325224
2127 0.7324715
2128 0.7324199
2129 0.7323692
2130 0.7323178
2131 0.7322658
2132 0.7322146
2133 0.7321629
2134 0.7321103
2135 0.7320585
2136 0.7320061
2137 0.7319545
2138 0.7319021
2139 0.7318495
2140 0.7317969
2141 0.7317448
2142 0.7316927
2143 0.7316402
2144 0.7315885
2145 0.7315359
2146 0.7314829
2147 0.7314301
2148 0.7313775
2149 0.7313249
2150 0.731272
2151 0.7312197
2152 0.7311676
2153 0.7311143
2154 0.7310618
2155 0.7310088
2156 0.7309565
2157 0.730904
2158 0.7308511
2159 0.7307981
2160 0.7307454
2161 0.730693
2162 0.7306397
2163 0.7305876
2164 0.7305349
2165 0.7304826
2166 0.7304295
2167 0.7303771
2168 0.7303251
2169 0.7302721
2170 0.7302192
2171 0.7301664
2172 0.7301138
2173 0.7300609
2174 0.7300084
2175 0.7299562
2176 0.7299041
2177 0.7298505
2178 0.7297985
2179 0.729746
2180 0.7296933
2181 0.7296411
2182 0.729589
2183 0.7295364
2184 0.7294838
2185 0.7294313
2186 0.7293791
2187 0.7293268
2188 0.729275
2189 0.7292238
2190 0.729171
2191 0.7291186
2192 0.7290663
2193 0.7290143
2194 0.7289622
2195 0.7289096
2196 0.7288579
2197 0.7288058
2198 0.7287538
2199 0.728702
2200 0.7286505
2201 0.7285987
2202 0.7285465
2203 0.7284955
2204 0.7284432
2205 0.7283913
2206 0.728339
2207 0.7282875
2208 0.7282355
2209 0.7281849
2210 0.7281328
2211 0.7280822
2212 0.728031
2213 0.7279787
2214 0.7279277
2215 0.7278765
2216 0.727825
2217 0.7277738
2218 0.7277226
2219 0.7276719
2220 0.7276209
2221 0.7275696
2222 0.7275186
2223 0.7274667
2224 0.7274161
2225 0.7273658
2226 0.7273145
2227 0.7272643
2228 0.7272142
2229 0.727163
2230 0.7271124
2231 0.727062
2232 0.7270119
2233 0.7269617
2234 0.7269114
2235 0.7268621
2236 0.7268111
2237 0.7267621
2238 0.7267121
2239 0.726662
2240 0.726612
2241 0.7265629
2242 0.7265134
2243 0.7264641
2244 0.726415
2245 0.7263659
2246 0.7263162
2247 0.7262672
2248 0.7262176
2249 0.7261686
2250 0.7261201
2251 0.7260719
2252 0.7260228
2253 0.7259753
2254 0.7259257
2255 0.725878
2256 0.7258294
2257 0.7257819
2258 0.7257349
2259 0.7256866
2260 0.7256393
2261 0.7255913
2262 0.7255434
2263 0.7254965
2264 0.7254492
2265 0.7254019
2266 0.7253557
2267 0.7253081
2268 0.7252618
2269 0.7252153
2270 0.7251691
2271 0.7251225
2272 0.7250759
2273 0.7250303
2274 0.7249845
2275 0.7249384
2276 0.7249048
2277 0.7248693
2278 0.7248361
2279 0.7248017
2280 0.7247679
2281 0.7247335
2282 0.7247005
2283 0.7246659
2284 0.724633
2285 0.7245992
2286 0.7245655
2287 0.7245327
2288 0.7244984
2289 0.7244654
2290 0.7244326
2291 0.7244002
2292 0.7243669
2293 0.7243338
2294 0.7243008
2295 0.7242684
2296 0.7242359
2297 0.7242037
2298 0.7241709
2299 0.724139
2300 0.7241064
2301 0.7240744
2302 0.7240421
2303 0.7240099
2304 0.7239785
2305 0.7239468
2306 0.7239155
2307 0.7238827
2308 0.7238514
2309 0.7238202
2310 0.7237881
2311 0.7237568
2312 0.7237255
2313 0.7236949
2314 0.7236638
2315 0.7236328
2316 0.7236017
2317 0.7235716
2318 0.7235412
2319 0.7235097
2320 0.7234791
2321 0.7234491
2322 0.7234184
2323 0.7233883
2324 0.7233576
2325 0.7233282
2326 0.7232979
2327 0.7232686
2328 0.7232379
2329 0.723208
2330 0.7231788
2331 0.7231486
2332 0.7231194
2333 0.7230904
2334 0.7230608
2335 0.7230322
2336 0.723003
2337 0.7229738
2338 0.722945
2339 0.7229163
2340 0.722887
2341 0.7228582
2342 0.7228292
2343 0.7228011
2344 0.7227723
2345 0.722744
2346 0.7227156
2347 0.722688
2348 0.7226595
2349 0.7226315
2350 0.7226028
2351 0.7225761
2352 0.7225481
2353 0.7225204
2354 0.7224931
2355 0.7224659
2356 0.722438
2357 0.7224112
2358 0.7223837
2359 0.7223561
2360 0.7223292
2361 0.7223019
2362 0.7222761
2363 0.7222487
2364 0.7222224
2365 0.7221944
2366 0.7221683
2367 0.722142
2368 0.7221153
2369 0.7220889
2370 0.7220632
2371 0.7220367
2372 0.7220104
2373 0.7219848
2374 0.7219589
2375 0.7219339
2376 0.7219068
2377 0.7218813
2378 0.7218558
2379 0.7218308
2380 0.7218053
2381 0.7217801
2382 0.7217547
2383 0.7217292
2384 0.7217042
2385 0.7216784
2386 0.7216534
2387 0.7216285
2388 0.7216036
2389 0.7215788
2390 0.7215542
2391 0.7215291
2392 0.7215048
2393 0.7214805
2394 0.7214558
2395 0.721432
2396 0.7214072
2397 0.7213831
2398 0.7213587
2399 0.7213351
2400 0.7213109
2401 0.721287
2402 0.7212633
2403 0.72124
2404 0.7212158
2405 0.7211924
2406 0.7211685
2407 0.7211452
2408 0.7211216
2409 0.7210986
2410 0.7210748
2411 0.7210517
2412 0.7210298
2413 0.721006
2414 0.7209829
2415 0.72096
2416 0.7209374
2417 0.720914
2418 0.7208917
2419 0.7208683
2420 0.7208467
2421 0.7208239
2422 0.7208021
2423 0.7207794
2424 0.7207573
2425 0.720735
2426 0.7207125
2427 0.7206911
2428 0.7206681
2429 0.7206469
2430 0.7206254
2431 0.7206033
2432 0.7205817
2433 0.7205602
2434 0.7205349
2435 0.72051
2436 0.7204861
2437 0.7204597
2438 0.7204347
2439 0.7204099
2440 0.7203853
2441 0.7203599
2442 0.7203358
2443 0.7203121
2444 0.7202873
2445 0.7202633
2446 0.7202387
2447 0.7202144
2448 0.7201909
2449 0.7201665
2450 0.7201436
2451 0.7201189
2452 0.7200952
2453 0.7200723
2454 0.720048
2455 0.7200251
2456 0.7200018
2457 0.7199782
2458 0.7199551
2459 0.7199318
2460 0.7199087
2461 0.7198862
2462 0.7198623
2463 0.7198402
2464 0.7198169
2465 0.7197944
2466 0.7197721
2467 0.7197493
2468 0.7197264
2469 0.7197042
2470 0.7196815
2471 0.7196596
2472 0.7196371
2473 0.7196153
2474 0.7195929
2475 0.7195711
2476 0.7195495
2477 0.7195272
2478 0.7195053
2479 0.7194839
2480 0.7194613
2481 0.71944
2482 0.7194182
2483 0.7193966
2484 0.7193748
2485 0.7193537
2486 0.7193328
2487 0.7193113
2488 0.7192904
2489 0.7192684
2490 0.7192476
2491 0.7192262
2492 0.7192053
2493 0.7191843
2494 0.7191625
2495 0.7191423
2496 0.7191206
2497 0.7191004
2498 0.7190799
2499 0.7190588
2500 0.7190379
2501 0.7190175
2502 0.7189966
2503 0.718976
2504 0.718956
2505 0.7189351
2506 0.718914
2507 0.7188944
2508 0.7188735
2509 0.7188534
2510 0.7188325
2511 0.7188129
2512 0.7187932
2513 0.718773
2514 0.7187524
2515 0.7187324
2516 0.7187122
2517 0.7186917
2518 0.7186715
2519 0.7186508
2520 0.7186311
2521 0.7186118
2522 0.7185921
2523 0.7185721
2524 0.7185518
2525 0.7185322
2526 0.7185121
2527 0.718492
2528 0.7184731
2529 0.7184523
2530 0.7184331
2531 0.7184131
2532 0.7183931
2533 0.7183744
2534 0.7183539
2535 0.718334
2536 0.7183145
2537 0.7182955
2538 0.7182756
2539 0.7182559
2540 0.7182363
2541 0.7182162
2542 0.7181978
2543 0.7181773
2544 0.7181587
2545 0.7181388
2546 0.7181191
2547 0.7180994
2548 0.7180794
2549 0.718061
2550 0.7180408
2551 0.7180222
2552 0.7180025
2553 0.7179826
2554 0.7179638
2555 0.7179447
2556 0.7179251
2557 0.7179055
2558 0.7178856
2559 0.7178667
2560 0.7178461
2561 0.7178268
2562 0.7178078
2563 0.7177882
2564 0.7177688
2565 0.7177506
2566 0.7177306
2567 0.7177117
2568 0.7176921
2569 0.7176727
2570 0.7176538
2571 0.717635
2572 0.7176154
2573 0.7175965
2574 0.7175766
2575 0.7175574
2576 0.7175385
2577 0.7175187
2578 0.717501
2579 0.7174813
2580 0.7174621
2581 0.7174424
2582 0.7174239
2583 0.7174042
2584 0.7173858
2585 0.7173656
2586 0.7173464
2587 0.717328
2588 0.7173088
2589 0.7172897
2590 0.7172711
2591 0.7172515
2592 0.7172325
2593 0.717214
2594 0.7171952
2595 0.7171756
2596 0.7171561
2597 0.7171377
2598 0.7171188
2599 0.7170998
2600 0.7170808
2601 0.7170621
2602 0.7170432
2603 0.7170238
2604 0.7170057
2605 0.7169864
2606 0.716967
2607 0.716949
2608 0.7169303
2609 0.7169113
2610 0.7168931
2611 0.7168743
2612 0.716855
2613 0.7168361
2614 0.7168175
2615 0.7167988
2616 0.7167804
2617 0.716762
2618 0.7167433
2619 0.7167245
2620 0.7167057
2621 0.7166876
2622 0.7166689
2623 0.7166497
2624 0.7166314
2625 0.716613
2626 0.7165945
2627 0.7165759
2628 0.7165576
2629 0.7165391
2630 0.7165208
2631 0.7165027
2632 0.716484
2633 0.7164657
2634 0.7164467
2635 0.7164286
2636 0.7164103
2637 0.7163919
2638 0.7163734
2639 0.7163554
2640 0.7163371
2641 0.7163191
2642 0.7163004
2643 0.716282
2644 0.7162645
2645 0.7162462
2646 0.7162278
2647 0.7162099
2648 0.7161918
2649 0.7161729
2650 0.7161548
2651 0.7161371
2652 0.7161189
2653 0.7161006
2654 0.7160833
2655 0.7160646
2656 0.7160465
2657 0.7160282
2658 0.7160101
2659 0.7159925
2660 0.7159749
2661 0.7159572
2662 0.7159392
2663 0.7159213
2664 0.7159027
2665 0.7158844
2666 0.7158668
2667 0.7158493
2668 0.7158315
2669 0.7158135
2670 0.7157958
2671 0.715778
2672 0.7157606
2673 0.715743
2674 0.7157246
2675 0.7157075
2676 0.7156892
2677 0.7156717
2678 0.715654
2679 0.7156365
2680 0.7156189
2681 0.7156006
2682 0.7155825
2683 0.715565
2684 0.7155473
2685 0.7155301
2686 0.7155125
2687 0.7154948
2688 0.7154772
2689 0.715459
2690 0.7154414
2691 0.7154241
2692 0.715406
2693 0.7153881
2694 0.7153711
2695 0.7153536
2696 0.715336
2697 0.7153177
2698 0.7153005
2699 0.7152827
2700 0.715265
2701 0.7152477
2702 0.7152302
2703 0.7152118
2704 0.7151946
2705 0.7151765
2706 0.7151588
2707 0.7151415
2708 0.7151237
2709 0.7151064
2710 0.7150879
2711 0.7150713
2712 0.715053
2713 0.7150345
2714 0.7150174
2715 0.7149995
2716 0.7149822
2717 0.7149642
2718 0.7149462
2719 0.7149285
2720 0.7149119
2721 0.7148941
2722 0.7148759
2723 0.7148576
2724 0.7148404
2725 0.7148223
2726 0.7148046
2727 0.7147868
2728 0.7147683
2729 0.7147511
2730 0.7147329
2731 0.7147152
2732 0.7146971
2733 0.7146795
2734 0.7146621
2735 0.7146446
2736 0.7146262
2737 0.7146077
2738 0.7145901
2739 0.7145721
2740 0.7145543
2741 0.7145356
2742 0.7145184
2743 0.7144997
2744 0.7144818
2745 0.7144642
2746 0.7144454
2747 0.714428
2748 0.7144099
2749 0.7143916
2750 0.7143734
2751 0.7143553
2752 0.7143374
2753 0.7143193
2754 0.7143011
2755 0.7142825
2756 0.7142642
2757 0.7142465
2758 0.7142287
2759 0.7142098
2760 0.7141917
2761 0.7141739
2762 0.7141562
2763 0.7141374
2764 0.7141192
2765 0.7141007
2766 0.7140822
2767 0.714064
2768 0.7140465
2769 0.7140273
2770 0.7140095
2771 0.7139907
2772 0.7139725
2773 0.7139542
2774 0.713936
2775 0.7139171
2776 0.7138982
2777 0.7138801
2778 0.7138615
2779 0.7138435
2780 0.7138242
2781 0.713806
2782 0.7137873
2783 0.7137688
2784 0.7137508
2785 0.7137314
2786 0.7137141
2787 0.7136951
2788 0.7136765
2789 0.7136584
2790 0.7136389
2791 0.7136205
2792 0.7136021
2793 0.7135829
2794 0.7135648
2795 0.7135462
2796 0.7135277
2797 0.7135083
2798 0.7134903
2799 0.7134715
2800 0.7134525
2801 0.7134337
2802 0.7134148
2803 0.7133962
2804 0.7133772
2805 0.7133582
2806 0.7133392
2807 0.7133207
2808 0.7133017
2809 0.713283
2810 0.713264
2811 0.7132456
2812 0.7132262
2813 0.713207
2814 0.7131882
2815 0.7131695
2816 0.7131506
2817 0.713132
2818 0.713113
2819 0.7130937
2820 0.7130751
2821 0.7130564
2822 0.7130371
2823 0.7130181
2824 0.7129992
2825 0.71298
2826 0.7129612
2827 0.7129418
2828 0.7129232
2829 0.7129045
2830 0.7128848
2831 0.7128665
2832 0.7128472
2833 0.7128289
2834 0.7128096
2835 0.7127906
2836 0.7127718
2837 0.7127528
2838 0.7127338
2839 0.7127149
2840 0.7126959
2841 0.7126767
2842 0.7126581
2843 0.7126389
2844 0.7126202
2845 0.7126015
2846 0.7125823
2847 0.7125633
2848 0.7125437
2849 0.7125253
2850 0.7125064
2851 0.7124875
2852 0.7124682
2853 0.7124494
2854 0.7124304
2855 0.7124121
2856 0.7123933
2857 0.712374
2858 0.7123554
2859 0.7123358
2860 0.7123179
2861 0.7122991
2862 0.7122805
2863 0.7122613
2864 0.7122422
2865 0.7122236
2866 0.7122051
2867 0.7121861
2868 0.7121674
2869 0.7121487
2870 0.7121297
2871 0.7121107
2872 0.7120916
2873 0.7120727
2874 0.7120538
2875 0.7120351
2876 0.7120169
2877 0.7119988
2878 0.7119796
2879 0.7119619
2880 0.7119425
2881 0.711924
2882 0.7119057
2883 0.7118872
2884 0.711869
2885 0.71185
2886 0.7118321
2887 0.711814
2888 0.7117954
2889 0.7117773
2890 0.711759
2891 0.7117407
2892 0.7117229
2893 0.711704
2894 0.711686
2895 0.7116674
2896 0.7116498
2897 0.7116319
2898 0.7116131
2899 0.7115954
2900 0.7115767
2901 0.7115588
2902 0.7115411
2903 0.7115237
2904 0.7115054
2905 0.7114874
2906 0.711469
2907 0.7114516
2908 0.7114342
2909 0.7114165
2910 0.7113984
2911 0.7113813
2912 0.7113639
2913 0.7113466
2914 0.711329
2915 0.7113112
2916 0.7112936
2917 0.7112772
2918 0.7112593
2919 0.7112424
2920 0.7112254
2921 0.7112084
2922 0.7111909
2923 0.7111748
2924 0.7111576
2925 0.7111404
2926 0.7111239
2927 0.7111061
2928 0.7110898
2929 0.7110729
2930 0.7110561
2931 0.7110392
2932 0.7110229
2933 0.7110065
2934 0.71099
2935 0.7109735
2936 0.7109575
2937 0.7109421
2938 0.7109249
2939 0.7109092
2940 0.710893
2941 0.7108766
2942 0.7108613
2943 0.710845
2944 0.7108282
2945 0.710813
2946 0.7107974
2947 0.7107825
2948 0.7107664
2949 0.7107508
2950 0.7107355
2951 0.7107195
2952 0.7107049
2953 0.7106895
2954 0.7106738
2955 0.7106584
2956 0.7106437
2957 0.7106285
2958 0.7106139
2959 0.7105991
2960 0.7105843
2961 0.7105696
2962 0.7105547
2963 0.7105403
2964 0.7105255
2965 0.7105109
2966 0.7104966
2967 0.7104818
2968 0.7104679
2969 0.710454
2970 0.7104402
2971 0.710426
2972 0.7104118
2973 0.7103982
2974 0.7103842
2975 0.7103706
2976 0.7103564
2977 0.7103435
2978 0.7103299
2979 0.7103161
2980 0.710303
2981 0.7102902
2982 0.710276
2983 0.710263
2984 0.7102495
2985 0.7102364
2986 0.7102232
2987 0.7102107
2988 0.7101978
2989 0.7101851
2990 0.7101718
2991 0.7101591
2992 0.7101464
2993 0.7101334
2994 0.7101213
2995 0.7101082
2996 0.7100964
2997 0.710084
2998 0.7100722
2999 0.7100596
3000 0.7100472
3001 0.7100353
3002 0.7100232
3003 0.7100114
3004 0.7099996
3005 0.7099872
3006 0.7099761
3007 0.7099643
3008 0.7099522
3009 0.7099413
3010 0.7099289
3011 0.7099175
3012 0.709906
3013 0.709895
3014 0.7098835
3015 0.7098717
3016 0.7098602
3017 0.7098489
3018 0.7098386
3019 0.7098281
3020 0.7098181
3021 0.7098067
3022 0.7097952
3023 0.7097847
3024 0.7097744
3025 0.7097632
3026 0.7097526
3027 0.7097415
3028 0.7097314
3029 0.7097213
3030 0.7097105
3031 0.7097004
3032 0.7096894
3033 0.7096793
3034 0.7096695
3035 0.7096599
3036 0.7096497
3037 0.7096391
3038 0.7096294
3039 0.7096189
3040 0.7096089
3041 0.7095987
3042 0.7095891
3043 0.7095788
3044 0.7095691
3045 0.7095596
3046 0.7095502
3047 0.7095401
3048 0.7095309
3049 0.7095213
3050 0.7095118
3051 0.7095021
3052 0.7094929
3053 0.709483
3054 0.7094741
3055 0.7094641
3056 0.7094551
3057 0.7094457
3058 0.7094364
3059 0.7094272
3060 0.7094182
3061 0.7094096
3062 0.7093995
3063 0.7093906
3064 0.7093816
3065 0.7093731
3066 0.7093643
3067 0.7093552
3068 0.7093461
3069 0.709337
3070 0.7093289
3071 0.7093197
3072 0.7093109
3073 0.7093023
3074 0.7092935
3075 0.7092851
3076 0.7092763
3077 0.7092678
3078 0.7092583
3079 0.7092496
3080 0.7092411
3081 0.709233
3082 0.7092245
3083 0.7092156
3084 0.7092077
3085 0.7091996
3086 0.7091905
3087 0.7091824
3088 0.7091741
3089 0.7091658
3090 0.7091579
3091 0.7091495
3092 0.7091412
3093 0.7091334
3094 0.7091245
3095 0.7091168
3096 0.7091084
3097 0.7091001
3098 0.7090917
3099 0.7090839
3100 0.7090759
3101 0.7090673
3102 0.7090594
3103 0.709052
3104 0.7090434
3105 0.7090358
3106 0.7090278
3107 0.7090201
3108 0.7090123
3109 0.7090046
3110 0.7089964
3111 0.7089887
3112 0.7089805
3113 0.7089729
3114 0.7089658
3115 0.7089581
3116 0.7089496
3117 0.7089422
3118 0.7089349
3119 0.7089268
3120 0.7089195
3121 0.7089116
3122 0.7089038
3123 0.708896
3124 0.7088884
3125 0.7088809
3126 0.7088733
3127 0.7088662
3128 0.7088588
3129 0.708851
3130 0.7088431
3131 0.7088356
3132 0.7088284
3133 0.7088207
3134 0.708813
3135 0.7088057
3136 0.7087989
3137 0.7087915
3138 0.7087843
3139 0.7087764
3140 0.7087687
3141 0.7087616
3142 0.7087544
3143 0.7087473
3144 0.7087399
3145 0.7087329
3146 0.7087252
3147 0.7087182
3148 0.7087109
3149 0.7087038
3150 0.7086966
3151 0.7086892
3152 0.7086815
3153 0.7086742
3154 0.7086674
3155 0.7086599
3156 0.7086526
3157 0.7086456
3158 0.7086389
3159 0.7086322
3160 0.7086251
3161 0.7086182
3162 0.7086114
3163 0.7086043
3164 0.7085977
3165 0.7085907
3166 0.7085829
3167 0.7085766
3168 0.7085695
3169 0.7085621
3170 0.7085557
3171 0.708549
3172 0.7085423
3173 0.708535
3174 0.7085289
3175 0.7085223
3176 0.7085155
3177 0.7085088
3178 0.7085021
3179 0.708495
3180 0.7084883
3181 0.7084821
3182 0.7084755
3183 0.7084688
3184 0.7084621
3185 0.7084557
3186 0.7084488
3187 0.7084423
3188 0.7084363
3189 0.7084294
3190 0.7084235
3191 0.708417
3192 0.7084101
3193 0.7084038
3194 0.7083973
3195 0.7083911
3196 0.7083849
3197 0.7083779
3198 0.7083721
3199 0.7083663
3200 0.70836
3201 0.7083536
3202 0.7083477
3203 0.7083415
3204 0.708335
3205 0.7083287
3206 0.7083228
3207 0.7083168
3208 0.7083111
3209 0.7083048
3210 0.708299
3211 0.708293
3212 0.7082878
3213 0.708282
3214 0.7082755
3215 0.7082698
3216 0.7082641
3217 0.7082583
3218 0.7082527
3219 0.7082468
3220 0.7082413
3221 0.7082354
3222 0.7082301
3223 0.7082239
3224 0.7082187
3225 0.7082133
3226 0.7082081
3227 0.7082022
3228 0.7081968
3229 0.7081911
3230 0.7081858
3231 0.7081808
3232 0.7081755
3233 0.7081703
3234 0.7081654
3235 0.7081597
3236 0.7081543
3237 0.7081487
3238 0.7081439
3239 0.7081383
3240 0.7081328
3241 0.7081284
3242 0.7081234
3243 0.7081171
3244 0.7081127
3245 0.7081076
3246 0.7081028
3247 0.7080979
3248 0.7080929
3249 0.708088
3250 0.7080829
3251 0.7080778
3252 0.708073
3253 0.7080681
3254 0.7080638
3255 0.7080589
3256 0.7080541
3257 0.7080494
3258 0.7080446
3259 0.7080401
3260 0.7080361
3261 0.7080311
3262 0.7080266
3263 0.7080224
3264 0.7080173
3265 0.7080128
3266 0.7080085
3267 0.7080032
3268 0.7079985
3269 0.7079943
3270 0.7079899
3271 0.7079859
3272 0.7079817
3273 0.7079774
3274 0.7079729
3275 0.7079688
3276 0.7079647
3277 0.7079604
3278 0.7079561
3279 0.7079523
3280 0.7079481
3281 0.7079439
3282 0.7079402
3283 0.707936
3284 0.7079322
3285 0.7079281
3286 0.7079242
3287 0.7079203
3288 0.7079163
3289 0.7079123
3290 0.7079085
3291 0.7079049
3292 0.7079011
3293 0.7078966
3294 0.7078926
3295 0.707889
3296 0.7078847
3297 0.7078819
3298 0.7078775
3299 0.707874
3300 0.7078692
3301 0.7078663
3302 0.7078624
3303 0.7078589
3304 0.7078549
3305 0.7078513
3306 0.7078476
3307 0.7078441
3308 0.7078401
3309 0.7078372
3310 0.7078334
3311 0.7078297
3312 0.7078261
3313 0.7078228
3314 0.7078197
3315 0.7078161
3316 0.7078127
3317 0.7078095
3318 0.7078053
3319 0.7078021
3320 0.707799
3321 0.7077954
3322 0.7077916
3323 0.7077885
3324 0.7077848
3325 0.7077808
3326 0.7077782
3327 0.7077749
3328 0.7077718
3329 0.7077686
3330 0.7077652
3331 0.707762
3332 0.7077592
3333 0.7077555
3334 0.7077523
3335 0.7077493
3336 0.7077464
3337 0.7077426
3338 0.7077392
3339 0.7077361
3340 0.7077332
3341 0.7077296
3342 0.7077265
3343 0.7077238
3344 0.7077208
3345 0.7077175
3346 0.7077144
3347 0.7077112
3348 0.7077087
3349 0.7077053
3350 0.7077014
3351 0.707698
3352 0.7076952
3353 0.7076923
3354 0.7076893
3355 0.7076861
3356 0.7076835
3357 0.7076801
3358 0.7076771
3359 0.7076743
3360 0.7076708
3361 0.7076681
3362 0.7076651
3363 0.7076623
3364 0.707659
3365 0.7076558
3366 0.7076527
3367 0.7076496
3368 0.707647
3369 0.707644
3370 0.7076415
3371 0.7076383
3372 0.7076344
3373 0.707632
3374 0.707629
3375 0.7076269
3376 0.7076241
3377 0.7076213
3378 0.7076184
3379 0.7076155
3380 0.7076125
3381 0.7076089
3382 0.7076066
3383 0.7076029
3384 0.7075997
3385 0.7075966
3386 0.7075936
3387 0.7075906
3388 0.7075878
3389 0.7075847
3390 0.7075816
3391 0.7075785
3392 0.7075757
3393 0.7075729
3394 0.7075695
3395 0.7075665
3396 0.7075639
3397 0.7075602
3398 0.7075573
3399 0.7075552
3400 0.707552
3401 0.7075494
3402 0.7075461
3403 0.7075429
3404 0.7075399
3405 0.7075372
3406 0.7075347
3407 0.7075315
3408 0.7075279
3409 0.7075253
3410 0.7075226
3411 0.7075199
3412 0.7075167
3413 0.7075131
3414 0.7075103
3415 0.7075072
3416 0.7075043
3417 0.7075011
3418 0.7074981
3419 0.7074959
3420 0.7074929
3421 0.7074901
3422 0.7074875
3423 0.7074842
3424 0.7074814
3425 0.7074784
3426 0.7074759
3427 0.7074726
3428 0.7074692
3429 0.7074667
3430 0.7074634
3431 0.7074602
3432 0.7074572
3433 0.7074538
3434 0.7074507
3435 0.7074475
3436 0.7074448
3437 0.7074418
3438 0.7074388
3439 0.7074361
3440 0.7074331
3441 0.7074298
3442 0.7074265
3443 0.7074235
3444 0.7074205
3445 0.7074176
3446 0.7074146
3447 0.7074119
3448 0.7074088
3449 0.7074057
3450 0.7074025
3451 0.7073988
3452 0.7073961
3453 0.7073928
3454 0.7073895
3455 0.7073867
3456 0.7073835
3457 0.7073807
3458 0.7073774
3459 0.7073747
3460 0.7073716
3461 0.7073685
3462 0.7073655
3463 0.7073627
3464 0.7073594
3465 0.7073563
3466 0.7073534
3467 0.7073503
3468 0.7073468
3469 0.7073432
3470 0.7073403
3471 0.707337
3472 0.7073337
3473 0.7073312
3474 0.7073279
3475 0.707325
3476 0.7073221
3477 0.7073193
3478 0.7073157
3479 0.7073122
3480 0.7073097
3481 0.707306
3482 0.7073027
3483 0.7072997
3484 0.7072961
3485 0.7072927
3486 0.7072892
3487 0.7072868
3488 0.7072837
3489 0.7072805
3490 0.7072769
3491 0.7072741
3492 0.7072706
3493 0.7072678
3494 0.7072642
3495 0.7072616
3496 0.7072581
3497 0.7072549
3498 0.707251
3499 0.7072481
3500 0.7072445
3501 0.7072411
3502 0.707238
3503 0.7072347
3504 0.7072321
3505 0.7072285
3506 0.7072251
3507 0.7072217
3508 0.7072184
3509 0.7072151
3510 0.7072116
3511 0.7072084
3512 0.7072055
3513 0.7072022
3514 0.7071985
3515 0.7071953
3516 0.7071925
3517 0.7071894
3518 0.7071854
3519 0.7071821
3520 0.707179
3521 0.7071756
3522 0.707172
3523 0.7071689
3524 0.7071659
3525 0.7071621
3526 0.7071584
3527 0.7071557
3528 0.7071523
3529 0.7071491
3530 0.7071459
3531 0.7071425
3532 0.7071395
3533 0.7071368
3534 0.7071332
3535 0.7071298
3536 0.7071266
3537 0.7071238
3538 0.70712
3539 0.7071167
3540 0.707113
3541 0.7071101
3542 0.7071072
3543 0.7071044
3544 0.7071011
3545 0.7070971
3546 0.7070932
3547 0.7070901
3548 0.7070871
3549 0.7070842
3550 0.7070805
3551 0.7070766
3552 0.7070735
3553 0.70707
3554 0.7070668
3555 0.7070631
3556 0.7070597
3557 0.7070565
3558 0.7070532
3559 0.7070495
3560 0.7070464
3561 0.7070428
3562 0.70704
3563 0.7070369
3564 0.707033
3565 0.7070296
3566 0.7070262
3567 0.7070232
3568 0.7070202
3569 0.7070166
3570 0.7070135
3571 0.7070102
3572 0.7070072
3573 0.7070041
3574 0.707001
3575 0.7069976
3576 0.7069938
3577 0.7069909
3578 0.7069874
3579 0.7069839
3580 0.7069806
3581 0.706977
3582 0.7069735
3583 0.7069707
3584 0.7069674
3585 0.706964
3586 0.7069613
3587 0.7069579
3588 0.7069544
3589 0.7069511
3590 0.7069482
3591 0.7069443
3592 0.7069416
3593 0.7069385
3594 0.7069345
3595 0.7069309
3596 0.7069277
3597 0.7069247
3598 0.7069212
3599 0.7069179
3600 0.7069144
3601 0.7069116
3602 0.706908
3603 0.7069054
3604 0.706902
3605 0.7068983
3606 0.7068945
3607 0.7068921
3608 0.7068887
3609 0.7068852
3610 0.7068824
3611 0.7068796
3612 0.7068758
3613 0.7068733
3614 0.7068692
3615 0.7068665
3616 0.7068629
3617 0.7068599
3618 0.7068563
3619 0.7068526
3620 0.7068492
3621 0.7068464
3622 0.7068433
3623 0.70684
3624 0.7068368
3625 0.7068337
3626 0.70683
3627 0.7068266
3628 0.7068231
3629 0.7068194
3630 0.7068166
3631 0.7068134
3632 0.7068102
3633 0.7068071
3634 0.7068037
3635 0.7068005
3636 0.7067973
3637 0.7067948
3638 0.7067915
3639 0.7067884
3640 0.706785
3641 0.7067823
3642 0.7067792
3643 0.7067761
3644 0.7067729
3645 0.7067693
3646 0.7067664
3647 0.7067637
3648 0.7067602
3649 0.7067568
3650 0.7067535
3651 0.7067498
3652 0.7067462
3653 0.7067435
3654 0.7067402
3655 0.7067375
3656 0.7067342
3657 0.7067312
3658 0.7067278
3659 0.7067248
3660 0.7067214
3661 0.7067185
3662 0.7067152
3663 0.7067127
3664 0.7067094
3665 0.7067063
3666 0.7067032
3667 0.7066994
3668 0.7066967
3669 0.7066938
3670 0.7066909
3671 0.7066875
3672 0.7066837
3673 0.7066806
3674 0.7066777
3675 0.7066746
3676 0.7066717
3677 0.7066685
3678 0.7066654
3679 0.7066627
3680 0.7066597
3681 0.7066565
3682 0.7066533
3683 0.7066507
3684 0.7066475
3685 0.7066444
3686 0.7066413
3687 0.706638
3688 0.7066352
3689 0.706632
3690 0.7066284
3691 0.7066255
3692 0.7066224
3693 0.7066193
3694 0.7066164
3695 0.7066136
3696 0.7066111
3697 0.7066083
3698 0.7066053
3699 0.7066021
3700 0.7065991
3701 0.706596
3702 0.7065932
3703 0.7065899
3704 0.706587
3705 0.7065843
3706 0.7065815
3707 0.7065784
3708 0.7065753
3709 0.7065722
3710 0.7065691
3711 0.7065666
3712 0.7065635
3713 0.7065601
3714 0.7065565
3715 0.7065535
3716 0.7065508
3717 0.706548
3718 0.7065452
3719 0.7065415
3720 0.7065387
3721 0.7065358
3722 0.7065329
3723 0.7065297
3724 0.7065265
3725 0.7065235
3726 0.7065206
3727 0.7065176
3728 0.7065145
3729 0.7065123
3730 0.7065088
3731 0.7065059
3732 0.7065033
3733 0.7064996
3734 0.7064968
3735 0.7064939
3736 0.7064908
3737 0.7064877
3738 0.7064849
3739 0.7064816
3740 0.7064788
3741 0.7064759
3742 0.7064727
3743 0.7064697
3744 0.7064663
3745 0.7064636
3746 0.7064604
3747 0.7064573
3748 0.7064545
3749 0.7064513
3750 0.7064484
3751 0.7064453
3752 0.7064425
3753 0.70644
3754 0.7064371
3755 0.7064341
3756 0.7064311
3757 0.7064281
3758 0.7064248
3759 0.706422
3760 0.7064193
3761 0.7064162
3762 0.7064129
3763 0.7064094
3764 0.7064068
3765 0.706404
3766 0.706401
3767 0.7063983
3768 0.7063951
3769 0.7063921
3770 0.7063888
3771 0.706386
3772 0.706383
3773 0.7063797
3774 0.7063771
3775 0.7063743
3776 0.7063712
3777 0.7063682
3778 0.7063656
3779 0.7063621
3780 0.706359
3781 0.7063565
3782 0.7063535
3783 0.7063506
3784 0.7063473
3785 0.7063445
3786 0.7063413
3787 0.7063379
3788 0.7063352
3789 0.7063323
3790 0.7063296
3791 0.7063265
3792 0.7063234
3793 0.7063205
3794 0.7063173
3795 0.7063146
3796 0.7063118
3797 0.7063086
3798 0.7063061
3799 0.7063024
3800 0.7062999
3801 0.706296
3802 0.7062929
3803 0.7062899
3804 0.7062868
3805 0.7062839
3806 0.7062811
3807 0.7062779
3808 0.706275
3809 0.7062718
3810 0.7062685
3811 0.7062653
3812 0.7062624
3813 0.7062591
3814 0.7062557
3815 0.7062529
3816 0.7062501
3817 0.706247
3818 0.7062442
3819 0.7062418
3820 0.706238
3821 0.7062343
3822 0.7062314
3823 0.7062286
3824 0.7062258
3825 0.7062226
3826 0.7062195
3827 0.7062168
3828 0.7062132
3829 0.70621
3830 0.7062071
3831 0.7062039
3832 0.7062011
3833 0.7061977
3834 0.7061948
3835 0.7061916
3836 0.7061884
3837 0.706185
3838 0.7061818
3839 0.7061787
3840 0.7061753
3841 0.7061723
3842 0.7061693
3843 0.7061661
3844 0.7061631
3845 0.7061602
3846 0.7061575
3847 0.7061543
3848 0.7061512
3849 0.7061478
3850 0.7061446
3851 0.7061412
3852 0.7061381
3853 0.7061356
3854 0.7061325
3855 0.7061291
3856 0.7061262
3857 0.7061226
3858 0.7061194
3859 0.7061166
3860 0.7061135
3861 0.7061104
3862 0.7061075
3863 0.7061042
3864 0.7061009
3865 0.7060981
3866 0.7060948
3867 0.7060915
3868 0.7060884
3869 0.7060853
3870 0.7060822
3871 0.7060786
3872 0.7060754
3873 0.7060723
3874 0.7060693
3875 0.706066
3876 0.706063
3877 0.70606
3878 0.7060567
3879 0.7060534
3880 0.7060507
3881 0.7060481
3882 0.7060449
3883 0.7060419
3884 0.7060385
3885 0.7060357
3886 0.7060323
3887 0.706029
3888 0.7060258
3889 0.7060226
3890 0.7060193
3891 0.7060164
3892 0.7060133
3893 0.7060103
3894 0.7060072
3895 0.7060041
3896 0.7060009
3897 0.7059974
3898 0.7059941
3899 0.7059913
3900 0.7059886
3901 0.705985
3902 0.7059817
3903 0.7059785
3904 0.7059756
3905 0.7059726
3906 0.7059697
3907 0.7059669
3908 0.7059635
3909 0.7059603
3910 0.7059572
3911 0.7059542
3912 0.705951
3913 0.7059478
3914 0.7059448
3915 0.7059421
3916 0.7059391
3917 0.7059363
3918 0.7059331
3919 0.7059298
3920 0.7059268
3921 0.7059236
3922 0.7059208
3923 0.7059179
3924 0.7059147
3925 0.7059117
3926 0.7059084
3927 0.7059055
3928 0.7059031
3929 0.7058997
3930 0.7058965
3931 0.7058936
3932 0.7058905
3933 0.7058876
3934 0.7058846
3935 0.7058814
3936 0.7058787
3937 0.7058756
3938 0.7058725
3939 0.7058698
3940 0.7058669
3941 0.7058636
3942 0.7058607
3943 0.7058579
3944 0.7058549
3945 0.7058522
3946 0.7058493
3947 0.7058465
3948 0.7058434
3949 0.7058406
3950 0.7058382
3951 0.7058353
3952 0.7058319
3953 0.7058295
3954 0.7058265
3955 0.7058229
3956 0.7058203
3957 0.7058171
3958 0.7058148
3959 0.7058121
3960 0.7058092
3961 0.7058067
3962 0.7058039
3963 0.7058012
3964 0.7057984
3965 0.7057958
3966 0.7057931
3967 0.7057902
3968 0.7057872
3969 0.7057846
3970 0.7057821
3971 0.705779
3972 0.7057763
3973 0.7057738
3974 0.7057711
3975 0.7057683
3976 0.7057661
3977 0.7057635
3978 0.7057609
3979 0.7057586
3980 0.7057555
3981 0.7057528
3982 0.7057499
3983 0.7057475
3984 0.705745
3985 0.7057425
3986 0.7057398
3987 0.7057368
3988 0.7057343
3989 0.7057316
3990 0.7057292
3991 0.7057266
3992 0.7057241
3993 0.705722
3994 0.7057193
3995 0.7057167
3996 0.7057143
3997 0.7057118
3998 0.7057096
3999 0.7057071
4000 0.7057046
4001 0.7057024
4002 0.7056995
4003 0.7056975
4004 0.7056949
4005 0.7056925
4006 0.7056902
4007 0.7056878
4008 0.705685
4009 0.7056831
4010 0.7056811
4011 0.7056784
4012 0.705676
4013 0.7056736
4014 0.7056711
4015 0.7056687
4016 0.7056668
4017 0.7056643
4018 0.7056621
4019 0.70566
4020 0.7056577
4021 0.7056552
4022 0.7056531
4023 0.7056507
4024 0.7056482
4025 0.7056459
4026 0.7056438
4027 0.7056412
4028 0.7056391
4029 0.7056367
4030 0.7056346
4031 0.7056326
4032 0.7056301
4033 0.7056276
4034 0.7056253
4035 0.7056231
4036 0.705621
4037 0.7056188
4038 0.705617
4039 0.7056151
4040 0.7056125
4041 0.7056108
4042 0.7056081
4043 0.7056063
4044 0.7056042
4045 0.705602
4046 0.7056
4047 0.7055977
4048 0.7055954
4049 0.7055935
4050 0.7055914
4051 0.7055898
4052 0.705588
4053 0.7055861
4054 0.7055843
4055 0.7055822
4056 0.7055801
4057 0.705578
4058 0.7055758
4059 0.7055741
4060 0.7055715
4061 0.7055695
4062 0.7055674
4063 0.7055658
4064 0.7055637
4065 0.7055616
4066 0.7055598
4067 0.7055581
4068 0.7055557
4069 0.7055538
4070 0.7055516
4071 0.7055497
4072 0.7055481
4073 0.7055463
4074 0.7055438
4075 0.7055417
4076 0.7055399
4077 0.7055383
4078 0.7055362
4079 0.7055345
4080 0.7055327
4081 0.7055307
4082 0.705529
4083 0.7055275
4084 0.7055252
4085 0.7055234
4086 0.7055217
4087 0.7055197
4088 0.7055178
4089 0.705517
4090 0.7055152
4091 0.7055136
4092 0.7055116
4093 0.7055099
4094 0.7055077
4095 0.705506
4096 0.7055045
4097 0.7055026
4098 0.7055006
4099 0.7054991
4100 0.7054974
4101 0.7054955
4102 0.7054942
4103 0.7054926
4104 0.7054906
4105 0.7054887
4106 0.7054871
4107 0.7054855
4108 0.7054835
4109 0.7054822
4110 0.7054803
4111 0.7054791
4112 0.7054774
4113 0.7054756
4114 0.7054741
4115 0.7054722
4116 0.7054708
4117 0.7054691
4118 0.7054676
4119 0.7054658
4120 0.7054649
4121 0.7054626
4122 0.7054611
4123 0.7054597
4124 0.7054581
4125 0.7054566
4126 0.7054552
4127 0.7054538
4128 0.7054526
4129 0.7054504
4130 0.7054489
4131 0.7054473
4132 0.7054457
4133 0.7054443
4134 0.705443
4135 0.7054417
4136 0.7054403
4137 0.7054383
4138 0.7054369
4139 0.7054351
4140 0.7054337
4141 0.7054328
4142 0.7054315
4143 0.70543
4144 0.7054286
4145 0.705427
4146 0.7054255
4147 0.7054242
4148 0.7054225
4149 0.7054212
4150 0.7054198
4151 0.7054186
4152 0.7054172
4153 0.7054157
4154 0.7054141
4155 0.7054126
4156 0.7054111
4157 0.7054099
4158 0.7054086
4159 0.7054075
4160 0.7054061
4161 0.7054049
4162 0.705404
4163 0.7054025
4164 0.7054009
4165 0.7053998
4166 0.7053984
4167 0.7053971
4168 0.7053964
4169 0.7053953
4170 0.7053939
4171 0.705393
4172 0.7053915
4173 0.7053902
4174 0.705389
4175 0.7053878
4176 0.7053864
4177 0.705385
4178 0.7053843
4179 0.7053824
4180 0.7053812
4181 0.7053798
4182 0.7053787
4183 0.7053773
4184 0.7053763
4185 0.7053749
4186 0.7053738
4187 0.705373
4188 0.7053715
4189 0.7053705
4190 0.705369
4191 0.7053683
4192 0.7053673
4193 0.7053658
4194 0.7053649
4195 0.7053638
4196 0.7053629
4197 0.7053615
4198 0.7053605
4199 0.7053592
4200 0.7053585
4201 0.7053569
4202 0.7053561
4203 0.7053553
4204 0.7053536
4205 0.7053525
4206 0.7053509
4207 0.7053502
4208 0.7053492
4209 0.7053479
4210 0.7053466
4211 0.7053457
4212 0.7053451
4213 0.7053441
4214 0.7053431
4215 0.7053419
4216 0.7053407
4217 0.7053402
4218 0.7053389
4219 0.7053381
4220 0.7053378
4221 0.7053368
4222 0.7053357
4223 0.7053345
4224 0.7053339
4225 0.7053328
4226 0.7053317
4227 0.7053307
4228 0.7053296
4229 0.7053287
4230 0.7053278
4231 0.7053275
4232 0.7053263
4233 0.7053254
4234 0.7053246
4235 0.7053236
4236 0.7053225
4237 0.7053216
4238 0.7053205
4239 0.7053197
4240 0.7053187
4241 0.7053182
4242 0.7053172
4243 0.7053162
4244 0.7053154
4245 0.7053141
4246 0.7053131
4247 0.7053125
4248 0.7053119
4249 0.7053106
4250 0.7053097
4251 0.705309
4252 0.7053081
4253 0.7053073
4254 0.7053066
4255 0.7053052
4256 0.7053044
4257 0.7053037
4258 0.7053027
4259 0.7053024
4260 0.7053013
4261 0.7053002
4262 0.7052993
4263 0.7052984
4264 0.7052975
4265 0.7052967
4266 0.7052959
4267 0.7052953
4268 0.7052944
4269 0.7052934
4270 0.7052925
4271 0.7052919
4272 0.7052912
4273 0.7052905
4274 0.7052897
4275 0.7052891
4276 0.7052883
4277 0.7052876
4278 0.7052869
4279 0.7052864
4280 0.7052853
4281 0.7052846
4282 0.7052838
4283 0.705283
4284 0.7052823
4285 0.7052814
4286 0.7052807
4287 0.7052805
4288 0.7052798
4289 0.7052792
4290 0.7052785
4291 0.705278
4292 0.7052773
4293 0.7052765
4294 0.705276
4295 0.7052754
4296 0.7052744
4297 0.7052736
4298 0.7052731
4299 0.7052719
4300 0.7052713
4301 0.7052708
4302 0.7052702
4303 0.7052696
4304 0.7052687
4305 0.7052679
4306 0.7052675
4307 0.7052665
4308 0.7052655
4309 0.7052652
4310 0.7052645
4311 0.7052637
4312 0.7052631
4313 0.7052629
4314 0.7052628
4315 0.7052618
4316 0.7052612
4317 0.7052606
4318 0.7052599
4319 0.705259
4320 0.7052588
4321 0.7052585
4322 0.7052581
4323 0.7052575
4324 0.7052569
4325 0.7052563
4326 0.7052558
4327 0.7052549
4328 0.7052543
4329 0.7052535
4330 0.7052533
4331 0.7052529
4332 0.7052524
4333 0.7052512
4334 0.7052506
4335 0.7052502
4336 0.7052493
4337 0.7052488
4338 0.7052481
4339 0.7052475
4340 0.7052469
4341 0.7052462
4342 0.7052458
4343 0.705245
4344 0.7052444
4345 0.7052438
4346 0.7052433
4347 0.7052431
4348 0.7052426
4349 0.7052415
4350 0.7052411
4351 0.7052406
4352 0.70524
4353 0.7052392
4354 0.7052389
4355 0.7052382
4356 0.7052376
4357 0.705237
4358 0.7052366
4359 0.7052361
4360 0.7052354
4361 0.7052352
4362 0.7052344
4363 0.7052337
4364 0.7052332
4365 0.7052323
4366 0.7052321
4367 0.7052318
4368 0.7052318
4369 0.7052313
4370 0.7052306
4371 0.7052303
4372 0.7052295
4373 0.7052291
4374 0.7052289
4375 0.7052283
4376 0.7052276
4377 0.7052267
4378 0.7052264
4379 0.7052262
4380 0.7052257
4381 0.7052251
4382 0.7052248
4383 0.705224
4384 0.7052235
4385 0.7052231
4386 0.7052225
4387 0.7052223
4388 0.7052215
4389 0.705221
4390 0.7052203
4391 0.7052201
4392 0.7052195
4393 0.7052191
4394 0.7052181
4395 0.7052176
4396 0.705217
4397 0.7052166
4398 0.7052158
4399 0.705215
4400 0.7052149
4401 0.7052141
4402 0.7052135
4403 0.7052134
4404 0.7052128
4405 0.705212
4406 0.7052117
4407 0.7052112
4408 0.7052106
4409 0.7052101
4410 0.7052096
4411 0.7052088
4412 0.7052081
4413 0.7052076
4414 0.7052076
4415 0.7052071
4416 0.7052066
4417 0.705206
4418 0.7052059
4419 0.7052055
4420 0.7052051
4421 0.7052045
4422 0.7052045
4423 0.7052041
4424 0.7052035
4425 0.7052029
4426 0.7052023
4427 0.7052019
4428 0.7052012
4429 0.7052007
4430 0.7052007
4431 0.7052001
4432 0.7051995
4433 0.705199
4434 0.7051985
4435 0.7051983
4436 0.7051976
4437 0.7051973
4438 0.705197
4439 0.7051963
4440 0.705196
4441 0.7051958
4442 0.7051948
4443 0.7051947
4444 0.7051944
4445 0.7051939
4446 0.7051932
4447 0.7051929
4448 0.7051923
4449 0.7051921
4450 0.7051917
4451 0.7051907
4452 0.7051905
4453 0.7051899
4454 0.7051895
4455 0.7051889
4456 0.7051887
4457 0.7051883
4458 0.7051882
4459 0.7051873
4460 0.7051868
4461 0.7051865
4462 0.7051859
4463 0.7051858
4464 0.7051851
4465 0.7051847
4466 0.7051844
4467 0.7051837
4468 0.7051838
4469 0.7051836
4470 0.7051834
4471 0.7051826
4472 0.7051821
4473 0.7051819
4474 0.7051818
4475 0.7051812
4476 0.7051808
4477 0.7051802
4478 0.7051793
4479 0.7051791
4480 0.7051783
4481 0.7051778
4482 0.7051774
4483 0.7051772
4484 0.7051768
4485 0.7051763
4486 0.7051757
4487 0.7051752
4488 0.705175
4489 0.7051747
4490 0.7051748
4491 0.7051744
4492 0.7051743
4493 0.7051741
4494 0.7051736
4495 0.7051731
4496 0.7051724
4497 0.7051719
4498 0.7051715
4499 0.7051714
4500 0.7051709
4501 0.7051706
4502 0.7051707
4503 0.70517
4504 0.7051702
4505 0.7051696
4506 0.7051692
4507 0.7051687
4508 0.7051685
4509 0.7051681
4510 0.7051676
4511 0.7051672
4512 0.7051667
4513 0.7051665
4514 0.7051664
4515 0.7051656
4516 0.7051653
4517 0.705165
4518 0.7051645
4519 0.7051641
4520 0.7051635
4521 0.7051637
4522 0.7051634
4523 0.7051628
4524 0.7051626
4525 0.7051623
4526 0.7051621
4527 0.7051615
4528 0.7051608
4529 0.7051603
4530 0.7051599
4531 0.7051597
4532 0.7051594
4533 0.7051589
4534 0.7051584
4535 0.7051582
4536 0.7051581
4537 0.7051576
4538 0.7051573
4539 0.7051574
4540 0.7051567
4541 0.7051565
4542 0.7051563
4543 0.7051557
4544 0.7051557
4545 0.7051554
4546 0.7051554
4547 0.705155
4548 0.7051547
4549 0.7051547
4550 0.7051541
4551 0.705154
4552 0.7051536
4553 0.7051532
4554 0.705153
4555 0.705153
4556 0.7051525
4557 0.7051518
4558 0.7051516
4559 0.7051511
4560 0.7051508
4561 0.7051506
4562 0.70515
4563 0.7051498
4564 0.7051494
4565 0.705149
4566 0.7051484
4567 0.705148
4568 0.705148
4569 0.7051477
4570 0.7051477
4571 0.705147
4572 0.7051467
4573 0.7051466
4574 0.7051463
4575 0.7051462
4576 0.7051459
4577 0.7051455
4578 0.7051453
4579 0.7051448
4580 0.7051443
4581 0.7051437
4582 0.7051437
4583 0.705144
4584 0.7051439
4585 0.7051433
4586 0.7051435
4587 0.7051433
4588 0.7051428
4589 0.7051426
4590 0.7051427
4591 0.7051423
4592 0.7051422
4593 0.7051418
4594 0.7051413
4595 0.7051408
4596 0.7051404
4597 0.7051403
4598 0.7051398
4599 0.7051395
4600 0.7051393
4601 0.7051387
4602 0.7051386
4603 0.7051384
4604 0.7051383
4605 0.7051382
4606 0.7051373
4607 0.7051371
4608 0.7051369
4609 0.7051366
4610 0.7051365
4611 0.7051365
4612 0.7051359
4613 0.7051358
4614 0.7051356
4615 0.7051352
4616 0.7051349
4617 0.7051344
4618 0.7051341
4619 0.7051338
4620 0.7051337
4621 0.7051333
4622 0.7051328
4623 0.7051325
4624 0.7051323
4625 0.7051318
4626 0.7051312
4627 0.7051309
4628 0.7051309
4629 0.7051302
4630 0.70513
4631 0.7051294
4632 0.7051293
4633 0.705129
4634 0.7051285
4635 0.7051288
4636 0.7051284
4637 0.7051283
4638 0.7051283
4639 0.7051277
4640 0.7051277
4641 0.7051272
4642 0.7051269
4643 0.7051267
4644 0.7051263
4645 0.7051264
4646 0.7051262
4647 0.7051259
4648 0.7051257
4649 0.7051254
4650 0.7051253
4651 0.7051249
4652 0.7051246
4653 0.7051242
4654 0.7051242
4655 0.7051237
4656 0.7051237
4657 0.7051235
4658 0.7051232
4659 0.7051225
4660 0.7051224
4661 0.7051221
4662 0.7051218
4663 0.7051218
4664 0.7051212
4665 0.7051207
4666 0.7051204
4667 0.7051204
4668 0.70512
4669 0.7051198
4670 0.7051198
4671 0.7051196
4672 0.7051196
4673 0.7051191
4674 0.705119
4675 0.7051187
4676 0.7051187
4677 0.7051179
4678 0.7051181
4679 0.7051178
4680 0.7051176
4681 0.7051172
4682 0.705117
4683 0.7051167
4684 0.7051163
4685 0.7051162
4686 0.7051155
4687 0.7051153
4688 0.7051153
4689 0.7051149
4690 0.7051145
4691 0.7051142
4692 0.7051138
4693 0.7051136
4694 0.7051136
4695 0.7051134
4696 0.705113
4697 0.7051128
4698 0.7051127
4699 0.7051126
4700 0.7051125
4701 0.7051122
4702 0.7051117
4703 0.705111
4704 0.7051104
4705 0.7051104
4706 0.7051102
4707 0.7051099
4708 0.7051095
4709 0.7051095
4710 0.7051094
4711 0.7051093
4712 0.7051091
4713 0.7051091
4714 0.7051086
4715 0.7051083
4716 0.7051082
4717 0.7051082
4718 0.7051078
4719 0.7051075
4720 0.7051072
4721 0.705107
4722 0.7051067
4723 0.7051064
4724 0.7051058
4725 0.705106
4726 0.705106
4727 0.7051057
4728 0.7051054
4729 0.7051049
4730 0.7051045
4731 0.7051045
4732 0.7051041
4733 0.7051036
4734 0.7051034
4735 0.7051034
4736 0.7051032
4737 0.7051032
4738 0.7051031
4739 0.7051031
4740 0.7051028
4741 0.7051025
4742 0.7051025
4743 0.705102
4744 0.7051019
4745 0.7051018
4746 0.7051015
4747 0.7051014
4748 0.7051007
4749 0.7051004
4750 0.7051002
4751 0.7050998
4752 0.7050996
4753 0.7050993
4754 0.705099
4755 0.7050989
4756 0.7050987
4757 0.7050985
4758 0.7050982
4759 0.7050984
4760 0.7050982
4761 0.7050977
4762 0.7050977
4763 0.7050975
4764 0.705097
4765 0.7050967
4766 0.7050967
4767 0.7050963
4768 0.7050964
4769 0.7050962
4770 0.7050955
4771 0.7050955
4772 0.7050952
4773 0.7050952
4774 0.705095
4775 0.7050946
4776 0.7050945
4777 0.7050944
4778 0.705094
4779 0.7050936
4780 0.7050934
4781 0.7050937
4782 0.7050936
4783 0.7050939
4784 0.7050931
4785 0.7050933
4786 0.7050928
4787 0.7050924
4788 0.705092
4789 0.705092
4790 0.7050916
4791 0.7050914
4792 0.7050908
4793 0.7050911
4794 0.7050909
4795 0.7050906
4796 0.7050906
4797 0.7050904
4798 0.7050902
4799 0.7050902
4800 0.7050899
4801 0.7050896
4802 0.7050896
4803 0.7050892
4804 0.7050892
4805 0.7050889
4806 0.7050886
4807 0.7050883
4808 0.7050877
4809 0.705088
4810 0.7050877
4811 0.7050875
4812 0.7050872
4813 0.7050874
4814 0.7050871
4815 0.7050869
4816 0.7050868
4817 0.7050864
4818 0.7050863
4819 0.7050856
4820 0.7050855
4821 0.7050859
4822 0.7050858
4823 0.705086
4824 0.7050859
4825 0.7050858
4826 0.7050862
4827 0.705086
4828 0.7050856
4829 0.7050853
4830 0.705085
4831 0.7050848
4832 0.705085
4833 0.7050848
4834 0.705085
4835 0.7050848
4836 0.7050849
4837 0.7050848
4838 0.7050841
4839 0.705084
4840 0.7050837
4841 0.7050834
4842 0.7050832
4843 0.7050833
4844 0.705083
4845 0.7050828
4846 0.705083
4847 0.7050828
4848 0.7050825
4849 0.7050826
4850 0.7050824
4851 0.7050824
4852 0.7050824
4853 0.7050824
4854 0.7050823
4855 0.7050823
4856 0.7050818
4857 0.7050821
4858 0.7050819
4859 0.7050817
4860 0.7050813
4861 0.7050811
4862 0.7050808
4863 0.7050804
4864 0.7050804
4865 0.7050804
4866 0.7050802
4867 0.7050802
4868 0.7050803
4869 0.7050801
4870 0.7050801
4871 0.7050797
4872 0.7050798
4873 0.705079
4874 0.705079
4875 0.7050791
4876 0.7050792
4877 0.705079
4878 0.7050789
4879 0.7050787
4880 0.7050787
4881 0.7050785
4882 0.7050787
4883 0.7050784
4884 0.7050783
4885 0.7050782
4886 0.705078
4887 0.705078
4888 0.7050777
4889 0.7050776
4890 0.7050775
4891 0.7050776
4892 0.7050775
4893 0.7050772
4894 0.7050771
4895 0.7050769
4896 0.7050771
4897 0.7050769
4898 0.7050769
4899 0.7050769
4900 0.7050769
4901 0.7050769
4902 0.7050772
4903 0.7050772
4904 0.7050768
4905 0.7050767
4906 0.7050765
4907 0.7050765
4908 0.7050761
4909 0.7050763
4910 0.7050762
4911 0.705076
4912 0.705076
4913 0.705076
4914 0.7050757
4915 0.7050759
4916 0.7050756
4917 0.7050755
4918 0.7050758
4919 0.7050757
4920 0.7050756
4921 0.7050757
4922 0.7050756
4923 0.7050753
4924 0.7050753
4925 0.7050753
4926 0.705075
4927 0.7050748
4928 0.7050747
4929 0.7050747
4930 0.7050743
4931 0.7050745
4932 0.7050745
4933 0.7050743
4934 0.7050739
4935 0.7050739
4936 0.705074
4937 0.7050738
4938 0.7050737
4939 0.7050737
4940 0.7050737
4941 0.7050735
4942 0.7050735
4943 0.7050735
4944 0.7050735
4945 0.7050736
4946 0.7050733
4947 0.7050731
4948 0.7050732
4949 0.7050729
4950 0.7050728
4951 0.7050729
4952 0.7050728
4953 0.7050724
4954 0.7050723
4955 0.7050724
4956 0.7050725
4957 0.7050721
4958 0.7050722
4959 0.7050722
4960 0.705072
4961 0.7050716
4962 0.7050715
4963 0.7050714
4964 0.7050714
4965 0.7050714
4966 0.7050709
4967 0.7050713
4968 0.7050712
4969 0.7050709
4970 0.7050708
4971 0.7050709
4972 0.7050708
4973 0.7050708
4974 0.7050707
4975 0.7050706
4976 0.7050701
4977 0.7050699
4978 0.7050698
4979 0.7050698
4980 0.7050698
4981 0.7050698
4982 0.7050698
4983 0.7050698
4984 0.7050699
4985 0.7050698
4986 0.7050697
4987 0.7050698
4988 0.7050696
4989 0.7050697
4990 0.7050697
4991 0.7050698
4992 0.7050698
4993 0.7050699
4994 0.7050701
4995 0.70507
4996 0.7050699
4997 0.7050696
4998 0.7050696
4999 0.7050695
5000 0.7050692
5001 0.705069
5002 0.7050689
5003 0.7050691
5004 0.7050689
5005 0.7050689
5006 0.7050688
5007 0.7050689
5008 0.7050689
5009 0.7050688
5010 0.7050688
5011 0.7050685
5012 0.7050683
5013 0.7050684
5014 0.7050684
5015 0.7050688
5016 0.7050684
5017 0.7050687
5018 0.7050688
5019 0.7050686
5020 0.7050684
5021 0.7050685
5022 0.7050688
5023 0.7050688
5024 0.7050686
5025 0.7050685
5026 0.7050687
5027 0.7050686
5028 0.7050686
5029 0.7050683
5030 0.7050683
5031 0.7050684
5032 0.7050685
5033 0.7050685
5034 0.7050685
5035 0.7050688
5036 0.7050686
5037 0.7050684
5038 0.7050682
5039 0.7050686
5040 0.7050681
5041 0.7050682
5042 0.7050681
5043 0.7050679
5044 0.7050678
5045 0.7050681
5046 0.7050679
5047 0.7050678
5048 0.7050678
5049 0.7050677
5050 0.7050676
5051 0.7050678
5052 0.7050675
5053 0.7050675
5054 0.7050676
5055 0.7050675
5056 0.7050676
5057 0.7050678
5058 0.7050677
5059 0.7050679
5060 0.7050678
5061 0.7050678
5062 0.7050676
5063 0.7050676
5064 0.7050674
5065 0.7050674
5066 0.7050674
5067 0.7050675
5068 0.7050677
5069 0.7050676
5070 0.7050675
5071 0.7050674
5072 0.7050676
5073 0.7050676
5074 0.7050676
5075 0.7050678
5076 0.7050676
5077 0.7050678
5078 0.7050674
5079 0.7050678
5080 0.7050676
5081 0.7050673
5082 0.7050674
5083 0.7050677
5084 0.7050672
5085 0.705067
5086 0.7050672
5087 0.7050668
5088 0.7050669
5089 0.7050669
5090 0.705067
5091 0.7050672
5092 0.7050671
5093 0.705067
5094 0.7050667
5095 0.705067
5096 0.7050667
5097 0.7050667
5098 0.705067
5099 0.705067
5100 0.7050667
5101 0.705067
5102 0.7050669
5103 0.7050669
5104 0.7050668
5105 0.7050668
5106 0.7050667
5107 0.7050669
5108 0.7050669
5109 0.7050669
5110 0.705067
5111 0.705067
5112 0.7050668
5113 0.7050667
5114 0.7050669
5115 0.7050672
5116 0.7050671
5117 0.7050672
5118 0.7050674
5119 0.7050672
5120 0.705067
5121 0.705067
5122 0.7050671
5123 0.7050671
5124 0.705067
5125 0.7050669
5126 0.7050672
5127 0.7050673
5128 0.705067
5129 0.7050672
5130 0.7050671
5131 0.705067
5132 0.7050668
5133 0.7050669
5134 0.7050669
5135 0.705067
5136 0.705067
5137 0.7050671
5138 0.7050672
5139 0.7050673
5140 0.705067
5141 0.7050669
5142 0.7050672
5143 0.705067
5144 0.7050674
5145 0.7050672
5146 0.7050671
5147 0.705067
5148 0.705067
5149 0.705067
5150 0.7050669
5151 0.7050667
5152 0.7050667
5153 0.705067
5154 0.7050669
5155 0.7050669
5156 0.7050667
5157 0.7050669
5158 0.705067
5159 0.7050668
5160 0.7050669
5161 0.7050672
5162 0.705067
5163 0.7050672
5164 0.7050671
5165 0.7050671
5166 0.705067
5167 0.705067
5168 0.7050669
5169 0.7050667
5170 0.7050668
5171 0.705067
5172 0.7050671
5173 0.7050671
5174 0.7050672
5175 0.705067
5176 0.7050671
5177 0.7050672
5178 0.7050673
5179 0.7050673
5180 0.7050676
5181 0.7050676
5182 0.7050677
5183 0.7050678
5184 0.7050679
5185 0.7050681
5186 0.7050681
5187 0.7050681
5188 0.7050679
5189 0.7050679
5190 0.7050679
5191 0.7050679
5192 0.7050679
5193 0.7050678
5194 0.7050678
5195 0.7050681
5196 0.7050681
5197 0.7050682
5198 0.7050683
5199 0.7050682
5200 0.7050682
5201 0.7050682
5202 0.7050684
5203 0.7050685
5204 0.7050684
5205 0.7050687
5206 0.7050686
5207 0.7050684
5208 0.7050682
5209 0.7050682
5210 0.7050684
5211 0.7050685
5212 0.7050686
5213 0.7050689
5214 0.7050691
5215 0.7050691
5216 0.7050692
5217 0.7050692
5218 0.7050693
5219 0.7050694
5220 0.7050693
5221 0.7050693
5222 0.7050697
5223 0.7050698
5224 0.7050697
5225 0.7050696
5226 0.7050699
5227 0.7050698
5228 0.7050704
5229 0.7050704
5230 0.7050706
5231 0.7050706
5232 0.7050706
5233 0.7050704
5234 0.7050704
5235 0.7050706
5236 0.7050708
5237 0.7050708
5238 0.7050708
5239 0.7050708
5240 0.7050708
5241 0.7050709
5242 0.705071
5243 0.7050711
5244 0.7050714
5245 0.7050716
5246 0.7050716
5247 0.7050713
5248 0.7050714
5249 0.7050717
5250 0.7050717
5251 0.705072
5252 0.7050721
5253 0.705072
5254 0.7050721
5255 0.7050723
5256 0.7050723
5257 0.7050723
5258 0.7050721
5259 0.7050719
5260 0.7050721
5261 0.7050723
5262 0.7050722
5263 0.7050722
5264 0.7050722
5265 0.7050723
5266 0.7050725
5267 0.7050726
5268 0.7050726
5269 0.7050725
5270 0.7050728
5271 0.7050729
5272 0.7050728
5273 0.7050729
5274 0.7050727
5275 0.7050729
5276 0.7050731
5277 0.7050733
5278 0.7050735
5279 0.7050735
5280 0.7050735
5281 0.7050735
5282 0.7050735
5283 0.7050738
5284 0.7050737
5285 0.7050741
5286 0.705074
5287 0.7050744
5288 0.7050745
5289 0.7050744
5290 0.7050743
5291 0.7050745
5292 0.7050745
5293 0.7050746
5294 0.7050749
5295 0.7050747
5296 0.7050748
5297 0.7050748
5298 0.7050753
5299 0.7050748
5300 0.7050751
5301 0.7050753
5302 0.7050755
5303 0.7050754
5304 0.7050757
5305 0.7050756
5306 0.7050754
5307 0.7050756
5308 0.7050757
5309 0.7050757
5310 0.7050759
5311 0.7050762
5312 0.7050762
5313 0.7050762
5314 0.7050762
5315 0.7050763
5316 0.7050766
5317 0.7050767
5318 0.7050768
5319 0.7050771
5320 0.7050771
5321 0.7050771
5322 0.7050771
5323 0.7050772
5324 0.7050772
5325 0.7050775
5326 0.7050776
5327 0.7050775
5328 0.7050775
5329 0.7050776
5330 0.7050775
5331 0.7050777
5332 0.7050774
5333 0.7050774
5334 0.7050775
5335 0.7050776
5336 0.7050777
5337 0.7050781
5338 0.7050781
5339 0.7050782
5340 0.7050783
5341 0.7050783
5342 0.7050785
5343 0.7050786
5344 0.7050788
5345 0.7050792
5346 0.7050791
5347 0.7050792
5348 0.7050793
5349 0.7050794
5350 0.7050791
5351 0.7050791
5352 0.7050791
5353 0.7050794
5354 0.7050794
5355 0.7050796
5356 0.7050797
5357 0.7050799
5358 0.70508
5359 0.7050803
5360 0.7050804
5361 0.7050802
5362 0.7050803
5363 0.7050804
5364 0.7050807
5365 0.7050806
5366 0.7050811
5367 0.705081
5368 0.705081
5369 0.7050809
5370 0.705081
5371 0.705081
5372 0.7050812
5373 0.7050813
5374 0.7050813
5375 0.7050815
5376 0.7050813
5377 0.7050815
5378 0.7050815
5379 0.7050816
5380 0.7050819
5381 0.7050819
5382 0.7050821
5383 0.7050824
5384 0.7050824
5385 0.7050827
5386 0.7050827
5387 0.7050828
5388 0.7050828
5389 0.705083
5390 0.7050832
5391 0.7050831
5392 0.7050831
5393 0.7050832
5394 0.7050831
5395 0.7050833
5396 0.7050834
5397 0.7050837
5398 0.7050838
5399 0.7050838
5400 0.7050843
5401 0.7050843
5402 0.7050842
5403 0.7050845
5404 0.7050845
5405 0.7050845
5406 0.7050849
5407 0.7050847
5408 0.7050847
5409 0.7050849
5410 0.7050852
5411 0.705085
5412 0.7050852
5413 0.705085
5414 0.7050852
5415 0.7050852
5416 0.7050853
5417 0.7050854
5418 0.7050855
5419 0.7050857
5420 0.7050858
5421 0.7050862
5422 0.7050862
5423 0.7050865
5424 0.7050865
5425 0.7050866
5426 0.7050867
5427 0.7050868
5428 0.7050867
5429 0.705087
5430 0.7050871
5431 0.7050874
5432 0.7050874
5433 0.7050875
