"report-drag-rfile"
"Iteration" "report-drag"
("Iteration" "report-drag")
1 0.4833952
2 0.4974591
3 0.5114141
4 0.5252711
5 0.5390334
6 0.5526999
7 0.5662622
8 0.5797105
9 0.5930299
10 0.6062047
11 0.6192189
12 0.6320567
13 0.6447002
14 0.6571347
15 0.6693442
16 0.6813154
17 0.6930339
18 0.7044897
19 0.7156719
20 0.7265708
21 0.7371787
22 0.7474902
23 0.7574989
24 0.7672005
25 0.7765906
26 0.7856686
27 0.7944319
28 0.8028777
29 0.8110017
30 0.8187969
31 0.8262644
32 0.8334024
33 0.8402175
34 0.8467144
35 0.852906
36 0.8588047
37 0.8644212
38 0.8697748
39 0.8748841
40 0.8797667
41 0.8844408
42 0.8889277
43 0.8932438
44 0.8974069
45 0.9014325
46 0.9053352
47 0.909127
48 0.9128198
49 0.9164206
50 0.9199371
51 0.9233724
52 0.9267302
53 0.9300114
54 0.9332145
55 0.9363369
56 0.9393743
57 0.9423236
58 0.9451793
59 0.9479327
60 0.9505808
61 0.953117
62 0.955535
63 0.9578356
64 0.9600103
65 0.9620577
66 0.9639689
67 0.9657387
68 0.9673628
69 0.9688529
70 0.9701849
71 0.9713739
72 0.9724222
73 0.9733338
74 0.974113
75 0.9747573
76 0.9752651
77 0.9756406
78 0.9758762
79 0.9759717
80 0.9759304
81 0.9757534
82 0.9754415
83 0.9749988
84 0.9744318
85 0.9737496
86 0.9729584
87 0.9720659
88 0.9710833
89 0.9700178
90 0.9688796
91 0.9676766
92 0.966421
93 0.9651154
94 0.9637679
95 0.9623866
96 0.9609752
97 0.9595413
98 0.9580867
99 0.9566173
100 0.9551361
101 0.9536486
102 0.9521526
103 0.9506509
104 0.9491444
105 0.947637
106 0.9461267
107 0.9446146
108 0.9431005
109 0.9415858
110 0.9400712
111 0.9385559
112 0.9370376
113 0.9355186
114 0.9339956
115 0.9324647
116 0.9309277
117 0.9293793
118 0.9278218
119 0.9262549
120 0.924673
121 0.9230553
122 0.9214076
123 0.91974
124 0.9180501
125 0.9163424
126 0.9146166
127 0.9128724
128 0.9111119
129 0.9093356
130 0.9075415
131 0.9057332
132 0.9039099
133 0.9020709
134 0.9002187
135 0.8983534
136 0.8964748
137 0.8945851
138 0.8926846
139 0.8907772
140 0.8888627
141 0.8869425
142 0.8850192
143 0.8830946
144 0.881173
145 0.8792537
146 0.8773402
147 0.8754321
148 0.8735359
149 0.8716504
150 0.8697783
151 0.8679225
152 0.8660828
153 0.8642638
154 0.8624657
155 0.8606895
156 0.8589379
157 0.8572118
158 0.8555131
159 0.8538421
160 0.8521999
161 0.850588
162 0.8490053
163 0.8474543
164 0.8459358
165 0.844449
166 0.8429956
167 0.8415742
168 0.8401868
169 0.8388317
170 0.8375103
171 0.8362213
172 0.8349664
173 0.8337438
174 0.8325552
175 0.831398
176 0.8302742
177 0.8291839
178 0.8281255
179 0.8270988
180 0.8261042
181 0.8251421
182 0.8242109
183 0.8233119
184 0.8224407
185 0.821601
186 0.8207904
187 0.8200086
188 0.8192537
189 0.8185264
190 0.817827
191 0.8171524
192 0.8165027
193 0.8158777
194 0.8152769
195 0.8146994
196 0.8141451
197 0.8136113
198 0.8131006
199 0.8126102
200 0.8121396
201 0.811689
202 0.8112585
203 0.810847
204 0.8104538
205 0.8100797
206 0.8097222
207 0.809383
208 0.8090603
209 0.8087546
210 0.8084674
211 0.8081951
212 0.8079404
213 0.8077005
214 0.8074771
215 0.80727
216 0.8070772
217 0.8069006
218 0.8067397
219 0.8065934
220 0.806462
221 0.8063458
222 0.8062437
223 0.8061549
224 0.8060809
225 0.8060211
226 0.8059746
227 0.8059434
228 0.8059234
229 0.8059169
230 0.8059238
231 0.8059428
232 0.8059738
233 0.8060189
234 0.806073
235 0.8061394
236 0.806217
237 0.8063058
238 0.8064067
239 0.8065161
240 0.8066359
241 0.8067653
242 0.8069043
243 0.8070531
244 0.8072082
245 0.807372
246 0.8075435
247 0.807722
248 0.8079069
249 0.8080985
250 0.8082976
251 0.8084998
252 0.8087085
253 0.8089219
254 0.8091389
255 0.8093594
256 0.809583
257 0.8098105
258 0.8100407
259 0.8102733
260 0.810508
261 0.8107438
262 0.8109804
263 0.811217
264 0.8114556
265 0.8116935
266 0.8119312
267 0.8121683
268 0.8124037
269 0.8126396
270 0.8128721
271 0.8131041
272 0.8133337
273 0.8135612
274 0.813786
275 0.8140075
276 0.8142275
277 0.8144428
278 0.8146564
279 0.8148664
280 0.8150735
281 0.8152755
282 0.8154753
283 0.8156706
284 0.8158621
285 0.8160502
286 0.8162339
287 0.8164139
288 0.81659
289 0.8167623
290 0.8169304
291 0.8170938
292 0.8172548
293 0.8174109
294 0.8175637
295 0.8177133
296 0.817858
297 0.8179989
298 0.8181366
299 0.8182712
300 0.818402
301 0.8185291
302 0.8186541
303 0.8187748
304 0.8188921
305 0.8190067
306 0.8191184
307 0.8192263
308 0.8193314
309 0.8194342
310 0.8195333
311 0.8196309
312 0.819724
313 0.8198155
314 0.8199039
315 0.8199896
316 0.8200732
317 0.8201542
318 0.8202323
319 0.8203085
320 0.8203821
321 0.8204539
322 0.8205225
323 0.8205895
324 0.8206542
325 0.8207169
326 0.8207774
327 0.8208355
328 0.8208912
329 0.8209457
330 0.8209974
331 0.8210478
332 0.8210961
333 0.8211424
334 0.8211852
335 0.8212277
336 0.8212667
337 0.8213052
338 0.8213404
339 0.8213733
340 0.8214046
341 0.8214337
342 0.8214613
343 0.8214863
344 0.8215095
345 0.8215309
346 0.8215492
347 0.821566
348 0.8215809
349 0.8215929
350 0.821604
351 0.8216113
352 0.8216172
353 0.8216211
354 0.8216221
355 0.8216222
356 0.8216196
357 0.8216144
358 0.8216071
359 0.8215979
360 0.8215864
361 0.8215731
362 0.8215584
363 0.8215404
364 0.8215209
365 0.8215003
366 0.8214775
367 0.8214524
368 0.8214259
369 0.8213959
370 0.8213652
371 0.8213331
372 0.8212985
373 0.821263
374 0.8212255
375 0.8211867
376 0.8211465
377 0.8211054
378 0.8210621
379 0.821017
380 0.8209718
381 0.8209247
382 0.8208763
383 0.820828
384 0.8207774
385 0.8207265
386 0.8206755
387 0.820621
388 0.8205678
389 0.8205137
390 0.8204584
391 0.8204027
392 0.8203464
393 0.8202891
394 0.8202321
395 0.8201748
396 0.820117
397 0.8200579
398 0.8200001
399 0.8199413
400 0.819883
401 0.8198241
402 0.8197652
403 0.8197056
404 0.8196465
405 0.8195874
406 0.8195278
407 0.8194695
408 0.8194118
409 0.8193531
410 0.8192953
411 0.8192376
412 0.8191807
413 0.8191229
414 0.8190663
415 0.8190082
416 0.8189527
417 0.8188972
418 0.818842
419 0.818786
420 0.8187313
421 0.818677
422 0.8186235
423 0.8185698
424 0.8185161
425 0.8184632
426 0.8184108
427 0.818358
428 0.8183056
429 0.818254
430 0.8182023
431 0.8181515
432 0.8181018
433 0.8180512
434 0.8180008
435 0.8179507
436 0.8179012
437 0.8178515
438 0.8178018
439 0.8177536
440 0.8177047
441 0.8176567
442 0.817609
443 0.817561
444 0.817512
445 0.8174639
446 0.8174152
447 0.8173677
448 0.8173191
449 0.8172709
450 0.8172228
451 0.8171748
452 0.8171268
453 0.8170777
454 0.8170293
455 0.8169814
456 0.816933
457 0.816884
458 0.8168348
459 0.8167858
460 0.8167369
461 0.8166878
462 0.8166376
463 0.8165884
464 0.8165382
465 0.8164884
466 0.816438
467 0.8163874
468 0.8163366
469 0.8162862
470 0.8162358
471 0.8161843
472 0.8161324
473 0.8160811
474 0.8160292
475 0.8159782
476 0.8159254
477 0.8158726
478 0.8158199
479 0.8157668
480 0.8157135
481 0.8156608
482 0.8156064
483 0.815553
484 0.8154995
485 0.8154449
486 0.8153903
487 0.8153371
488 0.8152832
489 0.8152278
490 0.8151727
491 0.8151183
492 0.8150631
493 0.8150079
494 0.8149529
495 0.8148984
496 0.8148423
497 0.8147871
498 0.8147324
499 0.8146768
500 0.8146203
501 0.8145649
502 0.8145108
503 0.8144541
504 0.8143987
505 0.8143433
506 0.8142874
507 0.8142321
508 0.8141758
509 0.8141207
510 0.8140648
511 0.8140092
512 0.8139548
513 0.8138984
514 0.8138428
515 0.8137878
516 0.813732
517 0.8136767
518 0.8136208
519 0.8135656
520 0.8135099
521 0.8134544
522 0.8134008
523 0.8133438
524 0.8132891
525 0.8132337
526 0.8131768
527 0.8131222
528 0.8130667
529 0.8130116
530 0.8129565
531 0.8129013
532 0.8128455
533 0.8127903
534 0.8127345
535 0.8126796
536 0.8126235
537 0.8125684
538 0.8125122
539 0.8124565
540 0.8124008
541 0.8123448
542 0.8122897
543 0.8122334
544 0.8121772
545 0.8121205
546 0.8120648
547 0.8120084
548 0.8119525
549 0.811895
550 0.8118383
551 0.8117813
552 0.8117247
553 0.8116679
554 0.8116105
555 0.8115526
556 0.8114953
557 0.811437
558 0.8113785
559 0.8113213
560 0.8112632
561 0.8112045
562 0.8111469
563 0.8110878
564 0.8110282
565 0.8109692
566 0.8109107
567 0.8108507
568 0.8107906
569 0.810701
570 0.8106115
571 0.8105207
572 0.8104292
573 0.8103386
574 0.8102465
575 0.8101542
576 0.8100618
577 0.8099674
578 0.8098752
579 0.8097814
580 0.8096874
581 0.8095932
582 0.8094985
583 0.8094049
584 0.8093103
585 0.8092139
586 0.8091183
587 0.8090229
588 0.8089274
589 0.8088306
590 0.8087337
591 0.8086375
592 0.8085403
593 0.808443
594 0.808346
595 0.8082488
596 0.8081512
597 0.8080534
598 0.8079562
599 0.8078582
600 0.8077602
601 0.8076633
602 0.8075649
603 0.807467
604 0.8073695
605 0.8072707
606 0.8071738
607 0.8070753
608 0.8069772
609 0.806879
610 0.8067806
611 0.8066821
612 0.8065836
613 0.8064862
614 0.806387
615 0.8062882
616 0.8061891
617 0.8060896
618 0.8059914
619 0.8058923
620 0.8057929
621 0.8056935
622 0.8055944
623 0.8054938
624 0.8053952
625 0.8052949
626 0.8051943
627 0.8050945
628 0.804994
629 0.8048931
630 0.8047917
631 0.8046916
632 0.8045903
633 0.8044882
634 0.8043863
635 0.804283
636 0.8041807
637 0.8040777
638 0.8039759
639 0.8038722
640 0.8037688
641 0.8036647
642 0.8035609
643 0.8034565
644 0.8033524
645 0.8032463
646 0.8031408
647 0.8030344
648 0.8029284
649 0.8028213
650 0.8027157
651 0.8026081
652 0.802501
653 0.8023938
654 0.8022858
655 0.8021781
656 0.8020697
657 0.8019611
658 0.8018519
659 0.8017437
660 0.8016332
661 0.8015243
662 0.8014142
663 0.801304
664 0.8011937
665 0.8010827
666 0.800972
667 0.8008607
668 0.8007488
669 0.8006368
670 0.8005258
671 0.8004132
672 0.8003015
673 0.8001893
674 0.8000764
675 0.7999644
676 0.7998513
677 0.7997379
678 0.7996243
679 0.7995113
680 0.7993964
681 0.7992838
682 0.7991697
683 0.7990568
684 0.7989426
685 0.7988281
686 0.7987132
687 0.7985995
688 0.7984842
689 0.7983697
690 0.7982552
691 0.7981402
692 0.7980241
693 0.7979097
694 0.7977941
695 0.7976783
696 0.7975621
697 0.7974462
698 0.7973295
699 0.7972135
700 0.7970978
701 0.7969804
702 0.7968646
703 0.7967473
704 0.7966301
705 0.7965139
706 0.7963966
707 0.7962801
708 0.7961632
709 0.7960455
710 0.7959278
711 0.7958106
712 0.7956926
713 0.795574
714 0.7954566
715 0.7953374
716 0.7952198
717 0.7951009
718 0.7949828
719 0.7948633
720 0.7947444
721 0.7946259
722 0.7945071
723 0.7943879
724 0.7942687
725 0.7941484
726 0.7940292
727 0.7939095
728 0.7937908
729 0.79367
730 0.7935507
731 0.7934305
732 0.7933093
733 0.79319
734 0.7930689
735 0.7929486
736 0.7928273
737 0.792707
738 0.7925856
739 0.7924646
740 0.7923446
741 0.7922226
742 0.7921011
743 0.7919798
744 0.7918577
745 0.7917366
746 0.7916148
747 0.791493
748 0.7913719
749 0.7912495
750 0.7911283
751 0.7910064
752 0.7908839
753 0.790763
754 0.7906407
755 0.7905192
756 0.7903972
757 0.7902752
758 0.7901525
759 0.7900302
760 0.7899091
761 0.7897863
762 0.7896637
763 0.7895415
764 0.7894201
765 0.7892973
766 0.7891757
767 0.7890535
768 0.7889305
769 0.7888091
770 0.7886869
771 0.788565
772 0.7884424
773 0.7883197
774 0.7881981
775 0.7880756
776 0.787954
777 0.7878317
778 0.7877085
779 0.7875862
780 0.7874637
781 0.7873411
782 0.7872202
783 0.7870975
784 0.7869754
785 0.7868523
786 0.7867311
787 0.7866079
788 0.7864861
789 0.7863632
790 0.7862417
791 0.7861187
792 0.7859959
793 0.7858738
794 0.785752
795 0.7856291
796 0.7855063
797 0.7853839
798 0.7852606
799 0.7851381
800 0.7850167
801 0.7848939
802 0.7847721
803 0.7846487
804 0.7845258
805 0.7844031
806 0.7842805
807 0.7841573
808 0.7840354
809 0.7839121
810 0.7837886
811 0.7836661
812 0.7835425
813 0.7834197
814 0.7832971
815 0.7831737
816 0.7830504
817 0.7829275
818 0.7828029
819 0.7826794
820 0.7825553
821 0.7824329
822 0.7823091
823 0.7821847
824 0.7820611
825 0.7819375
826 0.7818137
827 0.7816901
828 0.7815658
829 0.7814422
830 0.7813172
831 0.781193
832 0.7810692
833 0.7809447
834 0.7808206
835 0.7806973
836 0.7805721
837 0.7804477
838 0.7803229
839 0.7801979
840 0.7800733
841 0.7799487
842 0.7798245
843 0.7796995
844 0.7795742
845 0.7794492
846 0.7793238
847 0.7791988
848 0.7790735
849 0.7789478
850 0.7788235
851 0.7786976
852 0.7785724
853 0.7784462
854 0.7783204
855 0.7781947
856 0.7780701
857 0.7779436
858 0.7778181
859 0.7776914
860 0.7775661
861 0.7774404
862 0.7773144
863 0.7771886
864 0.7770615
865 0.7769353
866 0.7768092
867 0.7766831
868 0.7765563
869 0.7764308
870 0.7763042
871 0.776178
872 0.7760518
873 0.7759249
874 0.7757977
875 0.7756714
876 0.7755452
877 0.7754178
878 0.7752908
879 0.7751638
880 0.7750372
881 0.77491
882 0.7747832
883 0.774656
884 0.7745277
885 0.7744003
886 0.7742731
887 0.7741459
888 0.7740176
889 0.7738904
890 0.7737626
891 0.7736353
892 0.7735071
893 0.7733796
894 0.7732509
895 0.7731236
896 0.7729962
897 0.7728683
898 0.77274
899 0.7726118
900 0.7724832
901 0.7723549
902 0.7722269
903 0.7720989
904 0.7719702
905 0.7718412
906 0.7717125
907 0.7715839
908 0.7714548
909 0.7713259
910 0.7711974
911 0.7710677
912 0.7709385
913 0.7708089
914 0.7706797
915 0.770551
916 0.7704213
917 0.7702913
918 0.7701621
919 0.770033
920 0.7699034
921 0.7697738
922 0.7696437
923 0.7695139
924 0.769384
925 0.7692544
926 0.769124
927 0.7689938
928 0.768864
929 0.7687337
930 0.7686037
931 0.7684721
932 0.7683423
933 0.7682109
934 0.7680812
935 0.7679499
936 0.7678196
937 0.7676887
938 0.7675585
939 0.767427
940 0.7672965
941 0.7671646
942 0.7670336
943 0.7669024
944 0.7667714
945 0.7666396
946 0.7665081
947 0.7663773
948 0.766246
949 0.766114
950 0.7659825
951 0.7658506
952 0.7657194
953 0.765587
954 0.7654551
955 0.7653232
956 0.765191
957 0.7650594
958 0.7649274
959 0.7647953
960 0.7646633
961 0.7645311
962 0.7643981
963 0.7642661
964 0.764134
965 0.7640018
966 0.7638689
967 0.763736
968 0.7636033
969 0.7634704
970 0.7633382
971 0.7632062
972 0.7630733
973 0.7629398
974 0.7628073
975 0.7626737
976 0.7625422
977 0.7624093
978 0.7622764
979 0.7621424
980 0.7620097
981 0.7618763
982 0.7617432
983 0.7616106
984 0.7614776
985 0.7613433
986 0.7612109
987 0.7610779
988 0.7609454
989 0.7608116
990 0.7606777
991 0.7605437
992 0.7604102
993 0.7602779
994 0.7601442
995 0.7600107
996 0.7598772
997 0.7597437
998 0.759611
999 0.7594771
1000 0.7593439
1001 0.7592101
1002 0.7590772
1003 0.7589439
1004 0.7588093
1005 0.7586765
1006 0.7585422
1007 0.7584092
1008 0.758275
1009 0.758141
1010 0.7580083
1011 0.7578744
1012 0.7577412
1013 0.757607
1014 0.7574738
1015 0.7573401
1016 0.757207
1017 0.7570735
1018 0.7569392
1019 0.7568064
1020 0.756673
1021 0.7565385
1022 0.7564054
1023 0.756272
1024 0.7561387
1025 0.7560052
1026 0.7558708
1027 0.7557374
1028 0.7556043
1029 0.7554705
1030 0.7553377
1031 0.7552046
1032 0.7550714
1033 0.7549382
1034 0.7548046
1035 0.7546709
1036 0.7545384
1037 0.7544054
1038 0.7542728
1039 0.7541406
1040 0.7540071
1041 0.753875
1042 0.7537414
1043 0.753609
1044 0.7534761
1045 0.7533428
1046 0.7532101
1047 0.7530785
1048 0.7529455
1049 0.7528135
1050 0.7526811
1051 0.7525486
1052 0.7524159
1053 0.7522839
1054 0.7521512
1055 0.7520201
1056 0.7518881
1057 0.7517565
1058 0.7516243
1059 0.7514927
1060 0.7513611
1061 0.7512301
1062 0.7510985
1063 0.750968
1064 0.7508358
1065 0.750706
1066 0.7505746
1067 0.7504432
1068 0.7503123
1069 0.7501811
1070 0.7500507
1071 0.749921
1072 0.7497904
1073 0.7496592
1074 0.7495292
1075 0.7493994
1076 0.749269
1077 0.7491392
1078 0.7490091
1079 0.7488804
1080 0.7487504
1081 0.7486219
1082 0.7484922
1083 0.7483638
1084 0.7482338
1085 0.7481057
1086 0.7479768
1087 0.7478479
1088 0.7477203
1089 0.7475921
1090 0.7474642
1091 0.747337
1092 0.747209
1093 0.7470807
1094 0.7469531
1095 0.7468253
1096 0.7466987
1097 0.7465711
1098 0.7464445
1099 0.7463186
1100 0.7461915
1101 0.7460658
1102 0.7459388
1103 0.7458133
1104 0.745687
1105 0.7455611
1106 0.7454357
1107 0.7453099
1108 0.7451847
1109 0.7450606
1110 0.7449349
1111 0.7448106
1112 0.7446856
1113 0.7445614
1114 0.744437
1115 0.7443131
1116 0.74419
1117 0.7440664
1118 0.7439424
1119 0.7438191
1120 0.743696
1121 0.7435731
1122 0.74345
1123 0.7433286
1124 0.7432064
1125 0.7430835
1126 0.742962
1127 0.74284
1128 0.7427191
1129 0.7425978
1130 0.7424768
1131 0.7423553
1132 0.7422346
1133 0.7421136
1134 0.7419933
1135 0.7418735
1136 0.7417544
1137 0.7416337
1138 0.7415147
1139 0.7413952
1140 0.7412764
1141 0.7411572
1142 0.7410383
1143 0.7409201
1144 0.7408018
1145 0.7406836
1146 0.7405657
1147 0.7404484
1148 0.74033
1149 0.7402131
1150 0.7400964
1151 0.7399802
1152 0.7398636
1153 0.7397471
1154 0.7396306
1155 0.7395148
1156 0.7393997
1157 0.7392839
1158 0.7391694
1159 0.7390535
1160 0.7389387
1161 0.7388237
1162 0.7387093
1163 0.7385945
1164 0.7384806
1165 0.7383676
1166 0.7382537
1167 0.7381401
1168 0.7380264
1169 0.737913
1170 0.7378005
1171 0.7376878
1172 0.7375752
1173 0.7374627
1174 0.7373508
1175 0.7372391
1176 0.7371278
1177 0.7370167
1178 0.7369052
1179 0.736794
1180 0.7366832
1181 0.7365726
1182 0.736462
1183 0.7363524
1184 0.736242
1185 0.7361318
1186 0.7360215
1187 0.7359127
1188 0.7358032
1189 0.7356941
1190 0.735585
1191 0.7354764
1192 0.7353689
1193 0.7352603
1194 0.7351518
1195 0.7350445
1196 0.7349359
1197 0.7348285
1198 0.7347206
1199 0.734614
1200 0.7345057
1201 0.7343994
1202 0.7342924
1203 0.7341855
1204 0.7340795
1205 0.7339739
1206 0.7338673
1207 0.7337613
1208 0.7336562
1209 0.73355
1210 0.733445
1211 0.7333407
1212 0.733235
1213 0.7331298
1214 0.7330254
1215 0.732921
1216 0.7328163
1217 0.7327121
1218 0.7326081
1219 0.7325044
1220 0.7324008
1221 0.7322975
1222 0.7321931
1223 0.7320895
1224 0.7319866
1225 0.7318824
1226 0.7317796
1227 0.7316769
1228 0.7315744
1229 0.7314714
1230 0.731369
1231 0.7312658
1232 0.7311644
1233 0.7310621
1234 0.7309601
1235 0.7308579
1236 0.7307563
1237 0.7306548
1238 0.7305527
1239 0.7304516
1240 0.7303502
1241 0.7302484
1242 0.7301475
1243 0.7300457
1244 0.7299445
1245 0.7298437
1246 0.7297428
1247 0.7296424
1248 0.7295418
1249 0.7294418
1250 0.729341
1251 0.7292403
1252 0.7291398
1253 0.72904
1254 0.7289397
1255 0.7288392
1256 0.7287394
1257 0.7286392
1258 0.7285387
1259 0.7284384
1260 0.7283383
1261 0.7282386
1262 0.7281384
1263 0.7280384
1264 0.7279388
1265 0.7278395
1266 0.7277392
1267 0.7276399
1268 0.7275403
1269 0.7274408
1270 0.7273411
1271 0.7272418
1272 0.7271413
1273 0.7270414
1274 0.7269423
1275 0.7268425
1276 0.7267438
1277 0.7266434
1278 0.7265437
1279 0.726445
1280 0.7263445
1281 0.7262446
1282 0.7261447
1283 0.7260448
1284 0.7259459
1285 0.7258461
1286 0.7257463
1287 0.7256458
1288 0.7255471
1289 0.7254462
1290 0.7253467
1291 0.7252476
1292 0.7251468
1293 0.7250476
1294 0.724948
1295 0.7248472
1296 0.7247475
1297 0.7246469
1298 0.7245471
1299 0.7244461
1300 0.7243458
1301 0.7242457
1302 0.7241455
1303 0.7240444
1304 0.7239446
1305 0.7238433
1306 0.7237418
1307 0.7236413
1308 0.7235405
1309 0.7234398
1310 0.7233381
1311 0.723237
1312 0.7231362
1313 0.7230358
1314 0.7229336
1315 0.7228321
1316 0.72273
1317 0.7226285
1318 0.7225264
1319 0.7224256
1320 0.7223232
1321 0.7222214
1322 0.7221193
1323 0.7220163
1324 0.7219141
1325 0.721812
1326 0.7217089
1327 0.7216063
1328 0.7215039
1329 0.7214004
1330 0.7212974
1331 0.721194
1332 0.7210906
1333 0.7209873
1334 0.7208841
1335 0.7207806
1336 0.7206771
1337 0.7205733
1338 0.7204691
1339 0.7203644
1340 0.7202604
1341 0.7201559
1342 0.7200513
1343 0.719947
1344 0.7198426
1345 0.7197376
1346 0.7196329
1347 0.7195274
1348 0.7194229
1349 0.7193176
1350 0.7192121
1351 0.7191056
1352 0.7189996
1353 0.7188938
1354 0.7187878
1355 0.7186813
1356 0.7185747
1357 0.718469
1358 0.7183612
1359 0.7182543
1360 0.7181484
1361 0.7180409
1362 0.7179341
1363 0.7178269
1364 0.7177191
1365 0.7176111
1366 0.7175035
1367 0.7173958
1368 0.7172884
1369 0.7171805
1370 0.7170717
1371 0.7169641
1372 0.7168547
1373 0.7167467
1374 0.7166381
1375 0.7165291
1376 0.7164196
1377 0.716311
1378 0.7162014
1379 0.7160922
1380 0.7159826
1381 0.7158735
1382 0.7157634
1383 0.715654
1384 0.7155443
1385 0.7154336
1386 0.715323
1387 0.7152138
1388 0.7151036
1389 0.714992
1390 0.7148821
1391 0.7147713
1392 0.7146607
1393 0.7145494
1394 0.714439
1395 0.7143275
1396 0.7142163
1397 0.7141048
1398 0.7139934
1399 0.7138824
1400 0.7137701
1401 0.713659
1402 0.7135466
1403 0.7134346
1404 0.7133222
1405 0.7132106
1406 0.7130982
1407 0.7129866
1408 0.7128742
1409 0.7127618
1410 0.7126493
1411 0.7125373
1412 0.7124249
1413 0.712312
1414 0.7121997
1415 0.7120871
1416 0.7119744
1417 0.7118622
1418 0.7117491
1419 0.7116365
1420 0.7115238
1421 0.7114102
1422 0.711297
1423 0.7111845
1424 0.7110716
1425 0.7109581
1426 0.710845
1427 0.7107317
1428 0.7106187
1429 0.7105058
1430 0.7103929
1431 0.7102795
1432 0.7101673
1433 0.7100539
1434 0.7099406
1435 0.7098276
1436 0.7097145
1437 0.7096012
1438 0.7094886
1439 0.7093754
1440 0.7092621
1441 0.7091492
1442 0.7090369
1443 0.7089246
1444 0.7088117
1445 0.7086983
1446 0.7085853
1447 0.7084727
1448 0.7083606
1449 0.708247
1450 0.7081345
1451 0.7080222
1452 0.7079099
1453 0.7077976
1454 0.7076851
1455 0.7075732
1456 0.7074606
1457 0.7073489
1458 0.7072375
1459 0.707126
1460 0.7070145
1461 0.7069027
1462 0.7067913
1463 0.7066804
1464 0.7065687
1465 0.7064579
1466 0.7063469
1467 0.7062361
1468 0.706126
1469 0.7060145
1470 0.7059043
1471 0.7057937
1472 0.7056835
1473 0.7055739
1474 0.7054635
1475 0.7053535
1476 0.7052441
1477 0.7051347
1478 0.7050257
1479 0.7049166
1480 0.7048073
1481 0.7046987
1482 0.70459
1483 0.7044821
1484 0.7043737
1485 0.7042658
1486 0.704158
1487 0.7040509
1488 0.7039429
1489 0.7038363
1490 0.7037289
1491 0.7036225
1492 0.7035155
1493 0.7034092
1494 0.7033029
1495 0.7031975
1496 0.7030918
1497 0.7029863
1498 0.7028806
1499 0.7027758
1500 0.7026715
1501 0.7025669
1502 0.7024626
1503 0.702359
1504 0.702256
1505 0.702153
1506 0.7020495
1507 0.7019467
1508 0.7018445
1509 0.7017425
1510 0.7016408
1511 0.7015384
1512 0.7014378
1513 0.701337
1514 0.7012363
1515 0.7011361
1516 0.7010349
1517 0.7009358
1518 0.7008357
1519 0.7007367
1520 0.7006376
1521 0.7005394
1522 0.7004407
1523 0.7003427
1524 0.7002453
1525 0.7001476
1526 0.700051
1527 0.6999547
1528 0.6998582
1529 0.6997623
1530 0.6996666
1531 0.6995717
1532 0.6994771
1533 0.6993822
1534 0.6992881
1535 0.6991944
1536 0.6991021
1537 0.699008
1538 0.6989154
1539 0.6988235
1540 0.6987317
1541 0.6986397
1542 0.698549
1543 0.6984579
1544 0.6983675
1545 0.6982775
1546 0.6981876
1547 0.6980983
1548 0.6980091
1549 0.6979201
1550 0.6978323
1551 0.6977454
1552 0.697657
1553 0.6975703
1554 0.6974841
1555 0.6973977
1556 0.6973118
1557 0.6972263
1558 0.697142
1559 0.6970575
1560 0.6969729
1561 0.6968893
1562 0.6968061
1563 0.6967239
1564 0.696641
1565 0.696559
1566 0.6964774
1567 0.6963959
1568 0.6963149
1569 0.6962343
1570 0.6961552
1571 0.6960748
1572 0.6959959
1573 0.6959171
1574 0.6958385
1575 0.6957611
1576 0.6956835
1577 0.6956072
1578 0.6955296
1579 0.6954542
1580 0.6953774
1581 0.6953026
1582 0.695228
1583 0.6951541
1584 0.6950797
1585 0.6950064
1586 0.6949329
1587 0.6948606
1588 0.694788
1589 0.6947159
1590 0.6946447
1591 0.6945748
1592 0.6945037
1593 0.6944335
1594 0.6943634
1595 0.6942943
1596 0.6942258
1597 0.6941572
1598 0.6940898
1599 0.6940225
1600 0.6939554
1601 0.6938888
1602 0.6938229
1603 0.6937569
1604 0.6936917
1605 0.693627
1606 0.6935621
1607 0.6934981
1608 0.6934345
1609 0.693371
1610 0.6933088
1611 0.6932467
1612 0.6931849
1613 0.6931239
1614 0.6930628
1615 0.6930018
1616 0.6929418
1617 0.6928821
1618 0.692823
1619 0.6927641
1620 0.6927049
1621 0.6926476
1622 0.6925896
1623 0.6925329
1624 0.6924762
1625 0.6924203
1626 0.6923639
1627 0.6923078
1628 0.6922536
1629 0.6921988
1630 0.6921449
1631 0.6920907
1632 0.6920369
1633 0.6919844
1634 0.6919323
1635 0.6918802
1636 0.6918283
1637 0.6917771
1638 0.6917259
1639 0.6916757
1640 0.6916257
1641 0.6915753
1642 0.6915272
1643 0.6914777
1644 0.6914289
1645 0.6913818
1646 0.6913331
1647 0.6912861
1648 0.691239
1649 0.6911922
1650 0.6911466
1651 0.6911002
1652 0.6910555
1653 0.6910105
1654 0.690966
1655 0.6909221
1656 0.6908781
1657 0.6908343
1658 0.6907913
1659 0.690749
1660 0.6907069
1661 0.6906643
1662 0.6906233
1663 0.6905822
1664 0.6905411
1665 0.6905004
1666 0.6904608
1667 0.690421
1668 0.6903821
1669 0.6903425
1670 0.6903036
1671 0.6902656
1672 0.6902282
1673 0.69019
1674 0.6901526
1675 0.6901157
1676 0.6900792
1677 0.690043
1678 0.6900072
1679 0.6899714
1680 0.6899362
1681 0.6899016
1682 0.6898664
1683 0.6898322
1684 0.6897988
1685 0.6897653
1686 0.6897312
1687 0.6896983
1688 0.6896661
1689 0.6896338
1690 0.6896018
1691 0.6895706
1692 0.6895387
1693 0.6895076
1694 0.6894771
1695 0.6894468
1696 0.6894163
1697 0.6893868
1698 0.689357
1699 0.6893275
1700 0.6892986
1701 0.6892703
1702 0.6892412
1703 0.689214
1704 0.6891856
1705 0.6891575
1706 0.6891309
1707 0.6891042
1708 0.6890775
1709 0.6890507
1710 0.6890241
1711 0.6889988
1712 0.6889733
1713 0.6889472
1714 0.6889234
1715 0.6888977
1716 0.6888735
1717 0.6888488
1718 0.6888249
1719 0.6888015
1720 0.688778
1721 0.6887541
1722 0.6887309
1723 0.6887088
1724 0.6886858
1725 0.6886629
1726 0.6886414
1727 0.6886196
1728 0.6885979
1729 0.6885765
1730 0.6885551
1731 0.6885338
1732 0.6885137
1733 0.688493
1734 0.6884729
1735 0.6884524
1736 0.6884329
1737 0.6884128
1738 0.6883932
1739 0.6883743
1740 0.6883551
1741 0.6883364
1742 0.688318
1743 0.6882992
1744 0.6882818
1745 0.6882633
1746 0.6882457
1747 0.6882283
1748 0.6882112
1749 0.6881939
1750 0.6881773
1751 0.6881598
1752 0.6881434
1753 0.6881269
1754 0.6881102
1755 0.6880952
1756 0.6880786
1757 0.6880633
1758 0.6880476
1759 0.6880319
1760 0.6880165
1761 0.6880023
1762 0.6879871
1763 0.6879723
1764 0.6879582
1765 0.687943
1766 0.6879294
1767 0.6879157
1768 0.6879015
1769 0.6878877
1770 0.6878746
1771 0.6878608
1772 0.6878482
1773 0.6878343
1774 0.6878217
1775 0.6878093
1776 0.6877969
1777 0.6877839
1778 0.6877711
1779 0.6877596
1780 0.6877472
1781 0.6877347
1782 0.6877228
1783 0.6877114
1784 0.6877
1785 0.6876884
1786 0.6876773
1787 0.6876661
1788 0.6876549
1789 0.6876441
1790 0.6876329
1791 0.687622
1792 0.687612
1793 0.6876017
1794 0.6875913
1795 0.6875806
1796 0.6875704
1797 0.6875609
1798 0.6875508
1799 0.6875405
1800 0.6875314
1801 0.6875224
1802 0.6875128
1803 0.6875027
1804 0.6874939
1805 0.6874846
1806 0.6874758
1807 0.6874673
1808 0.687458
1809 0.6874497
1810 0.6874411
1811 0.6874319
1812 0.6874244
1813 0.687416
1814 0.6874077
1815 0.6873993
1816 0.687391
1817 0.6873832
1818 0.6873758
1819 0.6873677
1820 0.6873598
1821 0.6873526
1822 0.6873447
1823 0.6873371
1824 0.6873289
1825 0.6873223
1826 0.687315
1827 0.687308
1828 0.6873011
1829 0.6872938
1830 0.6872872
1831 0.6872799
1832 0.6872724
1833 0.6872664
1834 0.68726
1835 0.6872532
1836 0.6872468
1837 0.6872404
1838 0.6872339
1839 0.6872274
1840 0.6872217
1841 0.6872156
1842 0.6872095
1843 0.6872031
1844 0.6871971
1845 0.6871912
1846 0.687185
1847 0.6871799
1848 0.6871748
1849 0.687169
1850 0.6871626
1851 0.6871572
1852 0.6871517
1853 0.6871458
1854 0.6871403
1855 0.6871364
1856 0.6871302
1857 0.6871254
1858 0.6871203
1859 0.687115
1860 0.6871099
1861 0.6871051
1862 0.6870991
1863 0.6870944
1864 0.6870905
1865 0.687085
1866 0.6870801
1867 0.687076
1868 0.6870705
1869 0.6870661
1870 0.687054
1871 0.6870421
1872 0.6870308
1873 0.6870197
1874 0.6870086
1875 0.6869984
1876 0.6869878
1877 0.6869782
1878 0.6869683
1879 0.6869585
1880 0.6869496
1881 0.6869414
1882 0.6869324
1883 0.6869241
1884 0.686916
1885 0.6869084
1886 0.6869001
1887 0.6868936
1888 0.6868865
1889 0.6868798
1890 0.6868729
1891 0.6868663
1892 0.6868607
1893 0.6868548
1894 0.6868489
1895 0.6868437
1896 0.6868387
1897 0.6868341
1898 0.6868283
1899 0.6868247
1900 0.6868201
1901 0.6868166
1902 0.6868128
1903 0.6868095
1904 0.6868057
1905 0.6868032
1906 0.6868001
1907 0.686798
1908 0.6867956
1909 0.686794
1910 0.6867926
1911 0.6867908
1912 0.6867893
1913 0.686788
1914 0.6867864
1915 0.6867868
1916 0.6867865
1917 0.6867853
1918 0.6867859
1919 0.6867869
1920 0.6867877
1921 0.6867892
1922 0.6867909
1923 0.6867929
1924 0.6867945
1925 0.6867966
1926 0.686799
1927 0.6868021
1928 0.6868052
1929 0.6868084
1930 0.6868119
1931 0.6868164
1932 0.6868206
1933 0.6868265
1934 0.6868305
1935 0.6868356
1936 0.6868414
1937 0.6868468
1938 0.6868523
1939 0.686859
1940 0.6868661
1941 0.6868721
1942 0.6868792
1943 0.6868867
1944 0.6868949
1945 0.6869022
1946 0.6869105
1947 0.6869186
1948 0.6869272
1949 0.6869364
1950 0.6869459
1951 0.6869546
1952 0.686965
1953 0.6869742
1954 0.6869845
1955 0.6869951
1956 0.6870062
1957 0.6870164
1958 0.6870282
1959 0.6870391
1960 0.6870502
1961 0.687062
1962 0.6870738
1963 0.687086
1964 0.6870977
1965 0.6871104
1966 0.6871223
1967 0.6871347
1968 0.6871477
1969 0.6871604
1970 0.6871735
1971 0.6871862
1972 0.6871992
1973 0.6872127
1974 0.6872259
1975 0.6872393
1976 0.6872522
1977 0.6872655
1978 0.687279
1979 0.6872922
1980 0.687306
1981 0.6873193
1982 0.6873332
1983 0.687346
1984 0.6873589
1985 0.6873717
1986 0.687385
1987 0.6873979
1988 0.6874108
1989 0.6874238
1990 0.6874365
1991 0.6874492
1992 0.6874613
1993 0.6874729
1994 0.6874858
1995 0.6874972
1996 0.6875082
1997 0.6875194
1998 0.6875307
1999 0.6875418
2000 0.6875523
2001 0.687563
2002 0.6875727
2003 0.6875825
2004 0.6875924
2005 0.6876013
2006 0.6876096
2007 0.6876183
2008 0.6876266
2009 0.6876344
2010 0.6876426
2011 0.6876497
2012 0.6876565
2013 0.6876618
2014 0.6876683
2015 0.6876733
2016 0.687678
2017 0.6876826
2018 0.6876873
2019 0.6876901
2020 0.6876941
2021 0.6876966
2022 0.6876988
2023 0.6877
2024 0.6877018
2025 0.6877019
2026 0.6877024
2027 0.6877019
2028 0.6877013
2029 0.6876996
2030 0.6876972
2031 0.6876943
2032 0.6876922
2033 0.6876872
2034 0.6876841
2035 0.6876787
2036 0.6876734
2037 0.6876671
2038 0.6876608
2039 0.6876537
2040 0.6876457
2041 0.6876386
2042 0.6876287
2043 0.6876191
2044 0.6876084
2045 0.6875985
2046 0.6875871
2047 0.687575
2048 0.6875626
2049 0.6875495
2050 0.6875356
2051 0.687521
2052 0.6875058
2053 0.687491
2054 0.6874748
2055 0.6874584
2056 0.687441
2057 0.6874228
2058 0.6874052
2059 0.6873856
2060 0.6873661
2061 0.687346
2062 0.6873245
2063 0.6873041
2064 0.6872814
2065 0.6872591
2066 0.6872357
2067 0.6872128
2068 0.6871884
2069 0.6871637
2070 0.6871386
2071 0.6871129
2072 0.6870863
2073 0.6870593
2074 0.6870322
2075 0.6870042
2076 0.6869764
2077 0.6869472
2078 0.6869179
2079 0.6868873
2080 0.686857
2081 0.6868263
2082 0.6867952
2083 0.6867628
2084 0.6867312
2085 0.6866978
2086 0.6866648
2087 0.6866318
2088 0.6865975
2089 0.6865633
2090 0.6865289
2091 0.6864945
2092 0.6864579
2093 0.6864226
2094 0.6863854
2095 0.6863489
2096 0.6863124
2097 0.6862753
2098 0.6862372
2099 0.6861988
2100 0.6861601
2101 0.686122
2102 0.6860824
2103 0.6860435
2104 0.686004
2105 0.6859637
2106 0.6859239
2107 0.6858835
2108 0.6858423
2109 0.6858016
2110 0.6857602
2111 0.6857187
2112 0.6856766
2113 0.6856346
2114 0.6855929
2115 0.6855502
2116 0.6855078
2117 0.6854642
2118 0.6854214
2119 0.6853781
2120 0.685335
2121 0.6852913
2122 0.6852478
2123 0.6852039
2124 0.685159
2125 0.6851157
2126 0.6850707
2127 0.6850265
2128 0.6849815
2129 0.6849373
2130 0.6848925
2131 0.6848471
2132 0.6848024
2133 0.6847572
2134 0.6847113
2135 0.6846661
2136 0.6846204
2137 0.6845751
2138 0.6845292
2139 0.6844832
2140 0.6844372
2141 0.6843914
2142 0.6843458
2143 0.6842996
2144 0.6842541
2145 0.6842079
2146 0.6841613
2147 0.6841149
2148 0.6840687
2149 0.6840223
2150 0.6839756
2151 0.6839296
2152 0.6838836
2153 0.6838366
2154 0.6837901
2155 0.6837434
2156 0.6836973
2157 0.6836508
2158 0.6836041
2159 0.6835572
2160 0.6835104
2161 0.6834639
2162 0.6834167
2163 0.6833705
2164 0.6833237
2165 0.6832774
2166 0.6832301
2167 0.6831836
2168 0.6831373
2169 0.6830902
2170 0.6830432
2171 0.6829962
2172 0.6829492
2173 0.682902
2174 0.6828554
2175 0.6828087
2176 0.6827624
2177 0.6827146
2178 0.6826681
2179 0.6826211
2180 0.682574
2181 0.6825274
2182 0.6824808
2183 0.6824338
2184 0.6823868
2185 0.6823397
2186 0.6822928
2187 0.682246
2188 0.6821996
2189 0.6821536
2190 0.6821063
2191 0.6820593
2192 0.6820122
2193 0.6819655
2194 0.6819187
2195 0.6818715
2196 0.681825
2197 0.6817781
2198 0.6817313
2199 0.6816848
2200 0.6816384
2201 0.6815917
2202 0.6815448
2203 0.6814988
2204 0.6814516
2205 0.6814049
2206 0.6813576
2207 0.6813112
2208 0.6812643
2209 0.6812187
2210 0.6811718
2211 0.6811261
2212 0.6810799
2213 0.6810326
2214 0.6809866
2215 0.6809403
2216 0.6808938
2217 0.6808476
2218 0.6808013
2219 0.6807554
2220 0.6807092
2221 0.6806629
2222 0.6806169
2223 0.6805699
2224 0.6805241
2225 0.6804786
2226 0.6804322
2227 0.6803868
2228 0.6803414
2229 0.6802953
2230 0.6802493
2231 0.6802039
2232 0.6801584
2233 0.6801129
2234 0.6800675
2235 0.6800228
2236 0.6799766
2237 0.6799322
2238 0.6798869
2239 0.6798417
2240 0.6797963
2241 0.6797519
2242 0.679707
2243 0.6796622
2244 0.6796178
2245 0.6795732
2246 0.6795282
2247 0.6794839
2248 0.679439
2249 0.6793946
2250 0.6793507
2251 0.6793069
2252 0.6792626
2253 0.6792194
2254 0.6791747
2255 0.6791313
2256 0.6790874
2257 0.6790444
2258 0.6790016
2259 0.6789579
2260 0.6789151
2261 0.6788717
2262 0.6788284
2263 0.6787858
2264 0.678743
2265 0.6787003
2266 0.6786583
2267 0.6786153
2268 0.6785734
2269 0.6785314
2270 0.6784897
2271 0.6784473
2272 0.6784053
2273 0.678364
2274 0.6783227
2275 0.6782809
2276 0.6782504
2277 0.6782185
2278 0.6781884
2279 0.6781573
2280 0.6781268
2281 0.6780957
2282 0.6780658
2283 0.6780346
2284 0.6780047
2285 0.6779744
2286 0.6779439
2287 0.6779141
2288 0.6778834
2289 0.6778536
2290 0.6778238
2291 0.6777946
2292 0.6777646
2293 0.6777347
2294 0.677705
2295 0.6776757
2296 0.6776465
2297 0.6776174
2298 0.6775879
2299 0.677559
2300 0.6775298
2301 0.6775007
2302 0.6774717
2303 0.6774427
2304 0.6774144
2305 0.6773859
2306 0.6773577
2307 0.6773282
2308 0.6773001
2309 0.677272
2310 0.6772433
2311 0.6772151
2312 0.6771869
2313 0.6771592
2314 0.6771314
2315 0.6771036
2316 0.6770757
2317 0.6770486
2318 0.6770213
2319 0.6769931
2320 0.6769655
2321 0.6769387
2322 0.676911
2323 0.676884
2324 0.6768566
2325 0.6768302
2326 0.6768032
2327 0.676777
2328 0.6767495
2329 0.6767228
2330 0.6766966
2331 0.6766696
2332 0.6766435
2333 0.6766175
2334 0.6765911
2335 0.6765655
2336 0.6765395
2337 0.6765134
2338 0.6764877
2339 0.6764621
2340 0.6764361
2341 0.6764103
2342 0.6763843
2343 0.6763595
2344 0.6763338
2345 0.6763086
2346 0.6762833
2347 0.6762586
2348 0.6762334
2349 0.6762085
2350 0.676183
2351 0.6761591
2352 0.6761343
2353 0.6761097
2354 0.6760855
2355 0.6760612
2356 0.6760365
2357 0.6760128
2358 0.6759884
2359 0.6759641
2360 0.6759402
2361 0.675916
2362 0.6758931
2363 0.6758689
2364 0.6758456
2365 0.6758209
2366 0.6757978
2367 0.6757746
2368 0.6757509
2369 0.6757277
2370 0.6757049
2371 0.6756815
2372 0.6756584
2373 0.6756357
2374 0.6756129
2375 0.6755908
2376 0.675567
2377 0.6755445
2378 0.6755221
2379 0.6755
2380 0.6754775
2381 0.6754555
2382 0.6754332
2383 0.6754108
2384 0.6753889
2385 0.6753662
2386 0.6753442
2387 0.6753224
2388 0.6753005
2389 0.6752788
2390 0.6752573
2391 0.6752353
2392 0.6752141
2393 0.6751928
2394 0.6751711
2395 0.6751504
2396 0.6751286
2397 0.6751076
2398 0.6750864
2399 0.6750657
2400 0.6750446
2401 0.6750239
2402 0.6750032
2403 0.6749829
2404 0.6749617
2405 0.6749412
2406 0.6749204
2407 0.6749001
2408 0.6748797
2409 0.6748596
2410 0.674839
2411 0.6748189
2412 0.6747997
2413 0.6747791
2414 0.6747591
2415 0.6747392
2416 0.6747197
2417 0.6746994
2418 0.67468
2419 0.6746597
2420 0.6746411
2421 0.6746213
2422 0.6746024
2423 0.6745827
2424 0.6745636
2425 0.6745442
2426 0.6745248
2427 0.6745064
2428 0.6744865
2429 0.674468
2430 0.6744496
2431 0.6744305
2432 0.6744118
2433 0.6743932
2434 0.6743715
2435 0.6743501
2436 0.6743293
2437 0.6743066
2438 0.6742852
2439 0.6742637
2440 0.6742427
2441 0.6742207
2442 0.6742001
2443 0.6741797
2444 0.6741585
2445 0.6741378
2446 0.6741167
2447 0.6740959
2448 0.6740757
2449 0.6740549
2450 0.6740351
2451 0.6740141
2452 0.6739939
2453 0.6739742
2454 0.6739535
2455 0.6739338
2456 0.6739139
2457 0.6738937
2458 0.6738741
2459 0.6738542
2460 0.6738344
2461 0.6738153
2462 0.6737949
2463 0.6737759
2464 0.6737562
2465 0.673737
2466 0.673718
2467 0.6736986
2468 0.6736791
2469 0.6736602
2470 0.6736408
2471 0.6736223
2472 0.6736032
2473 0.6735846
2474 0.6735655
2475 0.6735471
2476 0.6735287
2477 0.6735098
2478 0.6734914
2479 0.6734731
2480 0.673454
2481 0.6734359
2482 0.6734174
2483 0.6733992
2484 0.6733808
2485 0.6733629
2486 0.6733451
2487 0.673327
2488 0.6733093
2489 0.6732907
2490 0.6732731
2491 0.673255
2492 0.6732373
2493 0.6732196
2494 0.6732013
2495 0.6731843
2496 0.673166
2497 0.6731489
2498 0.6731318
2499 0.6731139
2500 0.6730964
2501 0.6730791
2502 0.6730616
2503 0.6730443
2504 0.6730274
2505 0.6730099
2506 0.6729922
2507 0.6729755
2508 0.6729581
2509 0.6729411
2510 0.6729237
2511 0.6729074
2512 0.6728908
2513 0.6728739
2514 0.6728566
2515 0.6728397
2516 0.672823
2517 0.6728057
2518 0.6727888
2519 0.6727716
2520 0.6727551
2521 0.672739
2522 0.6727226
2523 0.6727059
2524 0.6726889
2525 0.6726726
2526 0.6726558
2527 0.672639
2528 0.6726232
2529 0.6726058
2530 0.6725899
2531 0.6725733
2532 0.6725566
2533 0.6725411
2534 0.6725241
2535 0.6725076
2536 0.6724914
2537 0.6724756
2538 0.6724591
2539 0.6724428
2540 0.6724265
2541 0.6724097
2542 0.6723946
2543 0.6723776
2544 0.6723622
2545 0.6723458
2546 0.6723296
2547 0.6723132
2548 0.6722966
2549 0.6722815
2550 0.6722648
2551 0.6722493
2552 0.6722332
2553 0.6722168
2554 0.6722013
2555 0.6721855
2556 0.6721694
2557 0.6721533
2558 0.6721369
2559 0.6721213
2560 0.6721044
2561 0.6720885
2562 0.672073
2563 0.6720569
2564 0.6720409
2565 0.6720261
2566 0.6720096
2567 0.6719942
2568 0.6719781
2569 0.6719621
2570 0.6719468
2571 0.6719313
2572 0.6719154
2573 0.6719
2574 0.6718836
2575 0.671868
2576 0.6718526
2577 0.6718364
2578 0.671822
2579 0.6718059
2580 0.6717904
2581 0.6717743
2582 0.6717592
2583 0.6717432
2584 0.6717284
2585 0.6717118
2586 0.6716962
2587 0.6716813
2588 0.6716657
2589 0.6716502
2590 0.6716351
2591 0.6716193
2592 0.6716037
2593 0.671589
2594 0.6715736
2595 0.6715577
2596 0.6715419
2597 0.6715271
2598 0.6715118
2599 0.6714966
2600 0.6714811
2601 0.6714659
2602 0.6714508
2603 0.6714352
2604 0.6714205
2605 0.671405
2606 0.6713893
2607 0.6713749
2608 0.6713598
2609 0.6713445
2610 0.6713299
2611 0.6713148
2612 0.6712992
2613 0.671284
2614 0.6712691
2615 0.6712541
2616 0.6712393
2617 0.6712245
2618 0.6712095
2619 0.6711944
2620 0.6711795
2621 0.6711648
2622 0.67115
2623 0.6711345
2624 0.6711198
2625 0.6711051
2626 0.6710904
2627 0.6710755
2628 0.6710608
2629 0.6710461
2630 0.6710315
2631 0.6710169
2632 0.671002
2633 0.6709874
2634 0.6709722
2635 0.6709578
2636 0.6709433
2637 0.6709285
2638 0.6709139
2639 0.6708994
2640 0.6708847
2641 0.6708703
2642 0.6708554
2643 0.6708407
2644 0.6708268
2645 0.6708123
2646 0.6707976
2647 0.6707835
2648 0.6707691
2649 0.670754
2650 0.6707395
2651 0.6707255
2652 0.6707111
2653 0.6706966
2654 0.6706828
2655 0.6706678
2656 0.6706535
2657 0.6706389
2658 0.6706245
2659 0.6706104
2660 0.6705965
2661 0.6705825
2662 0.6705682
2663 0.6705539
2664 0.6705391
2665 0.6705247
2666 0.6705107
2667 0.6704968
2668 0.6704827
2669 0.6704683
2670 0.6704543
2671 0.6704401
2672 0.6704264
2673 0.6704125
2674 0.6703978
2675 0.6703842
2676 0.6703696
2677 0.6703557
2678 0.6703417
2679 0.670328
2680 0.670314
2681 0.6702994
2682 0.6702852
2683 0.6702712
2684 0.670257
2685 0.6702434
2686 0.6702294
2687 0.6702154
2688 0.6702014
2689 0.6701871
2690 0.670173
2691 0.6701593
2692 0.6701449
2693 0.6701307
2694 0.6701172
2695 0.6701033
2696 0.6700894
2697 0.6700748
2698 0.6700612
2699 0.6700469
2700 0.6700329
2701 0.6700191
2702 0.6700051
2703 0.6699905
2704 0.6699768
2705 0.6699626
2706 0.6699484
2707 0.6699345
2708 0.6699204
2709 0.6699067
2710 0.6698919
2711 0.6698786
2712 0.6698642
2713 0.6698493
2714 0.6698357
2715 0.6698214
2716 0.6698076
2717 0.6697932
2718 0.6697789
2719 0.6697648
2720 0.6697516
2721 0.6697373
2722 0.6697228
2723 0.6697082
2724 0.6696945
2725 0.6696801
2726 0.6696659
2727 0.6696515
2728 0.6696367
2729 0.669623
2730 0.6696084
2731 0.6695942
2732 0.6695798
2733 0.6695658
2734 0.6695517
2735 0.6695377
2736 0.6695231
2737 0.6695082
2738 0.669494
2739 0.6694795
2740 0.6694654
2741 0.6694503
2742 0.6694365
2743 0.6694215
2744 0.6694071
2745 0.6693929
2746 0.6693778
2747 0.6693638
2748 0.6693493
2749 0.6693344
2750 0.6693197
2751 0.6693051
2752 0.6692907
2753 0.6692761
2754 0.6692613
2755 0.6692464
2756 0.6692316
2757 0.6692173
2758 0.669203
2759 0.6691877
2760 0.6691731
2761 0.6691586
2762 0.6691443
2763 0.6691291
2764 0.6691144
2765 0.6690992
2766 0.6690843
2767 0.6690696
2768 0.6690554
2769 0.6690397
2770 0.6690252
2771 0.6690101
2772 0.6689952
2773 0.6689803
2774 0.6689655
2775 0.6689501
2776 0.6689348
2777 0.66892
2778 0.6689049
2779 0.6688903
2780 0.6688744
2781 0.6688597
2782 0.6688443
2783 0.6688292
2784 0.6688145
2785 0.6687987
2786 0.6687846
2787 0.6687691
2788 0.6687538
2789 0.6687391
2790 0.6687232
2791 0.6687081
2792 0.668693
2793 0.6686773
2794 0.6686624
2795 0.6686472
2796 0.668632
2797 0.6686161
2798 0.6686013
2799 0.6685858
2800 0.6685701
2801 0.6685547
2802 0.6685392
2803 0.6685238
2804 0.6685083
2805 0.6684927
2806 0.668477
2807 0.6684617
2808 0.6684461
2809 0.6684307
2810 0.668415
2811 0.6683999
2812 0.6683838
2813 0.668368
2814 0.6683525
2815 0.668337
2816 0.6683214
2817 0.6683061
2818 0.6682903
2819 0.6682745
2820 0.6682589
2821 0.6682435
2822 0.6682276
2823 0.6682118
2824 0.6681961
2825 0.6681802
2826 0.6681646
2827 0.6681485
2828 0.668133
2829 0.6681175
2830 0.6681013
2831 0.668086
2832 0.66807
2833 0.6680548
2834 0.6680387
2835 0.6680229
2836 0.6680072
2837 0.6679913
2838 0.6679755
2839 0.6679598
2840 0.667944
2841 0.6679279
2842 0.6679125
2843 0.6678964
2844 0.6678808
2845 0.6678653
2846 0.6678492
2847 0.6678333
2848 0.6678169
2849 0.6678014
2850 0.6677856
2851 0.6677697
2852 0.6677536
2853 0.667738
2854 0.667722
2855 0.6677067
2856 0.6676908
2857 0.6676746
2858 0.667659
2859 0.6676425
2860 0.6676275
2861 0.6676116
2862 0.667596
2863 0.6675797
2864 0.6675637
2865 0.6675481
2866 0.6675325
2867 0.6675165
2868 0.6675008
2869 0.667485
2870 0.6674688
2871 0.6674529
2872 0.6674368
2873 0.6674208
2874 0.6674048
2875 0.667389
2876 0.6673735
2877 0.6673583
2878 0.6673419
2879 0.6673269
2880 0.6673106
2881 0.6672948
2882 0.6672793
2883 0.6672635
2884 0.6672482
2885 0.6672319
2886 0.6672167
2887 0.6672013
2888 0.6671855
2889 0.66717
2890 0.6671545
2891 0.6671388
2892 0.6671236
2893 0.6671076
2894 0.6670922
2895 0.6670763
2896 0.6670613
2897 0.667046
2898 0.6670299
2899 0.6670148
2900 0.6669987
2901 0.6669835
2902 0.6669682
2903 0.6669534
2904 0.6669376
2905 0.6669222
2906 0.6669064
2907 0.6668915
2908 0.6668764
2909 0.6668612
2910 0.6668457
2911 0.666831
2912 0.6668159
2913 0.6668011
2914 0.6667858
2915 0.6667705
2916 0.6667554
2917 0.6667411
2918 0.6667257
2919 0.6667111
2920 0.6666964
2921 0.6666817
2922 0.6666665
2923 0.6666525
2924 0.6666375
2925 0.6666226
2926 0.6666085
2927 0.666593
2928 0.6665787
2929 0.6665642
2930 0.6665496
2931 0.6665348
2932 0.6665206
2933 0.6665065
2934 0.666492
2935 0.6664776
2936 0.6664637
2937 0.6664502
2938 0.6664352
2939 0.6664215
2940 0.6664075
2941 0.6663932
2942 0.6663797
2943 0.6663654
2944 0.6663508
2945 0.6663375
2946 0.6663237
2947 0.6663107
2948 0.6662965
2949 0.6662829
2950 0.6662695
2951 0.6662555
2952 0.6662426
2953 0.6662291
2954 0.6662154
2955 0.6662018
2956 0.6661888
2957 0.6661755
2958 0.6661625
2959 0.6661496
2960 0.6661365
2961 0.6661236
2962 0.6661105
2963 0.6660977
2964 0.6660846
2965 0.6660718
2966 0.6660591
2967 0.6660461
2968 0.6660337
2969 0.6660215
2970 0.6660093
2971 0.6659967
2972 0.6659842
2973 0.665972
2974 0.6659597
2975 0.6659476
2976 0.665935
2977 0.6659234
2978 0.6659115
2979 0.6658992
2980 0.6658875
2981 0.6658761
2982 0.6658636
2983 0.6658519
2984 0.6658399
2985 0.6658282
2986 0.6658165
2987 0.6658053
2988 0.6657939
2989 0.6657826
2990 0.6657708
2991 0.6657593
2992 0.665748
2993 0.6657364
2994 0.6657256
2995 0.665714
2996 0.6657035
2997 0.6656923
2998 0.6656818
2999 0.6656706
3000 0.6656595
3001 0.6656488
3002 0.665638
3003 0.6656274
3004 0.6656169
3005 0.6656059
3006 0.6655959
3007 0.6655853
3008 0.6655744
3009 0.6655647
3010 0.6655537
3011 0.6655433
3012 0.6655329
3013 0.6655232
3014 0.6655127
3015 0.6655023
3016 0.6654919
3017 0.6654817
3018 0.6654724
3019 0.665463
3020 0.6654538
3021 0.6654437
3022 0.6654334
3023 0.6654239
3024 0.6654146
3025 0.6654044
3026 0.665395
3027 0.6653849
3028 0.6653758
3029 0.6653667
3030 0.6653571
3031 0.6653479
3032 0.6653379
3033 0.6653288
3034 0.6653199
3035 0.6653112
3036 0.6653019
3037 0.6652924
3038 0.6652836
3039 0.6652742
3040 0.6652651
3041 0.665256
3042 0.6652472
3043 0.6652379
3044 0.6652291
3045 0.6652204
3046 0.6652119
3047 0.665203
3048 0.6651945
3049 0.6651857
3050 0.6651771
3051 0.6651683
3052 0.6651599
3053 0.6651509
3054 0.6651429
3055 0.6651338
3056 0.6651255
3057 0.665117
3058 0.6651086
3059 0.6651002
3060 0.665092
3061 0.6650841
3062 0.665075
3063 0.665067
3064 0.6650588
3065 0.6650509
3066 0.6650429
3067 0.6650347
3068 0.6650264
3069 0.6650181
3070 0.6650107
3071 0.6650023
3072 0.6649942
3073 0.6649864
3074 0.6649783
3075 0.6649707
3076 0.6649626
3077 0.6649549
3078 0.6649463
3079 0.6649383
3080 0.6649306
3081 0.664923
3082 0.6649152
3083 0.6649072
3084 0.6648998
3085 0.6648925
3086 0.6648843
3087 0.6648767
3088 0.6648691
3089 0.6648615
3090 0.6648542
3091 0.6648465
3092 0.6648389
3093 0.6648318
3094 0.6648237
3095 0.6648164
3096 0.6648089
3097 0.6648012
3098 0.6647936
3099 0.6647863
3100 0.6647791
3101 0.6647711
3102 0.6647639
3103 0.6647569
3104 0.6647492
3105 0.6647421
3106 0.6647347
3107 0.6647276
3108 0.6647204
3109 0.6647133
3110 0.6647058
3111 0.6646987
3112 0.6646912
3113 0.6646841
3114 0.6646775
3115 0.6646705
3116 0.6646627
3117 0.6646557
3118 0.664649
3119 0.6646415
3120 0.6646348
3121 0.6646274
3122 0.6646202
3123 0.6646129
3124 0.664606
3125 0.664599
3126 0.664592
3127 0.6645854
3128 0.6645784
3129 0.6645712
3130 0.664564
3131 0.664557
3132 0.6645503
3133 0.6645431
3134 0.664536
3135 0.6645291
3136 0.6645227
3137 0.6645158
3138 0.6645091
3139 0.6645018
3140 0.6644947
3141 0.6644881
3142 0.6644813
3143 0.6644748
3144 0.664468
3145 0.6644613
3146 0.6644542
3147 0.6644476
3148 0.6644408
3149 0.6644341
3150 0.6644274
3151 0.6644205
3152 0.6644133
3153 0.6644066
3154 0.6644001
3155 0.6643931
3156 0.6643864
3157 0.6643799
3158 0.6643734
3159 0.6643671
3160 0.6643605
3161 0.6643539
3162 0.6643475
3163 0.6643409
3164 0.6643346
3165 0.6643281
3166 0.6643208
3167 0.6643149
3168 0.6643081
3169 0.6643013
3170 0.6642951
3171 0.6642888
3172 0.6642823
3173 0.6642755
3174 0.6642696
3175 0.6642633
3176 0.6642569
3177 0.6642506
3178 0.6642442
3179 0.6642374
3180 0.6642311
3181 0.6642251
3182 0.6642187
3183 0.6642124
3184 0.664206
3185 0.6641998
3186 0.6641933
3187 0.6641872
3188 0.6641813
3189 0.6641747
3190 0.664169
3191 0.6641628
3192 0.6641561
3193 0.6641501
3194 0.6641439
3195 0.664138
3196 0.6641319
3197 0.6641253
3198 0.6641195
3199 0.6641139
3200 0.6641077
3201 0.6641017
3202 0.6640959
3203 0.6640898
3204 0.6640836
3205 0.6640774
3206 0.6640717
3207 0.6640659
3208 0.6640603
3209 0.6640542
3210 0.6640485
3211 0.6640427
3212 0.6640375
3213 0.6640317
3214 0.6640255
3215 0.6640198
3216 0.6640141
3217 0.6640085
3218 0.6640028
3219 0.6639971
3220 0.6639917
3221 0.6639857
3222 0.6639804
3223 0.6639743
3224 0.6639692
3225 0.6639637
3226 0.6639585
3227 0.6639527
3228 0.6639473
3229 0.6639417
3230 0.6639363
3231 0.6639313
3232 0.6639259
3233 0.6639206
3234 0.6639156
3235 0.6639101
3236 0.6639045
3237 0.663899
3238 0.6638941
3239 0.6638885
3240 0.6638829
3241 0.6638784
3242 0.6638731
3243 0.663867
3244 0.6638623
3245 0.6638573
3246 0.6638524
3247 0.6638472
3248 0.6638421
3249 0.663837
3250 0.6638318
3251 0.6638268
3252 0.6638217
3253 0.6638167
3254 0.6638121
3255 0.6638071
3256 0.6638022
3257 0.6637972
3258 0.6637924
3259 0.6637875
3260 0.6637832
3261 0.663778
3262 0.6637733
3263 0.6637688
3264 0.6637636
3265 0.6637589
3266 0.6637542
3267 0.6637488
3268 0.663744
3269 0.6637395
3270 0.6637347
3271 0.6637304
3272 0.6637259
3273 0.6637213
3274 0.6637166
3275 0.6637122
3276 0.6637077
3277 0.6637031
3278 0.6636984
3279 0.6636943
3280 0.6636897
3281 0.6636853
3282 0.6636812
3283 0.6636767
3284 0.6636724
3285 0.6636679
3286 0.6636637
3287 0.6636595
3288 0.663655
3289 0.6636507
3290 0.6636465
3291 0.6636425
3292 0.6636382
3293 0.6636334
3294 0.6636291
3295 0.6636249
3296 0.6636203
3297 0.6636169
3298 0.6636122
3299 0.6636083
3300 0.6636032
3301 0.6635998
3302 0.6635957
3303 0.6635915
3304 0.6635872
3305 0.6635831
3306 0.6635789
3307 0.663575
3308 0.6635706
3309 0.6635671
3310 0.6635629
3311 0.6635586
3312 0.6635545
3313 0.6635509
3314 0.6635472
3315 0.6635432
3316 0.6635393
3317 0.6635355
3318 0.6635309
3319 0.6635271
3320 0.6635235
3321 0.6635194
3322 0.6635152
3323 0.6635115
3324 0.6635073
3325 0.6635031
3326 0.6634998
3327 0.663496
3328 0.6634923
3329 0.6634886
3330 0.6634846
3331 0.663481
3332 0.6634775
3333 0.6634734
3334 0.6634697
3335 0.6634661
3336 0.6634625
3337 0.6634583
3338 0.6634544
3339 0.6634507
3340 0.6634473
3341 0.6634433
3342 0.6634396
3343 0.6634362
3344 0.6634326
3345 0.6634288
3346 0.6634251
3347 0.6634214
3348 0.6634183
3349 0.6634143
3350 0.6634101
3351 0.6634061
3352 0.6634028
3353 0.6633993
3354 0.6633956
3355 0.6633919
3356 0.6633887
3357 0.6633848
3358 0.6633812
3359 0.6633778
3360 0.6633739
3361 0.6633707
3362 0.663367
3363 0.6633636
3364 0.6633598
3365 0.663356
3366 0.6633524
3367 0.6633487
3368 0.6633455
3369 0.6633419
3370 0.6633388
3371 0.663335
3372 0.6633307
3373 0.6633277
3374 0.6633241
3375 0.6633214
3376 0.663318
3377 0.6633145
3378 0.663311
3379 0.6633076
3380 0.663304
3381 0.6633
3382 0.663297
3383 0.6632929
3384 0.6632891
3385 0.6632856
3386 0.663282
3387 0.6632785
3388 0.6632751
3389 0.6632715
3390 0.6632679
3391 0.6632643
3392 0.6632609
3393 0.6632575
3394 0.6632536
3395 0.6632501
3396 0.6632469
3397 0.6632428
3398 0.6632394
3399 0.6632366
3400 0.6632328
3401 0.6632297
3402 0.6632259
3403 0.6632223
3404 0.6632187
3405 0.6632155
3406 0.6632123
3407 0.6632085
3408 0.6632046
3409 0.6632013
3410 0.6631982
3411 0.6631949
3412 0.6631911
3413 0.6631871
3414 0.6631839
3415 0.6631802
3416 0.6631769
3417 0.6631732
3418 0.6631697
3419 0.6631668
3420 0.6631634
3421 0.6631599
3422 0.6631567
3423 0.663153
3424 0.6631498
3425 0.6631462
3426 0.6631432
3427 0.6631393
3428 0.6631356
3429 0.6631325
3430 0.6631289
3431 0.6631251
3432 0.6631216
3433 0.6631178
3434 0.6631144
3435 0.6631106
3436 0.6631073
3437 0.6631039
3438 0.6631003
3439 0.6630972
3440 0.6630937
3441 0.6630899
3442 0.6630862
3443 0.6630828
3444 0.6630795
3445 0.663076
3446 0.6630726
3447 0.6630694
3448 0.6630659
3449 0.6630622
3450 0.6630586
3451 0.6630545
3452 0.6630513
3453 0.6630477
3454 0.6630439
3455 0.6630406
3456 0.6630369
3457 0.6630337
3458 0.66303
3459 0.6630269
3460 0.6630232
3461 0.6630198
3462 0.6630163
3463 0.663013
3464 0.6630093
3465 0.6630058
3466 0.6630024
3467 0.6629989
3468 0.662995
3469 0.6629912
3470 0.6629878
3471 0.6629841
3472 0.6629804
3473 0.6629775
3474 0.6629738
3475 0.6629705
3476 0.6629671
3477 0.6629638
3478 0.6629599
3479 0.6629561
3480 0.6629531
3481 0.6629492
3482 0.6629455
3483 0.6629421
3484 0.6629382
3485 0.6629344
3486 0.6629305
3487 0.6629276
3488 0.6629241
3489 0.6629205
3490 0.6629165
3491 0.6629133
3492 0.6629096
3493 0.6629063
3494 0.6629025
3495 0.6628994
3496 0.6628956
3497 0.6628921
3498 0.6628879
3499 0.6628846
3500 0.6628808
3501 0.6628771
3502 0.6628736
3503 0.66287
3504 0.6628668
3505 0.6628631
3506 0.6628594
3507 0.6628556
3508 0.662852
3509 0.6628484
3510 0.6628445
3511 0.6628411
3512 0.6628378
3513 0.6628341
3514 0.6628301
3515 0.6628267
3516 0.6628234
3517 0.66282
3518 0.6628158
3519 0.6628122
3520 0.6628087
3521 0.662805
3522 0.6628013
3523 0.6627979
3524 0.6627945
3525 0.6627905
3526 0.6627866
3527 0.6627834
3528 0.6627797
3529 0.6627762
3530 0.6627728
3531 0.6627691
3532 0.6627657
3533 0.6627627
3534 0.6627588
3535 0.6627551
3536 0.6627516
3537 0.6627484
3538 0.6627445
3539 0.6627409
3540 0.662737
3541 0.6627338
3542 0.6627307
3543 0.6627274
3544 0.6627238
3545 0.6627197
3546 0.6627157
3547 0.6627124
3548 0.6627089
3549 0.6627057
3550 0.6627018
3551 0.6626978
3552 0.6626944
3553 0.6626908
3554 0.6626872
3555 0.6626834
3556 0.6626797
3557 0.6626762
3558 0.6626726
3559 0.6626688
3560 0.6626654
3561 0.6626616
3562 0.6626585
3563 0.6626552
3564 0.6626512
3565 0.6626476
3566 0.662644
3567 0.6626407
3568 0.6626374
3569 0.6626337
3570 0.6626303
3571 0.6626269
3572 0.6626236
3573 0.6626201
3574 0.6626168
3575 0.6626133
3576 0.6626093
3577 0.6626062
3578 0.6626025
3579 0.6625987
3580 0.6625953
3581 0.6625916
3582 0.6625879
3583 0.6625848
3584 0.6625813
3585 0.6625777
3586 0.6625747
3587 0.6625713
3588 0.6625675
3589 0.662564
3590 0.6625609
3591 0.662557
3592 0.662554
3593 0.6625506
3594 0.6625465
3595 0.6625428
3596 0.6625395
3597 0.6625363
3598 0.6625325
3599 0.662529
3600 0.6625254
3601 0.6625224
3602 0.6625188
3603 0.6625158
3604 0.6625122
3605 0.6625085
3606 0.6625046
3607 0.6625019
3608 0.6624983
3609 0.6624947
3610 0.6624917
3611 0.6624886
3612 0.6624848
3613 0.662482
3614 0.6624779
3615 0.6624748
3616 0.6624712
3617 0.662468
3618 0.6624642
3619 0.6624604
3620 0.662457
3621 0.662454
3622 0.6624507
3623 0.6624473
3624 0.6624438
3625 0.6624405
3626 0.6624368
3627 0.6624332
3628 0.6624297
3629 0.6624259
3630 0.6624229
3631 0.6624196
3632 0.6624163
3633 0.662413
3634 0.6624096
3635 0.6624061
3636 0.6624028
3637 0.6624001
3638 0.6623966
3639 0.6623935
3640 0.6623899
3641 0.6623871
3642 0.6623839
3643 0.6623806
3644 0.6623773
3645 0.6623736
3646 0.6623705
3647 0.6623677
3648 0.6623641
3649 0.6623605
3650 0.6623571
3651 0.6623534
3652 0.6623498
3653 0.6623468
3654 0.6623436
3655 0.6623405
3656 0.6623372
3657 0.6623341
3658 0.6623306
3659 0.6623274
3660 0.662324
3661 0.6623209
3662 0.6623175
3663 0.6623148
3664 0.6623114
3665 0.6623083
3666 0.662305
3667 0.6623012
3668 0.6622983
3669 0.6622952
3670 0.6622922
3671 0.6622888
3672 0.662285
3673 0.6622818
3674 0.662279
3675 0.6622756
3676 0.6622725
3677 0.6622693
3678 0.6622662
3679 0.6622633
3680 0.6622602
3681 0.662257
3682 0.6622536
3683 0.6622509
3684 0.6622475
3685 0.6622444
3686 0.6622412
3687 0.6622378
3688 0.6622349
3689 0.6622317
3690 0.6622281
3691 0.6622252
3692 0.6622218
3693 0.6622187
3694 0.6622158
3695 0.6622128
3696 0.6622101
3697 0.6622072
3698 0.6622041
3699 0.6622008
3700 0.6621977
3701 0.6621946
3702 0.6621917
3703 0.6621884
3704 0.6621853
3705 0.6621825
3706 0.6621796
3707 0.6621765
3708 0.6621733
3709 0.6621701
3710 0.662167
3711 0.6621643
3712 0.6621611
3713 0.6621577
3714 0.6621541
3715 0.662151
3716 0.6621482
3717 0.6621453
3718 0.6621423
3719 0.6621389
3720 0.6621358
3721 0.6621329
3722 0.6621299
3723 0.6621267
3724 0.6621234
3725 0.6621203
3726 0.6621174
3727 0.6621143
3728 0.6621112
3729 0.6621088
3730 0.6621053
3731 0.6621023
3732 0.6620996
3733 0.662096
3734 0.6620932
3735 0.6620902
3736 0.662087
3737 0.6620839
3738 0.6620809
3739 0.6620777
3740 0.6620748
3741 0.6620718
3742 0.6620686
3743 0.6620655
3744 0.6620622
3745 0.6620594
3746 0.6620561
3747 0.662053
3748 0.6620501
3749 0.6620469
3750 0.662044
3751 0.6620408
3752 0.6620379
3753 0.6620353
3754 0.6620324
3755 0.6620293
3756 0.6620262
3757 0.6620231
3758 0.66202
3759 0.662017
3760 0.6620142
3761 0.6620112
3762 0.6620079
3763 0.6620044
3764 0.6620016
3765 0.6619989
3766 0.6619959
3767 0.6619931
3768 0.6619899
3769 0.6619869
3770 0.6619835
3771 0.6619807
3772 0.6619777
3773 0.6619743
3774 0.6619716
3775 0.6619687
3776 0.6619656
3777 0.6619627
3778 0.6619599
3779 0.6619565
3780 0.6619534
3781 0.6619508
3782 0.6619477
3783 0.6619449
3784 0.6619415
3785 0.6619386
3786 0.6619355
3787 0.6619321
3788 0.6619293
3789 0.6619264
3790 0.6619236
3791 0.6619205
3792 0.6619174
3793 0.6619143
3794 0.6619113
3795 0.6619084
3796 0.6619055
3797 0.6619024
3798 0.6618998
3799 0.6618962
3800 0.6618935
3801 0.6618899
3802 0.6618868
3803 0.6618837
3804 0.6618806
3805 0.6618776
3806 0.6618747
3807 0.6618716
3808 0.6618686
3809 0.6618654
3810 0.6618622
3811 0.661859
3812 0.661856
3813 0.6618528
3814 0.6618494
3815 0.6618466
3816 0.6618438
3817 0.6618406
3818 0.6618378
3819 0.6618353
3820 0.6618316
3821 0.661828
3822 0.6618249
3823 0.6618221
3824 0.6618192
3825 0.6618161
3826 0.661813
3827 0.6618102
3828 0.6618068
3829 0.6618035
3830 0.6618007
3831 0.6617975
3832 0.6617946
3833 0.6617913
3834 0.6617884
3835 0.6617852
3836 0.661782
3837 0.6617786
3838 0.6617755
3839 0.6617724
3840 0.6617692
3841 0.6617661
3842 0.6617631
3843 0.6617599
3844 0.6617569
3845 0.661754
3846 0.6617512
3847 0.6617481
3848 0.661745
3849 0.6617416
3850 0.6617383
3851 0.6617351
3852 0.661732
3853 0.6617294
3854 0.6617264
3855 0.661723
3856 0.66172
3857 0.6617165
3858 0.6617133
3859 0.6617105
3860 0.6617074
3861 0.6617044
3862 0.6617015
3863 0.6616983
3864 0.661695
3865 0.6616922
3866 0.661689
3867 0.6616856
3868 0.6616826
3869 0.6616795
3870 0.6616764
3871 0.6616729
3872 0.6616697
3873 0.6616668
3874 0.6616637
3875 0.6616604
3876 0.6616575
3877 0.6616545
3878 0.6616513
3879 0.661648
3880 0.6616453
3881 0.6616426
3882 0.6616396
3883 0.6616364
3884 0.6616332
3885 0.6616303
3886 0.6616271
3887 0.6616238
3888 0.6616207
3889 0.6616176
3890 0.6616144
3891 0.6616114
3892 0.6616084
3893 0.6616054
3894 0.6616023
3895 0.6615993
3896 0.6615961
3897 0.6615927
3898 0.6615895
3899 0.6615866
3900 0.661584
3901 0.6615805
3902 0.6615773
3903 0.6615742
3904 0.6615713
3905 0.6615684
3906 0.6615655
3907 0.6615627
3908 0.6615595
3909 0.6615563
3910 0.6615533
3911 0.6615502
3912 0.6615472
3913 0.6615441
3914 0.6615411
3915 0.6615384
3916 0.6615354
3917 0.6615326
3918 0.6615296
3919 0.6615262
3920 0.6615233
3921 0.6615203
3922 0.6615174
3923 0.6615146
3924 0.6615115
3925 0.6615086
3926 0.6615054
3927 0.6615025
3928 0.6615
3929 0.6614969
3930 0.6614938
3931 0.6614909
3932 0.6614878
3933 0.661485
3934 0.6614821
3935 0.6614789
3936 0.6614763
3937 0.6614733
3938 0.6614703
3939 0.6614676
3940 0.6614648
3941 0.6614615
3942 0.6614587
3943 0.661456
3944 0.6614531
3945 0.6614503
3946 0.6614476
3947 0.6614448
3948 0.6614418
3949 0.6614391
3950 0.6614366
3951 0.6614338
3952 0.6614307
3953 0.6614282
3954 0.6614252
3955 0.6614219
3956 0.6614192
3957 0.6614162
3958 0.6614138
3959 0.6614112
3960 0.6614084
3961 0.6614059
3962 0.6614032
3963 0.6614005
3964 0.6613977
3965 0.6613952
3966 0.6613925
3967 0.6613897
3968 0.6613868
3969 0.6613843
3970 0.6613818
3971 0.6613789
3972 0.6613761
3973 0.6613737
3974 0.6613711
3975 0.6613684
3976 0.6613662
3977 0.6613635
3978 0.661361
3979 0.6613588
3980 0.6613559
3981 0.6613533
3982 0.6613504
3983 0.6613481
3984 0.6613456
3985 0.6613431
3986 0.6613405
3987 0.6613376
3988 0.6613352
3989 0.6613327
3990 0.6613302
3991 0.6613277
3992 0.6613252
3993 0.6613231
3994 0.6613206
3995 0.661318
3996 0.6613158
3997 0.6613132
3998 0.6613111
3999 0.6613086
4000 0.6613063
4001 0.6613041
4002 0.6613013
4003 0.6612992
4004 0.6612967
4005 0.6612943
4006 0.6612921
4007 0.6612898
4008 0.6612871
4009 0.6612852
4010 0.6612831
4011 0.6612806
4012 0.6612782
4013 0.6612759
4014 0.6612735
4015 0.6612712
4016 0.6612693
4017 0.6612668
4018 0.6612647
4019 0.6612626
4020 0.6612602
4021 0.6612579
4022 0.6612559
4023 0.6612536
4024 0.6612512
4025 0.661249
4026 0.6612468
4027 0.6612443
4028 0.6612423
4029 0.6612401
4030 0.661238
4031 0.661236
4032 0.6612337
4033 0.6612312
4034 0.661229
4035 0.661227
4036 0.6612248
4037 0.6612226
4038 0.6612209
4039 0.661219
4040 0.6612166
4041 0.6612148
4042 0.6612123
4043 0.6612106
4044 0.6612085
4045 0.6612065
4046 0.6612044
4047 0.6612022
4048 0.6612
4049 0.6611981
4050 0.6611961
4051 0.6611944
4052 0.6611926
4053 0.6611907
4054 0.661189
4055 0.6611869
4056 0.6611849
4057 0.6611829
4058 0.6611808
4059 0.661179
4060 0.6611766
4061 0.6611747
4062 0.6611727
4063 0.6611711
4064 0.6611691
4065 0.6611671
4066 0.6611653
4067 0.6611636
4068 0.6611612
4069 0.6611594
4070 0.6611574
4071 0.6611555
4072 0.6611538
4073 0.6611521
4074 0.6611497
4075 0.6611478
4076 0.661146
4077 0.6611444
4078 0.6611424
4079 0.6611407
4080 0.661139
4081 0.661137
4082 0.6611354
4083 0.6611339
4084 0.6611317
4085 0.66113
4086 0.6611283
4087 0.6611264
4088 0.6611246
4089 0.6611237
4090 0.661122
4091 0.6611204
4092 0.6611184
4093 0.6611168
4094 0.6611147
4095 0.6611131
4096 0.6611116
4097 0.6611097
4098 0.6611078
4099 0.6611064
4100 0.6611047
4101 0.6611028
4102 0.6611016
4103 0.6611
4104 0.6610982
4105 0.6610964
4106 0.6610947
4107 0.6610931
4108 0.6610913
4109 0.66109
4110 0.6610882
4111 0.661087
4112 0.6610853
4113 0.6610836
4114 0.6610821
4115 0.6610803
4116 0.6610789
4117 0.6610773
4118 0.6610758
4119 0.6610741
4120 0.6610731
4121 0.661071
4122 0.6610695
4123 0.6610681
4124 0.6610667
4125 0.6610651
4126 0.6610638
4127 0.6610624
4128 0.6610612
4129 0.6610591
4130 0.6610577
4131 0.6610562
4132 0.6610546
4133 0.6610532
4134 0.6610519
4135 0.6610506
4136 0.6610492
4137 0.6610474
4138 0.661046
4139 0.6610443
4140 0.6610429
4141 0.6610419
4142 0.6610407
4143 0.6610394
4144 0.6610379
4145 0.6610364
4146 0.6610349
4147 0.6610337
4148 0.6610321
4149 0.6610308
4150 0.6610294
4151 0.6610281
4152 0.661027
4153 0.6610254
4154 0.6610239
4155 0.6610224
4156 0.6610211
4157 0.6610199
4158 0.6610186
4159 0.6610174
4160 0.661016
4161 0.6610149
4162 0.661014
4163 0.6610125
4164 0.661011
4165 0.6610098
4166 0.6610086
4167 0.6610073
4168 0.6610065
4169 0.6610054
4170 0.6610041
4171 0.6610032
4172 0.6610017
4173 0.6610003
4174 0.6609992
4175 0.6609981
4176 0.6609968
4177 0.6609954
4178 0.6609946
4179 0.6609929
4180 0.6609917
4181 0.6609904
4182 0.6609893
4183 0.660988
4184 0.660987
4185 0.6609856
4186 0.6609846
4187 0.6609837
4188 0.6609824
4189 0.6609814
4190 0.66098
4191 0.6609792
4192 0.6609782
4193 0.6609768
4194 0.6609758
4195 0.6609748
4196 0.6609738
4197 0.6609726
4198 0.6609715
4199 0.6609703
4200 0.6609696
4201 0.6609681
4202 0.6609673
4203 0.6609664
4204 0.6609648
4205 0.6609638
4206 0.6609623
4207 0.6609614
4208 0.6609605
4209 0.6609592
4210 0.6609581
4211 0.6609571
4212 0.6609564
4213 0.6609555
4214 0.6609544
4215 0.6609533
4216 0.6609523
4217 0.6609517
4218 0.6609504
4219 0.6609496
4220 0.6609491
4221 0.6609482
4222 0.6609472
4223 0.660946
4224 0.6609454
4225 0.6609442
4226 0.6609432
4227 0.6609423
4228 0.6609411
4229 0.6609403
4230 0.6609394
4231 0.6609389
4232 0.6609378
4233 0.6609368
4234 0.6609361
4235 0.660935
4236 0.6609342
4237 0.6609331
4238 0.6609321
4239 0.6609313
4240 0.6609304
4241 0.6609298
4242 0.6609288
4243 0.6609278
4244 0.6609269
4245 0.6609257
4246 0.6609248
4247 0.6609241
4248 0.6609235
4249 0.6609223
4250 0.6609215
4251 0.6609207
4252 0.6609198
4253 0.660919
4254 0.6609182
4255 0.6609169
4256 0.6609161
4257 0.6609154
4258 0.6609144
4259 0.660914
4260 0.660913
4261 0.6609119
4262 0.660911
4263 0.6609101
4264 0.6609092
4265 0.6609084
4266 0.6609075
4267 0.6609069
4268 0.660906
4269 0.6609051
4270 0.6609041
4271 0.6609036
4272 0.6609027
4273 0.6609021
4274 0.6609013
4275 0.6609007
4276 0.6608998
4277 0.6608991
4278 0.6608983
4279 0.6608977
4280 0.6608967
4281 0.6608959
4282 0.6608951
4283 0.6608943
4284 0.6608937
4285 0.6608928
4286 0.6608921
4287 0.6608917
4288 0.660891
4289 0.6608904
4290 0.6608896
4291 0.660889
4292 0.6608884
4293 0.6608875
4294 0.660887
4295 0.6608865
4296 0.6608855
4297 0.6608846
4298 0.660884
4299 0.6608828
4300 0.6608822
4301 0.6608817
4302 0.660881
4303 0.6608804
4304 0.6608795
4305 0.6608787
4306 0.6608783
4307 0.6608772
4308 0.6608763
4309 0.6608759
4310 0.6608751
4311 0.6608743
4312 0.6608737
4313 0.6608734
4314 0.6608731
4315 0.6608721
4316 0.6608714
4317 0.6608709
4318 0.6608701
4319 0.6608692
4320 0.6608691
4321 0.6608686
4322 0.6608681
4323 0.6608675
4324 0.6608669
4325 0.6608663
4326 0.6608655
4327 0.6608647
4328 0.6608642
4329 0.6608633
4330 0.660863
4331 0.6608626
4332 0.6608619
4333 0.6608608
4334 0.6608601
4335 0.6608596
4336 0.6608588
4337 0.6608582
4338 0.6608574
4339 0.6608568
4340 0.6608562
4341 0.6608555
4342 0.660855
4343 0.6608542
4344 0.6608535
4345 0.6608529
4346 0.6608524
4347 0.660852
4348 0.6608514
4349 0.6608505
4350 0.66085
4351 0.6608495
4352 0.6608487
4353 0.6608479
4354 0.6608475
4355 0.6608468
4356 0.6608461
4357 0.6608455
4358 0.6608449
4359 0.6608444
4360 0.6608437
4361 0.6608433
4362 0.6608425
4363 0.6608418
4364 0.6608412
4365 0.6608403
4366 0.66084
4367 0.6608396
4368 0.6608396
4369 0.6608389
4370 0.6608382
4371 0.6608378
4372 0.6608369
4373 0.6608365
4374 0.6608362
4375 0.6608356
4376 0.6608348
4377 0.6608339
4378 0.6608334
4379 0.6608331
4380 0.6608326
4381 0.6608319
4382 0.6608315
4383 0.6608307
4384 0.6608302
4385 0.6608297
4386 0.6608291
4387 0.6608286
4388 0.6608279
4389 0.6608273
4390 0.6608266
4391 0.6608263
4392 0.6608256
4393 0.6608251
4394 0.6608241
4395 0.6608236
4396 0.6608229
4397 0.6608224
4398 0.6608216
4399 0.6608208
4400 0.6608205
4401 0.6608198
4402 0.6608191
4403 0.6608188
4404 0.6608182
4405 0.6608173
4406 0.660817
4407 0.6608164
4408 0.6608157
4409 0.6608151
4410 0.6608145
4411 0.6608137
4412 0.6608129
4413 0.6608124
4414 0.6608123
4415 0.6608117
4416 0.6608112
4417 0.6608105
4418 0.6608102
4419 0.6608098
4420 0.6608093
4421 0.6608087
4422 0.6608085
4423 0.660808
4424 0.6608074
4425 0.6608066
4426 0.6608059
4427 0.6608055
4428 0.6608047
4429 0.6608042
4430 0.660804
4431 0.6608034
4432 0.6608028
4433 0.6608022
4434 0.6608016
4435 0.6608013
4436 0.6608006
4437 0.6608002
4438 0.6607997
4439 0.660799
4440 0.6607985
4441 0.6607982
4442 0.6607974
4443 0.660797
4444 0.6607966
4445 0.6607961
4446 0.6607953
4447 0.6607949
4448 0.6607942
4449 0.6607939
4450 0.6607934
4451 0.6607925
4452 0.6607921
4453 0.6607914
4454 0.6607909
4455 0.6607903
4456 0.6607899
4457 0.6607894
4458 0.6607893
4459 0.6607883
4460 0.6607878
4461 0.6607873
4462 0.6607867
4463 0.6607864
4464 0.6607857
4465 0.6607852
4466 0.6607848
4467 0.6607841
4468 0.660784
4469 0.6607837
4470 0.6607833
4471 0.6607825
4472 0.660782
4473 0.6607816
4474 0.6607814
4475 0.6607808
4476 0.6607803
4477 0.6607797
4478 0.6607788
4479 0.6607784
4480 0.6607776
4481 0.660777
4482 0.6607766
4483 0.6607761
4484 0.6607757
4485 0.6607751
4486 0.6607745
4487 0.6607738
4488 0.6607735
4489 0.6607732
4490 0.6607732
4491 0.6607727
4492 0.6607723
4493 0.660772
4494 0.6607714
4495 0.660771
4496 0.6607702
4497 0.6607696
4498 0.6607691
4499 0.6607688
4500 0.6607683
4501 0.6607679
4502 0.6607677
4503 0.660767
4504 0.6607669
4505 0.6607662
4506 0.6607658
4507 0.6607652
4508 0.6607649
4509 0.6607643
4510 0.6607639
4511 0.6607633
4512 0.6607627
4513 0.6607624
4514 0.6607622
4515 0.6607613
4516 0.6607609
4517 0.6607605
4518 0.6607599
4519 0.6607594
4520 0.6607588
4521 0.6607587
4522 0.6607583
4523 0.6607577
4524 0.6607574
4525 0.6607569
4526 0.6607566
4527 0.6607559
4528 0.6607552
4529 0.6607545
4530 0.660754
4531 0.6607537
4532 0.6607533
4533 0.6607528
4534 0.6607521
4535 0.6607518
4536 0.6607515
4537 0.660751
4538 0.6607506
4539 0.6607504
4540 0.6607497
4541 0.6607494
4542 0.6607491
4543 0.6607484
4544 0.6607481
4545 0.6607478
4546 0.6607476
4547 0.6607472
4548 0.6607467
4549 0.6607465
4550 0.6607459
4551 0.6607456
4552 0.6607451
4553 0.6607446
4554 0.6607444
4555 0.6607442
4556 0.6607435
4557 0.6607428
4558 0.6607424
4559 0.6607419
4560 0.6607414
4561 0.6607411
4562 0.6607404
4563 0.6607401
4564 0.6607395
4565 0.660739
4566 0.6607385
4567 0.6607379
4568 0.6607376
4569 0.6607373
4570 0.6607372
4571 0.6607363
4572 0.660736
4573 0.6607357
4574 0.6607352
4575 0.660735
4576 0.6607345
4577 0.6607341
4578 0.6607336
4579 0.660733
4580 0.6607326
4581 0.6607319
4582 0.6607317
4583 0.6607317
4584 0.6607314
4585 0.6607308
4586 0.6607307
4587 0.6607303
4588 0.6607298
4589 0.6607295
4590 0.6607293
4591 0.6607288
4592 0.6607286
4593 0.660728
4594 0.6607275
4595 0.6607269
4596 0.6607263
4597 0.6607261
4598 0.6607255
4599 0.660725
4600 0.6607246
4601 0.660724
4602 0.6607237
4603 0.6607233
4604 0.6607231
4605 0.6607228
4606 0.6607219
4607 0.6607215
4608 0.6607212
4609 0.6607207
4610 0.6607205
4611 0.6607203
4612 0.6607196
4613 0.6607193
4614 0.660719
4615 0.6607184
4616 0.660718
4617 0.6607175
4618 0.660717
4619 0.6607165
4620 0.6607162
4621 0.6607158
4622 0.6607152
4623 0.6607147
4624 0.6607144
4625 0.6607138
4626 0.6607131
4627 0.6607127
4628 0.6607125
4629 0.6607116
4630 0.6607114
4631 0.6607106
4632 0.6607105
4633 0.6607099
4634 0.6607093
4635 0.6607094
4636 0.6607089
4637 0.6607086
4638 0.6607083
4639 0.6607077
4640 0.6607075
4641 0.6607069
4642 0.6607065
4643 0.660706
4644 0.6607055
4645 0.6607054
4646 0.6607051
4647 0.6607046
4648 0.6607043
4649 0.6607038
4650 0.6607036
4651 0.6607031
4652 0.6607026
4653 0.660702
4654 0.6607018
4655 0.6607013
4656 0.660701
4657 0.6607007
4658 0.6607003
4659 0.6606994
4660 0.6606991
4661 0.6606987
4662 0.6606984
4663 0.6606981
4664 0.6606974
4665 0.6606969
4666 0.6606964
4667 0.6606962
4668 0.6606956
4669 0.6606952
4670 0.6606951
4671 0.6606947
4672 0.6606944
4673 0.6606938
4674 0.6606935
4675 0.660693
4676 0.660693
4677 0.6606922
4678 0.660692
4679 0.6606916
4680 0.6606912
4681 0.6606907
4682 0.6606903
4683 0.6606899
4684 0.6606892
4685 0.660689
4686 0.6606882
4687 0.6606877
4688 0.6606876
4689 0.6606871
4690 0.6606867
4691 0.6606861
4692 0.6606856
4693 0.6606853
4694 0.6606851
4695 0.6606846
4696 0.6606841
4697 0.6606838
4698 0.6606834
4699 0.6606832
4700 0.6606829
4701 0.6606824
4702 0.6606818
4703 0.660681
4704 0.6606804
4705 0.6606801
4706 0.6606797
4707 0.6606793
4708 0.6606786
4709 0.6606784
4710 0.6606783
4711 0.6606779
4712 0.6606776
4713 0.6606773
4714 0.6606767
4715 0.6606762
4716 0.6606759
4717 0.6606758
4718 0.6606752
4719 0.6606746
4720 0.6606743
4721 0.6606739
4722 0.6606735
4723 0.660673
4724 0.6606723
4725 0.6606722
4726 0.6606719
4727 0.6606715
4728 0.6606711
4729 0.6606705
4730 0.6606699
4731 0.6606697
4732 0.6606691
4733 0.6606685
4734 0.6606681
4735 0.660668
4736 0.6606675
4737 0.6606673
4738 0.6606669
4739 0.6606667
4740 0.6606663
4741 0.6606658
4742 0.6606656
4743 0.6606649
4744 0.6606647
4745 0.6606644
4746 0.660664
4747 0.6606635
4748 0.6606628
4749 0.6606624
4750 0.6606619
4751 0.6606613
4752 0.6606611
4753 0.6606605
4754 0.6606601
4755 0.6606597
4756 0.6606594
4757 0.660659
4758 0.6606585
4759 0.6606585
4760 0.6606581
4761 0.6606575
4762 0.6606573
4763 0.6606569
4764 0.6606563
4765 0.6606558
4766 0.6606555
4767 0.660655
4768 0.6606548
4769 0.6606545
4770 0.6606537
4771 0.6606534
4772 0.660653
4773 0.6606527
4774 0.6606524
4775 0.6606517
4776 0.6606514
4777 0.6606511
4778 0.6606506
4779 0.66065
4780 0.6606497
4781 0.6606498
4782 0.6606494
4783 0.6606494
4784 0.6606485
4785 0.6606484
4786 0.6606478
4787 0.6606473
4788 0.6606467
4789 0.6606465
4790 0.6606459
4791 0.6606456
4792 0.6606448
4793 0.6606448
4794 0.6606444
4795 0.660644
4796 0.6606436
4797 0.6606433
4798 0.6606429
4799 0.6606427
4800 0.6606423
4801 0.6606418
4802 0.6606414
4803 0.660641
4804 0.6606407
4805 0.6606402
4806 0.6606397
4807 0.6606392
4808 0.6606385
4809 0.6606385
4810 0.660638
4811 0.6606377
4812 0.6606372
4813 0.6606371
4814 0.6606366
4815 0.6606362
4816 0.6606358
4817 0.6606352
4818 0.6606351
4819 0.6606342
4820 0.6606339
4821 0.6606339
4822 0.6606337
4823 0.6606336
4824 0.6606333
4825 0.6606329
4826 0.660633
4827 0.6606327
4828 0.6606321
4829 0.6606316
4830 0.6606311
4831 0.6606307
4832 0.6606306
4833 0.6606302
4834 0.66063
4835 0.6606297
4836 0.6606296
4837 0.6606293
4838 0.6606286
4839 0.6606282
4840 0.6606277
4841 0.6606272
4842 0.6606268
4843 0.6606266
4844 0.6606261
4845 0.6606258
4846 0.6606256
4847 0.6606252
4848 0.6606247
4849 0.6606246
4850 0.6606241
4851 0.6606238
4852 0.6606236
4853 0.6606234
4854 0.6606231
4855 0.6606228
4856 0.6606221
4857 0.6606222
4858 0.6606218
4859 0.6606214
4860 0.6606207
4861 0.6606204
4862 0.6606199
4863 0.6606193
4864 0.6606191
4865 0.6606188
4866 0.6606184
4867 0.6606181
4868 0.6606179
4869 0.6606176
4870 0.6606174
4871 0.6606167
4872 0.6606166
4873 0.6606157
4874 0.6606154
4875 0.6606151
4876 0.6606151
4877 0.6606147
4878 0.6606143
4879 0.660614
4880 0.6606137
4881 0.6606133
4882 0.6606131
4883 0.6606126
4884 0.6606123
4885 0.660612
4886 0.6606116
4887 0.6606114
4888 0.6606109
4889 0.6606106
4890 0.6606103
4891 0.66061
4892 0.6606097
4893 0.6606091
4894 0.6606088
4895 0.6606084
4896 0.6606082
4897 0.6606079
4898 0.6606076
4899 0.6606074
4900 0.6606071
4901 0.6606069
4902 0.6606069
4903 0.6606066
4904 0.660606
4905 0.6606057
4906 0.6606052
4907 0.660605
4908 0.6606044
4909 0.6606044
4910 0.660604
4911 0.6606036
4912 0.6606033
4913 0.660603
4914 0.6606025
4915 0.6606024
4916 0.6606019
4917 0.6606016
4918 0.6606016
4919 0.6606013
4920 0.6606009
4921 0.6606008
4922 0.6606004
4923 0.6605998
4924 0.6605995
4925 0.6605994
4926 0.6605988
4927 0.6605985
4928 0.6605981
4929 0.6605977
4930 0.6605972
4931 0.660597
4932 0.6605969
4933 0.6605964
4934 0.6605958
4935 0.6605955
4936 0.6605953
4937 0.6605949
4938 0.6605946
4939 0.6605942
4940 0.660594
4941 0.6605935
4942 0.6605933
4943 0.6605931
4944 0.6605929
4945 0.6605926
4946 0.6605921
4947 0.6605916
4948 0.6605915
4949 0.660591
4950 0.6605906
4951 0.6605904
4952 0.66059
4953 0.6605895
4954 0.6605891
4955 0.6605889
4956 0.6605887
4957 0.6605881
4958 0.660588
4959 0.6605877
4960 0.6605873
4961 0.6605867
4962 0.6605862
4963 0.6605859
4964 0.6605856
4965 0.6605854
4966 0.6605847
4967 0.6605847
4968 0.6605844
4969 0.6605838
4970 0.6605835
4971 0.6605832
4972 0.660583
4973 0.6605827
4974 0.6605824
4975 0.6605819
4976 0.6605814
4977 0.6605808
4978 0.6605805
4979 0.6605803
4980 0.6605799
4981 0.6605796
4982 0.6605794
4983 0.6605791
4984 0.6605789
4985 0.6605785
4986 0.6605782
4987 0.660578
4988 0.6605776
4989 0.6605775
4990 0.6605772
4991 0.660577
4992 0.6605767
4993 0.6605765
4994 0.6605764
4995 0.660576
4996 0.6605756
4997 0.6605751
4998 0.6605749
4999 0.6605745
5000 0.660574
5001 0.6605735
5002 0.6605732
5003 0.6605731
5004 0.6605726
5005 0.6605724
5006 0.6605719
5007 0.6605718
5008 0.6605715
5009 0.6605711
5010 0.6605709
5011 0.6605703
5012 0.6605698
5013 0.6605697
5014 0.6605694
5015 0.6605694
5016 0.6605688
5017 0.6605688
5018 0.6605686
5019 0.6605681
5020 0.6605677
5021 0.6605675
5022 0.6605674
5023 0.6605671
5024 0.6605667
5025 0.6605664
5026 0.6605663
5027 0.6605659
5028 0.6605656
5029 0.6605651
5030 0.6605648
5031 0.6605647
5032 0.6605644
5033 0.6605641
5034 0.6605639
5035 0.6605638
5036 0.6605633
5037 0.6605629
5038 0.6605625
5039 0.6605626
5040 0.6605619
5041 0.6605616
5042 0.6605613
5043 0.6605608
5044 0.6605604
5045 0.6605603
5046 0.66056
5047 0.6605595
5048 0.6605592
5049 0.6605589
5050 0.6605585
5051 0.6605583
5052 0.6605579
5053 0.6605576
5054 0.6605575
5055 0.6605571
5056 0.6605569
5057 0.6605567
5058 0.6605563
5059 0.6605563
5060 0.6605558
5061 0.6605555
5062 0.6605551
5063 0.6605548
5064 0.6605543
5065 0.6605541
5066 0.6605538
5067 0.6605536
5068 0.6605535
5069 0.6605531
5070 0.6605527
5071 0.6605523
5072 0.6605522
5073 0.6605519
5074 0.6605516
5075 0.6605515
5076 0.6605511
5077 0.6605509
5078 0.6605503
5079 0.6605504
5080 0.66055
5081 0.6605493
5082 0.6605492
5083 0.6605492
5084 0.6605484
5085 0.660548
5086 0.6605479
5087 0.6605472
5088 0.660547
5089 0.6605467
5090 0.6605466
5091 0.6605463
5092 0.660546
5093 0.6605456
5094 0.6605451
5095 0.6605451
5096 0.6605446
5097 0.6605443
5098 0.6605442
5099 0.660544
5100 0.6605434
5101 0.6605434
5102 0.660543
5103 0.6605426
5104 0.6605422
5105 0.660542
5106 0.6605416
5107 0.6605414
5108 0.6605412
5109 0.6605409
5110 0.6605407
5111 0.6605404
5112 0.6605399
5113 0.6605396
5114 0.6605394
5115 0.6605394
5116 0.660539
5117 0.6605388
5118 0.6605386
5119 0.6605381
5120 0.6605378
5121 0.6605375
5122 0.6605372
5123 0.6605369
5124 0.6605366
5125 0.6605362
5126 0.6605361
5127 0.6605359
5128 0.6605353
5129 0.6605352
5130 0.6605349
5131 0.6605346
5132 0.660534
5133 0.6605338
5134 0.6605335
5135 0.6605333
5136 0.660533
5137 0.6605328
5138 0.6605326
5139 0.6605324
5140 0.6605319
5141 0.6605315
5142 0.6605314
5143 0.660531
5144 0.6605309
5145 0.6605306
5146 0.6605301
5147 0.6605299
5148 0.6605295
5149 0.6605291
5150 0.6605287
5151 0.6605283
5152 0.6605281
5153 0.660528
5154 0.6605276
5155 0.6605273
5156 0.6605268
5157 0.6605268
5158 0.6605265
5159 0.660526
5160 0.6605259
5161 0.6605258
5162 0.6605254
5163 0.6605253
5164 0.6605248
5165 0.6605245
5166 0.6605242
5167 0.6605239
5168 0.6605235
5169 0.660523
5170 0.6605228
5171 0.6605228
5172 0.6605225
5173 0.6605222
5174 0.6605219
5175 0.6605214
5176 0.6605213
5177 0.660521
5178 0.6605209
5179 0.6605206
5180 0.6605204
5181 0.6605202
5182 0.66052
5183 0.6605197
5184 0.6605194
5185 0.6605192
5186 0.6605191
5187 0.6605188
5188 0.6605184
5189 0.660518
5190 0.6605178
5191 0.6605174
5192 0.660517
5193 0.6605167
5194 0.6605164
5195 0.6605164
5196 0.6605161
5197 0.6605159
5198 0.6605157
5199 0.6605153
5200 0.660515
5201 0.6605147
5202 0.6605145
5203 0.6605144
5204 0.660514
5205 0.6605138
5206 0.6605134
5207 0.660513
5208 0.6605125
5209 0.6605123
5210 0.6605121
5211 0.660512
5212 0.6605117
5213 0.6605117
5214 0.6605116
5215 0.6605112
5216 0.660511
5217 0.6605107
5218 0.6605105
5219 0.6605103
5220 0.6605099
5221 0.6605096
5222 0.6605096
5223 0.6605094
5224 0.660509
5225 0.6605087
5226 0.6605086
5227 0.6605082
5228 0.6605083
5229 0.6605081
5230 0.6605079
5231 0.6605076
5232 0.6605074
5233 0.6605069
5234 0.6605066
5235 0.6605064
5236 0.6605062
5237 0.6605061
5238 0.6605057
5239 0.6605054
5240 0.6605051
5241 0.660505
5242 0.6605047
5243 0.6605045
5244 0.6605045
5245 0.6605043
5246 0.660504
5247 0.6605034
5248 0.6605032
5249 0.6605032
5250 0.6605029
5251 0.6605029
5252 0.6605027
5253 0.6605023
5254 0.6605021
5255 0.660502
5256 0.6605017
5257 0.6605014
5258 0.6605008
5259 0.6605005
5260 0.6605003
5261 0.6605002
5262 0.6604998
5263 0.6604994
5264 0.6604992
5265 0.660499
5266 0.6604988
5267 0.6604986
5268 0.6604983
5269 0.6604979
5270 0.6604978
5271 0.6604976
5272 0.6604972
5273 0.660497
5274 0.6604966
5275 0.6604964
5276 0.6604962
5277 0.6604961
5278 0.6604959
5279 0.6604957
5280 0.6604953
5281 0.660495
5282 0.6604947
5283 0.6604946
5284 0.6604944
5285 0.6604943
5286 0.660494
5287 0.660494
5288 0.6604937
5289 0.6604934
5290 0.660493
5291 0.6604929
5292 0.6604926
5293 0.6604924
5294 0.6604923
5295 0.6604919
5296 0.6604916
5297 0.6604913
5298 0.6604915
5299 0.6604908
5300 0.6604908
5301 0.6604905
5302 0.6604905
5303 0.6604902
5304 0.66049
5305 0.6604897
5306 0.6604891
5307 0.660489
5308 0.6604888
5309 0.6604885
5310 0.6604884
5311 0.6604883
5312 0.6604879
5313 0.6604877
5314 0.6604874
5315 0.6604872
5316 0.6604871
5317 0.6604869
5318 0.6604866
5319 0.6604866
5320 0.6604863
5321 0.6604859
5322 0.6604857
5323 0.6604854
5324 0.6604852
5325 0.6604851
5326 0.660485
5327 0.6604846
5328 0.6604843
5329 0.6604841
5330 0.6604836
5331 0.6604835
5332 0.660483
5333 0.6604827
5334 0.6604825
5335 0.6604823
5336 0.660482
5337 0.6604821
5338 0.6604818
5339 0.6604817
5340 0.6604814
5341 0.660481
5342 0.6604809
5343 0.6604807
5344 0.6604805
5345 0.6604806
5346 0.6604803
5347 0.66048
5348 0.6604798
5349 0.6604796
5350 0.660479
5351 0.6604787
5352 0.6604785
5353 0.6604784
5354 0.6604781
5355 0.660478
5356 0.6604778
5357 0.6604776
5358 0.6604774
5359 0.6604773
5360 0.6604772
5361 0.6604766
5362 0.6604764
5363 0.6604761
5364 0.6604761
5365 0.6604758
5366 0.6604759
5367 0.6604755
5368 0.6604752
5369 0.6604748
5370 0.6604745
5371 0.6604742
5372 0.6604741
5373 0.6604739
5374 0.6604736
5375 0.6604735
5376 0.660473
5377 0.6604729
5378 0.6604726
5379 0.6604725
5380 0.6604724
5381 0.6604721
5382 0.6604719
5383 0.6604719
5384 0.6604716
5385 0.6604714
5386 0.6604711
5387 0.6604709
5388 0.6604707
5389 0.6604705
5390 0.6604704
5391 0.66047
5392 0.6604697
5393 0.6604695
5394 0.6604691
5395 0.6604689
5396 0.6604688
5397 0.6604687
5398 0.6604684
5399 0.6604682
5400 0.6604682
5401 0.660468
5402 0.6604676
5403 0.6604675
5404 0.6604673
5405 0.660467
5406 0.660467
5407 0.6604665
5408 0.6604663
5409 0.6604661
5410 0.660466
5411 0.6604657
5412 0.6604655
5413 0.6604649
5414 0.6604649
5415 0.6604645
5416 0.6604643
5417 0.6604641
5418 0.6604639
5419 0.6604638
5420 0.6604636
5421 0.6604635
5422 0.6604633
5423 0.6604632
5424 0.6604629
5425 0.6604627
5426 0.6604624
5427 0.6604623
5428 0.6604619
5429 0.6604618
5430 0.6604615
5431 0.6604615
5432 0.6604612
5433 0.6604611
