"report-def-0-rfile"
"Iteration" "report-def-mom"
("Iteration" "report-def-mom")
1 -0.104006
2 -0.1074713
3 -0.1107591
4 -0.1138638
5 -0.1167783
6 -0.1194872
7 -0.1219713
8 -0.1242231
9 -0.1262466
10 -0.1280588
11 -0.1296834
12 -0.131149
13 -0.1324852
14 -0.1337168
15 -0.1348641
16 -0.1359433
17 -0.1369646
18 -0.1379334
19 -0.1388532
20 -0.1397285
21 -0.1405649
22 -0.1413529
23 -0.1420851
24 -0.1427523
25 -0.1433457
26 -0.1438582
27 -0.1442856
28 -0.1446259
29 -0.14488
30 -0.1450519
31 -0.1451484
32 -0.1451772
33 -0.1451471
34 -0.1450675
35 -0.1449463
36 -0.1447913
37 -0.1446092
38 -0.1444062
39 -0.1441866
40 -0.1439543
41 -0.1437125
42 -0.1434621
43 -0.1432035
44 -0.1429356
45 -0.1426569
46 -0.1423662
47 -0.1420604
48 -0.1417381
49 -0.1413963
50 -0.1410313
51 -0.140635
52 -0.1402145
53 -0.139771
54 -0.139307
55 -0.1388254
56 -0.1383297
57 -0.1378247
58 -0.1373145
59 -0.136803
60 -0.136294
61 -0.1357908
62 -0.135296
63 -0.1348124
64 -0.1343416
65 -0.1338854
66 -0.1334451
67 -0.1330217
68 -0.1326154
69 -0.1322267
70 -0.1318555
71 -0.1315016
72 -0.1311651
73 -0.1308453
74 -0.1305416
75 -0.130254
76 -0.1299817
77 -0.1297241
78 -0.1294813
79 -0.1292527
80 -0.1290379
81 -0.128837
82 -0.1286491
83 -0.1284748
84 -0.1283137
85 -0.1281651
86 -0.1280297
87 -0.1279065
88 -0.1277957
89 -0.1276969
90 -0.1276098
91 -0.1275338
92 -0.127469
93 -0.1274147
94 -0.1273707
95 -0.1273362
96 -0.1273107
97 -0.1272943
98 -0.1272857
99 -0.1272848
100 -0.1272909
101 -0.1273035
102 -0.1273219
103 -0.1273458
104 -0.1273745
105 -0.1274077
106 -0.1274448
107 -0.1274855
108 -0.1275291
109 -0.1275756
110 -0.1276246
111 -0.1276753
112 -0.1277277
113 -0.1277813
114 -0.1278362
115 -0.1278919
116 -0.1279482
117 -0.1280048
118 -0.1280613
119 -0.1281184
120 -0.1281748
121 -0.1282308
122 -0.1282862
123 -0.1283411
124 -0.1283948
125 -0.1284477
126 -0.1284993
127 -0.1285499
128 -0.1285986
129 -0.1286462
130 -0.128692
131 -0.1287364
132 -0.1287784
133 -0.1288193
134 -0.1288579
135 -0.1288943
136 -0.1289293
137 -0.1289619
138 -0.1289923
139 -0.1290213
140 -0.1290478
141 -0.1290725
142 -0.129095
143 -0.1291157
144 -0.1291346
145 -0.1291513
146 -0.1291668
147 -0.1291799
148 -0.1291916
149 -0.1292015
150 -0.12921
151 -0.1292169
152 -0.1292222
153 -0.1292259
154 -0.1292285
155 -0.1292299
156 -0.1292301
157 -0.1292288
158 -0.1292268
159 -0.1292234
160 -0.129219
161 -0.1292138
162 -0.1292077
163 -0.1292006
164 -0.1291929
165 -0.1291846
166 -0.1291753
167 -0.1291658
168 -0.1291552
169 -0.1291442
170 -0.1291325
171 -0.1291205
172 -0.1291083
173 -0.1290953
174 -0.1290822
175 -0.1290686
176 -0.129055
177 -0.1290406
178 -0.1290264
179 -0.129012
180 -0.1289974
181 -0.1289828
182 -0.1289679
183 -0.1289529
184 -0.1289376
185 -0.1289227
186 -0.1289079
187 -0.1288929
188 -0.1288776
189 -0.1288627
190 -0.1288476
191 -0.1288327
192 -0.1288181
193 -0.1288033
194 -0.1287886
195 -0.1287741
196 -0.1287595
197 -0.1287453
198 -0.1287311
199 -0.128717
200 -0.1287029
201 -0.1286889
202 -0.1286753
203 -0.1286617
204 -0.1286479
205 -0.1286346
206 -0.1286213
207 -0.1286079
208 -0.1285948
209 -0.1285818
210 -0.1285691
211 -0.1285561
212 -0.1285431
213 -0.1285304
214 -0.128518
215 -0.1285055
216 -0.128493
217 -0.1284809
218 -0.1284683
219 -0.128456
220 -0.1284439
221 -0.1284318
222 -0.1284196
223 -0.1284077
224 -0.1283956
225 -0.1283836
226 -0.1283716
227 -0.1283595
228 -0.1283476
229 -0.1283356
230 -0.1283239
231 -0.1283119
232 -0.1283
233 -0.128288
234 -0.1282761
235 -0.1282642
236 -0.1282521
237 -0.1282403
238 -0.1282283
239 -0.1282163
240 -0.1282043
241 -0.1281921
242 -0.12818
243 -0.1281679
244 -0.1281558
245 -0.1281437
246 -0.1281316
247 -0.1281194
248 -0.1281071
249 -0.1280948
250 -0.1280824
251 -0.1280701
252 -0.1280576
253 -0.1280452
254 -0.1280325
255 -0.12802
256 -0.1280074
257 -0.1279945
258 -0.1279819
259 -0.1279691
260 -0.1279563
261 -0.1279435
262 -0.1279305
263 -0.1279176
264 -0.1279048
265 -0.1278917
266 -0.1278786
267 -0.1278656
268 -0.1278525
269 -0.1278391
270 -0.1278257
271 -0.1278124
272 -0.1277992
273 -0.1277859
274 -0.1277724
275 -0.1277589
276 -0.1277455
277 -0.1277317
278 -0.1277183
279 -0.1277047
280 -0.1276911
281 -0.1276775
282 -0.1276636
283 -0.1276499
284 -0.1276362
285 -0.1276222
286 -0.1276082
287 -0.1275944
288 -0.1275804
289 -0.1275665
290 -0.1275525
291 -0.1275385
292 -0.1275243
293 -0.1275104
294 -0.1274963
295 -0.1274817
296 -0.1274678
297 -0.1274535
298 -0.1274392
299 -0.1274249
300 -0.1274107
301 -0.1273964
302 -0.1273821
303 -0.1273677
304 -0.1273533
305 -0.1273389
306 -0.1273244
307 -0.1273099
308 -0.1272953
309 -0.1272807
310 -0.1272664
311 -0.1272518
312 -0.1272373
313 -0.1272226
314 -0.127208
315 -0.1271934
316 -0.1271788
317 -0.1271641
318 -0.1271494
319 -0.1271346
320 -0.1271201
321 -0.1271052
322 -0.1270903
323 -0.1270757
324 -0.1270607
325 -0.1270462
326 -0.1270314
327 -0.1270165
328 -0.1270015
329 -0.1269867
330 -0.1269718
331 -0.126957
332 -0.1269422
333 -0.1269272
334 -0.1269122
335 -0.1268973
336 -0.1268825
337 -0.1268676
338 -0.1268525
339 -0.1268374
340 -0.1268226
341 -0.1268076
342 -0.1267926
343 -0.1267777
344 -0.1267626
345 -0.1267474
346 -0.1267325
347 -0.1267176
348 -0.1267025
349 -0.1266875
350 -0.1266725
351 -0.1266572
352 -0.1266423
353 -0.1266268
354 -0.1266119
355 -0.1265968
356 -0.1265818
357 -0.1265665
358 -0.1265514
359 -0.1265362
360 -0.1265209
361 -0.1265058
362 -0.1264908
363 -0.1264754
364 -0.1264603
365 -0.1264453
366 -0.1264298
367 -0.1264144
368 -0.1263992
369 -0.126384
370 -0.1263689
371 -0.1263536
372 -0.1263381
373 -0.1263227
374 -0.1263073
375 -0.126292
376 -0.1262765
377 -0.1262612
378 -0.1262458
379 -0.1262303
380 -0.1262148
381 -0.1261994
382 -0.1261839
383 -0.1261685
384 -0.1261529
385 -0.1261374
386 -0.1261218
387 -0.1261062
388 -0.1260904
389 -0.1260747
390 -0.1260592
391 -0.1260436
392 -0.1260278
393 -0.1260121
394 -0.1259965
395 -0.1259808
396 -0.125965
397 -0.1259492
398 -0.1259335
399 -0.1259176
400 -0.1259017
401 -0.1258857
402 -0.1258698
403 -0.125854
404 -0.125838
405 -0.125822
406 -0.125806
407 -0.1257899
408 -0.1257739
409 -0.1257579
410 -0.1257417
411 -0.1257258
412 -0.1257094
413 -0.1256932
414 -0.1256773
415 -0.1256609
416 -0.1256444
417 -0.1256284
418 -0.1256119
419 -0.1255955
420 -0.1255791
421 -0.125563
422 -0.1255464
423 -0.12553
424 -0.1255136
425 -0.1254968
426 -0.1254803
427 -0.1254637
428 -0.1254472
429 -0.1254306
430 -0.1254139
431 -0.1253971
432 -0.1253805
433 -0.1253636
434 -0.1253469
435 -0.12533
436 -0.1253129
437 -0.1252962
438 -0.1252792
439 -0.1252622
440 -0.1252455
441 -0.1252285
442 -0.1252113
443 -0.1251941
444 -0.1251771
445 -0.1251596
446 -0.1251425
447 -0.1251255
448 -0.125108
449 -0.1250908
450 -0.1250735
451 -0.1250561
452 -0.1250391
453 -0.1250214
454 -0.1250039
455 -0.1249866
456 -0.1249688
457 -0.1249515
458 -0.1249338
459 -0.1249161
460 -0.1248986
461 -0.1248808
462 -0.1248632
463 -0.1248453
464 -0.1248275
465 -0.1248095
466 -0.1247916
467 -0.1247739
468 -0.124756
469 -0.1247379
470 -0.1247199
471 -0.1247021
472 -0.124684
473 -0.1246658
474 -0.1246476
475 -0.1246293
476 -0.1246114
477 -0.1245931
478 -0.1245748
479 -0.1245565
480 -0.1245381
481 -0.1245199
482 -0.1245013
483 -0.1244828
484 -0.1244643
485 -0.1244459
486 -0.1244273
487 -0.1244089
488 -0.1243901
489 -0.1243712
490 -0.1243526
491 -0.1243341
492 -0.1243151
493 -0.1242964
494 -0.1242776
495 -0.1242587
496 -0.1242398
497 -0.1242207
498 -0.1242018
499 -0.1241826
500 -0.1241637
501 -0.1241445
502 -0.1241252
503 -0.1241061
504 -0.1240867
505 -0.1240674
506 -0.1240482
507 -0.1240291
508 -0.1240093
509 -0.1239898
510 -0.1239706
511 -0.1239511
512 -0.1239314
513 -0.1239118
514 -0.1238919
515 -0.1238723
516 -0.1238526
517 -0.1238328
518 -0.123813
519 -0.1237933
520 -0.1237734
521 -0.1237533
522 -0.1237334
523 -0.1237134
524 -0.1236933
525 -0.1236729
526 -0.1236528
527 -0.1236327
528 -0.1236124
529 -0.1235921
530 -0.1235717
531 -0.1235513
532 -0.1235306
533 -0.1235101
534 -0.1234898
535 -0.1234692
536 -0.1234485
537 -0.1234276
538 -0.123407
539 -0.1233861
540 -0.1233653
541 -0.1233443
542 -0.1233235
543 -0.1233024
544 -0.1232812
545 -0.1232603
546 -0.123239
547 -0.1232179
548 -0.1231967
549 -0.1231754
550 -0.1231539
551 -0.1231326
552 -0.1231109
553 -0.1230896
554 -0.1230682
555 -0.1230464
556 -0.1230245
557 -0.1230028
558 -0.1229811
559 -0.1229592
560 -0.1229374
561 -0.1229152
562 -0.1228932
563 -0.122871
564 -0.1228489
565 -0.1228267
566 -0.1228044
567 -0.1227824
568 -0.1227595
569 -0.1227372
570 -0.1227145
571 -0.122692
572 -0.1226693
573 -0.1226469
574 -0.1226239
575 -0.1226011
576 -0.1225781
577 -0.1225553
578 -0.1225322
579 -0.122509
580 -0.1224861
581 -0.1224627
582 -0.1224394
583 -0.1224159
584 -0.1223924
585 -0.122369
586 -0.1223453
587 -0.1223215
588 -0.1222979
589 -0.1222741
590 -0.1222501
591 -0.1222262
592 -0.1222021
593 -0.122178
594 -0.1221536
595 -0.1221293
596 -0.1221051
597 -0.1220808
598 -0.1220563
599 -0.1220319
600 -0.122007
601 -0.1219824
602 -0.1219576
603 -0.1219327
604 -0.1219077
605 -0.1218827
606 -0.1218573
607 -0.1218322
608 -0.1218068
609 -0.1217814
610 -0.121756
611 -0.1217304
612 -0.1217047
613 -0.1216789
614 -0.1216531
615 -0.1216271
616 -0.1216013
617 -0.1215752
618 -0.1215488
619 -0.1215225
620 -0.1214963
621 -0.1214698
622 -0.1214433
623 -0.1214167
624 -0.12139
625 -0.1213631
626 -0.1213363
627 -0.1213093
628 -0.121282
629 -0.121255
630 -0.1212279
631 -0.1212007
632 -0.121173
633 -0.1211455
634 -0.1211182
635 -0.1210904
636 -0.1210626
637 -0.1210348
638 -0.1210067
639 -0.1209791
640 -0.1209507
641 -0.1209226
642 -0.1208942
643 -0.120866
644 -0.1208378
645 -0.1208089
646 -0.1207805
647 -0.1207519
648 -0.1207231
649 -0.1206945
650 -0.1206653
651 -0.1206364
652 -0.1206075
653 -0.1205783
654 -0.1205493
655 -0.1205198
656 -0.1204907
657 -0.1204614
658 -0.1204318
659 -0.1204023
660 -0.1203726
661 -0.1203432
662 -0.1203134
663 -0.1202838
664 -0.120254
665 -0.1202242
666 -0.1201943
667 -0.1201642
668 -0.1201344
669 -0.1201042
670 -0.1200741
671 -0.120044
672 -0.1200139
673 -0.1199836
674 -0.1199536
675 -0.1199232
676 -0.1198929
677 -0.1198624
678 -0.1198322
679 -0.1198018
680 -0.1197713
681 -0.1197409
682 -0.1197102
683 -0.1196796
684 -0.1196493
685 -0.1196189
686 -0.1195881
687 -0.1195576
688 -0.1195268
689 -0.1194964
690 -0.1194659
691 -0.1194352
692 -0.1194046
693 -0.1193743
694 -0.1193435
695 -0.1193128
696 -0.1192825
697 -0.119252
698 -0.1192214
699 -0.1191909
700 -0.1191604
701 -0.1191299
702 -0.1190992
703 -0.1190688
704 -0.1190383
705 -0.119008
706 -0.1189778
707 -0.1189472
708 -0.118917
709 -0.1188868
710 -0.1188565
711 -0.1188264
712 -0.1187962
713 -0.1187662
714 -0.1187362
715 -0.1187063
716 -0.1186762
717 -0.1186463
718 -0.1186165
719 -0.1185867
720 -0.1185572
721 -0.1185275
722 -0.118498
723 -0.1184685
724 -0.1184389
725 -0.1184096
726 -0.1183804
727 -0.1183514
728 -0.1183223
729 -0.1182932
730 -0.1182641
731 -0.1182354
732 -0.1182066
733 -0.118178
734 -0.1181494
735 -0.1181209
736 -0.1180926
737 -0.118064
738 -0.1180359
739 -0.1180078
740 -0.1179799
741 -0.1179519
742 -0.117924
743 -0.1178964
744 -0.1178688
745 -0.1178414
746 -0.117814
747 -0.1177867
748 -0.1177594
749 -0.1177324
750 -0.1177056
751 -0.1176787
752 -0.117652
753 -0.1176254
754 -0.117599
755 -0.1175727
756 -0.1175466
757 -0.1175204
758 -0.1174944
759 -0.1174688
760 -0.117443
761 -0.1174175
762 -0.117392
763 -0.1173668
764 -0.1173415
765 -0.1173165
766 -0.1172918
767 -0.1172669
768 -0.1172425
769 -0.1172179
770 -0.1171934
771 -0.1171692
772 -0.1171452
773 -0.1171211
774 -0.1170973
775 -0.1170737
776 -0.1170503
777 -0.1170268
778 -0.117004
779 -0.1169806
780 -0.1169578
781 -0.1169348
782 -0.1169121
783 -0.1168897
784 -0.1168673
785 -0.1168453
786 -0.1168232
787 -0.1168012
788 -0.1167794
789 -0.1167579
790 -0.1167364
791 -0.1167151
792 -0.1166939
793 -0.1166729
794 -0.116652
795 -0.1166311
796 -0.1166107
797 -0.1165902
798 -0.1165699
799 -0.1165497
800 -0.1165297
801 -0.11651
802 -0.1164904
803 -0.1164705
804 -0.1164513
805 -0.1164318
806 -0.1164128
807 -0.1163938
808 -0.1163749
809 -0.1163563
810 -0.1163378
811 -0.1163194
812 -0.1163012
813 -0.116283
814 -0.116265
815 -0.1162473
816 -0.1162293
817 -0.116212
818 -0.1161943
819 -0.1161772
820 -0.11616
821 -0.116143
822 -0.1161262
823 -0.1161094
824 -0.1160929
825 -0.1160766
826 -0.11606
827 -0.1160438
828 -0.1160279
829 -0.116012
830 -0.1159962
831 -0.1159806
832 -0.1159647
833 -0.1159494
834 -0.1159342
835 -0.1159189
836 -0.1159038
837 -0.1158888
838 -0.1158741
839 -0.1158594
840 -0.1158451
841 -0.1158305
842 -0.1158161
843 -0.115802
844 -0.115788
845 -0.115774
846 -0.1157602
847 -0.1157463
848 -0.1157329
849 -0.1157195
850 -0.1157059
851 -0.1156926
852 -0.1156796
853 -0.1156664
854 -0.1156532
855 -0.1156403
856 -0.1156276
857 -0.115615
858 -0.1156023
859 -0.1155898
860 -0.1155775
861 -0.1155654
862 -0.1155532
863 -0.1155411
864 -0.1155292
865 -0.1155173
866 -0.1155054
867 -0.1154937
868 -0.115482
869 -0.1154702
870 -0.1154589
871 -0.1154477
872 -0.1154364
873 -0.1154251
874 -0.1154143
875 -0.115403
876 -0.1153921
877 -0.1153812
878 -0.1153702
879 -0.1153596
880 -0.1153491
881 -0.1153383
882 -0.1153278
883 -0.1153173
884 -0.115307
885 -0.1152968
886 -0.1152865
887 -0.1152763
888 -0.1152661
889 -0.1152561
890 -0.1152461
891 -0.1152363
892 -0.1152265
893 -0.1152166
894 -0.1152069
895 -0.1151973
896 -0.1151877
897 -0.1151779
898 -0.1151686
899 -0.115159
900 -0.1151497
901 -0.1151403
902 -0.1151312
903 -0.1151218
904 -0.1151125
905 -0.1151034
906 -0.1150941
907 -0.1150853
908 -0.1150763
909 -0.1150673
910 -0.1150581
911 -0.1150493
912 -0.1150405
913 -0.1150317
914 -0.115023
915 -0.1150143
916 -0.1150054
917 -0.1149969
918 -0.1149883
919 -0.1149798
920 -0.1149712
921 -0.1149625
922 -0.1149542
923 -0.1149456
924 -0.1149373
925 -0.114929
926 -0.1149204
927 -0.1149124
928 -0.1149039
929 -0.1148957
930 -0.1148875
931 -0.1148793
932 -0.1148709
933 -0.1148631
934 -0.1148548
935 -0.1148468
936 -0.1148387
937 -0.1148308
938 -0.1148224
939 -0.1148144
940 -0.1148065
941 -0.1147985
942 -0.1147906
943 -0.1147827
944 -0.1147748
945 -0.1147671
946 -0.114759
947 -0.1147511
948 -0.1147434
949 -0.1147355
950 -0.1147276
951 -0.1147201
952 -0.1147123
953 -0.1147044
954 -0.1146968
955 -0.114689
956 -0.1146813
957 -0.1146737
958 -0.114666
959 -0.1146584
960 -0.114651
961 -0.1146433
962 -0.1146356
963 -0.1146279
964 -0.1146204
965 -0.1146127
966 -0.1146053
967 -0.1145978
968 -0.1145903
969 -0.1145828
970 -0.1145753
971 -0.1145678
972 -0.1145603
973 -0.1145528
974 -0.1145454
975 -0.1145379
976 -0.1145302
977 -0.114523
978 -0.1145154
979 -0.1145081
980 -0.1145006
981 -0.1144932
982 -0.1144859
983 -0.1144785
984 -0.1144713
985 -0.1144638
986 -0.1144564
987 -0.1144491
988 -0.1144417
989 -0.1144345
990 -0.1144272
991 -0.1144198
992 -0.1144124
993 -0.1144052
994 -0.1143979
995 -0.1143905
996 -0.1143833
997 -0.114376
998 -0.1143687
999 -0.1143614
1000 -0.1143544
1001 -0.1143469
1002 -0.1143399
1003 -0.1143327
1004 -0.1143253
1005 -0.114318
1006 -0.1143109
1007 -0.1143038
1008 -0.1142965
1009 -0.1142895
1010 -0.1142821
1011 -0.1142751
1012 -0.1142679
1013 -0.1142607
1014 -0.1142533
1015 -0.1142462
1016 -0.114239
1017 -0.1142321
1018 -0.1142249
1019 -0.114218
1020 -0.1142109
1021 -0.1142037
1022 -0.1141966
1023 -0.1141894
1024 -0.1141823
1025 -0.1141753
1026 -0.1141683
1027 -0.1141611
1028 -0.114154
1029 -0.1141472
1030 -0.11414
1031 -0.1141329
1032 -0.1141261
1033 -0.1141188
1034 -0.1141118
1035 -0.114105
1036 -0.114098
1037 -0.1140908
1038 -0.1140838
1039 -0.1140766
1040 -0.1140696
1041 -0.1140628
1042 -0.1140557
1043 -0.1140487
1044 -0.1140418
1045 -0.1140348
1046 -0.1140277
1047 -0.114021
1048 -0.114014
1049 -0.114007
1050 -0.1140002
1051 -0.113993
1052 -0.113986
1053 -0.1139791
1054 -0.1139724
1055 -0.1139654
1056 -0.1139585
1057 -0.1139516
1058 -0.1139446
1059 -0.1139376
1060 -0.1139309
1061 -0.113924
1062 -0.113917
1063 -0.11391
1064 -0.1139033
1065 -0.1138965
1066 -0.1138894
1067 -0.1138824
1068 -0.1138756
1069 -0.1138687
1070 -0.1138618
1071 -0.1138551
1072 -0.1138481
1073 -0.1138412
1074 -0.1138342
1075 -0.1138276
1076 -0.1138206
1077 -0.1138138
1078 -0.1138069
1079 -0.1138
1080 -0.1137931
1081 -0.1137864
1082 -0.1137797
1083 -0.1137726
1084 -0.1137658
1085 -0.1137588
1086 -0.113752
1087 -0.1137453
1088 -0.1137385
1089 -0.1137318
1090 -0.1137247
1091 -0.1137179
1092 -0.113711
1093 -0.1137041
1094 -0.1136975
1095 -0.1136906
1096 -0.1136835
1097 -0.1136767
1098 -0.11367
1099 -0.1136631
1100 -0.1136563
1101 -0.1136496
1102 -0.1136427
1103 -0.1136358
1104 -0.1136291
1105 -0.1136221
1106 -0.1136154
1107 -0.1136083
1108 -0.1136014
1109 -0.1135949
1110 -0.1135878
1111 -0.1135809
1112 -0.1135742
1113 -0.1135673
1114 -0.1135604
1115 -0.1135536
1116 -0.1135467
1117 -0.11354
1118 -0.1135331
1119 -0.1135263
1120 -0.1135195
1121 -0.1135126
1122 -0.1135056
1123 -0.1134988
1124 -0.1134919
1125 -0.1134849
1126 -0.113478
1127 -0.1134712
1128 -0.1134643
1129 -0.1134574
1130 -0.1134509
1131 -0.1134438
1132 -0.113437
1133 -0.1134301
1134 -0.1134232
1135 -0.1134162
1136 -0.1134095
1137 -0.1134027
1138 -0.1133958
1139 -0.1133888
1140 -0.113382
1141 -0.113375
1142 -0.1133683
1143 -0.1133611
1144 -0.1133542
1145 -0.1133475
1146 -0.1133407
1147 -0.1133338
1148 -0.1133269
1149 -0.1133202
1150 -0.1133132
1151 -0.1133064
1152 -0.1132994
1153 -0.1132925
1154 -0.1132856
1155 -0.1132787
1156 -0.1132717
1157 -0.1132649
1158 -0.113258
1159 -0.1132512
1160 -0.1132443
1161 -0.1132374
1162 -0.1132304
1163 -0.1132237
1164 -0.1132167
1165 -0.1132097
1166 -0.1132028
1167 -0.1131961
1168 -0.1131892
1169 -0.1131823
1170 -0.1131754
1171 -0.1131685
1172 -0.1131617
1173 -0.1131548
1174 -0.113148
1175 -0.1131411
1176 -0.1131342
1177 -0.1131274
1178 -0.1131204
1179 -0.1131138
1180 -0.1131068
1181 -0.1131
1182 -0.1130932
1183 -0.1130863
1184 -0.1130795
1185 -0.1130726
1186 -0.1130659
1187 -0.1130588
1188 -0.1130519
1189 -0.1130452
1190 -0.1130384
1191 -0.1130314
1192 -0.1130248
1193 -0.1130179
1194 -0.1130112
1195 -0.1130044
1196 -0.1129975
1197 -0.1129908
1198 -0.1129839
1199 -0.1129771
1200 -0.1129704
1201 -0.1129635
1202 -0.112957
1203 -0.11295
1204 -0.1129432
1205 -0.1129364
1206 -0.1129297
1207 -0.112923
1208 -0.1129163
1209 -0.1129094
1210 -0.1129028
1211 -0.1128961
1212 -0.1128893
1213 -0.1128825
1214 -0.1128759
1215 -0.1128692
1216 -0.1128625
1217 -0.1128558
1218 -0.1128492
1219 -0.1128424
1220 -0.1128359
1221 -0.1128292
1222 -0.1128225
1223 -0.112816
1224 -0.1128093
1225 -0.1128026
1226 -0.1127959
1227 -0.1127894
1228 -0.1127829
1229 -0.1127762
1230 -0.1127695
1231 -0.1127631
1232 -0.1127565
1233 -0.1127499
1234 -0.1127432
1235 -0.1127368
1236 -0.1127303
1237 -0.1127239
1238 -0.1127173
1239 -0.1127107
1240 -0.1127044
1241 -0.1126979
1242 -0.1126913
1243 -0.1126849
1244 -0.1126783
1245 -0.1126721
1246 -0.1126655
1247 -0.1126591
1248 -0.1126528
1249 -0.1126462
1250 -0.11264
1251 -0.1126334
1252 -0.1126272
1253 -0.1126209
1254 -0.1126144
1255 -0.1126081
1256 -0.1126017
1257 -0.1125954
1258 -0.1125891
1259 -0.112583
1260 -0.1125767
1261 -0.1125703
1262 -0.112564
1263 -0.1125577
1264 -0.1125515
1265 -0.1125453
1266 -0.1125392
1267 -0.112533
1268 -0.1125266
1269 -0.1125206
1270 -0.1125144
1271 -0.1125083
1272 -0.112502
1273 -0.1124958
1274 -0.1124896
1275 -0.1124837
1276 -0.1124774
1277 -0.1124712
1278 -0.1124653
1279 -0.1124591
1280 -0.1124529
1281 -0.1124473
1282 -0.112441
1283 -0.1124351
1284 -0.1124291
1285 -0.112423
1286 -0.1124171
1287 -0.1124111
1288 -0.1124052
1289 -0.1123993
1290 -0.1123933
1291 -0.1123873
1292 -0.1123815
1293 -0.1123757
1294 -0.1123696
1295 -0.1123638
1296 -0.1123578
1297 -0.112352
1298 -0.1123463
1299 -0.1123403
1300 -0.1123343
1301 -0.1123287
1302 -0.1123229
1303 -0.1123172
1304 -0.1123113
1305 -0.1123057
1306 -0.1123
1307 -0.1122939
1308 -0.1122883
1309 -0.1122828
1310 -0.1122771
1311 -0.1122715
1312 -0.1122657
1313 -0.1122601
1314 -0.1122544
1315 -0.1122488
1316 -0.1122432
1317 -0.1122376
1318 -0.1122319
1319 -0.1122264
1320 -0.1122209
1321 -0.1122153
1322 -0.1122098
1323 -0.1122041
1324 -0.1121985
1325 -0.1121931
1326 -0.1121878
1327 -0.1121822
1328 -0.1121769
1329 -0.1121714
1330 -0.1121658
1331 -0.1121603
1332 -0.1121553
1333 -0.1121495
1334 -0.1121443
1335 -0.112139
1336 -0.1121336
1337 -0.1121282
1338 -0.1121227
1339 -0.1121175
1340 -0.1121122
1341 -0.1121067
1342 -0.1121017
1343 -0.1120964
1344 -0.112091
1345 -0.1120858
1346 -0.1120805
1347 -0.1120752
1348 -0.1120701
1349 -0.1120649
1350 -0.1120597
1351 -0.1120547
1352 -0.1120495
1353 -0.1120443
1354 -0.1120392
1355 -0.1120341
1356 -0.1120291
1357 -0.1120236
1358 -0.1120187
1359 -0.1120137
1360 -0.1120086
1361 -0.1120035
1362 -0.1119984
1363 -0.1119936
1364 -0.1119885
1365 -0.1119835
1366 -0.1119785
1367 -0.1119736
1368 -0.1119684
1369 -0.1119636
1370 -0.1119587
1371 -0.1119537
1372 -0.1119488
1373 -0.1119438
1374 -0.111939
1375 -0.1119341
1376 -0.1119293
1377 -0.1119243
1378 -0.1119196
1379 -0.1119146
1380 -0.1119099
1381 -0.1119051
1382 -0.1119003
1383 -0.1118956
1384 -0.1118907
1385 -0.111886
1386 -0.1118813
1387 -0.1118766
1388 -0.1118717
1389 -0.1118671
1390 -0.1118625
1391 -0.1118576
1392 -0.111853
1393 -0.1118482
1394 -0.1118437
1395 -0.1118391
1396 -0.1118344
1397 -0.1118298
1398 -0.1118252
1399 -0.1118207
1400 -0.1118162
1401 -0.1118116
1402 -0.1118068
1403 -0.1118024
1404 -0.111798
1405 -0.1117935
1406 -0.111789
1407 -0.1117845
1408 -0.11178
1409 -0.1117753
1410 -0.1117708
1411 -0.1117665
1412 -0.1117622
1413 -0.1117577
1414 -0.111753
1415 -0.1117486
1416 -0.1117444
1417 -0.11174
1418 -0.1117355
1419 -0.1117312
1420 -0.1117268
1421 -0.1117225
1422 -0.111718
1423 -0.1117137
1424 -0.1117093
1425 -0.111705
1426 -0.1117007
1427 -0.1116963
1428 -0.111692
1429 -0.1116879
1430 -0.1116835
1431 -0.1116792
1432 -0.1116751
1433 -0.1116707
1434 -0.1116664
1435 -0.1116621
1436 -0.111658
1437 -0.1116538
1438 -0.1116498
1439 -0.1116455
1440 -0.1116413
1441 -0.1116372
1442 -0.111633
1443 -0.1116286
1444 -0.1116244
1445 -0.1116206
1446 -0.1116164
1447 -0.1116122
1448 -0.111608
1449 -0.111604
1450 -0.1115999
1451 -0.1115956
1452 -0.1115915
1453 -0.1115877
1454 -0.1115835
1455 -0.1115795
1456 -0.1115754
1457 -0.1115712
1458 -0.1115671
1459 -0.1115632
1460 -0.111559
1461 -0.111555
1462 -0.1115509
1463 -0.1115469
1464 -0.111543
1465 -0.111539
1466 -0.1115349
1467 -0.1115309
1468 -0.111527
1469 -0.111523
1470 -0.111519
1471 -0.111515
1472 -0.1115112
1473 -0.111507
1474 -0.1115031
1475 -0.1114989
1476 -0.1114949
1477 -0.1114912
1478 -0.1114873
1479 -0.1114831
1480 -0.1114792
1481 -0.1114754
1482 -0.1114715
1483 -0.1114675
1484 -0.1114638
1485 -0.1114597
1486 -0.1114556
1487 -0.1114519
1488 -0.1114481
1489 -0.1114442
1490 -0.1114401
1491 -0.1114364
1492 -0.1114325
1493 -0.1114285
1494 -0.1114246
1495 -0.1114207
1496 -0.1114168
1497 -0.1114129
1498 -0.1114092
1499 -0.1114051
1500 -0.1114013
1501 -0.1113974
1502 -0.1113934
1503 -0.1113897
1504 -0.111386
1505 -0.1113819
1506 -0.1113781
1507 -0.1113742
1508 -0.1113704
1509 -0.1113667
1510 -0.1113627
1511 -0.1113589
1512 -0.1113551
1513 -0.1113513
1514 -0.1113473
1515 -0.1113434
1516 -0.1113395
1517 -0.1113357
1518 -0.1113319
1519 -0.1113282
1520 -0.1113243
1521 -0.1113203
1522 -0.1113164
1523 -0.1113127
1524 -0.1113089
1525 -0.1113049
1526 -0.1113012
1527 -0.1112974
1528 -0.1112936
1529 -0.1112895
1530 -0.1112856
1531 -0.1112817
1532 -0.1112779
1533 -0.1112742
1534 -0.1112702
1535 -0.1112665
1536 -0.1112627
1537 -0.1112588
1538 -0.1112549
1539 -0.1112511
1540 -0.1112472
1541 -0.1112435
1542 -0.1112398
1543 -0.1112358
1544 -0.1112319
1545 -0.1112282
1546 -0.1112244
1547 -0.1112203
1548 -0.1112164
1549 -0.1112127
1550 -0.1112087
1551 -0.1112047
1552 -0.1112011
1553 -0.1111973
1554 -0.1111933
1555 -0.1111893
1556 -0.1111855
1557 -0.1111819
1558 -0.1111778
1559 -0.111174
1560 -0.1111701
1561 -0.1111662
1562 -0.1111621
1563 -0.1111584
1564 -0.1111545
1565 -0.1111508
1566 -0.1111467
1567 -0.111143
1568 -0.1111391
1569 -0.1111351
1570 -0.1111312
1571 -0.1111272
1572 -0.1111235
1573 -0.1111196
1574 -0.1111156
1575 -0.1111116
1576 -0.1111077
1577 -0.1111039
1578 -0.1111001
1579 -0.1110962
1580 -0.1110922
1581 -0.1110883
1582 -0.1110844
1583 -0.1110805
1584 -0.1110765
1585 -0.1110726
1586 -0.1110686
1587 -0.1110646
1588 -0.1110608
1589 -0.1110567
1590 -0.1110528
1591 -0.1110486
1592 -0.1110448
1593 -0.1110408
1594 -0.1110372
1595 -0.1110333
1596 -0.1110292
1597 -0.1110251
1598 -0.111021
1599 -0.1110171
1600 -0.1110131
1601 -0.1110092
1602 -0.1110051
1603 -0.1110012
1604 -0.1109972
1605 -0.1109933
1606 -0.1109891
1607 -0.1109851
1608 -0.1109811
1609 -0.1109771
1610 -0.1109729
1611 -0.110969
1612 -0.1109653
1613 -0.1109611
1614 -0.1109569
1615 -0.110953
1616 -0.110949
1617 -0.1109448
1618 -0.1109409
1619 -0.1109367
1620 -0.1109328
1621 -0.1109286
1622 -0.1109244
1623 -0.1109204
1624 -0.1109164
1625 -0.1109123
1626 -0.1109082
1627 -0.1109042
1628 -0.1109001
1629 -0.1108961
1630 -0.1108918
1631 -0.1108877
1632 -0.1108836
1633 -0.1108797
1634 -0.1108756
1635 -0.1108715
1636 -0.1108673
1637 -0.1108628
1638 -0.1108591
1639 -0.1108548
1640 -0.1108507
1641 -0.1108466
1642 -0.1108424
1643 -0.1108383
1644 -0.110834
1645 -0.11083
1646 -0.1108256
1647 -0.1108215
1648 -0.1108174
1649 -0.1108132
1650 -0.110809
1651 -0.1108049
1652 -0.1108006
1653 -0.1107963
1654 -0.1107922
1655 -0.1107881
1656 -0.1107839
1657 -0.1107797
1658 -0.1107755
1659 -0.1107711
1660 -0.1107671
1661 -0.110763
1662 -0.1107587
1663 -0.1107544
1664 -0.1107501
1665 -0.1107459
1666 -0.1107418
1667 -0.1107375
1668 -0.1107334
1669 -0.1107292
1670 -0.1107249
1671 -0.1107206
1672 -0.1107165
1673 -0.1107122
1674 -0.1107079
1675 -0.1107036
1676 -0.1106993
1677 -0.1106953
1678 -0.110691
1679 -0.1106865
1680 -0.1106823
1681 -0.110678
1682 -0.1106738
1683 -0.1106697
1684 -0.1106654
1685 -0.1106611
1686 -0.1106566
1687 -0.1106523
1688 -0.1106481
1689 -0.1106439
1690 -0.1106396
1691 -0.1106354
1692 -0.110631
1693 -0.1106267
1694 -0.1106225
1695 -0.1106183
1696 -0.1106139
1697 -0.1106093
1698 -0.1106054
1699 -0.1106011
1700 -0.1105966
1701 -0.1105924
1702 -0.1105881
1703 -0.1105837
1704 -0.1105795
1705 -0.1105752
1706 -0.1105707
1707 -0.1105665
1708 -0.1105623
1709 -0.110558
1710 -0.1105539
1711 -0.1105495
1712 -0.1105451
1713 -0.1105409
1714 -0.1105365
1715 -0.1105322
1716 -0.1105278
1717 -0.1105238
1718 -0.1105195
1719 -0.1105149
1720 -0.1105106
1721 -0.1105065
1722 -0.1105022
1723 -0.1104978
1724 -0.1104935
1725 -0.1104892
1726 -0.1104849
1727 -0.1104805
1728 -0.1104762
1729 -0.1104719
1730 -0.1104676
1731 -0.1104632
1732 -0.1104591
1733 -0.1104547
1734 -0.1104505
1735 -0.1104462
1736 -0.1104419
1737 -0.1104376
1738 -0.1104332
1739 -0.1104291
1740 -0.1104248
1741 -0.1104203
1742 -0.1104164
1743 -0.1104118
1744 -0.1104077
1745 -0.1104033
1746 -0.1103989
1747 -0.1103946
1748 -0.1103905
1749 -0.1103859
1750 -0.1103819
1751 -0.1103777
1752 -0.1103733
1753 -0.110369
1754 -0.1103651
1755 -0.1103605
1756 -0.1103563
1757 -0.110352
1758 -0.1103477
1759 -0.1103435
1760 -0.1103392
1761 -0.110335
1762 -0.1103309
1763 -0.1103265
1764 -0.110322
1765 -0.110318
1766 -0.1103139
1767 -0.1103095
1768 -0.1103054
1769 -0.1103011
1770 -0.1102968
1771 -0.1102927
1772 -0.1102885
1773 -0.1102844
1774 -0.1102801
1775 -0.1102759
1776 -0.1102718
1777 -0.1102676
1778 -0.1102635
1779 -0.1102591
1780 -0.1102552
1781 -0.110251
1782 -0.1102467
1783 -0.1102425
1784 -0.1102381
1785 -0.1102343
1786 -0.11023
1787 -0.1102259
1788 -0.1102216
1789 -0.1102175
1790 -0.1102135
1791 -0.1102095
1792 -0.1102053
1793 -0.1102012
1794 -0.1101969
1795 -0.110193
1796 -0.1101889
1797 -0.1101848
1798 -0.1101808
1799 -0.1101766
1800 -0.1101725
1801 -0.1101687
1802 -0.1101645
1803 -0.1101602
1804 -0.1101563
1805 -0.1101523
1806 -0.1101482
1807 -0.1101444
1808 -0.1101401
1809 -0.110136
1810 -0.110132
1811 -0.1101281
1812 -0.1101241
1813 -0.1101204
1814 -0.1101161
1815 -0.110112
1816 -0.1101083
1817 -0.1101042
1818 -0.1101003
1819 -0.1100964
1820 -0.1100924
1821 -0.1100885
1822 -0.1100844
1823 -0.1100805
1824 -0.1100765
1825 -0.1100727
1826 -0.1100687
1827 -0.1100648
1828 -0.1100609
1829 -0.1100572
1830 -0.1100534
1831 -0.1100494
1832 -0.1100455
1833 -0.1100415
1834 -0.1100378
1835 -0.110034
1836 -0.1100302
1837 -0.1100264
1838 -0.1100225
1839 -0.1100187
1840 -0.1100149
1841 -0.1100113
1842 -0.1100075
1843 -0.1100037
1844 -0.1099999
1845 -0.1099962
1846 -0.1099925
1847 -0.1099888
1848 -0.1099852
1849 -0.1099814
1850 -0.1099774
1851 -0.1099739
1852 -0.1099704
1853 -0.1099666
1854 -0.1099629
1855 -0.1099593
1856 -0.1099556
1857 -0.1099519
1858 -0.1099482
1859 -0.1099445
1860 -0.1099411
1861 -0.1099375
1862 -0.1099339
1863 -0.1099302
1864 -0.1099267
1865 -0.1099231
1866 -0.1099196
1867 -0.109916
1868 -0.1099124
1869 -0.1099088
1870 -0.1099054
1871 -0.1099019
1872 -0.1098983
1873 -0.1098947
1874 -0.1098914
1875 -0.1098878
1876 -0.1098843
1877 -0.1098809
1878 -0.1098771
1879 -0.1098738
1880 -0.1098704
1881 -0.1098671
1882 -0.1098636
1883 -0.1098601
1884 -0.1098568
1885 -0.1098535
1886 -0.10985
1887 -0.1098464
1888 -0.1098432
1889 -0.1098398
1890 -0.1098366
1891 -0.1098331
1892 -0.1098298
1893 -0.1098266
1894 -0.1098233
1895 -0.1098198
1896 -0.1098166
1897 -0.1098132
1898 -0.1098099
1899 -0.1098064
1900 -0.1098033
1901 -0.1098002
1902 -0.1097969
1903 -0.1097936
1904 -0.1097905
1905 -0.1097873
1906 -0.1097839
1907 -0.1097807
1908 -0.1097777
1909 -0.1097742
1910 -0.1097711
1911 -0.109768
1912 -0.1097647
1913 -0.1097616
1914 -0.1097585
1915 -0.1097552
1916 -0.1097523
1917 -0.1097491
1918 -0.1097459
1919 -0.1097428
1920 -0.1097398
1921 -0.1097368
1922 -0.1097336
1923 -0.1097307
1924 -0.1097275
1925 -0.1097246
1926 -0.1097214
1927 -0.1097184
1928 -0.1097153
1929 -0.1097124
1930 -0.1097095
1931 -0.1097064
1932 -0.1097034
1933 -0.1097003
1934 -0.1096973
1935 -0.1096944
1936 -0.1096913
1937 -0.1096885
1938 -0.1096855
1939 -0.1096825
1940 -0.1096796
1941 -0.1096766
1942 -0.1096738
1943 -0.1096709
1944 -0.1096681
1945 -0.1096652
1946 -0.1096622
1947 -0.1096592
1948 -0.1096564
1949 -0.1096536
1950 -0.1096506
1951 -0.1096479
1952 -0.1096449
1953 -0.1096421
1954 -0.1096394
1955 -0.1096364
1956 -0.1096336
1957 -0.1096309
1958 -0.1096281
1959 -0.1096254
1960 -0.1096222
1961 -0.1096195
1962 -0.1096168
1963 -0.109614
1964 -0.1096112
1965 -0.1096086
1966 -0.1096058
1967 -0.109603
1968 -0.1096003
1969 -0.1095975
1970 -0.1095947
1971 -0.1095923
1972 -0.1095893
1973 -0.1095866
1974 -0.109584
1975 -0.1095813
1976 -0.1095787
1977 -0.109576
1978 -0.1095733
1979 -0.1095704
1980 -0.109568
1981 -0.1095651
1982 -0.1095627
1983 -0.1095602
1984 -0.1095574
1985 -0.1095548
1986 -0.1095522
1987 -0.1095494
1988 -0.1095469
1989 -0.1095444
1990 -0.1095414
1991 -0.109539
1992 -0.1095365
1993 -0.1095339
1994 -0.1095313
1995 -0.1095288
1996 -0.1095261
1997 -0.1095235
1998 -0.1095211
1999 -0.1095184
2000 -0.1095158
2001 -0.1095133
2002 -0.1095109
2003 -0.1095083
2004 -0.1095058
2005 -0.1095034
2006 -0.1095009
2007 -0.1094982
2008 -0.1094957
2009 -0.1094933
2010 -0.1094906
2011 -0.1094882
2012 -0.1094856
2013 -0.1094831
2014 -0.1094809
2015 -0.1094783
2016 -0.1094759
2017 -0.1094734
2018 -0.1094707
2019 -0.1094683
2020 -0.1094659
2021 -0.1094635
2022 -0.109461
2023 -0.1094587
2024 -0.1094562
2025 -0.1094538
2026 -0.1094515
2027 -0.1094488
2028 -0.1094464
2029 -0.1094441
2030 -0.1094419
2031 -0.1094392
2032 -0.1094368
2033 -0.1094345
2034 -0.1094322
2035 -0.1094298
2036 -0.1094272
2037 -0.1094249
2038 -0.1094226
2039 -0.1094202
2040 -0.109418
2041 -0.1094156
2042 -0.1094131
2043 -0.1094107
2044 -0.1094084
2045 -0.109406
2046 -0.1094036
2047 -0.1094013
2048 -0.1093991
2049 -0.1093965
2050 -0.1093942
2051 -0.1093918
2052 -0.1093897
2053 -0.1093873
2054 -0.109385
2055 -0.1093827
2056 -0.1093803
2057 -0.1093779
2058 -0.1093755
2059 -0.1093731
2060 -0.109371
2061 -0.1093687
2062 -0.1093663
2063 -0.1093638
2064 -0.1093617
2065 -0.1093596
2066 -0.1093572
2067 -0.1093548
2068 -0.1093527
2069 -0.1093503
2070 -0.1093483
2071 -0.1093457
2072 -0.1093436
2073 -0.1093414
2074 -0.1093388
2075 -0.1093367
2076 -0.1093346
2077 -0.1093322
2078 -0.10933
2079 -0.1093277
2080 -0.1093255
2081 -0.1093233
2082 -0.1093211
2083 -0.1093186
2084 -0.1093166
2085 -0.1093144
2086 -0.109312
2087 -0.1093097
2088 -0.1093075
2089 -0.1093054
2090 -0.1093033
2091 -0.1093007
2092 -0.1092987
2093 -0.1092965
2094 -0.1092942
2095 -0.109292
2096 -0.1092896
2097 -0.1092875
2098 -0.1092854
2099 -0.1092831
2100 -0.1092808
2101 -0.1092786
2102 -0.1092763
2103 -0.1092742
2104 -0.1092722
2105 -0.1092699
2106 -0.1092676
2107 -0.1092654
2108 -0.1092635
2109 -0.109261
2110 -0.1092589
2111 -0.1092566
2112 -0.1092544
2113 -0.1092521
2114 -0.1092502
2115 -0.109248
2116 -0.1092457
2117 -0.1092438
2118 -0.1092413
2119 -0.1092393
2120 -0.1092369
2121 -0.1092349
2122 -0.1092329
2123 -0.1092307
2124 -0.1092284
2125 -0.1092263
2126 -0.1092238
2127 -0.109222
2128 -0.1092196
2129 -0.1092176
2130 -0.1092154
2131 -0.1092134
2132 -0.1092112
2133 -0.109209
2134 -0.1092069
2135 -0.1092046
2136 -0.1092023
2137 -0.1092003
2138 -0.1091982
2139 -0.109196
2140 -0.1091938
2141 -0.1091917
2142 -0.1091897
2143 -0.1091874
2144 -0.1091853
2145 -0.1091829
2146 -0.1091811
2147 -0.109179
2148 -0.1091767
2149 -0.1091744
2150 -0.1091725
2151 -0.1091703
2152 -0.109168
2153 -0.109166
2154 -0.1091637
2155 -0.1091617
2156 -0.1091598
2157 -0.1091574
2158 -0.1091552
2159 -0.1091531
2160 -0.1091508
2161 -0.1091488
2162 -0.109147
2163 -0.1091448
2164 -0.1091428
2165 -0.1091404
2166 -0.1091384
2167 -0.1091363
2168 -0.1091342
2169 -0.1091318
2170 -0.1091299
2171 -0.1091276
2172 -0.1091257
2173 -0.1091237
2174 -0.1091213
2175 -0.1091193
2176 -0.1091172
2177 -0.1091151
2178 -0.1091129
2179 -0.109111
2180 -0.1091087
2181 -0.1091067
2182 -0.1091045
2183 -0.1091025
2184 -0.1091005
2185 -0.1090984
2186 -0.1090961
2187 -0.1090941
2188 -0.109092
2189 -0.1090899
2190 -0.1090881
2191 -0.109086
2192 -0.1090837
2193 -0.1090816
2194 -0.1090794
2195 -0.1090774
2196 -0.1090754
2197 -0.1090733
2198 -0.1090711
2199 -0.1090691
2200 -0.1090671
2201 -0.1090649
2202 -0.1090629
2203 -0.1090609
2204 -0.1090588
2205 -0.1090567
2206 -0.1090547
2207 -0.1090527
2208 -0.1090505
2209 -0.1090484
2210 -0.1090463
2211 -0.1090445
2212 -0.1090422
2213 -0.1090401
2214 -0.1090382
2215 -0.1090359
2216 -0.1090338
2217 -0.1090318
2218 -0.1090297
2219 -0.1090277
2220 -0.1090255
2221 -0.1090235
2222 -0.1090215
2223 -0.1090194
2224 -0.1090174
2225 -0.1090155
2226 -0.1090132
2227 -0.1090113
2228 -0.1090092
2229 -0.1090072
2230 -0.1090052
2231 -0.1090029
2232 -0.109001
2233 -0.1089987
2234 -0.1089968
2235 -0.108995
2236 -0.108993
2237 -0.1089908
2238 -0.1089888
2239 -0.1089868
2240 -0.1089849
2241 -0.1089829
2242 -0.1089805
2243 -0.1089788
2244 -0.1089767
2245 -0.1089747
2246 -0.1089727
2247 -0.1089707
2248 -0.1089685
2249 -0.1089665
2250 -0.1089646
2251 -0.1089625
2252 -0.1089604
2253 -0.1089585
2254 -0.1089565
2255 -0.1089545
2256 -0.1089524
2257 -0.1089505
2258 -0.1089485
2259 -0.1089464
2260 -0.1089444
2261 -0.1089424
2262 -0.1089403
2263 -0.1089385
2264 -0.1089366
2265 -0.1089344
2266 -0.1089325
2267 -0.1089304
2268 -0.1089284
2269 -0.1089266
2270 -0.1089247
2271 -0.1089226
2272 -0.1089206
2273 -0.1089185
2274 -0.1089165
2275 -0.1089147
2276 -0.1089127
2277 -0.1089106
2278 -0.1089086
2279 -0.1089068
2280 -0.1089047
2281 -0.1089028
2282 -0.1089008
2283 -0.1088987
2284 -0.1088969
2285 -0.1088948
2286 -0.1088931
2287 -0.1088912
2288 -0.1088892
2289 -0.1088871
2290 -0.1088851
2291 -0.1088832
2292 -0.1088812
2293 -0.1088793
2294 -0.1088773
2295 -0.1088755
2296 -0.1088735
2297 -0.1088717
2298 -0.1088697
2299 -0.1088677
2300 -0.1088657
2301 -0.1088636
2302 -0.1088617
2303 -0.1088598
2304 -0.108858
2305 -0.108856
2306 -0.1088542
2307 -0.1088522
2308 -0.1088504
2309 -0.1088486
2310 -0.1088465
2311 -0.1088444
2312 -0.1088426
2313 -0.1088408
2314 -0.1088388
2315 -0.1088369
2316 -0.1088351
2317 -0.1088331
2318 -0.1088312
2319 -0.1088293
2320 -0.1088273
2321 -0.1088255
2322 -0.1088235
2323 -0.1088218
2324 -0.1088198
2325 -0.1088178
2326 -0.1088159
2327 -0.1088141
2328 -0.1088122
2329 -0.1088103
2330 -0.1088085
2331 -0.1088066
2332 -0.1088049
2333 -0.1088029
2334 -0.1088009
2335 -0.108799
2336 -0.1087973
2337 -0.1087954
2338 -0.1087936
2339 -0.1087917
2340 -0.1087899
2341 -0.108788
2342 -0.108786
2343 -0.1087843
2344 -0.1087824
2345 -0.1087805
2346 -0.1087788
2347 -0.108777
2348 -0.1087749
2349 -0.1087733
2350 -0.1087713
2351 -0.1087693
2352 -0.1087675
2353 -0.1087658
2354 -0.1087638
2355 -0.1087622
2356 -0.1087602
2357 -0.1087585
2358 -0.1087564
2359 -0.1087549
2360 -0.1087528
2361 -0.1087511
2362 -0.1087493
2363 -0.1087477
2364 -0.1087459
2365 -0.1087439
2366 -0.1087422
2367 -0.1087401
2368 -0.1087385
2369 -0.1087367
2370 -0.1087349
2371 -0.1087331
2372 -0.1087314
2373 -0.1087296
2374 -0.1087276
2375 -0.108726
2376 -0.1087242
2377 -0.1087224
2378 -0.1087205
2379 -0.1087187
2380 -0.1087169
2381 -0.1087152
2382 -0.1087135
2383 -0.1087117
2384 -0.10871
2385 -0.1087081
2386 -0.1087063
2387 -0.1087044
2388 -0.1087027
2389 -0.1087009
2390 -0.1086991
2391 -0.1086973
2392 -0.1086956
2393 -0.1086939
2394 -0.1086921
2395 -0.1086905
2396 -0.1086886
2397 -0.1086868
2398 -0.1086851
2399 -0.1086833
2400 -0.1086815
2401 -0.1086797
2402 -0.108678
2403 -0.1086764
2404 -0.1086746
2405 -0.108673
2406 -0.1086711
2407 -0.1086694
2408 -0.1086676
2409 -0.1086656
2410 -0.1086641
2411 -0.1086624
2412 -0.1086608
2413 -0.1086589
2414 -0.1086573
2415 -0.1086555
2416 -0.1086539
2417 -0.1086519
2418 -0.1086503
2419 -0.1086486
2420 -0.108647
2421 -0.1086453
2422 -0.1086435
2423 -0.1086419
2424 -0.10864
2425 -0.1086385
2426 -0.1086366
2427 -0.108635
2428 -0.1086332
2429 -0.1086317
2430 -0.1086299
2431 -0.1086282
2432 -0.1086264
2433 -0.1086248
2434 -0.1086232
2435 -0.1086214
2436 -0.1086197
2437 -0.1086181
2438 -0.1086163
2439 -0.1086147
2440 -0.108613
2441 -0.1086112
2442 -0.1086095
2443 -0.1086079
2444 -0.1086061
2445 -0.1086045
2446 -0.1086029
2447 -0.1086012
2448 -0.1085995
2449 -0.1085979
2450 -0.1085962
2451 -0.1085945
2452 -0.1085929
2453 -0.1085912
2454 -0.1085897
2455 -0.108588
2456 -0.1085863
2457 -0.1085846
2458 -0.1085829
2459 -0.1085812
2460 -0.1085797
2461 -0.1085778
2462 -0.1085762
2463 -0.1085746
2464 -0.1085729
2465 -0.1085713
2466 -0.1085697
2467 -0.108568
2468 -0.1085663
2469 -0.1085646
2470 -0.108563
2471 -0.1085613
2472 -0.1085597
2473 -0.1085581
2474 -0.1085563
2475 -0.1085546
2476 -0.1085532
2477 -0.1085516
2478 -0.1085499
2479 -0.1085483
2480 -0.1085466
2481 -0.108545
2482 -0.1085432
2483 -0.1085416
2484 -0.10854
2485 -0.1085384
2486 -0.1085367
2487 -0.1085351
2488 -0.1085336
2489 -0.108532
2490 -0.1085303
2491 -0.1085285
2492 -0.108527
2493 -0.1085253
2494 -0.1085236
2495 -0.1085221
2496 -0.1085205
2497 -0.1085189
2498 -0.1085171
2499 -0.1085157
2500 -0.1085139
2501 -0.1085123
2502 -0.1085106
2503 -0.1085091
2504 -0.1085074
2505 -0.1085059
2506 -0.1085042
2507 -0.1085026
2508 -0.1085009
2509 -0.1084993
2510 -0.1084979
2511 -0.1084961
2512 -0.1084946
2513 -0.1084929
2514 -0.1084915
2515 -0.1084899
2516 -0.1084881
2517 -0.1084863
2518 -0.108485
2519 -0.1084833
2520 -0.1084817
2521 -0.10848
2522 -0.1084785
2523 -0.1084769
2524 -0.1084754
2525 -0.1084738
2526 -0.1084722
2527 -0.1084706
2528 -0.108469
2529 -0.1084674
2530 -0.1084656
2531 -0.1084642
2532 -0.1084627
2533 -0.1084611
2534 -0.1084593
2535 -0.1084577
2536 -0.1084561
2537 -0.1084545
2538 -0.108453
2539 -0.1084514
2540 -0.1084498
2541 -0.1084483
2542 -0.1084467
2543 -0.108445
2544 -0.1084436
2545 -0.1084421
2546 -0.1084404
2547 -0.1084386
2548 -0.1084371
2549 -0.1084354
2550 -0.1084338
2551 -0.1084321
2552 -0.1084308
2553 -0.1084291
2554 -0.1084276
2555 -0.1084259
2556 -0.1084245
2557 -0.1084229
2558 -0.108421
2559 -0.1084196
2560 -0.108418
2561 -0.1084164
2562 -0.1084148
2563 -0.1084133
2564 -0.1084117
2565 -0.1084103
2566 -0.1084085
2567 -0.1084069
2568 -0.1084054
2569 -0.1084039
2570 -0.1084021
2571 -0.1084006
2572 -0.1083992
2573 -0.1083975
2574 -0.1083961
2575 -0.1083945
2576 -0.1083929
2577 -0.1083914
2578 -0.1083898
2579 -0.1083882
2580 -0.1083866
2581 -0.1083849
2582 -0.1083834
2583 -0.1083819
2584 -0.1083803
2585 -0.1083787
2586 -0.1083771
2587 -0.1083756
2588 -0.1083741
2589 -0.1083727
2590 -0.108371
2591 -0.1083693
2592 -0.1083677
2593 -0.1083663
2594 -0.1083647
2595 -0.1083632
2596 -0.1083615
2597 -0.1083601
2598 -0.1083586
2599 -0.1083569
2600 -0.1083554
2601 -0.1083539
2602 -0.1083523
2603 -0.1083508
2604 -0.1083492
2605 -0.1083476
2606 -0.1083459
2607 -0.1083444
2608 -0.108343
2609 -0.1083415
2610 -0.10834
2611 -0.1083383
2612 -0.1083367
2613 -0.1083353
2614 -0.1083338
2615 -0.1083321
2616 -0.1083306
2617 -0.1083291
2618 -0.1083276
2619 -0.1083259
2620 -0.1083244
2621 -0.1083228
2622 -0.1083214
2623 -0.1083199
2624 -0.1083185
2625 -0.108317
2626 -0.1083154
2627 -0.1083137
2628 -0.1083121
2629 -0.1083108
2630 -0.1083092
2631 -0.1083078
2632 -0.1083063
2633 -0.1083046
2634 -0.108303
2635 -0.1083016
2636 -0.1083
2637 -0.1082986
2638 -0.1082972
2639 -0.1082955
2640 -0.108294
2641 -0.1082924
2642 -0.1082909
2643 -0.1082895
2644 -0.1082879
2645 -0.1082865
2646 -0.108285
2647 -0.1082835
2648 -0.1082819
2649 -0.1082805
2650 -0.1082791
2651 -0.1082777
2652 -0.1082762
2653 -0.1082744
2654 -0.1082729
2655 -0.1082713
2656 -0.1082698
2657 -0.1082684
2658 -0.108267
2659 -0.1082655
2660 -0.108264
2661 -0.1082626
2662 -0.1082611
2663 -0.1082595
2664 -0.108258
2665 -0.1082566
2666 -0.1082551
2667 -0.1082535
2668 -0.1082521
2669 -0.1082507
2670 -0.1082493
2671 -0.1082477
2672 -0.1082463
2673 -0.1082447
2674 -0.1082434
2675 -0.108242
2676 -0.1082407
2677 -0.1082391
2678 -0.1082376
2679 -0.1082362
2680 -0.1082348
2681 -0.1082333
2682 -0.1082318
2683 -0.1082304
2684 -0.1082289
2685 -0.1082274
2686 -0.1082261
2687 -0.1082247
2688 -0.1082233
2689 -0.1082218
2690 -0.1082204
2691 -0.1082189
2692 -0.1082174
2693 -0.1082159
2694 -0.1082145
2695 -0.1082131
2696 -0.1082117
2697 -0.1082103
2698 -0.1082087
2699 -0.1082074
2700 -0.108206
2701 -0.1082046
2702 -0.1082033
2703 -0.1082018
2704 -0.1082005
2705 -0.108199
2706 -0.1081976
2707 -0.1081962
2708 -0.1081948
2709 -0.1081934
2710 -0.1081921
2711 -0.1081908
2712 -0.1081893
2713 -0.1081878
2714 -0.1081865
2715 -0.1081851
2716 -0.1081836
2717 -0.1081823
2718 -0.108181
2719 -0.1081795
2720 -0.1081782
2721 -0.1081768
2722 -0.1081753
2723 -0.108174
2724 -0.1081726
2725 -0.1081713
2726 -0.10817
2727 -0.1081686
2728 -0.1081673
2729 -0.1081657
2730 -0.1081645
2731 -0.1081632
2732 -0.1081619
2733 -0.1081604
2734 -0.1081591
2735 -0.1081578
2736 -0.1081565
2737 -0.1081551
2738 -0.1081537
2739 -0.1081524
2740 -0.1081512
2741 -0.1081498
2742 -0.1081486
2743 -0.1081473
2744 -0.108146
2745 -0.1081446
2746 -0.1081433
2747 -0.1081418
2748 -0.1081406
2749 -0.1081393
2750 -0.108138
2751 -0.1081367
2752 -0.1081353
2753 -0.1081341
2754 -0.1081327
2755 -0.1081315
2756 -0.1081302
2757 -0.1081289
2758 -0.1081276
2759 -0.1081264
2760 -0.108125
2761 -0.1081238
2762 -0.1081225
2763 -0.1081212
2764 -0.1081199
2765 -0.1081187
2766 -0.1081174
2767 -0.1081163
2768 -0.1081149
2769 -0.1081135
2770 -0.1081122
2771 -0.1081109
2772 -0.1081097
2773 -0.1081084
2774 -0.1081072
2775 -0.1081061
2776 -0.1081048
2777 -0.1081034
2778 -0.1081022
2779 -0.108101
2780 -0.1080996
2781 -0.1080983
2782 -0.1080972
2783 -0.1080959
2784 -0.1080945
2785 -0.1080932
2786 -0.1080922
2787 -0.108091
2788 -0.1080897
2789 -0.1080886
2790 -0.1080874
2791 -0.1080861
2792 -0.1080851
2793 -0.1080838
2794 -0.1080825
2795 -0.1080812
2796 -0.10808
2797 -0.1080788
2798 -0.1080776
2799 -0.1080765
2800 -0.1080753
2801 -0.1080742
2802 -0.1080729
2803 -0.1080717
2804 -0.1080706
2805 -0.1080693
2806 -0.1080681
2807 -0.1080669
2808 -0.1080659
2809 -0.1080647
2810 -0.1080636
2811 -0.1080624
2812 -0.1080613
2813 -0.1080602
2814 -0.108059
2815 -0.1080578
2816 -0.1080566
2817 -0.1080555
2818 -0.1080542
2819 -0.108053
2820 -0.1080518
2821 -0.1080507
2822 -0.1080496
2823 -0.1080485
2824 -0.1080474
2825 -0.1080463
2826 -0.1080448
2827 -0.108044
2828 -0.1080428
2829 -0.1080418
2830 -0.1080405
2831 -0.1080394
2832 -0.1080383
2833 -0.1080372
2834 -0.1080361
2835 -0.1080349
2836 -0.1080338
2837 -0.1080327
2838 -0.1080315
2839 -0.1080304
2840 -0.1080293
2841 -0.1080282
2842 -0.1080272
2843 -0.1080261
2844 -0.108025
2845 -0.1080239
2846 -0.1080229
2847 -0.1080217
2848 -0.1080206
2849 -0.1080194
2850 -0.1080183
2851 -0.1080172
2852 -0.1080163
2853 -0.1080153
2854 -0.1080142
2855 -0.1080131
2856 -0.1080119
2857 -0.1080107
2858 -0.1080097
2859 -0.1080087
2860 -0.1080077
2861 -0.1080066
2862 -0.1080056
2863 -0.1080046
2864 -0.1080035
2865 -0.1080024
2866 -0.1080013
2867 -0.1080003
2868 -0.1079992
2869 -0.1079981
2870 -0.107997
2871 -0.1079959
2872 -0.107995
2873 -0.107994
2874 -0.1079929
2875 -0.1079919
2876 -0.1079906
2877 -0.1079898
2878 -0.1079887
2879 -0.1079877
2880 -0.1079866
2881 -0.1079856
2882 -0.1079846
2883 -0.1079836
2884 -0.1079827
2885 -0.1079816
2886 -0.1079805
2887 -0.1079794
2888 -0.1079785
2889 -0.1079774
2890 -0.1079764
2891 -0.1079753
2892 -0.1079744
2893 -0.1079735
2894 -0.1079725
2895 -0.1079715
2896 -0.1079703
2897 -0.1079695
2898 -0.1079684
2899 -0.1079674
2900 -0.1079664
2901 -0.1079653
2902 -0.1079643
2903 -0.1079633
2904 -0.1079623
2905 -0.1079613
2906 -0.1079604
2907 -0.1079594
2908 -0.1079584
2909 -0.1079574
2910 -0.1079563
2911 -0.1079555
2912 -0.1079543
2913 -0.1079535
2914 -0.1079526
2915 -0.1079515
2916 -0.1079505
2917 -0.1079495
2918 -0.1079486
2919 -0.1079477
2920 -0.1079467
2921 -0.1079456
2922 -0.1079448
2923 -0.1079439
2924 -0.1079426
2925 -0.1079417
2926 -0.1079409
2927 -0.10794
2928 -0.107939
2929 -0.107938
2930 -0.1079369
2931 -0.1079359
2932 -0.107935
2933 -0.107934
2934 -0.1079331
2935 -0.1079321
2936 -0.1079312
2937 -0.1079302
2938 -0.1079293
2939 -0.1079285
2940 -0.1079275
2941 -0.1079265
2942 -0.1079257
2943 -0.1079248
2944 -0.1079239
2945 -0.107923
2946 -0.107922
2947 -0.1079211
2948 -0.1079201
2949 -0.1079191
2950 -0.1079183
2951 -0.1079172
2952 -0.1079164
2953 -0.1079154
2954 -0.1079145
2955 -0.1079136
2956 -0.1079127
2957 -0.1079119
2958 -0.1079109
2959 -0.1079099
2960 -0.107909
2961 -0.1079082
2962 -0.1079072
2963 -0.1079063
2964 -0.1079055
2965 -0.1079046
2966 -0.1079036
2967 -0.1079027
2968 -0.1079017
2969 -0.1079007
2970 -0.1078997
2971 -0.107899
2972 -0.1078981
2973 -0.1078972
2974 -0.1078961
2975 -0.1078953
2976 -0.1078942
2977 -0.1078932
2978 -0.1078923
2979 -0.1078915
2980 -0.1078906
2981 -0.1078897
2982 -0.1078887
2983 -0.1078878
2984 -0.1078869
2985 -0.1078861
2986 -0.1078853
2987 -0.1078843
2988 -0.1078836
2989 -0.1078825
2990 -0.1078818
2991 -0.1078809
2992 -0.1078798
2993 -0.1078789
2994 -0.1078781
2995 -0.1078773
2996 -0.1078764
2997 -0.1078755
2998 -0.1078745
2999 -0.1078736
3000 -0.1078728
3001 -0.1078719
3002 -0.107871
3003 -0.1078701
3004 -0.1078692
3005 -0.1078683
3006 -0.1078675
3007 -0.1078664
3008 -0.1078655
3009 -0.1078648
3010 -0.107864
3011 -0.107863
3012 -0.1078622
3013 -0.1078613
3014 -0.1078603
3015 -0.1078594
3016 -0.1078585
3017 -0.1078576
3018 -0.1078568
3019 -0.1078559
3020 -0.1078551
3021 -0.1078542
3022 -0.1078532
3023 -0.1078523
3024 -0.1078513
3025 -0.1078506
3026 -0.1078498
3027 -0.107849
3028 -0.107848
3029 -0.1078473
3030 -0.1078464
3031 -0.1078455
3032 -0.1078445
3033 -0.1078435
3034 -0.1078429
3035 -0.107842
3036 -0.1078411
3037 -0.1078402
3038 -0.1078392
3039 -0.1078382
3040 -0.1078375
3041 -0.1078365
3042 -0.1078357
3043 -0.1078348
3044 -0.107834
3045 -0.1078332
3046 -0.1078324
3047 -0.1078315
3048 -0.1078307
3049 -0.1078298
3050 -0.1078289
3051 -0.1078279
3052 -0.1078271
3053 -0.1078263
3054 -0.1078255
3055 -0.1078244
3056 -0.1078237
3057 -0.1078228
3058 -0.1078219
3059 -0.107821
3060 -0.1078201
3061 -0.1078192
3062 -0.1078183
3063 -0.1078174
3064 -0.1078166
3065 -0.1078157
3066 -0.1078149
3067 -0.107814
3068 -0.1078132
3069 -0.1078124
3070 -0.1078114
3071 -0.1078105
3072 -0.1078097
3073 -0.1078089
3074 -0.107808
3075 -0.1078071
3076 -0.1078062
3077 -0.1078052
3078 -0.1078044
3079 -0.1078035
3080 -0.1078027
3081 -0.1078017
3082 -0.1078009
3083 -0.1078001
3084 -0.1077992
3085 -0.1077983
3086 -0.1077973
3087 -0.1077964
3088 -0.1077957
3089 -0.1077949
3090 -0.1077939
3091 -0.107793
3092 -0.107792
3093 -0.1077912
3094 -0.1077904
3095 -0.1077896
3096 -0.1077887
3097 -0.1077879
3098 -0.1077869
3099 -0.1077861
3100 -0.1077853
3101 -0.1077843
3102 -0.1077834
3103 -0.1077825
3104 -0.1077816
3105 -0.1077808
3106 -0.10778
3107 -0.1077791
3108 -0.1077783
3109 -0.1077772
3110 -0.1077764
3111 -0.1077755
3112 -0.1077746
3113 -0.1077738
3114 -0.1077729
3115 -0.107772
3116 -0.1077711
3117 -0.1077703
3118 -0.1077693
3119 -0.1077685
3120 -0.1077676
3121 -0.1077667
3122 -0.1077659
3123 -0.1077649
3124 -0.107764
3125 -0.1077632
3126 -0.1077623
3127 -0.1077614
3128 -0.1077606
3129 -0.1077596
3130 -0.1077588
3131 -0.107758
3132 -0.107757
3133 -0.1077561
3134 -0.1077551
3135 -0.1077542
3136 -0.1077534
3137 -0.1077526
3138 -0.1077517
3139 -0.1077509
3140 -0.1077499
3141 -0.1077491
3142 -0.1077481
3143 -0.1077472
3144 -0.1077464
3145 -0.1077454
3146 -0.1077446
3147 -0.1077437
3148 -0.1077427
3149 -0.1077418
3150 -0.1077409
3151 -0.10774
3152 -0.1077391
3153 -0.1077382
3154 -0.1077374
3155 -0.1077364
3156 -0.1077355
3157 -0.1077345
3158 -0.1077337
3159 -0.1077327
3160 -0.1077318
3161 -0.1077311
3162 -0.1077302
3163 -0.1077292
3164 -0.1077283
3165 -0.1077273
3166 -0.1077264
3167 -0.1077254
3168 -0.1077246
3169 -0.1077237
3170 -0.1077229
3171 -0.107722
3172 -0.107721
3173 -0.1077201
3174 -0.1077191
3175 -0.1077183
3176 -0.1077173
3177 -0.1077163
3178 -0.1077154
3179 -0.1077146
3180 -0.1077138
3181 -0.1077129
3182 -0.107712
3183 -0.107711
3184 -0.1077099
3185 -0.1077091
3186 -0.1077082
3187 -0.1077072
3188 -0.1077063
3189 -0.1077055
3190 -0.1077045
3191 -0.1077037
3192 -0.1077028
3193 -0.1077019
3194 -0.107701
3195 -0.1077001
3196 -0.1076991
3197 -0.1076981
3198 -0.1076973
3199 -0.1076964
3200 -0.1076954
3201 -0.1076945
3202 -0.1076937
3203 -0.1076927
3204 -0.1076919
3205 -0.1076908
3206 -0.1076897
3207 -0.1076889
3208 -0.1076879
3209 -0.107687
3210 -0.1076861
3211 -0.1076853
3212 -0.1076844
3213 -0.1076834
3214 -0.1076823
3215 -0.1076813
3216 -0.1076804
3217 -0.1076796
3218 -0.1076788
3219 -0.1076779
3220 -0.1076769
3221 -0.107676
3222 -0.107675
3223 -0.1076742
3224 -0.1076733
3225 -0.1076724
3226 -0.1076713
3227 -0.1076704
3228 -0.1076696
3229 -0.1076687
3230 -0.1076677
3231 -0.1076669
3232 -0.1076657
3233 -0.1076648
3234 -0.1076639
3235 -0.1076628
3236 -0.107662
3237 -0.1076612
3238 -0.1076603
3239 -0.1076593
3240 -0.1076583
3241 -0.1076574
3242 -0.1076564
3243 -0.1076556
3244 -0.1076547
3245 -0.1076538
3246 -0.1076528
3247 -0.1076518
3248 -0.1076511
3249 -0.10765
3250 -0.1076491
3251 -0.1076481
3252 -0.107647
3253 -0.1076461
3254 -0.1076452
3255 -0.1076444
3256 -0.1076434
3257 -0.1076425
3258 -0.1076415
3259 -0.1076406
3260 -0.1076398
3261 -0.1076387
3262 -0.1076378
3263 -0.1076366
3264 -0.1076358
3265 -0.107635
3266 -0.107634
3267 -0.1076331
3268 -0.1076321
3269 -0.1076313
3270 -0.1076303
3271 -0.1076294
3272 -0.1076285
3273 -0.1076277
3274 -0.1076266
3275 -0.1076258
3276 -0.1076248
3277 -0.107624
3278 -0.1076229
3279 -0.107622
3280 -0.107621
3281 -0.1076202
3282 -0.1076192
3283 -0.1076183
3284 -0.1076173
3285 -0.1076164
3286 -0.1076155
3287 -0.1076146
3288 -0.1076137
3289 -0.1076127
3290 -0.1076118
3291 -0.1076107
3292 -0.1076098
3293 -0.1076089
3294 -0.1076081
3295 -0.1076073
3296 -0.1076062
3297 -0.1076053
3298 -0.1076045
3299 -0.1076035
3300 -0.1076025
3301 -0.1076016
3302 -0.1076007
3303 -0.1075998
3304 -0.1075986
3305 -0.1075977
3306 -0.1075968
3307 -0.107596
3308 -0.107595
3309 -0.1075941
3310 -0.1075931
3311 -0.1075921
3312 -0.1075911
3313 -0.1075902
3314 -0.1075895
3315 -0.1075885
3316 -0.1075876
3317 -0.1075867
3318 -0.1075859
3319 -0.1075849
3320 -0.1075839
3321 -0.1075829
3322 -0.107582
3323 -0.1075811
3324 -0.1075803
3325 -0.1075792
3326 -0.1075783
3327 -0.1075774
3328 -0.1075764
3329 -0.1075756
3330 -0.1075747
3331 -0.1075738
3332 -0.1075728
3333 -0.107572
3334 -0.1075711
3335 -0.10757
3336 -0.1075693
3337 -0.1075684
3338 -0.1075674
3339 -0.1075666
3340 -0.1075656
3341 -0.1075647
3342 -0.1075638
3343 -0.107563
3344 -0.107562
3345 -0.1075612
3346 -0.1075601
3347 -0.1075592
3348 -0.1075583
3349 -0.1075574
3350 -0.1075564
3351 -0.1075555
3352 -0.1075546
3353 -0.1075536
3354 -0.1075528
3355 -0.1075519
3356 -0.1075509
3357 -0.10755
3358 -0.1075491
3359 -0.1075484
3360 -0.1075475
3361 -0.1075466
3362 -0.1075457
3363 -0.1075447
3364 -0.1075439
3365 -0.1075429
3366 -0.1075421
3367 -0.1075411
3368 -0.1075402
3369 -0.1075394
3370 -0.1075385
3371 -0.1075376
3372 -0.1075368
3373 -0.1075358
3374 -0.107535
3375 -0.1075342
3376 -0.1075333
3377 -0.1075324
3378 -0.1075312
3379 -0.1075303
3380 -0.1075295
3381 -0.1075285
3382 -0.1075277
3383 -0.107527
3384 -0.107526
3385 -0.1075251
3386 -0.1075243
3387 -0.1075232
3388 -0.1075224
3389 -0.1075215
3390 -0.1075206
3391 -0.1075197
3392 -0.1075187
3393 -0.1075179
3394 -0.1075172
3395 -0.1075162
3396 -0.1075153
3397 -0.1075143
3398 -0.1075136
3399 -0.1075126
3400 -0.1075118
3401 -0.1075108
3402 -0.10751
3403 -0.1075091
3404 -0.1075083
3405 -0.1075074
3406 -0.1075065
3407 -0.1075057
3408 -0.1075048
3409 -0.1075038
3410 -0.1075029
3411 -0.1075021
3412 -0.1075013
3413 -0.1075004
3414 -0.1074996
3415 -0.1074987
3416 -0.1074978
3417 -0.1074971
3418 -0.1074962
3419 -0.1074953
3420 -0.1074945
3421 -0.1074936
3422 -0.1074928
3423 -0.107492
3424 -0.1074912
3425 -0.1074904
3426 -0.1074895
3427 -0.1074887
3428 -0.1074878
3429 -0.1074867
3430 -0.1074859
3431 -0.1074851
3432 -0.1074842
3433 -0.1074833
3434 -0.1074825
3435 -0.1074816
3436 -0.1074808
3437 -0.10748
3438 -0.1074792
3439 -0.1074782
3440 -0.1074773
3441 -0.1074765
3442 -0.1074757
3443 -0.1074748
3444 -0.107474
3445 -0.107473
3446 -0.1074723
3447 -0.1074715
3448 -0.1074705
3449 -0.1074697
3450 -0.1074688
3451 -0.1074681
3452 -0.1074673
3453 -0.1074665
3454 -0.1074658
3455 -0.1074649
3456 -0.1074639
3457 -0.1074631
3458 -0.1074622
3459 -0.1074615
3460 -0.1074607
3461 -0.10746
3462 -0.107459
3463 -0.1074582
3464 -0.1074574
3465 -0.1074567
3466 -0.1074559
3467 -0.1074551
3468 -0.1074542
3469 -0.1074535
3470 -0.1074527
3471 -0.1074518
3472 -0.1074509
3473 -0.1074501
3474 -0.1074493
3475 -0.1074485
3476 -0.1074477
3477 -0.1074468
3478 -0.1074459
3479 -0.1074452
3480 -0.1074443
3481 -0.1074436
3482 -0.1074427
3483 -0.1074419
3484 -0.1074411
3485 -0.1074403
3486 -0.1074395
3487 -0.1074388
3488 -0.1074379
3489 -0.1074371
3490 -0.1074362
3491 -0.1074355
3492 -0.1074347
3493 -0.1074338
3494 -0.107433
3495 -0.1074324
3496 -0.1074315
3497 -0.1074306
3498 -0.1074299
3499 -0.107429
3500 -0.1074282
3501 -0.1074273
3502 -0.1074266
3503 -0.1074258
3504 -0.107425
3505 -0.1074242
3506 -0.1074236
3507 -0.1074227
3508 -0.107422
3509 -0.1074211
3510 -0.1074203
3511 -0.1074196
3512 -0.1074189
3513 -0.107418
3514 -0.1074172
3515 -0.1074165
3516 -0.1074158
3517 -0.1074149
3518 -0.107414
3519 -0.1074133
3520 -0.1074125
3521 -0.1074116
3522 -0.107411
3523 -0.1074101
3524 -0.1074093
3525 -0.1074085
3526 -0.1074079
3527 -0.1074072
3528 -0.1074064
3529 -0.1074056
3530 -0.1074048
3531 -0.1074039
3532 -0.1074032
3533 -0.1074025
3534 -0.1074017
3535 -0.107401
3536 -0.1074003
3537 -0.1073995
3538 -0.1073987
3539 -0.107398
3540 -0.1073972
3541 -0.1073964
3542 -0.1073956
3543 -0.1073948
3544 -0.107394
3545 -0.1073933
3546 -0.1073927
3547 -0.107392
3548 -0.1073912
3549 -0.1073904
3550 -0.1073897
3551 -0.107389
3552 -0.1073882
3553 -0.1073876
3554 -0.1073868
3555 -0.1073861
3556 -0.1073852
3557 -0.1073845
3558 -0.1073836
3559 -0.1073829
3560 -0.1073822
3561 -0.1073815
3562 -0.1073807
3563 -0.10738
3564 -0.1073794
3565 -0.1073786
3566 -0.1073779
3567 -0.1073771
3568 -0.1073763
3569 -0.1073755
3570 -0.1073747
3571 -0.1073742
3572 -0.1073734
3573 -0.1073727
3574 -0.1073718
3575 -0.1073712
3576 -0.1073704
3577 -0.1073696
3578 -0.1073688
3579 -0.1073682
3580 -0.1073674
3581 -0.1073667
3582 -0.1073659
3583 -0.1073653
3584 -0.1073645
3585 -0.1073638
3586 -0.1073631
3587 -0.1073624
3588 -0.1073618
3589 -0.1073611
3590 -0.1073604
3591 -0.1073595
3592 -0.1073589
3593 -0.1073582
3594 -0.1073574
3595 -0.1073567
3596 -0.1073559
3597 -0.1073552
3598 -0.1073544
3599 -0.1073537
3600 -0.1073529
