"report-lift-rfile"
"Iteration" "report-lift"
("Iteration" "report-lift")
1 0.3055043
2 0.3223822
3 0.338361
4 0.3533086
5 0.3670833
6 0.3795424
7 0.3906431
8 0.4004441
9 0.4090816
10 0.416733
11 0.4235764
12 0.4297572
13 0.4354004
14 0.4405935
15 0.4453922
16 0.4498523
17 0.4540443
18 0.4578625
19 0.4612814
20 0.4642619
21 0.4667732
22 0.4688019
23 0.4703547
24 0.4714612
25 0.4721581
26 0.4724979
27 0.4725294
28 0.4723027
29 0.4718595
30 0.4712395
31 0.4704806
32 0.4696131
33 0.468662
34 0.4676378
35 0.4665392
36 0.4653627
37 0.4641012
38 0.4627483
39 0.4612954
40 0.4597359
41 0.4580198
42 0.4562154
43 0.454345
44 0.4524299
45 0.4504876
46 0.4485345
47 0.4465867
48 0.444659
49 0.4427628
50 0.4409102
51 0.439104
52 0.4373498
53 0.4356523
54 0.4340141
55 0.4324366
56 0.430922
57 0.4294685
58 0.4280762
59 0.4267472
60 0.4254815
61 0.4242787
62 0.4231392
63 0.4220636
64 0.4210536
65 0.4201091
66 0.4192323
67 0.4184232
68 0.4176813
69 0.4170068
70 0.4163987
71 0.4158546
72 0.4153745
73 0.4149535
74 0.4145908
75 0.4142824
76 0.4140234
77 0.4138114
78 0.4136425
79 0.4135129
80 0.4134199
81 0.4133584
82 0.4133261
83 0.4133191
84 0.4133364
85 0.4133742
86 0.4134295
87 0.4135025
88 0.4135896
89 0.4136899
90 0.4138014
91 0.4139231
92 0.4140534
93 0.4141919
94 0.4143376
95 0.4144882
96 0.4146431
97 0.4148034
98 0.4149641
99 0.4151278
100 0.4152915
101 0.415455
102 0.4156165
103 0.4157758
104 0.4159321
105 0.4160842
106 0.4162314
107 0.416373
108 0.416509
109 0.4166366
110 0.4167577
111 0.4168719
112 0.4169772
113 0.4170766
114 0.4171661
115 0.417249
116 0.4173238
117 0.4173909
118 0.4174501
119 0.4175023
120 0.4175475
121 0.4175864
122 0.4176189
123 0.4176454
124 0.4176665
125 0.4176816
126 0.417692
127 0.4176977
128 0.4176978
129 0.4176943
130 0.4176862
131 0.417675
132 0.4176586
133 0.4176389
134 0.4176156
135 0.4175897
136 0.4175602
137 0.4175278
138 0.4174921
139 0.4174538
140 0.4174139
141 0.4173703
142 0.417325
143 0.4172775
144 0.4172276
145 0.4171761
146 0.417123
147 0.4170686
148 0.4170119
149 0.4169549
150 0.4168962
151 0.4168371
152 0.4167765
153 0.4167158
154 0.4166538
155 0.4165919
156 0.4165296
157 0.4164664
158 0.4164031
159 0.4163399
160 0.4162758
161 0.4162122
162 0.4161484
163 0.4160845
164 0.4160204
165 0.4159557
166 0.4158908
167 0.4158261
168 0.4157616
169 0.4156974
170 0.4156321
171 0.4155673
172 0.415502
173 0.4154375
174 0.4153725
175 0.4153067
176 0.4152411
177 0.4151753
178 0.41511
179 0.4150442
180 0.4149782
181 0.4149128
182 0.4148462
183 0.4147799
184 0.4147136
185 0.4146472
186 0.4145809
187 0.4145143
188 0.4144477
189 0.4143814
190 0.4143144
191 0.4142474
192 0.4141797
193 0.414113
194 0.4140452
195 0.413978
196 0.4139106
197 0.4138431
198 0.4137746
199 0.4137064
200 0.4136383
201 0.413569
202 0.4135007
203 0.4134321
204 0.4133621
205 0.4132923
206 0.4132229
207 0.4131523
208 0.4130818
209 0.413011
210 0.4129396
211 0.4128685
212 0.4127967
213 0.4127254
214 0.412652
215 0.4125797
216 0.4125071
217 0.4124337
218 0.4123595
219 0.4122865
220 0.412212
221 0.4121379
222 0.4120633
223 0.4119884
224 0.4119131
225 0.4118381
226 0.4117624
227 0.4116862
228 0.4116099
229 0.4115337
230 0.4114578
231 0.4113809
232 0.4113043
233 0.4112269
234 0.4111496
235 0.4110719
236 0.4109943
237 0.4109155
238 0.4108377
239 0.410759
240 0.4106802
241 0.4106018
242 0.4105226
243 0.4104433
244 0.4103633
245 0.4102845
246 0.4102039
247 0.4101233
248 0.4100428
249 0.4099622
250 0.4098818
251 0.4098004
252 0.409719
253 0.409638
254 0.4095562
255 0.4094738
256 0.4093919
257 0.4093092
258 0.4092265
259 0.4091437
260 0.4090607
261 0.4089774
262 0.4088943
263 0.4088107
264 0.4087266
265 0.4086427
266 0.4085582
267 0.4084737
268 0.4083896
269 0.4083044
270 0.4082195
271 0.4081346
272 0.4080491
273 0.407964
274 0.4078784
275 0.4077918
276 0.4077064
277 0.4076196
278 0.4075338
279 0.4074472
280 0.4073602
281 0.4072736
282 0.4071865
283 0.4070999
284 0.4070124
285 0.4069243
286 0.4068366
287 0.4067485
288 0.4066609
289 0.4065722
290 0.4064841
291 0.4063959
292 0.4063076
293 0.4062175
294 0.4061284
295 0.4060394
296 0.4059499
297 0.4058606
298 0.405771
299 0.4056802
300 0.4055905
301 0.4055001
302 0.4054097
303 0.4053192
304 0.405228
305 0.405137
306 0.4050457
307 0.4049545
308 0.4048628
309 0.4047708
310 0.4046793
311 0.404588
312 0.4044951
313 0.4044024
314 0.4043102
315 0.4042175
316 0.4041243
317 0.4040313
318 0.4039381
319 0.4038445
320 0.4037508
321 0.4036568
322 0.4035628
323 0.4034687
324 0.4033744
325 0.4032798
326 0.4031855
327 0.4030905
328 0.4029952
329 0.4028994
330 0.4028048
331 0.4027086
332 0.4026132
333 0.4025158
334 0.4024212
335 0.4023241
336 0.4022279
337 0.4021306
338 0.4020338
339 0.4019363
340 0.4018396
341 0.4017417
342 0.4016438
343 0.4015455
344 0.401447
345 0.4013484
346 0.4012499
347 0.4011506
348 0.4010513
349 0.4009516
350 0.4008524
351 0.4007519
352 0.4006522
353 0.4005525
354 0.4004511
355 0.4003505
356 0.4002496
357 0.4001487
358 0.4000466
359 0.3999448
360 0.3998432
361 0.3997411
362 0.3996383
363 0.3995355
364 0.3994324
365 0.3993291
366 0.3992261
367 0.3991226
368 0.3990186
369 0.398915
370 0.3988104
371 0.398706
372 0.3986018
373 0.3984968
374 0.3983919
375 0.3982863
376 0.3981814
377 0.398075
378 0.3979695
379 0.3978631
380 0.3977573
381 0.3976504
382 0.397544
383 0.3974373
384 0.3973297
385 0.3972228
386 0.3971153
387 0.3970075
388 0.3969
389 0.3967924
390 0.3966837
391 0.396576
392 0.3964669
393 0.3963586
394 0.3962498
395 0.3961414
396 0.3960324
397 0.3959231
398 0.3958138
399 0.395704
400 0.3955945
401 0.3954845
402 0.395375
403 0.3952657
404 0.3951557
405 0.3950451
406 0.3949352
407 0.3948247
408 0.3947137
409 0.3946036
410 0.3944933
411 0.3943824
412 0.3942717
413 0.3941608
414 0.3940498
415 0.3939396
416 0.3938286
417 0.3937171
418 0.3936065
419 0.3934954
420 0.3933849
421 0.3932735
422 0.3931625
423 0.3930513
424 0.3929397
425 0.3928291
426 0.3927183
427 0.3926069
428 0.3924961
429 0.392385
430 0.3922738
431 0.3921629
432 0.3920517
433 0.3919415
434 0.3918303
435 0.3917198
436 0.3916093
437 0.3914981
438 0.3913884
439 0.3912773
440 0.391167
441 0.3910569
442 0.3909468
443 0.3908364
444 0.3907272
445 0.3906165
446 0.3905066
447 0.3903969
448 0.3902875
449 0.3901776
450 0.3900684
451 0.3899597
452 0.3898506
453 0.3897414
454 0.3896324
455 0.3895241
456 0.3894157
457 0.3893068
458 0.3891982
459 0.3890907
460 0.3889826
461 0.388875
462 0.3887671
463 0.3886598
464 0.3885528
465 0.3884456
466 0.3883383
467 0.3882321
468 0.3881252
469 0.3880183
470 0.3879122
471 0.3878061
472 0.3876999
473 0.3875947
474 0.3874889
475 0.3873831
476 0.3872778
477 0.3871732
478 0.3870683
479 0.3869631
480 0.3868587
481 0.3867543
482 0.3866501
483 0.3865466
484 0.3864425
485 0.3863389
486 0.3862352
487 0.3861324
488 0.3860292
489 0.3859261
490 0.3858235
491 0.3857201
492 0.385618
493 0.3855157
494 0.3854135
495 0.3853121
496 0.3852102
497 0.3851086
498 0.3850068
499 0.3849057
500 0.3848048
501 0.3847034
502 0.3846029
503 0.384501
504 0.3844014
505 0.3843012
506 0.3842008
507 0.3841009
508 0.3840013
509 0.3839018
510 0.3838015
511 0.3837023
512 0.3836029
513 0.383504
514 0.3834049
515 0.3833055
516 0.3832069
517 0.3831083
518 0.3830093
519 0.3829108
520 0.382813
521 0.3827145
522 0.3826162
523 0.3825178
524 0.3824201
525 0.3823223
526 0.3822251
527 0.3821264
528 0.3820288
529 0.3819317
530 0.3818342
531 0.3817367
532 0.3816397
533 0.3815422
534 0.3814454
535 0.3813485
536 0.381251
537 0.3811539
538 0.3810566
539 0.3809598
540 0.380863
541 0.3807659
542 0.3806688
543 0.3805729
544 0.3804752
545 0.3803787
546 0.3802821
547 0.3801849
548 0.380088
549 0.3799915
550 0.3798948
551 0.3797979
552 0.3797009
553 0.379604
554 0.3795069
555 0.37941
556 0.3793126
557 0.3792156
558 0.3791186
559 0.3790212
560 0.3789245
561 0.3788275
562 0.3787305
563 0.3786329
564 0.3785357
565 0.3784383
566 0.3783408
567 0.3782431
568 0.3781458
569 0.3780476
570 0.3779502
571 0.3778532
572 0.3777553
573 0.3776572
574 0.3775592
575 0.3774617
576 0.3773636
577 0.377265
578 0.3771666
579 0.3770686
580 0.3769698
581 0.3768717
582 0.3767735
583 0.376675
584 0.3765762
585 0.3764769
586 0.3763779
587 0.3762797
588 0.3761804
589 0.3760817
590 0.3759825
591 0.3758833
592 0.3757837
593 0.3756848
594 0.3755852
595 0.3754859
596 0.3753864
597 0.3752865
598 0.3751874
599 0.3750872
600 0.3749874
601 0.3748879
602 0.3747879
603 0.3746884
604 0.3745883
605 0.3744882
606 0.374388
607 0.3742883
608 0.3741884
609 0.3740879
610 0.3739881
611 0.3738872
612 0.3737874
613 0.3736873
614 0.3735867
615 0.3734869
616 0.3733865
617 0.3732865
618 0.3731862
619 0.3730857
620 0.3729864
621 0.3728862
622 0.3727861
623 0.3726854
624 0.3725859
625 0.3724858
626 0.3723862
627 0.3722866
628 0.3721871
629 0.3720868
630 0.3719876
631 0.3718878
632 0.3717891
633 0.3716892
634 0.3715905
635 0.371491
636 0.3713923
637 0.3712928
638 0.3711939
639 0.3710957
640 0.3709978
641 0.3708989
642 0.370801
643 0.3707034
644 0.3706055
645 0.3705077
646 0.3704106
647 0.3703129
648 0.3702163
649 0.3701192
650 0.3700224
651 0.3699258
652 0.3698294
653 0.3697335
654 0.3696371
655 0.3695416
656 0.3694457
657 0.3693508
658 0.3692566
659 0.3691616
660 0.3690673
661 0.3689732
662 0.3688786
663 0.3687856
664 0.368692
665 0.3685986
666 0.3685061
667 0.3684137
668 0.3683217
669 0.3682295
670 0.3681384
671 0.3680472
672 0.3679562
673 0.3678658
674 0.3677755
675 0.3676861
676 0.3675966
677 0.3675072
678 0.3674183
679 0.36733
680 0.3672418
681 0.3671544
682 0.3670668
683 0.3669797
684 0.3668932
685 0.3668071
686 0.3667212
687 0.3666357
688 0.3665511
689 0.3664659
690 0.3663821
691 0.366298
692 0.366215
693 0.3661316
694 0.3660496
695 0.3659675
696 0.3658852
697 0.3658043
698 0.3657229
699 0.3656428
700 0.365563
701 0.3654834
702 0.3654039
703 0.3653256
704 0.365286
705 0.365247
706 0.3652079
707 0.3651689
708 0.3651302
709 0.3650921
710 0.3650535
711 0.3650152
712 0.3649765
713 0.3649383
714 0.3648998
715 0.364862
716 0.3648241
717 0.3647862
718 0.3647485
719 0.3647107
720 0.3646734
721 0.3646362
722 0.3645988
723 0.3645617
724 0.3645249
725 0.3644876
726 0.364451
727 0.3644148
728 0.3643777
729 0.3643414
730 0.364305
731 0.3642688
732 0.3642331
733 0.3641968
734 0.3641611
735 0.3641254
736 0.3640893
737 0.3640541
738 0.3640183
739 0.3639832
740 0.3639483
741 0.3639134
742 0.363878
743 0.363843
744 0.3638089
745 0.3637743
746 0.3637394
747 0.3637054
748 0.3636708
749 0.3636368
750 0.3636031
751 0.3635696
752 0.3635354
753 0.3635015
754 0.3634686
755 0.3634351
756 0.3634014
757 0.3633681
758 0.3633346
759 0.3633019
760 0.363269
761 0.363236
762 0.3632039
763 0.3631708
764 0.3631389
765 0.3631061
766 0.3630742
767 0.3630423
768 0.3630099
769 0.3629789
770 0.3629464
771 0.362915
772 0.362884
773 0.3628525
774 0.362821
775 0.36279
776 0.362759
777 0.3627282
778 0.3626976
779 0.3626667
780 0.3626363
781 0.362606
782 0.3625758
783 0.3625455
784 0.3625154
785 0.3624857
786 0.362455
787 0.3624255
788 0.3623961
789 0.3623664
790 0.3623374
791 0.362308
792 0.362279
793 0.3622491
794 0.3622209
795 0.3621922
796 0.3621631
797 0.3621346
798 0.362106
799 0.3620778
800 0.3620496
801 0.3620208
802 0.3619934
803 0.3619653
804 0.3619371
805 0.3619098
806 0.361882
807 0.361854
808 0.3618271
809 0.3617999
810 0.3617728
811 0.3617457
812 0.361719
813 0.3616919
814 0.361665
815 0.3616384
816 0.3616118
817 0.3615857
818 0.3615597
819 0.3615331
820 0.361507
821 0.3614815
822 0.3614546
823 0.3614295
824 0.3614036
825 0.3613778
826 0.3613528
827 0.3613273
828 0.3613021
829 0.3612767
830 0.3612516
831 0.3612267
832 0.3612022
833 0.3611777
834 0.3611531
835 0.3611284
836 0.3611044
837 0.3610797
838 0.3610557
839 0.3610317
840 0.3610075
841 0.3609841
842 0.3609599
843 0.3609366
844 0.3609133
845 0.3608891
846 0.3608661
847 0.3608428
848 0.3608195
849 0.3607966
850 0.3607735
851 0.3607511
852 0.3607278
853 0.3607057
854 0.3606832
855 0.360661
856 0.3606388
857 0.3606167
858 0.3605946
859 0.3605719
860 0.3605501
861 0.3605284
862 0.3605063
863 0.3604847
864 0.3604629
865 0.3604418
866 0.3604208
867 0.3603994
868 0.3603781
869 0.3603575
870 0.3603361
871 0.3603151
872 0.3602947
873 0.3602739
874 0.3602535
875 0.3602327
876 0.3602123
877 0.3601922
878 0.3601715
879 0.3601517
880 0.3601314
881 0.3601116
882 0.3600919
883 0.3600719
884 0.3600521
885 0.3600326
886 0.3600137
887 0.3599942
888 0.3599744
889 0.3599554
890 0.3599368
891 0.3599173
892 0.3598983
893 0.3598795
894 0.3598607
895 0.3598421
896 0.3598238
897 0.3598049
898 0.3597863
899 0.3597687
900 0.3597501
901 0.3597314
902 0.3597133
903 0.3596957
904 0.3596778
905 0.35966
906 0.359642
907 0.3596243
908 0.3596071
909 0.3595896
910 0.3595717
911 0.3595541
912 0.3595373
913 0.3595199
914 0.3595029
915 0.359486
916 0.3594689
917 0.3594521
918 0.3594351
919 0.3594187
920 0.359402
921 0.3593856
922 0.3593691
923 0.3593528
924 0.3593362
925 0.3593198
926 0.3593038
927 0.3592879
928 0.359272
929 0.3592559
930 0.35924
931 0.3592241
932 0.3592085
933 0.3591932
934 0.3591781
935 0.3591622
936 0.3591471
937 0.3591316
938 0.3591168
939 0.3591013
940 0.3590868
941 0.3590716
942 0.3590564
943 0.3590415
944 0.3590271
945 0.3590125
946 0.3589972
947 0.3589829
948 0.3589686
949 0.3589544
950 0.3589398
951 0.3589252
952 0.3589112
953 0.3588975
954 0.3588833
955 0.3588697
956 0.3588555
957 0.3588418
958 0.3588281
959 0.3588142
960 0.3588007
961 0.3587871
962 0.358774
963 0.3587604
964 0.3587469
965 0.3587338
966 0.3587208
967 0.3587077
968 0.3586944
969 0.3586812
970 0.3586681
971 0.3586555
972 0.3586425
973 0.3586297
974 0.3586177
975 0.3586049
976 0.3585928
977 0.3585799
978 0.3585672
979 0.3585546
980 0.3585427
981 0.3585305
982 0.3585187
983 0.3585064
984 0.3584946
985 0.3584828
986 0.3584712
987 0.3584593
988 0.3584476
989 0.3584357
990 0.3584245
991 0.3584127
992 0.3584013
993 0.3583898
994 0.3583787
995 0.3583666
996 0.3583562
997 0.358345
998 0.3583338
999 0.3583226
1000 0.3583114
1001 0.3583006
1002 0.3582899
1003 0.358279
1004 0.3582689
1005 0.3582581
1006 0.3582478
1007 0.3582368
1008 0.3582265
1009 0.3582162
1010 0.3582054
1011 0.3581955
1012 0.3581847
1013 0.358175
1014 0.3581644
1015 0.3581546
1016 0.3581446
1017 0.3581347
1018 0.358125
1019 0.3581152
1020 0.3581057
1021 0.358096
1022 0.358086
1023 0.3580765
1024 0.358067
1025 0.3580578
1026 0.3580485
1027 0.3580392
1028 0.3580298
1029 0.3580205
1030 0.3580116
1031 0.3580024
1032 0.3579935
1033 0.3579845
1034 0.3579754
1035 0.3579664
1036 0.3579577
1037 0.357949
1038 0.3579403
1039 0.3579313
1040 0.3579222
1041 0.3579143
1042 0.3579059
1043 0.3578974
1044 0.3578891
1045 0.3578805
1046 0.3578722
1047 0.3578643
1048 0.3578557
1049 0.3578478
1050 0.3578397
1051 0.3578317
1052 0.3578237
1053 0.3578154
1054 0.3578078
1055 0.3578003
1056 0.3577927
1057 0.3577847
1058 0.3577774
1059 0.3577698
1060 0.3577626
1061 0.3577551
1062 0.3577478
1063 0.3577401
1064 0.3577327
1065 0.3577259
1066 0.3577188
1067 0.3577116
1068 0.3577046
1069 0.3576973
1070 0.3576905
1071 0.3576837
1072 0.3576768
1073 0.35767
1074 0.3576632
1075 0.3576566
1076 0.3576497
1077 0.3576433
1078 0.3576365
1079 0.3576305
1080 0.3576237
1081 0.3576173
1082 0.3576112
1083 0.3576051
1084 0.3575989
1085 0.3575925
1086 0.3575867
1087 0.3575805
1088 0.3575748
1089 0.3575687
1090 0.3575626
1091 0.3575572
1092 0.3575511
1093 0.3575455
1094 0.3575394
1095 0.3575342
1096 0.3575284
1097 0.3575225
1098 0.3575171
1099 0.3575114
1100 0.357506
1101 0.3575009
1102 0.3574952
1103 0.3574901
1104 0.3574848
1105 0.3574798
1106 0.357475
1107 0.3574697
1108 0.3574646
1109 0.3574596
1110 0.3574546
1111 0.3574502
1112 0.3574452
1113 0.3574398
1114 0.3574359
1115 0.3574309
1116 0.3574261
1117 0.3574217
1118 0.3574173
1119 0.3574131
1120 0.3574082
1121 0.3574039
1122 0.3573998
1123 0.3573954
1124 0.3573914
1125 0.3573871
1126 0.3573828
1127 0.357379
1128 0.3573748
1129 0.3573709
1130 0.357367
1131 0.3573629
1132 0.357359
1133 0.3573554
1134 0.3573519
1135 0.3573484
1136 0.3573445
1137 0.357341
1138 0.3573371
1139 0.357334
1140 0.3573302
1141 0.3573268
1142 0.3573231
1143 0.3573197
1144 0.3573162
1145 0.3573131
1146 0.3573105
1147 0.3573074
1148 0.3573039
1149 0.3573007
1150 0.3572977
1151 0.3572947
1152 0.3572924
1153 0.3572896
1154 0.3572863
1155 0.3572836
1156 0.3572809
1157 0.3572783
1158 0.3572756
1159 0.3572732
1160 0.3572706
1161 0.3572682
1162 0.3572653
1163 0.3572632
1164 0.3572603
1165 0.3572583
1166 0.357256
1167 0.3572537
1168 0.3572514
1169 0.3572495
1170 0.3572476
1171 0.3572453
1172 0.3572434
1173 0.3572416
1174 0.3572399
1175 0.3572377
1176 0.3572361
1177 0.3572344
1178 0.3572323
1179 0.35723
1180 0.3572283
1181 0.3572271
1182 0.357225
1183 0.3572233
1184 0.3572218
1185 0.3572204
1186 0.3572187
1187 0.3572176
1188 0.3572163
1189 0.3572147
1190 0.3572137
1191 0.3572124
1192 0.3572111
1193 0.3572103
1194 0.3572088
1195 0.3572078
1196 0.3572072
1197 0.357206
1198 0.3572049
1199 0.3572036
1200 0.357203
1201 0.3572018
1202 0.357201
1203 0.3572006
1204 0.3571996
1205 0.3571987
1206 0.3571981
1207 0.3571974
1208 0.357197
1209 0.3571963
1210 0.3571958
1211 0.357195
1212 0.357195
1213 0.3571947
1214 0.3571945
1215 0.357194
1216 0.3571938
1217 0.3571934
1218 0.357193
1219 0.3571931
1220 0.3571928
1221 0.3571924
1222 0.3571923
1223 0.357192
1224 0.357192
1225 0.357192
1226 0.3571925
1227 0.3571926
1228 0.3571924
1229 0.3571922
1230 0.3571927
1231 0.3571929
1232 0.3571932
1233 0.3571932
1234 0.3571935
1235 0.3571938
1236 0.357194
1237 0.3571945
1238 0.3571947
1239 0.3571949
1240 0.3571956
1241 0.3571961
1242 0.3571971
1243 0.3571977
1244 0.357198
1245 0.357199
1246 0.3571998
1247 0.3572006
1248 0.3572014
1249 0.3572023
1250 0.3572025
1251 0.3572035
1252 0.3572041
1253 0.357205
1254 0.3572056
1255 0.3572068
1256 0.357208
1257 0.3572088
1258 0.3572097
1259 0.3572109
1260 0.3572122
1261 0.3572132
1262 0.3572141
1263 0.3572156
1264 0.3572165
1265 0.3572178
1266 0.3572192
1267 0.3572204
1268 0.3572216
1269 0.3572226
1270 0.3572239
1271 0.3572253
1272 0.3572267
1273 0.3572282
1274 0.3572294
1275 0.3572311
1276 0.3572324
1277 0.3572341
1278 0.3572359
1279 0.357237
1280 0.3572386
1281 0.3572403
1282 0.357242
1283 0.3572434
1284 0.357245
1285 0.3572466
1286 0.3572486
1287 0.3572505
1288 0.3572521
1289 0.3572535
1290 0.3572551
1291 0.3572569
1292 0.3572587
1293 0.3572605
1294 0.3572624
1295 0.3572645
1296 0.3572664
1297 0.3572683
1298 0.3572704
1299 0.3572719
1300 0.3572741
1301 0.3572761
1302 0.3572778
1303 0.3572799
1304 0.3572816
1305 0.3572836
1306 0.3572858
1307 0.3572882
1308 0.3572899
1309 0.3572924
1310 0.3572946
1311 0.3572968
1312 0.3572991
1313 0.3573012
1314 0.3573032
1315 0.3573055
1316 0.3573076
1317 0.35731
1318 0.3573118
1319 0.3573137
1320 0.3573161
1321 0.3573183
1322 0.357321
1323 0.3573234
1324 0.3573256
1325 0.3573278
1326 0.3573304
1327 0.3573325
1328 0.357335
1329 0.3573378
1330 0.3573397
1331 0.3573421
1332 0.3573445
1333 0.3573468
1334 0.3573491
1335 0.3573516
1336 0.3573538
1337 0.3573563
1338 0.3573587
1339 0.3573611
1340 0.3573639
1341 0.3573658
1342 0.3573685
1343 0.3573709
1344 0.3573737
1345 0.3573761
1346 0.3573789
1347 0.3573812
1348 0.3573837
1349 0.3573861
1350 0.3573884
1351 0.3573917
1352 0.3573939
1353 0.3573967
1354 0.3573993
1355 0.3574016
1356 0.3574042
1357 0.3574067
1358 0.3574094
1359 0.3574125
1360 0.3574148
1361 0.3574176
1362 0.3574201
1363 0.3574221
1364 0.3574249
1365 0.3574273
1366 0.3574298
1367 0.3574322
1368 0.3574351
1369 0.3574375
1370 0.35744
1371 0.3574423
1372 0.3574452
1373 0.3574476
1374 0.3574501
1375 0.3574527
1376 0.3574553
1377 0.3574577
1378 0.3574606
1379 0.3574631
1380 0.3574656
1381 0.3574684
1382 0.3574709
1383 0.3574733
1384 0.3574755
1385 0.3574781
1386 0.3574811
1387 0.3574836
1388 0.3574861
1389 0.3574884
1390 0.3574911
1391 0.357494
1392 0.3574963
1393 0.3574989
1394 0.3575009
1395 0.3575035
1396 0.3575062
1397 0.3575086
1398 0.357511
1399 0.3575138
1400 0.3575159
1401 0.3575186
1402 0.3575211
1403 0.3575234
1404 0.3575261
1405 0.3575282
1406 0.3575305
1407 0.3575332
1408 0.3575356
1409 0.3575382
1410 0.3575404
1411 0.3575431
1412 0.3575457
1413 0.3575479
1414 0.3575499
1415 0.3575526
1416 0.3575553
1417 0.3575574
1418 0.3575596
1419 0.3575614
1420 0.357564
1421 0.3575663
1422 0.3575684
1423 0.3575706
1424 0.3575732
1425 0.3575752
1426 0.3575773
1427 0.3575797
1428 0.3575818
1429 0.3575842
1430 0.3575865
1431 0.3575885
1432 0.3575905
1433 0.3575927
1434 0.3575952
1435 0.3575974
1436 0.3575994
1437 0.3576015
1438 0.3576036
1439 0.3576055
1440 0.3576073
1441 0.3576096
1442 0.3576116
1443 0.3576137
1444 0.3576153
1445 0.3576175
1446 0.3576195
1447 0.3576217
1448 0.3576238
1449 0.3576258
1450 0.3576273
1451 0.3576292
1452 0.357631
1453 0.3576328
1454 0.3576346
1455 0.3576363
1456 0.3576382
1457 0.3576399
1458 0.3576418
1459 0.3576435
1460 0.357645
1461 0.3576469
1462 0.3576483
1463 0.35765
1464 0.3576519
1465 0.3576531
1466 0.3576549
1467 0.3576564
1468 0.3576579
1469 0.3576594
1470 0.3576612
1471 0.3576628
1472 0.3576638
1473 0.3576653
1474 0.3576667
1475 0.3576681
1476 0.3576697
1477 0.3576712
1478 0.3576724
1479 0.357674
1480 0.3576753
1481 0.3576762
1482 0.3576774
1483 0.3576788
1484 0.3576797
1485 0.357681
1486 0.3576826
1487 0.3576837
1488 0.3576849
1489 0.357686
1490 0.3576866
1491 0.3576882
1492 0.3576889
1493 0.3576902
1494 0.3576912
1495 0.3576922
1496 0.3576935
1497 0.3576944
1498 0.3576953
1499 0.3576959
1500 0.3576968
1501 0.3576977
1502 0.3576985
1503 0.3576991
1504 0.3576995
1505 0.3577001
1506 0.3577008
1507 0.3577017
1508 0.3577027
1509 0.3577032
1510 0.3577038
1511 0.3577046
1512 0.3577052
1513 0.3577057
1514 0.3577059
1515 0.3577067
1516 0.3577072
1517 0.3577076
1518 0.357708
1519 0.3577085
1520 0.3577085
1521 0.3577087
1522 0.3577091
1523 0.3577093
1524 0.3577093
1525 0.3577096
1526 0.3577096
1527 0.35771
1528 0.3577102
1529 0.3577099
1530 0.3577105
1531 0.3577105
1532 0.3577105
1533 0.3577105
1534 0.3577102
1535 0.3577101
1536 0.35771
1537 0.3577097
1538 0.3577092
1539 0.3577094
1540 0.357709
1541 0.3577085
1542 0.3577084
1543 0.357708
1544 0.3577076
1545 0.3577071
1546 0.357707
1547 0.3577067
1548 0.357706
1549 0.357706
1550 0.3577051
1551 0.3577045
1552 0.3577043
1553 0.3577037
1554 0.3577029
1555 0.3577024
1556 0.3577015
1557 0.3577006
1558 0.3577003
1559 0.3576999
1560 0.3576991
1561 0.357698
1562 0.357697
1563 0.357696
1564 0.3576953
1565 0.3576942
1566 0.3576931
1567 0.3576919
1568 0.3576913
1569 0.3576901
1570 0.3576889
1571 0.3576882
1572 0.3576869
1573 0.3576861
1574 0.3576846
1575 0.3576833
1576 0.3576819
1577 0.3576802
1578 0.3576789
1579 0.3576778
1580 0.3576762
1581 0.357675
1582 0.3576737
1583 0.3576722
1584 0.3576705
1585 0.357669
1586 0.3576677
1587 0.357666
1588 0.3576642
1589 0.3576625
1590 0.3576607
1591 0.3576586
1592 0.3576573
1593 0.3576554
1594 0.3576537
1595 0.3576518
1596 0.3576497
1597 0.3576475
1598 0.3576456
1599 0.3576436
1600 0.3576419
1601 0.3576402
1602 0.3576376
1603 0.3576354
1604 0.3576333
1605 0.3576313
1606 0.3576289
1607 0.3576266
1608 0.3576241
1609 0.3576217
1610 0.3576193
1611 0.3576171
1612 0.357615
1613 0.3576126
1614 0.35761
1615 0.3576075
1616 0.3576053
1617 0.3576024
1618 0.3576
1619 0.3575974
1620 0.3575944
1621 0.3575915
1622 0.3575889
1623 0.3575862
1624 0.3575836
1625 0.3575806
1626 0.3575779
1627 0.357575
1628 0.3575721
1629 0.3575691
1630 0.3575662
1631 0.3575632
1632 0.3575602
1633 0.3575573
1634 0.3575541
1635 0.3575505
1636 0.3575476
1637 0.3575442
1638 0.3575411
1639 0.3575375
1640 0.3575342
1641 0.3575312
1642 0.3575278
1643 0.3575246
1644 0.3575212
1645 0.357518
1646 0.3575143
1647 0.3575109
1648 0.3575072
1649 0.3575036
1650 0.3575001
1651 0.3574966
1652 0.357493
1653 0.3574893
1654 0.3574858
1655 0.357482
1656 0.3574781
1657 0.3574747
1658 0.3574709
1659 0.3574669
1660 0.3574629
1661 0.3574593
1662 0.3574551
1663 0.3574515
1664 0.3574473
1665 0.3574432
1666 0.3574391
1667 0.3574349
1668 0.3574309
1669 0.3574269
1670 0.3574227
1671 0.3574184
1672 0.3574142
1673 0.3574102
1674 0.3574056
1675 0.3574013
1676 0.3573969
1677 0.3573916
1678 0.3573874
1679 0.3573832
1680 0.3573789
1681 0.3573745
1682 0.35737
1683 0.3573657
1684 0.357361
1685 0.3573564
1686 0.3573518
1687 0.3573472
1688 0.3573423
1689 0.3573372
1690 0.3573326
1691 0.3573275
1692 0.3573227
1693 0.3573178
1694 0.3573131
1695 0.3573081
1696 0.357303
1697 0.3572979
1698 0.3572932
1699 0.3572883
1700 0.3572834
1701 0.3572779
1702 0.3572729
1703 0.3572678
1704 0.3572626
1705 0.3572573
1706 0.3572522
1707 0.3572469
1708 0.3572418
1709 0.3572365
1710 0.3572313
1711 0.3572257
1712 0.3572205
1713 0.3572149
1714 0.3572095
1715 0.3572038
1716 0.3571987
1717 0.3571931
1718 0.3571875
1719 0.357182
1720 0.3571767
1721 0.357171
1722 0.3571656
1723 0.3571598
1724 0.3571539
1725 0.3571481
1726 0.3571424
1727 0.3571365
1728 0.3571309
1729 0.3571249
1730 0.357119
1731 0.3571133
1732 0.3571073
1733 0.3571016
1734 0.3570955
1735 0.3570894
1736 0.3570837
1737 0.3570773
1738 0.3570715
1739 0.357065
1740 0.3570591
1741 0.3570531
1742 0.357047
1743 0.3570406
1744 0.3570343
1745 0.3570282
1746 0.3570221
1747 0.3570161
1748 0.3570097
1749 0.3570034
1750 0.3569969
1751 0.3569906
1752 0.3569842
1753 0.3569781
1754 0.3569715
1755 0.356965
1756 0.3569587
1757 0.3569521
1758 0.3569458
1759 0.3569391
1760 0.3569327
1761 0.3569256
1762 0.3569193
1763 0.3569126
1764 0.3569054
1765 0.3568988
1766 0.3568922
1767 0.3568857
1768 0.3568789
1769 0.3568721
1770 0.3568655
1771 0.3568587
1772 0.3568516
1773 0.3568447
1774 0.356838
1775 0.3568311
1776 0.3568244
1777 0.3568175
1778 0.3568102
1779 0.3568033
1780 0.3567962
1781 0.3567892
1782 0.3567823
1783 0.3567751
1784 0.3567682
1785 0.3567613
1786 0.3567546
1787 0.3567473
1788 0.3567399
1789 0.3567328
1790 0.3567254
1791 0.3567182
1792 0.3567109
1793 0.3567036
1794 0.3566964
1795 0.3566889
1796 0.3566818
1797 0.3566745
1798 0.3566672
1799 0.3566599
1800 0.3566524
1801 0.356645
1802 0.3566376
1803 0.3566301
1804 0.3566228
1805 0.3566157
1806 0.3566083
1807 0.3566006
1808 0.3565931
1809 0.3565856
1810 0.3565779
1811 0.3565704
1812 0.3565628
1813 0.3565553
1814 0.3565476
1815 0.3565399
1816 0.3565326
1817 0.3565248
1818 0.3565168
1819 0.3565092
1820 0.3565011
1821 0.3564935
1822 0.3564858
1823 0.3564782
1824 0.3564704
1825 0.3564621
1826 0.3564546
1827 0.3564465
1828 0.3564387
1829 0.3564304
1830 0.3564229
1831 0.3564149
1832 0.3564072
1833 0.3563991
1834 0.3563914
1835 0.3563836
1836 0.3563758
1837 0.3563675
1838 0.3563599
1839 0.3563517
1840 0.3563435
1841 0.3563353
1842 0.3563274
1843 0.3563194
1844 0.3563112
1845 0.3563031
1846 0.356295
1847 0.3562867
1848 0.3562787
1849 0.3562701
1850 0.3562622
1851 0.3562539
1852 0.3562458
1853 0.3562379
1854 0.3562294
1855 0.3562215
1856 0.356213
1857 0.3562048
1858 0.3561966
1859 0.3561881
1860 0.3561799
1861 0.3561715
1862 0.3561634
1863 0.3561549
1864 0.3561469
1865 0.3561383
1866 0.3561298
1867 0.3561214
1868 0.3561131
1869 0.3561047
1870 0.3560966
1871 0.356088
1872 0.3560795
1873 0.3560712
1874 0.3560631
1875 0.3560545
1876 0.3560458
1877 0.3560372
1878 0.3560288
1879 0.35602
1880 0.3560115
1881 0.3560033
1882 0.3559947
1883 0.3559863
1884 0.3559779
1885 0.3559694
1886 0.3559605
1887 0.3559519
1888 0.3559436
1889 0.3559349
1890 0.3559261
1891 0.3559176
1892 0.355909
1893 0.3559005
1894 0.3558916
1895 0.355883
1896 0.3558747
1897 0.3558658
1898 0.355857
1899 0.3558482
1900 0.3558397
1901 0.3558307
1902 0.3558224
1903 0.3558138
1904 0.3558051
1905 0.3557963
1906 0.3557875
1907 0.3557787
1908 0.3557699
1909 0.3557612
1910 0.3557528
1911 0.3557441
1912 0.3557349
1913 0.3557261
1914 0.3557174
1915 0.3557088
1916 0.3557001
1917 0.3556912
1918 0.3556823
1919 0.3556736
1920 0.3556647
1921 0.3556561
1922 0.3556471
1923 0.3556381
1924 0.3556294
1925 0.3556204
1926 0.3556117
1927 0.3556028
1928 0.3555937
1929 0.3555847
1930 0.3555759
1931 0.3555669
1932 0.355558
1933 0.355549
1934 0.3555402
1935 0.3555317
1936 0.3555228
1937 0.3555138
1938 0.355505
1939 0.355496
1940 0.355487
1941 0.3554778
1942 0.3554693
1943 0.3554602
1944 0.3554512
1945 0.3554425
1946 0.3554336
1947 0.3554246
1948 0.3554155
1949 0.3554066
1950 0.3553975
1951 0.3553882
1952 0.3553795
1953 0.3553704
1954 0.3553616
1955 0.3553528
1956 0.3553434
1957 0.3553345
1958 0.3553255
1959 0.3553168
1960 0.3553077
1961 0.3552988
1962 0.3552897
1963 0.3552811
1964 0.3552718
1965 0.3552631
1966 0.3552544
1967 0.3552452
1968 0.3552362
1969 0.3552269
1970 0.3552176
1971 0.3552092
1972 0.3552001
1973 0.3551911
1974 0.3551819
1975 0.3551728
1976 0.3551638
1977 0.3551548
1978 0.3551455
1979 0.3551368
1980 0.3551277
1981 0.3551185
1982 0.3551091
1983 0.3551002
1984 0.3550912
1985 0.3550821
1986 0.3550731
1987 0.3550643
1988 0.3550551
1989 0.3550459
1990 0.3550372
1991 0.3550279
1992 0.3550189
1993 0.3550097
1994 0.3550009
1995 0.3549917
1996 0.354983
1997 0.354974
1998 0.3549649
1999 0.3549555
2000 0.3549468
2001 0.3549376
2002 0.3549284
2003 0.3549192
2004 0.3549104
2005 0.3549014
2006 0.3548924
2007 0.3548834
2008 0.3548741
2009 0.3548651
2010 0.354856
2011 0.3548471
2012 0.3548382
2013 0.3548293
2014 0.35482
2015 0.3548112
2016 0.3548021
2017 0.3547927
2018 0.354784
2019 0.3547751
2020 0.3547663
2021 0.3547571
2022 0.3547481
2023 0.354739
2024 0.3547305
2025 0.354721
2026 0.3547122
2027 0.3547033
2028 0.3546942
2029 0.3546851
2030 0.3546762
2031 0.354667
2032 0.354658
2033 0.354649
2034 0.3546402
2035 0.354631
2036 0.3546218
2037 0.3546125
2038 0.3546033
2039 0.3545944
2040 0.3545853
2041 0.3545768
2042 0.3545681
2043 0.3545586
2044 0.3545499
2045 0.3545412
2046 0.3545321
2047 0.3545233
2048 0.3545144
2049 0.3545057
2050 0.3544964
2051 0.354487
2052 0.3544785
2053 0.3544694
2054 0.3544605
2055 0.3544517
2056 0.3544424
2057 0.3544338
2058 0.3544249
2059 0.3544163
2060 0.3544071
2061 0.3543984
2062 0.3543897
2063 0.3543805
2064 0.3543711
2065 0.3543623
2066 0.3543537
2067 0.3543447
2068 0.3543355
2069 0.3543267
2070 0.354318
2071 0.3543088
2072 0.3543002
2073 0.3542909
2074 0.3542825
2075 0.3542735
2076 0.3542646
2077 0.3542557
2078 0.3542469
2079 0.3542383
2080 0.3542291
2081 0.3542202
2082 0.3542112
2083 0.3542021
2084 0.3541933
2085 0.3541848
2086 0.3541756
2087 0.3541671
2088 0.3541584
2089 0.3541499
2090 0.3541407
2091 0.3541322
2092 0.3541229
2093 0.3541141
2094 0.3541051
2095 0.3540968
2096 0.3540881
2097 0.3540794
2098 0.3540705
2099 0.3540612
2100 0.3540526
2101 0.3540442
2102 0.3540351
2103 0.3540263
2104 0.3540178
2105 0.3540092
2106 0.354
2107 0.3539913
2108 0.3539827
2109 0.3539738
2110 0.3539652
2111 0.3539567
2112 0.3539478
2113 0.3539395
2114 0.3539304
2115 0.3539222
2116 0.3539134
2117 0.3539048
2118 0.3538962
2119 0.3538875
2120 0.3538788
2121 0.3538702
2122 0.3538612
2123 0.3538529
2124 0.3538442
2125 0.3538357
2126 0.3538271
2127 0.3538184
2128 0.3538098
2129 0.3538012
2130 0.3537927
2131 0.3537839
2132 0.3537756
2133 0.3537666
2134 0.3537582
2135 0.3537497
2136 0.3537415
2137 0.3537327
2138 0.353724
2139 0.3537155
2140 0.353707
2141 0.3536985
2142 0.35369
2143 0.3536814
2144 0.3536727
2145 0.3536642
2146 0.3536556
2147 0.3536471
2148 0.3536386
2149 0.3536302
2150 0.3536217
2151 0.353613
2152 0.3536044
2153 0.3535964
2154 0.353588
2155 0.3535795
2156 0.3535707
2157 0.3535621
2158 0.353554
2159 0.3535455
2160 0.353537
2161 0.3535288
2162 0.3535199
2163 0.3535115
2164 0.3535031
2165 0.3534948
2166 0.3534867
2167 0.3534781
2168 0.3534697
2169 0.3534617
2170 0.3534531
2171 0.3534447
2172 0.3534363
2173 0.3534281
2174 0.3534196
2175 0.3534114
2176 0.353403
2177 0.3533948
2178 0.3533862
2179 0.3533779
2180 0.3533698
2181 0.3533618
2182 0.353353
2183 0.3533445
2184 0.3533363
2185 0.3533282
2186 0.3533199
2187 0.3533118
2188 0.3533033
2189 0.3532952
2190 0.3532867
2191 0.3532787
2192 0.3532704
2193 0.353262
2194 0.3532542
2195 0.353246
2196 0.3532378
2197 0.3532292
2198 0.3532212
2199 0.3532129
2200 0.353205
2201 0.3531965
2202 0.3531881
2203 0.3531802
2204 0.3531721
2205 0.3531639
2206 0.3531556
2207 0.3531475
2208 0.3531393
2209 0.353131
2210 0.3531235
2211 0.3531152
2212 0.3531069
2213 0.353099
2214 0.3530909
2215 0.3530828
2216 0.3530745
2217 0.3530668
2218 0.3530589
2219 0.3530506
2220 0.3530424
2221 0.3530348
2222 0.3530266
2223 0.3530187
2224 0.3530109
2225 0.3530025
2226 0.3529947
2227 0.3529864
2228 0.3529786
2229 0.3529705
2230 0.3529627
2231 0.3529546
2232 0.3529464
2233 0.3529383
2234 0.3529304
2235 0.3529225
2236 0.3529144
2237 0.3529072
2238 0.3528992
2239 0.3528911
2240 0.352883
2241 0.3528753
2242 0.3528673
2243 0.3528594
2244 0.3528517
2245 0.3528441
2246 0.3528357
2247 0.3528278
2248 0.3528201
2249 0.3528126
2250 0.3528044
2251 0.3527967
2252 0.3527887
2253 0.3527811
2254 0.3527731
2255 0.3527653
2256 0.3527574
2257 0.3527498
2258 0.352742
2259 0.3527338
2260 0.3527265
2261 0.3527183
2262 0.3527106
2263 0.3527029
2264 0.3526955
2265 0.3526872
2266 0.3526796
2267 0.3526717
2268 0.3526641
2269 0.3526564
2270 0.3526487
2271 0.3526411
2272 0.3526337
2273 0.3526257
2274 0.3526178
2275 0.3526103
2276 0.3526029
2277 0.3525954
2278 0.3525878
2279 0.3525802
2280 0.3525724
2281 0.3525647
2282 0.3525572
2283 0.3525496
2284 0.352542
2285 0.3525343
2286 0.3525268
2287 0.3525191
2288 0.3525118
2289 0.3525037
2290 0.3524964
2291 0.3524889
2292 0.3524815
2293 0.3524739
2294 0.3524661
2295 0.3524587
2296 0.3524512
2297 0.3524437
2298 0.3524359
2299 0.3524286
2300 0.3524207
2301 0.3524134
2302 0.3524059
2303 0.3523981
2304 0.3523908
2305 0.3523833
2306 0.3523759
2307 0.3523684
2308 0.3523609
2309 0.3523535
2310 0.3523465
2311 0.3523386
2312 0.3523311
2313 0.3523239
2314 0.3523164
2315 0.3523098
2316 0.3523019
2317 0.3522948
2318 0.3522871
2319 0.3522796
2320 0.3522721
2321 0.3522647
2322 0.3522573
2323 0.3522502
2324 0.3522429
2325 0.3522352
2326 0.352228
2327 0.3522207
2328 0.3522137
2329 0.3522062
2330 0.3521987
2331 0.3521915
2332 0.3521842
2333 0.3521771
2334 0.3521696
2335 0.3521624
2336 0.3521551
2337 0.3521479
2338 0.3521408
2339 0.3521332
2340 0.3521261
2341 0.3521186
2342 0.3521115
2343 0.3521043
2344 0.3520971
2345 0.3520903
2346 0.3520828
2347 0.3520758
2348 0.3520681
2349 0.3520614
2350 0.3520539
2351 0.3520466
2352 0.3520395
2353 0.3520324
2354 0.3520252
2355 0.3520183
2356 0.3520109
2357 0.3520037
2358 0.3519969
2359 0.3519897
2360 0.3519829
2361 0.3519757
2362 0.3519686
2363 0.3519614
2364 0.351954
2365 0.3519472
2366 0.3519401
2367 0.3519329
2368 0.351926
2369 0.3519189
2370 0.351912
2371 0.3519045
2372 0.3518976
2373 0.3518905
2374 0.3518836
2375 0.3518767
2376 0.3518698
2377 0.3518626
2378 0.3518555
2379 0.3518482
2380 0.3518416
2381 0.3518347
2382 0.3518277
2383 0.3518206
2384 0.3518135
2385 0.3518067
2386 0.3517996
2387 0.3517929
2388 0.3517858
2389 0.3517787
2390 0.3517719
2391 0.351765
2392 0.3517577
2393 0.351751
2394 0.3517439
2395 0.3517367
2396 0.3517303
2397 0.3517235
2398 0.3517168
2399 0.3517097
2400 0.3517027
2401 0.3516963
2402 0.351689
2403 0.3516828
2404 0.3516759
2405 0.3516688
2406 0.3516622
2407 0.3516553
2408 0.351648
2409 0.3516416
2410 0.3516347
2411 0.3516279
2412 0.351621
2413 0.3516143
2414 0.3516074
2415 0.3516008
2416 0.351594
2417 0.3515873
2418 0.3515806
2419 0.3515733
2420 0.3515669
2421 0.3515597
2422 0.3515532
2423 0.3515468
2424 0.3515397
2425 0.3515331
2426 0.3515262
2427 0.3515196
2428 0.3515128
2429 0.351506
2430 0.3514992
2431 0.3514926
2432 0.3514855
2433 0.3514792
2434 0.3514728
2435 0.3514662
2436 0.3514598
2437 0.351453
2438 0.3514466
2439 0.35144
2440 0.3514332
2441 0.3514264
2442 0.35142
2443 0.3514134
2444 0.351407
2445 0.3514001
2446 0.3513935
2447 0.3513868
2448 0.3513803
2449 0.3513736
2450 0.3513667
2451 0.3513606
2452 0.3513538
2453 0.351347
2454 0.3513406
2455 0.3513342
2456 0.3513274
2457 0.3513209
2458 0.3513142
2459 0.3513079
2460 0.3513014
2461 0.351295
2462 0.3512881
2463 0.3512823
2464 0.3512754
2465 0.3512687
2466 0.3512624
2467 0.351256
2468 0.3512495
2469 0.351243
2470 0.3512367
2471 0.3512307
2472 0.3512234
2473 0.3512171
2474 0.3512107
2475 0.3512043
2476 0.3511974
2477 0.3511913
2478 0.3511848
2479 0.3511784
2480 0.3511719
2481 0.3511659
2482 0.3511594
2483 0.3511528
2484 0.3511464
2485 0.3511403
2486 0.351134
2487 0.3511278
2488 0.3511214
2489 0.3511147
2490 0.3511087
2491 0.3511022
2492 0.3510961
2493 0.3510894
2494 0.3510827
2495 0.3510767
2496 0.3510705
2497 0.351064
2498 0.3510576
2499 0.3510517
2500 0.3510454
2501 0.3510392
2502 0.3510324
2503 0.3510265
2504 0.3510158
2505 0.3510058
2506 0.3509951
2507 0.3509845
2508 0.3509742
2509 0.3509637
2510 0.3509531
2511 0.3509429
2512 0.3509325
2513 0.350922
2514 0.3509115
2515 0.3509014
2516 0.3508909
2517 0.3508809
2518 0.3508704
2519 0.35086
2520 0.3508501
2521 0.3508399
2522 0.3508296
2523 0.3508203
2524 0.3508094
2525 0.3507993
2526 0.350789
2527 0.3507791
2528 0.3507687
2529 0.3507586
2530 0.3507481
2531 0.350738
2532 0.3507283
2533 0.3507181
2534 0.3507079
2535 0.3506982
2536 0.3506881
2537 0.3506781
2538 0.3506682
2539 0.3506584
2540 0.3506483
2541 0.3506383
2542 0.3506284
2543 0.3506184
2544 0.3506085
2545 0.3505985
2546 0.3505887
2547 0.350579
2548 0.3505692
2549 0.3505594
2550 0.3505497
2551 0.3505397
2552 0.3505298
2553 0.3505201
2554 0.3505102
2555 0.3505002
2556 0.3504902
2557 0.3504806
2558 0.3504708
2559 0.3504608
2560 0.3504513
2561 0.3504419
2562 0.3504322
2563 0.3504225
2564 0.3504126
2565 0.350403
2566 0.3503931
2567 0.3503835
2568 0.3503739
2569 0.3503641
2570 0.3503546
2571 0.3503449
2572 0.3503354
2573 0.3503258
2574 0.3503164
2575 0.3503069
2576 0.350298
2577 0.3502879
2578 0.3502786
2579 0.3502695
2580 0.3502593
2581 0.3502499
2582 0.3502407
2583 0.3502311
2584 0.3502214
2585 0.3502123
2586 0.3502032
2587 0.3501937
2588 0.3501843
2589 0.3501747
2590 0.3501652
2591 0.3501558
2592 0.3501463
2593 0.350137
2594 0.3501279
2595 0.3501191
2596 0.3501098
2597 0.3501002
2598 0.3500909
2599 0.3500819
2600 0.3500722
2601 0.3500628
2602 0.350054
2603 0.3500447
2604 0.3500352
2605 0.3500264
2606 0.3500175
2607 0.3500079
2608 0.3499984
2609 0.349989
2610 0.3499802
2611 0.3499712
2612 0.3499624
2613 0.349953
2614 0.3499439
2615 0.3499351
2616 0.3499259
2617 0.3499169
2618 0.3499077
2619 0.3498988
2620 0.3498901
2621 0.349881
2622 0.3498719
2623 0.3498628
2624 0.3498541
2625 0.3498449
2626 0.349836
2627 0.349827
2628 0.3498176
2629 0.3498085
2630 0.3497997
2631 0.3497904
2632 0.3497818
2633 0.3497732
2634 0.3497646
2635 0.3497554
2636 0.3497464
2637 0.3497375
2638 0.3497287
2639 0.3497201
2640 0.349711
2641 0.3497021
2642 0.3496931
2643 0.3496844
2644 0.3496757
2645 0.3496667
2646 0.3496582
2647 0.3496496
2648 0.3496409
2649 0.3496323
2650 0.3496233
2651 0.3496149
2652 0.3496058
2653 0.3495966
2654 0.3495882
2655 0.3495797
2656 0.3495713
2657 0.3495623
2658 0.3495539
2659 0.3495452
2660 0.3495362
2661 0.3495275
2662 0.349519
2663 0.3495101
2664 0.3495014
2665 0.3494931
2666 0.3494847
2667 0.3494758
2668 0.349467
2669 0.3494587
2670 0.3494498
2671 0.3494413
2672 0.3494327
2673 0.3494239
2674 0.3494158
2675 0.3494073
2676 0.3493988
2677 0.3493904
2678 0.349382
2679 0.3493731
2680 0.3493645
2681 0.3493562
2682 0.3493479
2683 0.3493394
2684 0.3493311
2685 0.3493227
2686 0.3493143
2687 0.3493057
2688 0.3492972
2689 0.3492889
2690 0.3492805
2691 0.349272
2692 0.3492635
2693 0.3492556
2694 0.3492471
2695 0.3492388
2696 0.3492306
2697 0.3492223
2698 0.3492136
2699 0.349205
2700 0.3491967
2701 0.3491886
2702 0.3491802
2703 0.349172
2704 0.3491636
2705 0.3491554
2706 0.3491471
2707 0.3491388
2708 0.3491305
2709 0.3491221
2710 0.349114
2711 0.3491058
2712 0.3490974
2713 0.3490894
2714 0.349081
2715 0.3490726
2716 0.3490645
2717 0.3490562
2718 0.3490482
2719 0.34904
2720 0.3490318
2721 0.3490235
2722 0.3490156
2723 0.3490072
2724 0.3489996
2725 0.3489913
2726 0.3489831
2727 0.3489753
2728 0.3489668
2729 0.3489591
2730 0.3489509
2731 0.3489427
2732 0.3489349
2733 0.3489265
2734 0.3489184
2735 0.3489107
2736 0.3489027
2737 0.3488942
2738 0.348886
2739 0.3488782
2740 0.3488702
2741 0.3488623
2742 0.3488541
2743 0.3488463
2744 0.3488385
2745 0.3488303
2746 0.3488219
2747 0.3488143
2748 0.3488061
2749 0.3487982
2750 0.3487901
2751 0.3487822
2752 0.3487742
2753 0.3487665
2754 0.3487583
2755 0.3487505
2756 0.3487426
2757 0.3487345
2758 0.3487265
2759 0.3487188
2760 0.3487107
2761 0.3487031
2762 0.3486953
2763 0.3486875
2764 0.3486797
2765 0.3486715
2766 0.348664
2767 0.3486558
2768 0.3486477
2769 0.3486401
2770 0.3486326
2771 0.3486246
2772 0.3486167
2773 0.3486088
2774 0.3486008
2775 0.3485931
2776 0.3485853
2777 0.3485776
2778 0.3485697
2779 0.3485621
2780 0.3485545
2781 0.3485469
2782 0.348539
2783 0.3485314
2784 0.3485236
2785 0.3485161
2786 0.3485084
2787 0.3485005
2788 0.3484924
2789 0.3484846
2790 0.3484769
2791 0.3484696
2792 0.3484616
2793 0.3484538
2794 0.3484462
2795 0.3484384
2796 0.3484306
2797 0.3484231
2798 0.3484156
2799 0.3484078
2800 0.3483999
2801 0.3483922
2802 0.3483847
2803 0.3483773
2804 0.34837
2805 0.348362
2806 0.3483546
2807 0.3483471
2808 0.3483392
2809 0.3483322
2810 0.3483241
2811 0.3483166
2812 0.348309
2813 0.3483012
2814 0.3482942
2815 0.3482862
2816 0.3482786
2817 0.3482708
2818 0.3482633
2819 0.348256
2820 0.3482483
2821 0.3482407
2822 0.3482329
2823 0.3482253
2824 0.348218
2825 0.3482103
2826 0.348203
2827 0.3481958
2828 0.3481878
2829 0.3481801
2830 0.3481728
2831 0.3481653
2832 0.3481578
2833 0.3481503
2834 0.3481429
2835 0.3481357
2836 0.3481278
2837 0.3481206
2838 0.3481129
2839 0.3481055
2840 0.348098
2841 0.3480906
2842 0.348083
2843 0.3480754
2844 0.3480682
2845 0.3480605
2846 0.3480531
2847 0.3480457
2848 0.3480382
2849 0.3480315
2850 0.3480237
2851 0.3480166
2852 0.3480093
2853 0.3480019
2854 0.3479941
2855 0.3479866
2856 0.3479796
2857 0.3479719
2858 0.3479641
2859 0.3479568
2860 0.3479495
2861 0.3479422
2862 0.3479348
2863 0.3479277
2864 0.3479204
2865 0.3479132
2866 0.3479061
2867 0.347899
2868 0.3478913
2869 0.3478837
2870 0.3478768
2871 0.3478694
2872 0.3478617
2873 0.3478544
2874 0.3478469
2875 0.3478399
2876 0.3478327
2877 0.3478254
2878 0.3478182
2879 0.3478111
2880 0.3478037
2881 0.3477969
2882 0.3477894
2883 0.3477819
2884 0.3477742
2885 0.347767
2886 0.3477596
2887 0.3477522
2888 0.3477447
2889 0.3477378
2890 0.3477306
2891 0.3477229
2892 0.3477159
2893 0.3477086
2894 0.3477013
2895 0.347694
2896 0.3476871
2897 0.3476802
2898 0.3476728
2899 0.3476659
2900 0.3476585
2901 0.3476513
2902 0.3476442
2903 0.3476367
2904 0.3476296
2905 0.3476225
2906 0.3476154
2907 0.3476082
2908 0.3476012
2909 0.3475941
2910 0.3475868
2911 0.3475794
2912 0.3475726
2913 0.3475652
2914 0.3475581
2915 0.3475511
2916 0.3475438
2917 0.3475369
2918 0.3475296
2919 0.3475229
2920 0.3475153
2921 0.3475081
2922 0.3475013
2923 0.3474943
2924 0.3474866
2925 0.3474799
2926 0.3474727
2927 0.3474657
2928 0.3474588
2929 0.3474509
2930 0.3474438
2931 0.3474367
2932 0.3474296
2933 0.3474227
2934 0.3474158
2935 0.3474085
2936 0.3474014
2937 0.347394
2938 0.3473873
2939 0.3473803
2940 0.3473732
2941 0.3473659
2942 0.3473589
2943 0.347352
2944 0.3473448
2945 0.3473378
2946 0.347331
2947 0.3473239
2948 0.3473165
2949 0.3473099
2950 0.3473029
2951 0.3472959
2952 0.347289
2953 0.3472821
2954 0.347275
2955 0.3472674
2956 0.3472598
2957 0.3472532
2958 0.3472464
2959 0.3472395
2960 0.3472325
2961 0.3472257
2962 0.3472185
2963 0.3472115
2964 0.3472048
2965 0.3471975
2966 0.3471907
2967 0.347184
2968 0.3471769
2969 0.3471698
2970 0.3471628
2971 0.3471558
2972 0.3471489
2973 0.3471417
2974 0.3471347
2975 0.3471279
2976 0.3471209
2977 0.3471138
2978 0.3471069
2979 0.3471
2980 0.3470928
2981 0.347086
2982 0.3470792
2983 0.3470718
2984 0.3470651
2985 0.3470581
2986 0.3470511
2987 0.3470443
2988 0.3470377
2989 0.3470309
2990 0.3470238
2991 0.3470171
2992 0.3470101
2993 0.3470028
2994 0.3469962
2995 0.3469893
2996 0.3469825
2997 0.3469752
2998 0.3469683
2999 0.3469619
3000 0.3469547
3001 0.3469478
3002 0.346941
3003 0.3469344
3004 0.3469272
3005 0.3469205
3006 0.3469135
3007 0.3469065
3008 0.3468999
3009 0.346893
3010 0.3468858
3011 0.3468791
3012 0.3468721
3013 0.3468654
3014 0.3468584
3015 0.3468519
3016 0.3468452
3017 0.346838
3018 0.3468312
3019 0.3468243
3020 0.3468174
3021 0.346811
3022 0.3468037
3023 0.3467968
3024 0.3467898
3025 0.3467831
3026 0.3467764
3027 0.3467699
3028 0.3467627
3029 0.3467558
3030 0.3467489
3031 0.3467422
3032 0.3467351
3033 0.3467284
3034 0.3467216
3035 0.3467148
3036 0.3467077
3037 0.3467014
3038 0.3466946
3039 0.3466878
3040 0.3466812
3041 0.3466738
3042 0.3466671
3043 0.3466609
3044 0.3466536
3045 0.3466472
3046 0.3466406
3047 0.3466339
3048 0.3466269
3049 0.3466201
3050 0.3466133
3051 0.3466065
3052 0.3465999
3053 0.346593
3054 0.346586
3055 0.3465791
3056 0.3465727
3057 0.3465659
3058 0.3465591
3059 0.3465523
3060 0.3465455
3061 0.3465382
3062 0.3465316
3063 0.346525
3064 0.3465182
3065 0.3465119
3066 0.346505
3067 0.3464984
3068 0.3464917
3069 0.3464848
3070 0.3464784
3071 0.3464713
3072 0.3464651
3073 0.3464583
3074 0.3464509
3075 0.3464442
3076 0.3464376
3077 0.3464307
3078 0.3464244
3079 0.346417
3080 0.3464106
3081 0.3464042
3082 0.3463972
3083 0.34639
3084 0.3463834
3085 0.3463767
3086 0.3463703
3087 0.3463635
3088 0.346357
3089 0.3463502
3090 0.3463437
3091 0.3463366
3092 0.3463302
3093 0.3463233
3094 0.3463166
3095 0.3463098
3096 0.3463029
3097 0.3462967
3098 0.3462898
3099 0.3462832
3100 0.3462767
3101 0.34627
3102 0.3462629
3103 0.3462562
3104 0.3462494
3105 0.3462431
3106 0.3462363
3107 0.3462295
3108 0.3462231
3109 0.3462167
3110 0.3462096
3111 0.3462028
3112 0.3461964
3113 0.3461899
3114 0.3461832
3115 0.3461764
3116 0.3461698
3117 0.3461629
3118 0.3461566
3119 0.3461503
3120 0.3461431
3121 0.3461365
3122 0.3461301
3123 0.3461232
3124 0.3461166
3125 0.34611
3126 0.3461034
3127 0.3460966
3128 0.3460901
3129 0.3460836
3130 0.3460766
3131 0.3460702
3132 0.3460636
3133 0.3460566
3134 0.3460502
3135 0.3460438
3136 0.3460371
3137 0.3460303
3138 0.3460244
3139 0.3460173
3140 0.3460109
3141 0.3460044
3142 0.3459978
3143 0.3459911
3144 0.3459842
3145 0.3459777
3146 0.3459713
3147 0.3459645
3148 0.3459581
3149 0.3459512
3150 0.3459446
3151 0.3459381
3152 0.3459319
3153 0.3459254
3154 0.3459185
3155 0.345912
3156 0.3459051
3157 0.345899
3158 0.345892
3159 0.3458857
3160 0.3458793
3161 0.3458722
3162 0.3458658
3163 0.3458589
3164 0.3458525
3165 0.3458461
3166 0.3458394
3167 0.3458331
3168 0.3458264
3169 0.3458199
3170 0.3458137
3171 0.3458068
3172 0.3458003
3173 0.3457933
3174 0.3457872
3175 0.3457803
3176 0.3457739
3177 0.3457673
3178 0.3457609
3179 0.3457547
3180 0.3457476
3181 0.345741
3182 0.3457348
3183 0.3457281
3184 0.3457219
3185 0.3457154
3186 0.3457089
3187 0.3457021
3188 0.3456958
3189 0.3456893
3190 0.3456828
3191 0.345676
3192 0.3456698
3193 0.345663
3194 0.3456565
3195 0.34565
3196 0.3456432
3197 0.3456371
3198 0.3456307
3199 0.3456241
3200 0.3456177
3201 0.3456116
3202 0.3456052
3203 0.345599
3204 0.3455924
3205 0.3455859
3206 0.3455791
3207 0.3455727
3208 0.3455662
3209 0.34556
3210 0.3455531
3211 0.3455467
3212 0.3455401
3213 0.3455341
3214 0.3455273
3215 0.3455207
3216 0.3455142
3217 0.3455078
3218 0.3455015
3219 0.3454956
3220 0.3454891
3221 0.3454827
3222 0.3454761
3223 0.3454698
3224 0.3454631
3225 0.3454568
3226 0.3454501
3227 0.345444
3228 0.3454378
3229 0.3454311
3230 0.345425
3231 0.3454186
3232 0.3454126
3233 0.3454059
3234 0.3453995
3235 0.3453929
3236 0.3453868
3237 0.3453804
3238 0.3453716
3239 0.3453626
3240 0.3453535
3241 0.3453446
3242 0.345336
3243 0.345327
3244 0.3453184
3245 0.3453095
3246 0.3453008
3247 0.3452917
3248 0.3452829
3249 0.3452744
3250 0.3452654
3251 0.3452562
3252 0.3452477
3253 0.3452388
3254 0.3452301
3255 0.3452212
3256 0.3452123
3257 0.3452035
3258 0.3451948
3259 0.3451861
3260 0.3451773
3261 0.345169
3262 0.3451598
3263 0.3451512
3264 0.3451422
3265 0.3451336
3266 0.3451247
3267 0.3451161
3268 0.3451074
3269 0.3450989
3270 0.3450899
3271 0.3450812
3272 0.345073
3273 0.3450641
3274 0.3450554
3275 0.3450466
3276 0.3450382
3277 0.3450291
3278 0.3450205
3279 0.3450121
3280 0.3450036
3281 0.3449953
3282 0.3449866
3283 0.3449779
3284 0.3449693
3285 0.3449609
3286 0.3449525
3287 0.3449437
3288 0.3449353
3289 0.3449265
3290 0.3449179
3291 0.3449093
3292 0.3449011
3293 0.3448925
3294 0.3448842
3295 0.3448757
3296 0.3448669
3297 0.3448589
3298 0.3448502
3299 0.3448417
3300 0.3448333
3301 0.3448248
3302 0.3448166
3303 0.3448081
3304 0.3447999
3305 0.3447913
3306 0.3447831
3307 0.3447749
3308 0.3447661
3309 0.3447584
3310 0.3447502
3311 0.3447418
3312 0.3447333
3313 0.344725
3314 0.3447167
3315 0.3447084
3316 0.3447
3317 0.3446916
3318 0.3446836
3319 0.3446756
3320 0.3446673
3321 0.3446592
3322 0.3446508
3323 0.3446428
3324 0.344635
3325 0.3446265
3326 0.3446184
3327 0.3446101
3328 0.3446017
3329 0.3445937
3330 0.3445855
3331 0.3445781
3332 0.3445697
3333 0.3445616
3334 0.3445534
3335 0.3445453
3336 0.3445374
3337 0.3445293
3338 0.3445212
3339 0.3445131
3340 0.3445051
3341 0.3444972
3342 0.3444893
3343 0.3444812
3344 0.344473
3345 0.3444648
3346 0.3444568
3347 0.3444493
3348 0.3444415
3349 0.3444337
3350 0.344426
3351 0.344418
3352 0.3444098
3353 0.344402
3354 0.3443938
3355 0.3443862
3356 0.3443786
3357 0.3443708
3358 0.3443627
3359 0.3443545
3360 0.344347
3361 0.3443396
3362 0.3443317
3363 0.3443239
3364 0.3443165
3365 0.3443083
3366 0.3443008
3367 0.3442932
3368 0.3442855
3369 0.344278
3370 0.3442702
3371 0.3442624
3372 0.3442552
3373 0.3442473
3374 0.3442399
3375 0.3442319
3376 0.3442245
3377 0.3442166
3378 0.3442094
3379 0.3442017
3380 0.3441941
3381 0.3441866
3382 0.3441788
3383 0.3441717
3384 0.3441645
3385 0.3441574
3386 0.3441495
3387 0.344142
3388 0.3441342
3389 0.3441269
3390 0.3441194
3391 0.3441117
3392 0.3441048
3393 0.3440972
3394 0.3440897
3395 0.3440822
3396 0.3440749
3397 0.3440678
3398 0.3440605
3399 0.3440533
3400 0.344046
3401 0.3440385
3402 0.3440313
3403 0.3440239
3404 0.3440165
3405 0.3440095
3406 0.3440021
3407 0.343995
3408 0.3439878
3409 0.3439808
3410 0.3439736
3411 0.3439661
3412 0.3439592
3413 0.343952
3414 0.3439447
3415 0.3439375
3416 0.3439303
3417 0.3439231
3418 0.3439164
3419 0.3439091
3420 0.3439021
3421 0.3438952
3422 0.343888
3423 0.3438809
3424 0.343874
3425 0.3438671
3426 0.3438601
3427 0.3438533
3428 0.3438461
3429 0.3438394
3430 0.3438323
3431 0.3438254
3432 0.3438187
3433 0.3438119
3434 0.3438047
3435 0.3437983
3436 0.3437911
3437 0.3437841
3438 0.3437772
3439 0.3437702
3440 0.3437634
3441 0.3437565
3442 0.3437498
3443 0.3437431
3444 0.343736
3445 0.3437297
3446 0.343723
3447 0.3437163
3448 0.3437096
3449 0.343703
3450 0.3436964
3451 0.34369
3452 0.3436832
3453 0.3436764
3454 0.3436696
3455 0.3436631
3456 0.3436565
3457 0.3436501
3458 0.3436435
3459 0.3436365
3460 0.3436302
3461 0.3436238
3462 0.3436172
3463 0.3436108
3464 0.3436046
3465 0.3435981
3466 0.3435914
3467 0.3435847
3468 0.343578
3469 0.3435717
3470 0.3435653
3471 0.343559
3472 0.3435528
3473 0.3435462
3474 0.3435401
3475 0.3435335
3476 0.3435273
3477 0.3435211
3478 0.3435145
3479 0.3435079
3480 0.3435019
3481 0.3434955
3482 0.3434896
3483 0.3434833
3484 0.3434769
3485 0.3434707
3486 0.3434635
3487 0.3434565
3488 0.3434493
3489 0.3434427
3490 0.3434354
3491 0.3434286
3492 0.3434212
3493 0.3434141
3494 0.3434074
3495 0.3434005
3496 0.3433934
3497 0.3433863
3498 0.3433794
3499 0.3433726
3500 0.3433656
3501 0.3433588
3502 0.3433522
3503 0.3433454
3504 0.3433388
3505 0.3433319
3506 0.3433249
3507 0.343318
3508 0.3433113
3509 0.3433045
3510 0.3432979
3511 0.3432914
3512 0.3432842
3513 0.3432777
3514 0.3432709
3515 0.3432644
3516 0.3432578
3517 0.3432513
3518 0.3432446
3519 0.3432383
3520 0.3432317
3521 0.3432252
3522 0.3432184
3523 0.3432119
3524 0.3432054
3525 0.3431991
3526 0.3431928
3527 0.3431864
3528 0.3431799
3529 0.3431738
3530 0.3431672
3531 0.343161
3532 0.3431545
3533 0.3431485
3534 0.3431419
3535 0.3431356
3536 0.3431292
3537 0.3431231
3538 0.3431168
3539 0.3431107
3540 0.3431043
3541 0.3430981
3542 0.3430919
3543 0.3430859
3544 0.3430797
3545 0.3430734
3546 0.3430669
3547 0.3430609
3548 0.3430551
3549 0.3430487
3550 0.3430428
3551 0.3430368
3552 0.3430308
3553 0.3430251
3554 0.3430189
3555 0.3430129
3556 0.3430069
3557 0.3430012
3558 0.3429953
3559 0.3429891
3560 0.3429831
3561 0.3429772
3562 0.3429712
3563 0.3429653
3564 0.3429596
3565 0.3429536
3566 0.3429474
3567 0.3429419
3568 0.342936
3569 0.3429301
3570 0.3429242
3571 0.3429188
3572 0.3429129
3573 0.3429074
3574 0.3429016
3575 0.3428957
3576 0.34289
3577 0.3428845
3578 0.3428786
3579 0.3428732
3580 0.3428676
3581 0.342862
3582 0.3428564
3583 0.3428508
3584 0.3428448
3585 0.3428395
3586 0.3428339
3587 0.3428286
3588 0.3428228
3589 0.3428173
3590 0.3428118
3591 0.3428065
3592 0.342801
3593 0.3427955
3594 0.3427904
3595 0.3427846
3596 0.3427792
3597 0.3427738
3598 0.3427684
3599 0.3427628
3600 0.3427576
3601 0.3427526
3602 0.3427472
3603 0.3427419
3604 0.3427365
3605 0.3427312
3606 0.3427257
3607 0.3427206
3608 0.3427156
3609 0.3427103
3610 0.3427049
3611 0.3426996
3612 0.3426942
3613 0.3426889
3614 0.3426841
3615 0.3426786
3616 0.3426735
3617 0.3426686
3618 0.3426633
3619 0.3426582
3620 0.342653
3621 0.3426478
3622 0.3426428
3623 0.342638
3624 0.3426327
3625 0.3426279
3626 0.3426228
3627 0.3426177
3628 0.3426128
3629 0.3426076
3630 0.3426024
3631 0.3425978
3632 0.3425926
3633 0.3425876
3634 0.3425828
3635 0.3425778
3636 0.342573
3637 0.342568
3638 0.3425629
3639 0.342558
3640 0.3425533
3641 0.342548
3642 0.3425433
3643 0.3425385
3644 0.3425335
3645 0.3425286
3646 0.3425237
3647 0.3425187
3648 0.342514
3649 0.3425093
3650 0.3425046
3651 0.3424998
3652 0.3424951
3653 0.3424904
3654 0.3424858
3655 0.3424811
3656 0.3424762
3657 0.3424717
3658 0.3424667
3659 0.3424621
3660 0.3424574
3661 0.3424526
3662 0.3424481
3663 0.342443
3664 0.3424385
3665 0.3424339
3666 0.3424294
3667 0.3424245
3668 0.3424198
3669 0.3424154
3670 0.3424109
3671 0.3424064
3672 0.3424017
3673 0.3423973
3674 0.3423928
3675 0.3423881
3676 0.3423834
3677 0.3423789
3678 0.3423746
3679 0.3423704
3680 0.3423657
3681 0.3423611
3682 0.3423566
3683 0.3423523
3684 0.3423475
3685 0.3423431
3686 0.3423385
3687 0.3423341
3688 0.3423296
3689 0.3423249
3690 0.3423205
3691 0.3423164
3692 0.342312
3693 0.3423076
3694 0.3423034
3695 0.3422989
3696 0.3422945
3697 0.34229
3698 0.3422858
3699 0.3422813
3700 0.3422766
3701 0.3422724
3702 0.3422682
3703 0.3422637
3704 0.3422595
3705 0.3422551
3706 0.3422508
3707 0.3422469
3708 0.3422421
3709 0.3422381
3710 0.3422337
3711 0.3422293
3712 0.3422253
3713 0.3422205
3714 0.3422165
3715 0.3422125
3716 0.3422083
3717 0.3422042
3718 0.3421996
3719 0.3421957
3720 0.3421917
3721 0.3421876
3722 0.3421832
3723 0.342179
3724 0.3421751
3725 0.3421709
3726 0.342167
3727 0.3421627
3728 0.3421586
3729 0.3421544
3730 0.3421501
3731 0.3421457
3732 0.3421417
3733 0.3421374
3734 0.3421332
3735 0.3421292
3736 0.3421247
3737 0.3421211
3738 0.3421169
3739 0.3421127
3740 0.3421088
3741 0.3421049
3742 0.3421004
3743 0.3420967
3744 0.3420928
3745 0.3420889
3746 0.342085
3747 0.342081
3748 0.342077
3749 0.3420728
3750 0.3420688
3751 0.3420649
3752 0.3420611
3753 0.3420571
3754 0.3420529
3755 0.3420491
3756 0.3420451
3757 0.3420408
3758 0.3420369
3759 0.3420328
3760 0.342029
3761 0.342025
3762 0.3420211
3763 0.3420171
3764 0.3420133
3765 0.3420095
3766 0.3420056
3767 0.3420017
3768 0.3419976
3769 0.3419943
3770 0.3419902
3771 0.3419865
3772 0.3419826
3773 0.3419789
3774 0.3419744
3775 0.3419705
3776 0.3419667
3777 0.341963
3778 0.3419587
3779 0.3419555
3780 0.3419515
3781 0.3419475
3782 0.3419436
3783 0.3419398
3784 0.3419359
3785 0.3419321
3786 0.3419284
3787 0.3419245
3788 0.3419208
3789 0.3419169
3790 0.3419134
3791 0.3419093
3792 0.3419058
3793 0.3419018
3794 0.3418982
3795 0.3418943
3796 0.3418907
3797 0.341887
3798 0.3418835
3799 0.3418795
3800 0.3418756
3801 0.3418718
3802 0.3418684
3803 0.3418647
3804 0.3418609
3805 0.3418573
3806 0.3418538
3807 0.3418501
3808 0.3418463
3809 0.3418428
3810 0.341839
3811 0.341835
3812 0.3418315
3813 0.3418275
3814 0.3418242
3815 0.3418202
3816 0.3418168
3817 0.341813
3818 0.341809
3819 0.3418057
3820 0.3418019
3821 0.3417985
3822 0.3417948
3823 0.3417912
3824 0.3417874
3825 0.3417838
3826 0.3417803
3827 0.3417769
3828 0.3417734
3829 0.3417697
3830 0.3417663
3831 0.3417627
3832 0.3417591
3833 0.3417554
3834 0.3417518
3835 0.3417479
3836 0.3417446
3837 0.3417414
3838 0.3417376
3839 0.3417342
3840 0.3417307
3841 0.3417273
3842 0.3417237
3843 0.3417201
3844 0.3417166
3845 0.3417132
3846 0.3417096
3847 0.3417061
3848 0.3417028
3849 0.3416992
3850 0.3416958
3851 0.3416924
3852 0.3416889
3853 0.3416852
3854 0.3416822
3855 0.3416786
3856 0.3416752
3857 0.341672
3858 0.3416685
3859 0.3416649
3860 0.3416615
3861 0.3416586
3862 0.3416553
3863 0.3416514
3864 0.341648
3865 0.3416447
3866 0.3416413
3867 0.3416379
3868 0.3416347
3869 0.341631
3870 0.341628
3871 0.3416246
3872 0.3416215
3873 0.3416182
3874 0.3416147
3875 0.3416116
3876 0.3416081
3877 0.3416047
3878 0.3416012
3879 0.3415976
3880 0.3415945
3881 0.3415911
3882 0.3415877
3883 0.3415846
3884 0.3415815
3885 0.341578
3886 0.3415749
3887 0.3415717
3888 0.3415684
3889 0.3415651
3890 0.3415619
3891 0.3415586
3892 0.3415555
3893 0.3415521
3894 0.3415491
3895 0.3415457
3896 0.3415424
3897 0.3415391
3898 0.3415359
3899 0.3415329
3900 0.3415298
3901 0.3415264
3902 0.3415233
3903 0.3415202
3904 0.3415171
3905 0.3415135
3906 0.3415106
3907 0.3415075
3908 0.3415043
3909 0.341501
3910 0.3414979
3911 0.341495
3912 0.3414918
3913 0.3414887
3914 0.3414856
3915 0.3414827
3916 0.3414795
3917 0.341476
3918 0.3414727
3919 0.3414697
3920 0.341467
3921 0.341464
3922 0.3414609
3923 0.3414579
3924 0.3414548
3925 0.341452
3926 0.3414488
3927 0.3414458
3928 0.3414427
3929 0.3414395
3930 0.3414364
3931 0.3414338
3932 0.3414309
3933 0.3414279
3934 0.3414249
3935 0.3414224
3936 0.3414191
3937 0.3414163
3938 0.3414137
3939 0.3414105
3940 0.3414074
3941 0.3414045
3942 0.3414017
3943 0.3413988
3944 0.3413961
3945 0.3413931
3946 0.3413904
3947 0.3413871
3948 0.3413844
3949 0.3413816
3950 0.3413788
3951 0.3413756
3952 0.3413728
3953 0.3413704
3954 0.3413677
3955 0.3413649
3956 0.341362
3957 0.3413591
3958 0.3413565
3959 0.3413537
3960 0.3413511
3961 0.3413483
3962 0.3413457
3963 0.3413428
3964 0.3413402
3965 0.3413377
3966 0.3413348
3967 0.3413317
3968 0.341329
3969 0.3413264
3970 0.3413236
3971 0.341321
3972 0.3413184
3973 0.341316
3974 0.3413134
3975 0.341311
3976 0.3413084
3977 0.3413056
3978 0.341303
3979 0.3413001
3980 0.3412976
3981 0.3412949
3982 0.3412927
3983 0.3412898
3984 0.3412874
3985 0.3412848
3986 0.3412821
3987 0.3412795
3988 0.3412773
3989 0.3412746
3990 0.3412722
3991 0.3412697
3992 0.3412672
3993 0.3412647
3994 0.3412621
3995 0.3412594
3996 0.3412568
3997 0.3412545
3998 0.3412523
3999 0.3412499
4000 0.3412475
4001 0.3412449
4002 0.3412426
4003 0.3412402
4004 0.3412376
4005 0.3412355
4006 0.3412333
4007 0.3412308
4008 0.3412284
4009 0.3412265
4010 0.3412242
4011 0.3412221
4012 0.34122
4013 0.3412176
4014 0.3412151
4015 0.3412131
4016 0.3412106
4017 0.3412085
4018 0.3412064
4019 0.3412044
4020 0.3412024
4021 0.3411998
4022 0.3411977
4023 0.3411955
4024 0.3411935
4025 0.3411914
4026 0.341189
4027 0.3411869
4028 0.3411846
4029 0.3411826
4030 0.3411805
4031 0.3411785
4032 0.3411763
4033 0.3411744
4034 0.3411723
4035 0.3411704
4036 0.341168
4037 0.341166
4038 0.3411642
4039 0.3411622
4040 0.3411603
4041 0.3411583
4042 0.3411563
4043 0.3411542
4044 0.3411523
4045 0.3411504
4046 0.3411483
4047 0.3411467
4048 0.3411448
4049 0.3411427
4050 0.3411408
4051 0.3411388
4052 0.3411366
4053 0.3411348
4054 0.3411331
4055 0.3411311
4056 0.3411297
4057 0.3411277
4058 0.3411258
4059 0.3411239
4060 0.3411219
4061 0.3411205
4062 0.3411188
4063 0.3411166
4064 0.3411146
4065 0.3411131
4066 0.3411114
4067 0.3411096
4068 0.3411079
4069 0.3411061
4070 0.3411043
4071 0.3411027
4072 0.341101
4073 0.3410991
4074 0.3410974
4075 0.3410957
4076 0.3410941
4077 0.3410924
4078 0.3410907
4079 0.3410893
4080 0.3410878
4081 0.341086
4082 0.3410846
4083 0.3410833
4084 0.3410818
4085 0.34108
4086 0.3410783
4087 0.3410771
4088 0.3410755
4089 0.3410739
4090 0.3410725
4091 0.3410713
4092 0.3410696
4093 0.3410681
4094 0.3410665
4095 0.341065
4096 0.3410636
4097 0.3410623
4098 0.3410608
4099 0.3410592
4100 0.3410581
4101 0.341057
4102 0.3410555
4103 0.3410541
4104 0.3410527
4105 0.3410512
4106 0.3410497
4107 0.3410481
4108 0.3410468
4109 0.3410455
4110 0.3410442
4111 0.3410429
4112 0.3410415
4113 0.34104
4114 0.3410389
4115 0.3410377
4116 0.3410363
4117 0.3410351
4118 0.3410339
4119 0.3410325
4120 0.3410318
4121 0.3410304
4122 0.3410291
4123 0.3410279
4124 0.3410267
4125 0.3410256
4126 0.3410245
4127 0.3410235
4128 0.341022
4129 0.3410209
4130 0.3410202
4131 0.3410189
4132 0.3410177
4133 0.3410168
4134 0.3410161
4135 0.341015
4136 0.3410138
4137 0.3410126
4138 0.3410118
4139 0.3410109
4140 0.3410098
4141 0.341009
4142 0.3410079
4143 0.3410068
4144 0.3410058
4145 0.3410048
4146 0.341004
4147 0.3410027
4148 0.3410018
4149 0.3410009
4150 0.3410001
4151 0.3409991
4152 0.340998
4153 0.3409975
4154 0.3409966
4155 0.3409956
4156 0.3409946
4157 0.3409938
4158 0.3409928
4159 0.3409919
4160 0.3409911
4161 0.34099
4162 0.3409892
4163 0.3409883
4164 0.3409875
4165 0.3409866
4166 0.3409859
4167 0.3409851
4168 0.3409842
4169 0.3409832
4170 0.3409825
4171 0.3409818
4172 0.3409809
4173 0.3409804
4174 0.3409797
4175 0.3409787
4176 0.340978
4177 0.3409771
4178 0.3409767
4179 0.3409759
4180 0.3409751
4181 0.3409745
4182 0.3409739
4183 0.3409732
4184 0.3409725
4185 0.3409721
4186 0.3409714
4187 0.3409704
4188 0.3409697
4189 0.340969
4190 0.3409686
4191 0.340968
4192 0.3409676
4193 0.3409673
4194 0.3409667
4195 0.340966
4196 0.3409656
4197 0.3409647
4198 0.340964
4199 0.3409635
4200 0.3409629
4201 0.3409625
4202 0.3409619
4203 0.3409614
4204 0.3409609
4205 0.3409607
4206 0.3409598
4207 0.3409593
4208 0.3409588
4209 0.3409583
4210 0.3409577
4211 0.3409572
4212 0.3409567
4213 0.3409564
4214 0.3409557
4215 0.3409552
4216 0.340955
4217 0.3409543
4218 0.3409536
4219 0.3409533
4220 0.340953
4221 0.3409526
4222 0.3409522
4223 0.3409517
4224 0.3409513
4225 0.3409509
4226 0.3409506
4227 0.3409504
4228 0.3409501
4229 0.3409498
4230 0.3409496
4231 0.340949
4232 0.3409485
4233 0.340948
4234 0.3409475
4235 0.3409475
4236 0.340947
4237 0.3409466
4238 0.3409466
4239 0.340946
4240 0.3409455
4241 0.3409453
4242 0.3409451
4243 0.3409447
4244 0.3409443
4245 0.3409442
4246 0.3409438
4247 0.3409435
4248 0.3409432
4249 0.3409429
4250 0.3409427
4251 0.3409424
4252 0.3409419
4253 0.3409418
4254 0.3409415
4255 0.3409415
4256 0.3409413
4257 0.340941
4258 0.340941
4259 0.3409408
4260 0.3409406
4261 0.3409403
4262 0.34094
4263 0.3409399
4264 0.3409398
4265 0.3409394
4266 0.3409392
4267 0.340939
4268 0.3409388
4269 0.3409387
4270 0.3409386
4271 0.3409386
4272 0.3409382
4273 0.340938
4274 0.3409376
4275 0.3409377
4276 0.3409377
4277 0.3409375
4278 0.3409373
4279 0.3409373
4280 0.3409371
4281 0.3409369
4282 0.3409369
4283 0.3409366
4284 0.3409366
4285 0.3409364
4286 0.3409363
4287 0.3409362
4288 0.3409362
4289 0.3409363
4290 0.3409361
4291 0.3409362
4292 0.3409363
4293 0.3409362
4294 0.340936
4295 0.3409359
4296 0.3409357
4297 0.3409356
4298 0.3409356
4299 0.3409356
4300 0.3409357
4301 0.3409355
4302 0.3409353
4303 0.3409355
4304 0.3409355
4305 0.3409353
4306 0.3409355
4307 0.3409354
4308 0.3409355
4309 0.3409355
4310 0.3409354
4311 0.3409354
4312 0.3409354
4313 0.3409353
4314 0.3409354
4315 0.3409354
4316 0.3409355
4317 0.3409356
4318 0.3409356
4319 0.3409356
4320 0.3409354
4321 0.3409354
4322 0.3409353
4323 0.3409354
4324 0.3409357
4325 0.3409359
4326 0.3409359
4327 0.3409359
4328 0.340936
4329 0.340936
4330 0.340936
4331 0.3409361
4332 0.3409363
4333 0.3409365
4334 0.3409364
4335 0.3409364
4336 0.3409365
4337 0.3409367
4338 0.3409368
4339 0.340937
4340 0.3409371
4341 0.3409375
4342 0.3409373
4343 0.3409373
4344 0.3409375
4345 0.3409373
4346 0.3409375
4347 0.3409378
4348 0.3409377
4349 0.340938
4350 0.3409381
4351 0.3409384
4352 0.3409386
4353 0.3409389
4354 0.3409389
4355 0.3409392
4356 0.3409394
4357 0.3409394
4358 0.3409395
4359 0.3409397
4360 0.3409399
4361 0.3409399
4362 0.3409402
4363 0.3409402
4364 0.3409401
4365 0.3409404
4366 0.3409406
4367 0.3409404
4368 0.3409406
4369 0.3409407
4370 0.340941
4371 0.340941
4372 0.3409414
4373 0.3409415
4374 0.3409415
4375 0.3409416
4376 0.3409418
4377 0.340942
4378 0.3409423
4379 0.3409428
4380 0.3409428
4381 0.3409429
4382 0.3409431
4383 0.3409432
4384 0.3409435
4385 0.3409439
4386 0.340944
4387 0.3409444
4388 0.3409447
4389 0.340945
4390 0.3409453
4391 0.3409457
4392 0.3409457
4393 0.3409459
4394 0.3409463
4395 0.3409466
4396 0.3409467
4397 0.3409469
4398 0.340947
4399 0.3409474
4400 0.3409477
4401 0.3409478
4402 0.3409482
4403 0.3409485
4404 0.3409487
4405 0.340949
4406 0.3409493
4407 0.3409495
4408 0.3409499
4409 0.34095
4410 0.3409504
4411 0.3409507
4412 0.3409507
4413 0.3409508
4414 0.3409508
4415 0.3409512
4416 0.3409517
4417 0.3409519
4418 0.3409522
4419 0.3409525
4420 0.3409528
4421 0.3409529
4422 0.3409534
4423 0.3409538
4424 0.3409543
4425 0.3409546
4426 0.3409548
4427 0.3409552
4428 0.3409555
4429 0.3409559
4430 0.3409561
4431 0.3409564
4432 0.3409568
4433 0.3409572
4434 0.3409575
4435 0.3409578
4436 0.3409579
4437 0.3409584
4438 0.3409587
4439 0.340959
4440 0.3409592
4441 0.3409595
4442 0.3409597
4443 0.3409599
4444 0.3409601
4445 0.3409607
4446 0.3409609
4447 0.3409613
4448 0.3409615
4449 0.340962
4450 0.3409625
4451 0.3409627
4452 0.340963
4453 0.3409633
4454 0.3409639
4455 0.340964
4456 0.3409644
4457 0.3409649
4458 0.3409652
4459 0.3409658
4460 0.3409662
4461 0.3409668
4462 0.3409671
4463 0.3409676
4464 0.3409679
4465 0.3409683
4466 0.3409688
4467 0.3409693
4468 0.3409699
4469 0.3409703
4470 0.3409708
4471 0.3409712
4472 0.3409719
4473 0.3409721
4474 0.3409725
4475 0.340973
4476 0.3409733
4477 0.3409739
4478 0.3409744
4479 0.3409747
4480 0.3409752
4481 0.3409757
4482 0.340976
4483 0.3409764
4484 0.3409768
4485 0.3409773
4486 0.3409778
4487 0.3409783
4488 0.3409787
4489 0.340979
4490 0.3409792
4491 0.34098
4492 0.3409801
4493 0.3409806
4494 0.3409811
4495 0.3409818
4496 0.3409823
4497 0.3409827
4498 0.3409835
4499 0.3409838
4500 0.3409843
4501 0.3409848
4502 0.3409853
4503 0.3409858
4504 0.3409865
4505 0.340987
4506 0.3409877
4507 0.3409882
4508 0.3409888
4509 0.3409893
4510 0.3409897
4511 0.3409902
4512 0.3409907
4513 0.3409913
4514 0.3409917
4515 0.3409922
4516 0.3409928
4517 0.3409935
4518 0.340994
4519 0.3409944
4520 0.3409949
4521 0.3409955
4522 0.3409958
4523 0.3409961
4524 0.3409966
4525 0.3409971
4526 0.3409975
4527 0.3409981
4528 0.3409986
4529 0.3409994
4530 0.3409999
4531 0.3410005
4532 0.341001
4533 0.3410015
4534 0.341002
4535 0.3410027
4536 0.3410033
4537 0.3410038
4538 0.3410043
4539 0.3410048
4540 0.3410053
4541 0.3410058
4542 0.3410064
4543 0.341007
4544 0.3410076
4545 0.3410084
4546 0.341009
4547 0.3410095
4548 0.3410101
4549 0.3410105
4550 0.3410109
4551 0.3410116
4552 0.3410121
4553 0.3410125
4554 0.3410131
4555 0.3410137
4556 0.3410143
4557 0.3410148
4558 0.3410154
4559 0.3410159
4560 0.3410165
4561 0.3410172
4562 0.341018
4563 0.3410185
4564 0.3410192
4565 0.3410197
4566 0.3410204
4567 0.3410209
4568 0.3410217
4569 0.3410223
4570 0.341023
4571 0.3410235
4572 0.341024
4573 0.3410246
4574 0.3410252
4575 0.3410257
4576 0.3410263
4577 0.3410268
4578 0.3410275
4579 0.3410279
4580 0.3410286
4581 0.3410293
4582 0.3410299
4583 0.3410304
4584 0.3410308
4585 0.3410316
4586 0.3410321
4587 0.3410328
4588 0.3410333
4589 0.341034
4590 0.3410347
4591 0.3410353
4592 0.3410361
4593 0.3410366
4594 0.3410371
4595 0.3410377
4596 0.3410383
4597 0.3410389
4598 0.3410396
4599 0.3410401
4600 0.3410408
4601 0.3410414
4602 0.3410421
4603 0.3410428
4604 0.3410435
4605 0.3410439
4606 0.3410447
4607 0.3410454
4608 0.341046
4609 0.3410465
4610 0.3410471
4611 0.3410476
4612 0.3410482
4613 0.3410489
4614 0.3410496
4615 0.3410501
4616 0.3410509
4617 0.3410515
4618 0.3410522
4619 0.3410527
4620 0.3410533
4621 0.3410541
4622 0.3410547
4623 0.3410552
4624 0.341056
4625 0.3410568
4626 0.3410574
4627 0.3410582
4628 0.3410587
4629 0.3410594
4630 0.34106
4631 0.3410606
4632 0.3410613
4633 0.3410618
4634 0.3410624
4635 0.3410634
4636 0.3410639
4637 0.3410645
4638 0.3410651
4639 0.3410658
4640 0.3410663
4641 0.3410671
4642 0.3410678
4643 0.3410684
4644 0.3410692
4645 0.3410697
4646 0.3410703
4647 0.341071
4648 0.3410717
4649 0.3410726
4650 0.3410733
4651 0.3410738
4652 0.3410746
4653 0.3410753
4654 0.3410758
4655 0.3410768
4656 0.3410771
4657 0.3410779
4658 0.3410785
4659 0.341079
4660 0.3410797
4661 0.3410807
4662 0.3410813
4663 0.3410819
4664 0.3410826
4665 0.3410831
4666 0.3410836
4667 0.3410841
4668 0.341085
4669 0.3410857
4670 0.3410863
4671 0.341087
4672 0.3410877
4673 0.3410884
4674 0.3410892
4675 0.3410899
4676 0.3410904
4677 0.3410911
4678 0.341092
4679 0.3410927
4680 0.3410935
4681 0.3410943
4682 0.341095
4683 0.3410957
4684 0.3410966
4685 0.3410971
4686 0.3410978
4687 0.3410984
4688 0.3410992
4689 0.3410999
4690 0.3411006
4691 0.3411013
4692 0.3411019
4693 0.3411026
4694 0.3411034
4695 0.3411043
4696 0.341105
4697 0.3411058
4698 0.3411063
4699 0.341107
4700 0.3411075
4701 0.3411081
4702 0.3411087
4703 0.3411095
4704 0.3411102
4705 0.341111
4706 0.3411116
4707 0.3411123
4708 0.3411131
4709 0.3411137
4710 0.3411144
4711 0.341115
4712 0.3411157
4713 0.3411163
4714 0.341117
4715 0.3411178
4716 0.3411185
4717 0.3411193
4718 0.3411199
4719 0.3411204
4720 0.3411211
4721 0.3411218
4722 0.3411227
4723 0.3411234
4724 0.3411241
4725 0.3411245
4726 0.3411252
4727 0.3411261
4728 0.3411268
4729 0.3411275
4730 0.3411283
4731 0.3411291
4732 0.3411296
4733 0.3411304
4734 0.341131
4735 0.3411316
4736 0.3411323
4737 0.3411328
4738 0.3411339
4739 0.3411345
4740 0.3411353
4741 0.3411359
4742 0.3411366
4743 0.3411373
4744 0.3411379
4745 0.3411387
4746 0.3411393
4747 0.34114
4748 0.3411407
4749 0.3411415
4750 0.3411421
4751 0.341143
4752 0.3411437
4753 0.3411441
4754 0.3411449
4755 0.3411456
4756 0.3411464
4757 0.341147
4758 0.3411478
4759 0.3411484
4760 0.3411492
4761 0.3411499
4762 0.3411506
4763 0.3411514
4764 0.3411519
4765 0.3411526
4766 0.3411532
4767 0.341154
4768 0.3411548
4769 0.3411556
4770 0.3411564
4771 0.3411569
4772 0.3411574
4773 0.341158
4774 0.3411587
4775 0.3411595
4776 0.3411602
4777 0.3411609
4778 0.3411614
4779 0.3411624
4780 0.3411632
4781 0.3411637
4782 0.3411644
4783 0.341165
4784 0.3411658
4785 0.3411666
4786 0.3411671
4787 0.3411679
4788 0.3411686
4789 0.3411694
4790 0.34117
4791 0.3411708
4792 0.3411715
4793 0.3411722
4794 0.341173
4795 0.3411734
4796 0.3411743
4797 0.341175
4798 0.3411756
4799 0.3411763
4800 0.3411769
4801 0.3411776
4802 0.3411781
4803 0.3411789
4804 0.3411795
4805 0.3411803
4806 0.341181
4807 0.3411817
4808 0.3411825
4809 0.3411832
4810 0.3411839
4811 0.3411845
4812 0.3411853
4813 0.3411861
4814 0.3411867
4815 0.3411874
4816 0.341188
4817 0.3411887
4818 0.3411895
4819 0.3411901
4820 0.3411908
4821 0.3411915
4822 0.3411922
4823 0.341193
4824 0.3411936
4825 0.3411944
4826 0.341195
4827 0.3411957
4828 0.3411962
4829 0.3411969
4830 0.3411976
4831 0.3411984
4832 0.3411989
4833 0.3411996
4834 0.3412002
4835 0.3412009
4836 0.3412016
4837 0.3412022
4838 0.3412029
4839 0.3412037
4840 0.3412044
4841 0.3412051
4842 0.3412057
4843 0.3412063
4844 0.341207
4845 0.3412077
4846 0.3412083
4847 0.3412091
4848 0.3412096
4849 0.3412105
4850 0.3412111
4851 0.3412116
4852 0.3412122
4853 0.3412128
4854 0.3412134
4855 0.3412139
4856 0.3412147
4857 0.3412153
4858 0.341216
4859 0.3412167
4860 0.3412174
4861 0.341218
4862 0.3412187
4863 0.3412194
4864 0.3412201
4865 0.3412207
4866 0.3412215
4867 0.341222
4868 0.3412227
4869 0.3412235
4870 0.3412243
4871 0.3412249
4872 0.3412255
4873 0.3412262
4874 0.3412269
4875 0.3412275
4876 0.3412282
4877 0.3412288
4878 0.3412293
4879 0.34123
4880 0.3412307
4881 0.3412313
4882 0.3412319
4883 0.3412327
4884 0.3412333
4885 0.341234
4886 0.3412347
4887 0.3412353
4888 0.341236
4889 0.3412366
4890 0.3412375
4891 0.341238
4892 0.3412387
4893 0.3412392
4894 0.34124
4895 0.3412405
4896 0.3412414
4897 0.341242
4898 0.3412428
4899 0.3412436
4900 0.3412442
4901 0.3412448
4902 0.3412454
4903 0.3412462
4904 0.3412468
4905 0.3412474
4906 0.3412479
4907 0.3412486
4908 0.3412491
4909 0.3412496
4910 0.3412504
4911 0.341251
4912 0.3412517
4913 0.3412524
4914 0.341253
4915 0.3412537
4916 0.3412543
4917 0.341255
4918 0.3412557
4919 0.3412564
4920 0.3412572
4921 0.3412578
4922 0.3412584
4923 0.3412591
4924 0.3412597
4925 0.3412602
4926 0.3412608
4927 0.3412616
4928 0.3412621
4929 0.3412627
4930 0.3412634
4931 0.341264
4932 0.3412647
4933 0.3412653
4934 0.3412659
4935 0.3412665
4936 0.341267
4937 0.3412677
4938 0.3412685
4939 0.3412692
4940 0.3412698
4941 0.3412702
4942 0.341271
4943 0.3412715
4944 0.341272
4945 0.3412727
4946 0.3412732
4947 0.3412738
4948 0.3412744
4949 0.341275
4950 0.3412754
4951 0.341276
