"report-def-drag-rfile"
"Iteration" "report-def-drag"
("Iteration" "report-def-drag")
1 0.2113109
2 0.215871
3 0.2198049
4 0.223262
5 0.2263407
6 0.2290936
7 0.2315411
8 0.2337003
9 0.2355939
10 0.2372516
11 0.238709
12 0.2400049
13 0.241177
14 0.2422584
15 0.2432735
16 0.2442423
17 0.2451779
18 0.2460849
19 0.2469683
20 0.2478313
21 0.2486828
22 0.2495036
23 0.2502806
24 0.2509961
25 0.2516331
26 0.2521774
27 0.2526169
28 0.2529448
29 0.253158
30 0.2532583
31 0.2532513
32 0.253146
33 0.2529527
34 0.2526828
35 0.2523468
36 0.2519557
37 0.2515204
38 0.2510506
39 0.250554
40 0.2500365
41 0.2495046
42 0.2489612
43 0.2484076
44 0.2478423
45 0.2472651
46 0.2466732
47 0.2460634
48 0.2454321
49 0.2447766
50 0.2440901
51 0.2433594
52 0.2425932
53 0.2417931
54 0.2409603
55 0.2400974
56 0.2392097
57 0.2383056
58 0.2373943
59 0.2364825
60 0.2355758
61 0.2346788
62 0.2337955
63 0.2329299
64 0.2320852
65 0.2312635
66 0.2304676
67 0.2296983
68 0.2289569
69 0.2282436
70 0.2275594
71 0.2269033
72 0.2262753
73 0.2256749
74 0.2251018
75 0.2245549
76 0.224035
77 0.2235401
78 0.2230705
79 0.222625
80 0.2222038
81 0.2218058
82 0.221431
83 0.2210781
84 0.2207475
85 0.2204381
86 0.22015
87 0.219883
88 0.2196364
89 0.2194094
90 0.2192017
91 0.2190124
92 0.2188418
93 0.2186883
94 0.2185518
95 0.2184309
96 0.2183251
97 0.2182333
98 0.2181554
99 0.2180898
100 0.2180355
101 0.2179926
102 0.2179591
103 0.2179343
104 0.2179186
105 0.2179099
106 0.2179081
107 0.2179124
108 0.2179221
109 0.2179365
110 0.2179548
111 0.2179765
112 0.2180013
113 0.218029
114 0.218059
115 0.2180909
116 0.2181241
117 0.218158
118 0.2181932
119 0.2182283
120 0.2182638
121 0.2182991
122 0.2183339
123 0.2183683
124 0.2184015
125 0.2184335
126 0.2184643
127 0.2184937
128 0.2185213
129 0.2185471
130 0.2185709
131 0.2185924
132 0.2186121
133 0.2186289
134 0.2186442
135 0.218656
136 0.2186657
137 0.2186725
138 0.2186769
139 0.2186787
140 0.2186781
141 0.2186746
142 0.2186686
143 0.2186601
144 0.2186495
145 0.2186361
146 0.2186205
147 0.2186027
148 0.2185826
149 0.2185607
150 0.2185366
151 0.2185107
152 0.2184832
153 0.2184536
154 0.2184224
155 0.2183896
156 0.2183551
157 0.2183194
158 0.2182825
159 0.2182442
160 0.2182048
161 0.2181639
162 0.2181221
163 0.2180793
164 0.2180356
165 0.2179909
166 0.2179454
167 0.2178992
168 0.2178522
169 0.2178046
170 0.2177563
171 0.2177077
172 0.2176583
173 0.2176085
174 0.2175582
175 0.2175078
176 0.2174572
177 0.2174061
178 0.2173551
179 0.2173037
180 0.2172522
181 0.2172006
182 0.2171487
183 0.2170972
184 0.2170453
185 0.2169938
186 0.2169421
187 0.2168905
188 0.2168395
189 0.2167882
190 0.2167371
191 0.2166864
192 0.2166357
193 0.2165851
194 0.2165347
195 0.2164847
196 0.2164344
197 0.2163851
198 0.2163356
199 0.2162864
200 0.2162369
201 0.2161881
202 0.2161394
203 0.2160913
204 0.2160431
205 0.215995
206 0.2159474
207 0.2158996
208 0.2158524
209 0.2158055
210 0.2157585
211 0.215712
212 0.2156657
213 0.2156196
214 0.2155737
215 0.2155281
216 0.2154825
217 0.2154374
218 0.2153925
219 0.2153475
220 0.2153028
221 0.2152585
222 0.2152141
223 0.2151701
224 0.2151263
225 0.2150825
226 0.2150389
227 0.2149954
228 0.2149522
229 0.2149092
230 0.2148666
231 0.2148235
232 0.2147807
233 0.2147387
234 0.2146962
235 0.2146538
236 0.2146117
237 0.2145698
238 0.2145276
239 0.2144858
240 0.2144439
241 0.2144026
242 0.2143611
243 0.2143198
244 0.2142781
245 0.2142368
246 0.2141958
247 0.2141547
248 0.2141134
249 0.2140723
250 0.2140315
251 0.2139906
252 0.2139497
253 0.213909
254 0.2138686
255 0.2138277
256 0.2137871
257 0.2137464
258 0.2137059
259 0.2136652
260 0.2136251
261 0.2135846
262 0.2135444
263 0.2135037
264 0.2134634
265 0.2134237
266 0.2133834
267 0.213343
268 0.2133029
269 0.213263
270 0.2132229
271 0.2131829
272 0.213143
273 0.2131031
274 0.2130633
275 0.2130234
276 0.2129833
277 0.2129438
278 0.2129039
279 0.2128642
280 0.2128244
281 0.2127848
282 0.2127452
283 0.2127055
284 0.212666
285 0.2126265
286 0.2125866
287 0.2125473
288 0.2125079
289 0.2124685
290 0.2124295
291 0.2123899
292 0.2123508
293 0.2123112
294 0.2122721
295 0.212233
296 0.2121939
297 0.212155
298 0.212116
299 0.212077
300 0.212038
301 0.2119992
302 0.2119602
303 0.2119215
304 0.2118826
305 0.2118439
306 0.211805
307 0.2117666
308 0.211728
309 0.2116894
310 0.2116508
311 0.2116122
312 0.2115736
313 0.2115353
314 0.211497
315 0.2114588
316 0.2114204
317 0.211382
318 0.2113439
319 0.211306
320 0.2112675
321 0.2112295
322 0.2111916
323 0.2111538
324 0.2111158
325 0.2110777
326 0.2110397
327 0.211002
328 0.2109643
329 0.2109267
330 0.2108889
331 0.2108512
332 0.2108136
333 0.2107758
334 0.2107384
335 0.2107008
336 0.2106634
337 0.2106261
338 0.2105888
339 0.2105514
340 0.2105141
341 0.2104765
342 0.2104393
343 0.2104023
344 0.2103654
345 0.2103283
346 0.210291
347 0.210254
348 0.2102168
349 0.2101802
350 0.2101432
351 0.210106
352 0.2100692
353 0.2100323
354 0.2099958
355 0.2099588
356 0.2099222
357 0.2098852
358 0.2098487
359 0.2098121
360 0.2097754
361 0.2097386
362 0.209702
363 0.2096655
364 0.2096288
365 0.2095924
366 0.2095556
367 0.2095194
368 0.2094829
369 0.2094464
370 0.20941
371 0.2093733
372 0.2093374
373 0.2093009
374 0.2092644
375 0.2092281
376 0.2091916
377 0.2091556
378 0.2091192
379 0.2090827
380 0.2090465
381 0.2090104
382 0.2089741
383 0.2089377
384 0.2089014
385 0.2088655
386 0.2088292
387 0.2087931
388 0.2087568
389 0.208721
390 0.2086847
391 0.2086484
392 0.2086124
393 0.2085761
394 0.2085401
395 0.208504
396 0.208468
397 0.2084319
398 0.2083957
399 0.2083596
400 0.2083234
401 0.2082876
402 0.2082517
403 0.2082157
404 0.2081795
405 0.2081435
406 0.2081075
407 0.2080716
408 0.2080354
409 0.2079993
410 0.2079632
411 0.2079272
412 0.2078913
413 0.2078549
414 0.2078188
415 0.2077829
416 0.2077471
417 0.207711
418 0.2076747
419 0.2076386
420 0.2076025
421 0.2075666
422 0.2075305
423 0.2074942
424 0.2074579
425 0.2074219
426 0.2073856
427 0.2073494
428 0.2073132
429 0.2072769
430 0.207241
431 0.2072044
432 0.2071681
433 0.2071318
434 0.2070957
435 0.2070593
436 0.207023
437 0.2069866
438 0.2069502
439 0.2069138
440 0.2068772
441 0.2068408
442 0.2068043
443 0.2067679
444 0.2067312
445 0.2066947
446 0.206658
447 0.2066213
448 0.206585
449 0.2065482
450 0.2065115
451 0.2064747
452 0.2064377
453 0.2064011
454 0.2063643
455 0.2063276
456 0.2062906
457 0.2062537
458 0.2062167
459 0.2061799
460 0.2061429
461 0.2061057
462 0.2060687
463 0.2060315
464 0.2059944
465 0.205957
466 0.20592
467 0.2058827
468 0.2058456
469 0.2058079
470 0.2057707
471 0.2057334
472 0.205696
473 0.2056584
474 0.205621
475 0.2055834
476 0.2055459
477 0.2055081
478 0.2054707
479 0.2054327
480 0.205395
481 0.2053571
482 0.2053192
483 0.2052815
484 0.2052435
485 0.2052055
486 0.2051675
487 0.2051297
488 0.2050913
489 0.2050534
490 0.205015
491 0.2049771
492 0.2049387
493 0.2049002
494 0.2048621
495 0.2048235
496 0.2047849
497 0.2047465
498 0.204708
499 0.2046695
500 0.2046308
501 0.204592
502 0.2045532
503 0.2045145
504 0.2044755
505 0.2044367
506 0.204398
507 0.204359
508 0.2043198
509 0.2042808
510 0.2042418
511 0.2042025
512 0.2041633
513 0.2041243
514 0.2040849
515 0.2040454
516 0.2040061
517 0.2039667
518 0.2039271
519 0.2038874
520 0.2038479
521 0.2038081
522 0.2037685
523 0.2037288
524 0.203689
525 0.203649
526 0.2036093
527 0.2035692
528 0.2035294
529 0.2034894
530 0.2034492
531 0.2034091
532 0.2033688
533 0.2033285
534 0.2032881
535 0.2032477
536 0.2032073
537 0.2031668
538 0.2031265
539 0.2030858
540 0.203045
541 0.2030044
542 0.2029638
543 0.202923
544 0.2028819
545 0.2028412
546 0.2028004
547 0.2027593
548 0.2027183
549 0.202677
550 0.202636
551 0.202595
552 0.2025537
553 0.2025122
554 0.2024711
555 0.2024294
556 0.2023879
557 0.2023465
558 0.2023049
559 0.2022634
560 0.2022217
561 0.20218
562 0.2021382
563 0.2020966
564 0.2020548
565 0.2020126
566 0.2019706
567 0.2019283
568 0.2018866
569 0.2018445
570 0.2018023
571 0.2017598
572 0.2017175
573 0.2016752
574 0.2016327
575 0.2015903
576 0.2015478
577 0.2015048
578 0.2014622
579 0.2014196
580 0.2013767
581 0.2013339
582 0.201291
583 0.201248
584 0.201205
585 0.2011618
586 0.2011187
587 0.2010754
588 0.2010321
589 0.2009886
590 0.2009456
591 0.2009019
592 0.2008582
593 0.2008144
594 0.2007708
595 0.200727
596 0.2006833
597 0.2006394
598 0.2005952
599 0.2005512
600 0.2005071
601 0.2004628
602 0.2004186
603 0.2003743
604 0.2003297
605 0.2002855
606 0.2002409
607 0.2001959
608 0.2001514
609 0.2001067
610 0.2000616
611 0.2000167
612 0.1999714
613 0.1999266
614 0.1998812
615 0.1998361
616 0.1997908
617 0.1997453
618 0.1996997
619 0.1996543
620 0.1996087
621 0.1995629
622 0.1995169
623 0.1994712
624 0.1994251
625 0.199379
626 0.1993328
627 0.1992866
628 0.1992406
629 0.199194
630 0.1991475
631 0.1991011
632 0.1990545
633 0.1990076
634 0.1989609
635 0.1989139
636 0.1988673
637 0.1988201
638 0.1987732
639 0.1987261
640 0.1986788
641 0.1986315
642 0.1985842
643 0.1985365
644 0.1984892
645 0.1984414
646 0.1983938
647 0.1983459
648 0.1982983
649 0.1982504
650 0.1982027
651 0.1981547
652 0.1981066
653 0.1980585
654 0.1980104
655 0.1979622
656 0.1979142
657 0.1978656
658 0.1978173
659 0.1977688
660 0.1977203
661 0.1976717
662 0.1976232
663 0.1975748
664 0.1975263
665 0.1974775
666 0.1974287
667 0.1973799
668 0.197331
669 0.1972825
670 0.1972334
671 0.1971846
672 0.1971358
673 0.1970868
674 0.1970378
675 0.196989
676 0.1969401
677 0.1968908
678 0.196842
679 0.1967928
680 0.1967439
681 0.1966946
682 0.1966456
683 0.1965964
684 0.1965475
685 0.1964984
686 0.1964495
687 0.1964005
688 0.1963516
689 0.1963027
690 0.1962536
691 0.1962047
692 0.1961555
693 0.1961067
694 0.1960579
695 0.1960087
696 0.1959598
697 0.1959111
698 0.1958623
699 0.1958135
700 0.1957651
701 0.1957163
702 0.1956674
703 0.1956192
704 0.1955705
705 0.1955222
706 0.1954738
707 0.1954252
708 0.1953771
709 0.1953287
710 0.1952808
711 0.1952327
712 0.1951846
713 0.1951367
714 0.195089
715 0.1950409
716 0.1949932
717 0.1949455
718 0.1948984
719 0.1948506
720 0.1948033
721 0.1947559
722 0.1947088
723 0.1946617
724 0.1946147
725 0.1945677
726 0.194521
727 0.1944744
728 0.1944278
729 0.1943813
730 0.1943349
731 0.1942887
732 0.1942425
733 0.1941966
734 0.1941507
735 0.1941049
736 0.1940594
737 0.194014
738 0.1939685
739 0.193923
740 0.1938779
741 0.1938329
742 0.1937882
743 0.1937434
744 0.1936988
745 0.1936546
746 0.1936102
747 0.1935661
748 0.193522
749 0.1934783
750 0.1934346
751 0.193391
752 0.1933475
753 0.1933044
754 0.1932612
755 0.1932184
756 0.1931757
757 0.193133
758 0.1930907
759 0.1930484
760 0.1930065
761 0.1929642
762 0.1929226
763 0.1928811
764 0.1928395
765 0.1927983
766 0.1927573
767 0.1927164
768 0.1926755
769 0.1926349
770 0.1925945
771 0.1925543
772 0.1925143
773 0.1924746
774 0.1924349
775 0.1923954
776 0.192356
777 0.1923169
778 0.1922778
779 0.192239
780 0.1922008
781 0.1921624
782 0.1921241
783 0.1920861
784 0.1920483
785 0.1920108
786 0.1919733
787 0.191936
788 0.1918989
789 0.1918619
790 0.1918255
791 0.1917889
792 0.1917526
793 0.1917164
794 0.1916806
795 0.1916447
796 0.1916092
797 0.1915739
798 0.1915389
799 0.1915041
800 0.1914689
801 0.1914345
802 0.1914001
803 0.1913661
804 0.191332
805 0.1912983
806 0.1912646
807 0.1912313
808 0.1911978
809 0.1911649
810 0.191132
811 0.1910994
812 0.1910669
813 0.1910346
814 0.1910027
815 0.1909706
816 0.1909388
817 0.1909073
818 0.1908761
819 0.1908448
820 0.1908139
821 0.1907828
822 0.1907524
823 0.1907218
824 0.1906917
825 0.1906616
826 0.1906316
827 0.1906021
828 0.1905725
829 0.1905431
830 0.1905139
831 0.1904849
832 0.1904561
833 0.1904276
834 0.190399
835 0.1903707
836 0.1903425
837 0.1903146
838 0.1902867
839 0.190259
840 0.1902318
841 0.1902044
842 0.1901775
843 0.1901505
844 0.1901237
845 0.190097
846 0.1900704
847 0.1900441
848 0.1900179
849 0.1899919
850 0.1899662
851 0.1899407
852 0.189915
853 0.1898895
854 0.1898644
855 0.1898394
856 0.1898145
857 0.1897898
858 0.189765
859 0.1897407
860 0.1897162
861 0.1896921
862 0.189668
863 0.1896442
864 0.1896203
865 0.1895967
866 0.1895732
867 0.1895498
868 0.1895268
869 0.1895036
870 0.1894803
871 0.1894578
872 0.1894352
873 0.1894125
874 0.1893901
875 0.1893678
876 0.1893456
877 0.1893234
878 0.1893016
879 0.1892797
880 0.189258
881 0.1892366
882 0.1892151
883 0.1891936
884 0.1891724
885 0.189151
886 0.1891305
887 0.1891092
888 0.1890887
889 0.1890677
890 0.1890471
891 0.1890268
892 0.1890064
893 0.1889863
894 0.1889661
895 0.188946
896 0.1889257
897 0.188906
898 0.188886
899 0.1888665
900 0.188847
901 0.1888276
902 0.1888081
903 0.1887888
904 0.1887695
905 0.1887505
906 0.1887314
907 0.1887125
908 0.1886937
909 0.1886748
910 0.1886561
911 0.1886375
912 0.1886187
913 0.1886003
914 0.188582
915 0.1885637
916 0.1885451
917 0.1885271
918 0.1885091
919 0.1884912
920 0.1884731
921 0.1884554
922 0.1884378
923 0.1884199
924 0.1884024
925 0.1883846
926 0.1883671
927 0.1883499
928 0.1883322
929 0.188315
930 0.1882978
931 0.1882808
932 0.1882635
933 0.1882465
934 0.1882295
935 0.1882127
936 0.1881959
937 0.1881788
938 0.1881621
939 0.1881454
940 0.1881286
941 0.1881123
942 0.1880959
943 0.1880793
944 0.1880629
945 0.1880465
946 0.1880304
947 0.1880139
948 0.1879979
949 0.1879815
950 0.1879657
951 0.1879498
952 0.1879335
953 0.1879177
954 0.1879018
955 0.1878857
956 0.1878701
957 0.1878545
958 0.1878385
959 0.187823
960 0.1878076
961 0.187792
962 0.1877765
963 0.187761
964 0.1877455
965 0.18773
966 0.1877148
967 0.1876994
968 0.1876844
969 0.1876692
970 0.1876541
971 0.187639
972 0.1876239
973 0.1876089
974 0.1875939
975 0.187579
976 0.187564
977 0.1875491
978 0.1875341
979 0.1875193
980 0.1875047
981 0.18749
982 0.1874754
983 0.1874607
984 0.1874461
985 0.1874317
986 0.187417
987 0.1874025
988 0.1873881
989 0.1873738
990 0.1873592
991 0.1873449
992 0.1873306
993 0.1873165
994 0.1873021
995 0.187288
996 0.1872739
997 0.1872598
998 0.1872455
999 0.1872314
1000 0.1872175
1001 0.1872035
1002 0.1871893
1003 0.1871757
1004 0.1871616
1005 0.1871478
1006 0.1871338
1007 0.18712
1008 0.1871064
1009 0.1870926
1010 0.187079
1011 0.1870653
1012 0.1870515
1013 0.1870379
1014 0.1870244
1015 0.1870106
1016 0.1869972
1017 0.1869838
1018 0.1869703
1019 0.1869568
1020 0.1869432
1021 0.1869298
1022 0.1869165
1023 0.1869032
1024 0.1868898
1025 0.1868764
1026 0.1868634
1027 0.1868503
1028 0.186837
1029 0.1868236
1030 0.1868105
1031 0.1867974
1032 0.1867843
1033 0.1867712
1034 0.1867582
1035 0.1867452
1036 0.1867321
1037 0.1867191
1038 0.1867062
1039 0.1866931
1040 0.1866803
1041 0.1866673
1042 0.1866544
1043 0.1866417
1044 0.1866288
1045 0.1866159
1046 0.1866033
1047 0.1865902
1048 0.1865777
1049 0.186565
1050 0.1865522
1051 0.1865395
1052 0.1865269
1053 0.1865143
1054 0.1865015
1055 0.1864891
1056 0.1864765
1057 0.1864637
1058 0.1864513
1059 0.186439
1060 0.1864263
1061 0.1864138
1062 0.1864014
1063 0.1863888
1064 0.1863766
1065 0.1863641
1066 0.1863517
1067 0.1863394
1068 0.1863269
1069 0.1863143
1070 0.1863021
1071 0.1862899
1072 0.1862774
1073 0.1862654
1074 0.186253
1075 0.1862409
1076 0.1862288
1077 0.1862167
1078 0.1862046
1079 0.1861922
1080 0.1861799
1081 0.186168
1082 0.1861558
1083 0.1861437
1084 0.1861317
1085 0.1861195
1086 0.1861075
1087 0.1860952
1088 0.1860833
1089 0.1860714
1090 0.1860593
1091 0.1860473
1092 0.1860354
1093 0.1860233
1094 0.1860114
1095 0.1859995
1096 0.1859877
1097 0.1859755
1098 0.1859638
1099 0.1859519
1100 0.1859401
1101 0.1859283
1102 0.1859162
1103 0.1859045
1104 0.185893
1105 0.1858809
1106 0.1858694
1107 0.1858576
1108 0.1858459
1109 0.1858342
1110 0.1858225
1111 0.1858108
1112 0.1857991
1113 0.1857874
1114 0.1857758
1115 0.1857643
1116 0.1857526
1117 0.1857413
1118 0.1857293
1119 0.1857179
1120 0.1857064
1121 0.185695
1122 0.1856831
1123 0.1856715
1124 0.1856604
1125 0.1856489
1126 0.1856375
1127 0.1856259
1128 0.1856144
1129 0.1856031
1130 0.1855916
1131 0.1855803
1132 0.185569
1133 0.1855577
1134 0.1855463
1135 0.1855351
1136 0.1855239
1137 0.1855125
1138 0.1855013
1139 0.18549
1140 0.1854787
1141 0.1854676
1142 0.1854563
1143 0.1854453
1144 0.1854341
1145 0.1854229
1146 0.1854119
1147 0.1854008
1148 0.1853898
1149 0.1853786
1150 0.1853675
1151 0.1853564
1152 0.1853456
1153 0.1853346
1154 0.1853238
1155 0.1853129
1156 0.1853016
1157 0.1852909
1158 0.18528
1159 0.1852693
1160 0.1852583
1161 0.1852475
1162 0.1852366
1163 0.1852259
1164 0.1852152
1165 0.1852043
1166 0.1851937
1167 0.185183
1168 0.1851726
1169 0.1851619
1170 0.1851513
1171 0.1851405
1172 0.1851299
1173 0.1851194
1174 0.1851089
1175 0.1850983
1176 0.1850879
1177 0.1850775
1178 0.1850672
1179 0.1850567
1180 0.1850463
1181 0.1850362
1182 0.1850256
1183 0.1850153
1184 0.1850047
1185 0.1849947
1186 0.1849845
1187 0.1849745
1188 0.1849644
1189 0.1849542
1190 0.1849439
1191 0.1849339
1192 0.1849239
1193 0.1849139
1194 0.1849038
1195 0.1848938
1196 0.184884
1197 0.184874
1198 0.1848641
1199 0.1848541
1200 0.1848444
1201 0.1848346
1202 0.1848247
1203 0.1848153
1204 0.1848054
1205 0.1847956
1206 0.184786
1207 0.1847764
1208 0.1847667
1209 0.1847572
1210 0.1847474
1211 0.184738
1212 0.1847287
1213 0.1847188
1214 0.1847096
1215 0.1847001
1216 0.1846908
1217 0.1846812
1218 0.184672
1219 0.1846625
1220 0.1846533
1221 0.1846439
1222 0.1846347
1223 0.1846255
1224 0.1846162
1225 0.1846071
1226 0.184598
1227 0.1845889
1228 0.1845799
1229 0.1845707
1230 0.1845618
1231 0.1845528
1232 0.1845437
1233 0.1845348
1234 0.1845259
1235 0.1845172
1236 0.1845083
1237 0.1844997
1238 0.1844906
1239 0.1844817
1240 0.1844732
1241 0.1844644
1242 0.1844559
1243 0.1844468
1244 0.1844385
1245 0.18443
1246 0.184421
1247 0.1844129
1248 0.1844043
1249 0.1843957
1250 0.1843873
1251 0.184379
1252 0.1843705
1253 0.1843622
1254 0.1843539
1255 0.1843456
1256 0.1843373
1257 0.1843287
1258 0.1843208
1259 0.1843124
1260 0.1843043
1261 0.1842961
1262 0.1842878
1263 0.1842798
1264 0.1842719
1265 0.1842639
1266 0.184256
1267 0.1842479
1268 0.1842398
1269 0.1842316
1270 0.1842237
1271 0.1842158
1272 0.1842083
1273 0.1842005
1274 0.1841924
1275 0.1841845
1276 0.1841768
1277 0.1841692
1278 0.1841615
1279 0.1841537
1280 0.1841462
1281 0.1841384
1282 0.1841309
1283 0.1841233
1284 0.1841158
1285 0.1841084
1286 0.1841007
1287 0.1840933
1288 0.1840857
1289 0.1840783
1290 0.184071
1291 0.1840637
1292 0.184056
1293 0.184049
1294 0.1840415
1295 0.1840341
1296 0.1840271
1297 0.1840197
1298 0.1840124
1299 0.1840052
1300 0.1839983
1301 0.183991
1302 0.1839838
1303 0.1839767
1304 0.1839697
1305 0.1839627
1306 0.1839555
1307 0.1839489
1308 0.1839417
1309 0.1839345
1310 0.1839277
1311 0.1839207
1312 0.1839139
1313 0.1839069
1314 0.1839003
1315 0.1838934
1316 0.1838865
1317 0.1838798
1318 0.1838731
1319 0.1838662
1320 0.1838594
1321 0.1838526
1322 0.183846
1323 0.1838394
1324 0.1838328
1325 0.1838261
1326 0.1838194
1327 0.1838128
1328 0.1838064
1329 0.1837998
1330 0.1837932
1331 0.183787
1332 0.1837806
1333 0.1837739
1334 0.1837673
1335 0.183761
1336 0.1837545
1337 0.1837482
1338 0.1837418
1339 0.1837354
1340 0.1837291
1341 0.1837226
1342 0.1837165
1343 0.1837103
1344 0.183704
1345 0.1836977
1346 0.1836914
1347 0.1836856
1348 0.1836791
1349 0.183673
1350 0.183667
1351 0.1836608
1352 0.1836546
1353 0.1836485
1354 0.1836425
1355 0.1836366
1356 0.1836305
1357 0.1836244
1358 0.1836186
1359 0.1836125
1360 0.1836066
1361 0.1836006
1362 0.1835948
1363 0.1835889
1364 0.183583
1365 0.183577
1366 0.1835713
1367 0.1835655
1368 0.1835595
1369 0.1835539
1370 0.1835481
1371 0.183542
1372 0.1835366
1373 0.183531
1374 0.1835252
1375 0.1835194
1376 0.1835137
1377 0.1835081
1378 0.1835025
1379 0.1834969
1380 0.1834912
1381 0.1834856
1382 0.1834802
1383 0.1834747
1384 0.1834692
1385 0.1834635
1386 0.1834579
1387 0.1834525
1388 0.183447
1389 0.1834416
1390 0.183436
1391 0.1834306
1392 0.1834252
1393 0.1834201
1394 0.1834146
1395 0.1834091
1396 0.1834037
1397 0.1833986
1398 0.1833932
1399 0.1833878
1400 0.1833826
1401 0.1833776
1402 0.1833721
1403 0.1833671
1404 0.1833617
1405 0.1833565
1406 0.1833513
1407 0.1833461
1408 0.1833409
1409 0.1833358
1410 0.1833307
1411 0.1833256
1412 0.1833205
1413 0.1833153
1414 0.1833103
1415 0.1833053
1416 0.1833003
1417 0.1832954
1418 0.1832902
1419 0.1832853
1420 0.1832802
1421 0.1832752
1422 0.1832704
1423 0.1832657
1424 0.1832608
1425 0.1832558
1426 0.1832508
1427 0.1832461
1428 0.1832412
1429 0.1832363
1430 0.1832314
1431 0.1832268
1432 0.183222
1433 0.1832171
1434 0.1832123
1435 0.1832077
1436 0.1832028
1437 0.183198
1438 0.1831932
1439 0.1831885
1440 0.183184
1441 0.1831793
1442 0.1831746
1443 0.1831701
1444 0.1831654
1445 0.1831606
1446 0.1831562
1447 0.1831517
1448 0.183147
1449 0.1831424
1450 0.1831378
1451 0.183133
1452 0.1831286
1453 0.1831242
1454 0.1831197
1455 0.1831154
1456 0.1831108
1457 0.1831062
1458 0.1831017
1459 0.1830972
1460 0.1830929
1461 0.1830885
1462 0.1830841
1463 0.1830797
1464 0.1830753
1465 0.1830709
1466 0.1830666
1467 0.1830622
1468 0.1830578
1469 0.1830535
1470 0.1830491
1471 0.1830448
1472 0.1830405
1473 0.1830362
1474 0.1830318
1475 0.1830274
1476 0.1830232
1477 0.183019
1478 0.1830146
1479 0.1830104
1480 0.1830063
1481 0.183002
1482 0.1829979
1483 0.1829934
1484 0.1829892
1485 0.1829851
1486 0.182981
1487 0.1829768
1488 0.1829727
1489 0.1829685
1490 0.1829641
1491 0.18296
1492 0.1829559
1493 0.1829517
1494 0.1829476
1495 0.1829438
1496 0.1829395
1497 0.1829352
1498 0.1829311
1499 0.1829269
1500 0.182923
1501 0.1829188
1502 0.1829146
1503 0.1829108
1504 0.1829068
1505 0.1829025
1506 0.1828986
1507 0.1828945
1508 0.1828904
1509 0.1828862
1510 0.1828823
1511 0.1828783
1512 0.1828742
1513 0.1828703
1514 0.1828662
1515 0.1828621
1516 0.1828582
1517 0.1828542
1518 0.18285
1519 0.1828461
1520 0.182842
1521 0.1828379
1522 0.1828341
1523 0.1828299
1524 0.1828261
1525 0.1828223
1526 0.1828181
1527 0.1828143
1528 0.1828103
1529 0.1828062
1530 0.1828022
1531 0.1827984
1532 0.1827941
1533 0.1827904
1534 0.1827864
1535 0.1827823
1536 0.1827783
1537 0.1827746
1538 0.1827704
1539 0.1827666
1540 0.1827627
1541 0.1827586
1542 0.1827545
1543 0.1827505
1544 0.1827466
1545 0.1827428
1546 0.1827389
1547 0.1827348
1548 0.1827309
1549 0.1827269
1550 0.182723
1551 0.182719
1552 0.182715
1553 0.182711
1554 0.1827071
1555 0.1827033
1556 0.1826992
1557 0.1826953
1558 0.1826913
1559 0.1826875
1560 0.1826835
1561 0.1826794
1562 0.1826756
1563 0.1826717
1564 0.1826677
1565 0.1826636
1566 0.1826595
1567 0.1826556
1568 0.1826518
1569 0.1826479
1570 0.1826439
1571 0.1826399
1572 0.182636
1573 0.182632
1574 0.1826279
1575 0.1826239
1576 0.1826199
1577 0.182616
1578 0.182612
1579 0.182608
1580 0.1826039
1581 0.1825998
1582 0.182596
1583 0.1825921
1584 0.1825879
1585 0.1825837
1586 0.1825797
1587 0.1825756
1588 0.1825719
1589 0.1825679
1590 0.1825637
1591 0.1825598
1592 0.1825556
1593 0.1825514
1594 0.1825476
1595 0.1825437
1596 0.1825396
1597 0.1825355
1598 0.1825313
1599 0.1825275
1600 0.1825235
1601 0.1825194
1602 0.1825152
1603 0.1825112
1604 0.1825071
1605 0.1825029
1606 0.1824988
1607 0.1824949
1608 0.1824907
1609 0.1824864
1610 0.1824823
1611 0.1824784
1612 0.1824742
1613 0.1824701
1614 0.1824661
1615 0.1824619
1616 0.1824578
1617 0.1824536
1618 0.1824495
1619 0.1824456
1620 0.1824412
1621 0.1824371
1622 0.1824329
1623 0.1824288
1624 0.1824246
1625 0.1824204
1626 0.1824161
1627 0.182412
1628 0.1824081
1629 0.1824039
1630 0.1823996
1631 0.1823954
1632 0.1823913
1633 0.1823869
1634 0.1823829
1635 0.1823789
1636 0.1823745
1637 0.1823704
1638 0.1823663
1639 0.1823618
1640 0.1823575
1641 0.1823534
1642 0.1823491
1643 0.1823452
1644 0.1823408
1645 0.1823367
1646 0.1823325
1647 0.1823282
1648 0.1823239
1649 0.1823198
1650 0.1823155
1651 0.1823112
1652 0.1823069
1653 0.1823029
1654 0.1822986
1655 0.1822942
1656 0.18229
1657 0.1822856
1658 0.1822814
1659 0.182277
1660 0.1822729
1661 0.1822685
1662 0.1822643
1663 0.1822601
1664 0.1822558
1665 0.1822515
1666 0.1822474
1667 0.1822431
1668 0.1822388
1669 0.1822346
1670 0.1822302
1671 0.1822259
1672 0.1822217
1673 0.1822173
1674 0.1822131
1675 0.1822088
1676 0.1822044
1677 0.1822002
1678 0.1821959
1679 0.1821916
1680 0.1821873
1681 0.1821831
1682 0.1821786
1683 0.1821744
1684 0.1821701
1685 0.182166
1686 0.1821616
1687 0.1821573
1688 0.1821529
1689 0.1821486
1690 0.1821444
1691 0.1821402
1692 0.1821357
1693 0.1821316
1694 0.1821271
1695 0.1821231
1696 0.1821187
1697 0.1821142
1698 0.1821099
1699 0.1821055
1700 0.1821013
1701 0.182097
1702 0.1820927
1703 0.1820885
1704 0.1820843
1705 0.1820799
1706 0.1820757
1707 0.1820713
1708 0.1820669
1709 0.1820627
1710 0.1820583
1711 0.1820539
1712 0.1820496
1713 0.1820452
1714 0.1820411
1715 0.1820368
1716 0.1820327
1717 0.1820282
1718 0.1820241
1719 0.1820197
1720 0.1820155
1721 0.1820111
1722 0.1820069
1723 0.1820026
1724 0.1819982
1725 0.1819939
1726 0.1819897
1727 0.1819854
1728 0.1819811
1729 0.1819767
1730 0.1819726
1731 0.1819682
1732 0.1819641
1733 0.1819598
1734 0.1819555
1735 0.1819512
1736 0.1819468
1737 0.1819425
1738 0.1819384
1739 0.1819343
1740 0.18193
1741 0.1819258
1742 0.1819215
1743 0.1819172
1744 0.1819128
1745 0.1819085
1746 0.1819045
1747 0.1819003
1748 0.1818961
1749 0.1818916
1750 0.1818877
1751 0.1818833
1752 0.181879
1753 0.1818749
1754 0.1818706
1755 0.1818663
1756 0.1818624
1757 0.181858
1758 0.181854
1759 0.1818498
1760 0.1818454
1761 0.1818414
1762 0.1818372
1763 0.1818329
1764 0.1818286
1765 0.1818244
1766 0.1818203
1767 0.1818162
1768 0.1818121
1769 0.181808
1770 0.1818038
1771 0.1817996
1772 0.1817954
1773 0.1817914
1774 0.1817872
1775 0.1817831
1776 0.1817792
1777 0.1817749
1778 0.1817707
1779 0.1817665
1780 0.1817626
1781 0.1817585
1782 0.1817543
1783 0.1817504
1784 0.1817464
1785 0.1817421
1786 0.1817382
1787 0.1817341
1788 0.1817299
1789 0.1817259
1790 0.1817217
1791 0.1817177
1792 0.1817137
1793 0.1817098
1794 0.1817056
1795 0.1817016
1796 0.1816979
1797 0.1816938
1798 0.1816898
1799 0.1816855
1800 0.1816817
1801 0.1816775
1802 0.1816737
1803 0.1816695
1804 0.1816656
1805 0.1816617
1806 0.1816577
1807 0.1816536
1808 0.1816498
1809 0.181646
1810 0.1816421
1811 0.181638
1812 0.181634
1813 0.1816301
1814 0.1816263
1815 0.1816225
1816 0.1816187
1817 0.1816146
1818 0.1816105
1819 0.1816069
1820 0.181603
1821 0.1815995
1822 0.1815954
1823 0.1815913
1824 0.1815877
1825 0.1815838
1826 0.18158
1827 0.1815761
1828 0.1815723
1829 0.1815684
1830 0.1815647
1831 0.181561
1832 0.181557
1833 0.1815534
1834 0.1815494
1835 0.1815458
1836 0.1815421
1837 0.1815381
1838 0.1815346
1839 0.1815309
1840 0.1815271
1841 0.1815234
1842 0.1815197
1843 0.1815159
1844 0.1815122
1845 0.1815084
1846 0.1815047
1847 0.181501
1848 0.1814975
1849 0.1814939
1850 0.1814901
1851 0.1814866
1852 0.1814829
1853 0.1814793
1854 0.1814755
1855 0.1814721
1856 0.1814685
1857 0.1814649
1858 0.1814612
1859 0.1814577
1860 0.1814542
1861 0.1814506
1862 0.1814469
1863 0.1814436
1864 0.1814402
1865 0.1814367
1866 0.1814331
1867 0.1814295
1868 0.181426
1869 0.1814225
1870 0.1814191
1871 0.1814155
1872 0.1814119
1873 0.1814086
1874 0.1814051
1875 0.1814017
1876 0.1813982
1877 0.1813949
1878 0.1813915
1879 0.1813883
1880 0.1813847
1881 0.1813813
1882 0.1813778
1883 0.1813746
1884 0.1813713
1885 0.1813678
1886 0.1813646
1887 0.1813612
1888 0.1813578
1889 0.1813546
1890 0.1813512
1891 0.1813478
1892 0.1813447
1893 0.1813414
1894 0.1813382
1895 0.1813347
1896 0.1813315
1897 0.1813284
1898 0.1813252
1899 0.1813219
1900 0.1813185
1901 0.1813154
1902 0.1813121
1903 0.181309
1904 0.1813059
1905 0.1813026
1906 0.1812996
1907 0.1812963
1908 0.1812932
1909 0.1812903
1910 0.1812868
1911 0.1812837
1912 0.1812806
1913 0.1812776
1914 0.1812744
1915 0.1812714
1916 0.1812682
1917 0.1812651
1918 0.1812621
1919 0.1812589
1920 0.181256
1921 0.1812529
1922 0.18125
1923 0.1812471
1924 0.181244
1925 0.1812409
1926 0.1812378
1927 0.1812348
1928 0.1812321
1929 0.181229
1930 0.1812261
1931 0.181223
1932 0.18122
1933 0.1812172
1934 0.1812141
1935 0.1812113
1936 0.1812083
1937 0.1812056
1938 0.1812028
1939 0.1811998
1940 0.1811969
1941 0.1811942
1942 0.1811911
1943 0.1811882
1944 0.1811855
1945 0.1811827
1946 0.1811798
1947 0.1811769
1948 0.1811742
1949 0.1811714
1950 0.1811684
1951 0.1811659
1952 0.181163
1953 0.1811601
1954 0.1811575
1955 0.1811547
1956 0.1811519
1957 0.1811491
1958 0.1811465
1959 0.1811436
1960 0.1811411
1961 0.1811384
1962 0.1811358
1963 0.1811332
1964 0.1811302
1965 0.1811277
1966 0.1811252
1967 0.1811223
1968 0.1811197
1969 0.1811172
1970 0.1811144
1971 0.1811118
1972 0.1811093
1973 0.1811064
1974 0.181104
1975 0.1811012
1976 0.1810987
1977 0.1810963
1978 0.1810938
1979 0.181091
1980 0.1810885
1981 0.1810859
1982 0.1810834
1983 0.1810808
1984 0.1810784
1985 0.1810759
1986 0.1810732
1987 0.1810707
1988 0.1810685
1989 0.1810659
1990 0.1810634
1991 0.1810609
1992 0.1810584
1993 0.1810557
1994 0.1810533
1995 0.1810509
1996 0.1810484
1997 0.181046
1998 0.1810437
1999 0.1810413
2000 0.1810389
2001 0.1810363
2002 0.1810341
2003 0.1810316
2004 0.1810293
2005 0.1810268
2006 0.1810244
2007 0.1810222
2008 0.1810199
2009 0.1810174
2010 0.181015
2011 0.1810126
2012 0.1810103
2013 0.1810078
2014 0.1810055
2015 0.1810032
2016 0.1810008
2017 0.1809986
2018 0.1809961
2019 0.1809939
2020 0.1809916
2021 0.1809893
2022 0.1809871
2023 0.1809846
2024 0.1809824
2025 0.1809802
2026 0.180978
2027 0.1809758
2028 0.1809735
2029 0.1809711
2030 0.1809691
2031 0.1809668
2032 0.1809648
2033 0.1809624
2034 0.1809602
2035 0.180958
2036 0.1809558
2037 0.1809535
2038 0.1809514
2039 0.1809491
2040 0.180947
2041 0.1809448
2042 0.1809427
2043 0.1809404
2044 0.1809382
2045 0.1809362
2046 0.1809337
2047 0.1809317
2048 0.1809296
2049 0.1809272
2050 0.1809254
2051 0.1809232
2052 0.1809211
2053 0.180919
2054 0.1809171
2055 0.1809147
2056 0.1809126
2057 0.1809105
2058 0.1809085
2059 0.1809064
2060 0.1809042
2061 0.1809022
2062 0.1809002
2063 0.1808978
2064 0.1808957
2065 0.1808938
2066 0.1808919
2067 0.1808898
2068 0.1808877
2069 0.1808856
2070 0.1808838
2071 0.1808814
2072 0.1808796
2073 0.1808776
2074 0.1808756
2075 0.1808734
2076 0.1808713
2077 0.1808693
2078 0.1808675
2079 0.1808654
2080 0.1808633
2081 0.1808614
2082 0.1808593
2083 0.1808572
2084 0.1808551
2085 0.1808533
2086 0.1808512
2087 0.1808492
2088 0.1808473
2089 0.1808455
2090 0.1808436
2091 0.1808415
2092 0.1808395
2093 0.1808374
2094 0.1808356
2095 0.1808336
2096 0.1808316
2097 0.1808299
2098 0.1808278
2099 0.1808258
2100 0.1808241
2101 0.180822
2102 0.1808201
2103 0.1808181
2104 0.1808161
2105 0.1808143
2106 0.1808125
2107 0.1808107
2108 0.1808087
2109 0.1808067
2110 0.1808047
2111 0.1808029
2112 0.1808011
2113 0.1807993
2114 0.1807972
2115 0.1807954
2116 0.1807937
2117 0.1807918
2118 0.1807898
2119 0.1807879
2120 0.1807861
2121 0.1807843
2122 0.1807823
2123 0.1807804
2124 0.1807789
2125 0.180777
2126 0.1807752
2127 0.1807733
2128 0.1807713
2129 0.1807697
2130 0.1807676
2131 0.1807658
2132 0.1807642
2133 0.1807624
2134 0.1807605
2135 0.1807586
2136 0.1807568
2137 0.1807549
2138 0.1807533
2139 0.1807514
2140 0.1807495
2141 0.1807477
2142 0.1807459
2143 0.1807441
2144 0.1807425
2145 0.1807406
2146 0.1807389
2147 0.180737
2148 0.1807354
2149 0.1807335
2150 0.1807319
2151 0.1807302
2152 0.1807285
2153 0.1807266
2154 0.180725
2155 0.180723
2156 0.1807214
2157 0.1807199
2158 0.180718
2159 0.1807163
2160 0.1807144
2161 0.1807129
2162 0.1807111
2163 0.1807094
2164 0.1807077
2165 0.1807058
2166 0.1807043
2167 0.1807026
2168 0.1807008
2169 0.1806992
2170 0.1806976
2171 0.1806957
2172 0.180694
2173 0.1806925
2174 0.1806906
2175 0.180689
2176 0.1806873
2177 0.1806858
2178 0.1806842
2179 0.1806825
2180 0.1806807
2181 0.180679
2182 0.1806776
2183 0.1806761
2184 0.180674
2185 0.1806723
2186 0.1806708
2187 0.1806692
2188 0.1806677
2189 0.1806659
2190 0.1806642
2191 0.1806628
2192 0.1806611
2193 0.1806596
2194 0.180658
2195 0.1806564
2196 0.1806547
2197 0.1806532
2198 0.1806517
2199 0.1806499
2200 0.1806483
2201 0.1806468
2202 0.180645
2203 0.1806437
2204 0.1806419
2205 0.1806405
2206 0.1806389
2207 0.1806375
2208 0.1806359
2209 0.1806344
2210 0.1806327
2211 0.180631
2212 0.1806295
2213 0.180628
2214 0.1806265
2215 0.1806252
2216 0.1806236
2217 0.180622
2218 0.1806206
2219 0.1806189
2220 0.1806176
2221 0.1806161
2222 0.1806144
2223 0.180613
2224 0.1806115
2225 0.1806098
2226 0.1806086
2227 0.1806071
2228 0.1806056
2229 0.1806038
2230 0.1806025
2231 0.1806011
2232 0.1805997
2233 0.1805982
2234 0.1805967
2235 0.1805955
2236 0.1805937
2237 0.1805923
2238 0.1805909
2239 0.1805895
2240 0.180588
2241 0.1805866
2242 0.1805853
2243 0.1805838
2244 0.1805823
2245 0.1805809
2246 0.1805795
2247 0.1805781
2248 0.1805767
2249 0.1805753
2250 0.1805739
2251 0.1805727
2252 0.1805712
2253 0.1805698
2254 0.1805686
2255 0.1805671
2256 0.1805658
2257 0.1805643
2258 0.1805629
2259 0.1805616
2260 0.1805605
2261 0.180559
2262 0.1805578
2263 0.1805563
2264 0.1805548
2265 0.1805535
2266 0.1805523
2267 0.1805508
2268 0.1805497
2269 0.1805484
2270 0.1805471
2271 0.1805457
2272 0.1805444
2273 0.1805431
2274 0.1805418
2275 0.1805406
2276 0.1805393
2277 0.180538
2278 0.1805368
2279 0.1805355
2280 0.1805343
2281 0.1805329
2282 0.1805317
2283 0.1805305
2284 0.1805294
2285 0.1805277
2286 0.1805265
2287 0.1805255
2288 0.1805241
2289 0.180523
2290 0.1805219
2291 0.1805206
2292 0.1805192
2293 0.1805182
2294 0.180517
2295 0.1805159
2296 0.1805144
2297 0.1805133
2298 0.1805121
2299 0.1805109
2300 0.1805096
2301 0.1805086
2302 0.1805072
2303 0.1805061
2304 0.180505
2305 0.1805038
2306 0.1805026
2307 0.1805014
2308 0.1805002
2309 0.1804992
2310 0.180498
2311 0.1804968
2312 0.1804956
2313 0.1804945
2314 0.1804933
2315 0.1804922
2316 0.1804912
2317 0.18049
2318 0.1804889
2319 0.1804879
2320 0.1804866
2321 0.1804854
2322 0.1804845
2323 0.1804833
2324 0.1804823
2325 0.180481
2326 0.18048
2327 0.1804789
2328 0.1804778
2329 0.1804766
2330 0.1804757
2331 0.1804748
2332 0.1804735
2333 0.1804724
2334 0.1804712
2335 0.1804702
2336 0.1804692
2337 0.1804682
2338 0.1804671
2339 0.1804661
2340 0.1804651
2341 0.180464
2342 0.180463
2343 0.1804618
2344 0.180461
2345 0.1804599
2346 0.1804588
2347 0.1804577
2348 0.1804568
2349 0.1804558
2350 0.1804548
2351 0.1804539
2352 0.1804528
2353 0.1804518
2354 0.1804506
2355 0.1804498
2356 0.1804489
2357 0.180448
2358 0.1804471
2359 0.1804461
2360 0.180445
2361 0.180444
2362 0.180443
2363 0.180442
2364 0.1804411
2365 0.18044
2366 0.1804392
2367 0.1804383
2368 0.1804371
2369 0.1804362
2370 0.1804354
2371 0.1804345
2372 0.1804336
2373 0.1804327
2374 0.1804317
2375 0.1804309
2376 0.1804299
2377 0.180429
2378 0.1804278
2379 0.1804267
2380 0.180426
2381 0.1804249
2382 0.1804241
2383 0.1804232
2384 0.1804221
2385 0.1804213
2386 0.1804205
2387 0.1804197
2388 0.1804185
2389 0.1804176
2390 0.1804169
2391 0.1804159
2392 0.1804149
2393 0.1804139
2394 0.1804131
2395 0.1804126
2396 0.1804117
2397 0.1804105
2398 0.1804096
2399 0.1804089
2400 0.1804081
2401 0.1804071
2402 0.1804062
2403 0.1804053
2404 0.1804044
2405 0.1804035
2406 0.1804028
2407 0.1804017
2408 0.1804009
2409 0.1804
2410 0.1803993
2411 0.1803982
2412 0.1803973
2413 0.1803966
2414 0.1803955
2415 0.1803948
2416 0.180394
2417 0.1803931
2418 0.1803923
2419 0.1803914
2420 0.1803907
2421 0.1803896
2422 0.180389
2423 0.1803882
2424 0.1803873
2425 0.1803864
2426 0.1803853
2427 0.1803846
2428 0.1803838
2429 0.180383
2430 0.1803822
2431 0.1803812
2432 0.1803803
2433 0.1803794
2434 0.1803786
2435 0.1803775
2436 0.1803768
2437 0.1803759
2438 0.1803751
2439 0.1803742
2440 0.1803733
2441 0.1803723
2442 0.1803715
2443 0.1803707
2444 0.1803697
2445 0.1803689
2446 0.180368
2447 0.1803672
2448 0.1803662
2449 0.1803652
2450 0.1803644
2451 0.1803635
2452 0.1803627
2453 0.1803618
2454 0.1803608
2455 0.18036
2456 0.180359
2457 0.1803582
2458 0.1803572
2459 0.1803563
2460 0.1803555
2461 0.1803546
2462 0.1803535
2463 0.1803528
2464 0.180352
2465 0.1803511
2466 0.1803502
2467 0.1803492
2468 0.1803482
2469 0.1803474
2470 0.1803464
2471 0.1803454
2472 0.1803443
2473 0.1803436
2474 0.1803424
2475 0.1803415
2476 0.1803405
2477 0.1803396
2478 0.1803388
2479 0.1803378
2480 0.1803367
2481 0.1803358
2482 0.1803349
2483 0.1803338
2484 0.180333
2485 0.1803319
2486 0.180331
2487 0.1803298
2488 0.1803291
2489 0.1803278
2490 0.1803269
2491 0.180326
2492 0.1803248
2493 0.1803237
2494 0.1803226
2495 0.1803216
2496 0.1803207
2497 0.1803194
2498 0.1803184
2499 0.1803174
2500 0.1803165
2501 0.1803152
2502 0.1803141
2503 0.180313
2504 0.1803119
2505 0.1803109
2506 0.1803099
2507 0.1803089
2508 0.1803075
2509 0.1803065
2510 0.1803053
2511 0.1803043
2512 0.1803033
2513 0.1803021
2514 0.1803009
2515 0.1802996
2516 0.1802987
2517 0.1802972
2518 0.180296
2519 0.1802948
2520 0.1802938
2521 0.1802924
2522 0.1802913
2523 0.1802899
2524 0.1802889
2525 0.1802876
2526 0.1802861
2527 0.1802848
2528 0.1802837
2529 0.1802826
2530 0.1802811
2531 0.18028
2532 0.1802787
2533 0.1802775
2534 0.1802762
2535 0.1802749
2536 0.1802734
2537 0.180272
2538 0.1802708
2539 0.1802694
2540 0.180268
2541 0.1802668
2542 0.1802654
2543 0.180264
2544 0.1802626
2545 0.1802613
2546 0.1802598
2547 0.1802583
2548 0.1802569
2549 0.1802555
2550 0.1802542
2551 0.1802528
2552 0.1802512
2553 0.1802498
2554 0.1802482
2555 0.1802466
2556 0.1802452
2557 0.1802439
2558 0.1802424
2559 0.1802407
2560 0.1802391
2561 0.1802377
2562 0.1802361
2563 0.1802346
2564 0.1802328
2565 0.1802312
2566 0.1802296
2567 0.180228
2568 0.1802265
2569 0.1802249
2570 0.1802234
2571 0.1802219
2572 0.1802201
2573 0.1802185
2574 0.1802166
2575 0.1802151
2576 0.1802133
2577 0.1802118
2578 0.18021
2579 0.1802082
2580 0.1802065
2581 0.1802047
2582 0.180203
2583 0.1802012
2584 0.1801994
2585 0.1801975
2586 0.1801957
2587 0.180194
2588 0.180192
2589 0.1801904
2590 0.1801885
2591 0.1801866
2592 0.1801846
2593 0.1801829
2594 0.1801811
2595 0.1801794
2596 0.1801775
2597 0.1801756
2598 0.1801737
2599 0.1801718
2600 0.1801697
2601 0.1801678
2602 0.1801659
2603 0.1801641
2604 0.180162
2605 0.1801601
2606 0.180158
2607 0.1801559
2608 0.180154
2609 0.180152
2610 0.18015
2611 0.180148
2612 0.180146
2613 0.180144
2614 0.1801419
2615 0.1801398
2616 0.1801376
2617 0.1801357
2618 0.1801337
2619 0.1801317
2620 0.1801296
2621 0.1801274
2622 0.1801252
2623 0.1801229
2624 0.1801208
2625 0.1801187
2626 0.1801164
2627 0.1801142
2628 0.1801121
2629 0.1801099
2630 0.1801078
2631 0.1801054
2632 0.1801032
2633 0.180101
2634 0.1800987
2635 0.1800966
2636 0.1800942
2637 0.1800921
2638 0.1800898
2639 0.1800875
2640 0.1800851
2641 0.1800829
2642 0.1800806
2643 0.1800782
2644 0.180076
2645 0.1800736
2646 0.1800711
2647 0.1800689
2648 0.1800664
2649 0.180064
2650 0.1800617
2651 0.1800593
2652 0.180057
2653 0.1800545
2654 0.1800521
2655 0.1800497
2656 0.1800473
2657 0.1800449
2658 0.1800425
2659 0.18004
2660 0.1800376
2661 0.180035
2662 0.1800326
2663 0.18003
2664 0.1800276
2665 0.1800251
2666 0.1800227
2667 0.1800201
2668 0.1800176
2669 0.1800151
2670 0.1800124
2671 0.1800102
2672 0.1800076
2673 0.180005
2674 0.1800025
2675 0.1799998
2676 0.1799972
2677 0.1799946
2678 0.1799921
2679 0.1799895
2680 0.179987
2681 0.1799845
2682 0.1799818
2683 0.1799792
2684 0.1799766
2685 0.179974
2686 0.1799714
2687 0.1799688
2688 0.1799661
2689 0.1799635
2690 0.1799609
2691 0.1799584
2692 0.1799557
2693 0.1799528
2694 0.1799503
2695 0.1799476
2696 0.1799447
2697 0.1799421
2698 0.1799394
2699 0.1799367
2700 0.1799342
2701 0.1799315
2702 0.1799287
2703 0.1799261
2704 0.1799233
2705 0.1799206
2706 0.1799178
2707 0.1799151
2708 0.1799123
2709 0.1799096
2710 0.179907
2711 0.1799041
2712 0.1799014
2713 0.1798985
2714 0.1798957
2715 0.1798931
2716 0.1798903
2717 0.1798874
2718 0.1798846
2719 0.1798819
2720 0.1798791
2721 0.1798764
2722 0.1798735
2723 0.1798708
2724 0.1798681
2725 0.1798653
2726 0.1798625
2727 0.1798594
2728 0.1798566
2729 0.1798539
2730 0.1798511
2731 0.1798484
2732 0.1798455
2733 0.1798427
2734 0.1798398
2735 0.179837
2736 0.1798342
2737 0.1798313
2738 0.1798284
2739 0.1798255
2740 0.1798227
2741 0.1798201
2742 0.1798172
2743 0.1798142
2744 0.1798116
2745 0.1798086
2746 0.1798057
2747 0.179803
2748 0.1798002
2749 0.1797973
2750 0.1797945
2751 0.1797915
2752 0.1797888
2753 0.179786
2754 0.1797832
2755 0.1797802
2756 0.1797773
2757 0.1797746
2758 0.1797717
2759 0.1797687
2760 0.1797659
2761 0.1797629
2762 0.1797602
2763 0.1797574
2764 0.1797546
2765 0.1797516
2766 0.1797489
2767 0.1797461
2768 0.1797432
2769 0.1797403
2770 0.1797374
2771 0.1797345
2772 0.1797316
2773 0.1797289
2774 0.1797261
2775 0.1797231
2776 0.1797202
2777 0.1797174
2778 0.1797145
2779 0.1797117
2780 0.1797088
2781 0.179706
2782 0.1797031
2783 0.1797004
2784 0.1796976
2785 0.1796949
2786 0.1796919
2787 0.1796891
2788 0.1796861
2789 0.1796833
2790 0.1796804
2791 0.1796774
2792 0.1796747
2793 0.179672
2794 0.1796692
2795 0.1796663
2796 0.1796634
2797 0.1796607
2798 0.1796577
2799 0.179655
2800 0.1796523
2801 0.1796494
2802 0.1796466
2803 0.1796439
2804 0.1796409
2805 0.1796383
2806 0.1796354
2807 0.1796326
2808 0.1796299
2809 0.1796272
2810 0.1796243
2811 0.1796214
2812 0.1796186
2813 0.1796158
2814 0.1796132
2815 0.1796106
2816 0.1796075
2817 0.1796047
2818 0.1796017
2819 0.1795991
2820 0.1795963
2821 0.1795938
2822 0.179591
2823 0.1795884
2824 0.1795856
2825 0.179583
2826 0.1795802
2827 0.1795776
2828 0.1795747
2829 0.1795722
2830 0.1795693
2831 0.1795665
2832 0.1795639
2833 0.1795611
2834 0.1795583
2835 0.1795557
2836 0.1795531
2837 0.1795506
2838 0.1795478
2839 0.1795451
2840 0.1795422
2841 0.1795397
2842 0.1795371
2843 0.1795346
2844 0.179532
2845 0.1795292
2846 0.1795263
2847 0.1795236
2848 0.179521
2849 0.1795184
2850 0.1795158
2851 0.1795134
2852 0.1795108
2853 0.1795081
2854 0.1795055
2855 0.1795029
2856 0.1795002
2857 0.1794978
2858 0.1794953
2859 0.1794927
2860 0.1794901
2861 0.1794875
2862 0.1794849
2863 0.1794823
2864 0.1794797
2865 0.1794773
2866 0.1794747
2867 0.1794721
2868 0.1794696
2869 0.179467
2870 0.1794647
2871 0.1794621
2872 0.1794596
2873 0.1794572
2874 0.1794545
2875 0.1794521
2876 0.1794496
2877 0.1794473
2878 0.1794449
2879 0.1794424
2880 0.1794398
2881 0.1794373
2882 0.1794349
2883 0.1794325
2884 0.17943
2885 0.1794277
2886 0.1794251
2887 0.1794228
2888 0.1794203
2889 0.1794179
2890 0.1794154
2891 0.1794132
2892 0.1794108
2893 0.1794085
2894 0.1794064
2895 0.1794039
2896 0.1794015
2897 0.1793989
2898 0.1793967
2899 0.1793943
2900 0.179392
2901 0.1793897
2902 0.1793874
2903 0.179385
2904 0.1793828
2905 0.1793804
2906 0.1793782
2907 0.1793758
2908 0.1793734
2909 0.1793713
2910 0.1793689
2911 0.1793667
2912 0.1793643
2913 0.1793622
2914 0.17936
2915 0.1793577
2916 0.1793555
2917 0.1793531
2918 0.1793508
2919 0.1793487
2920 0.1793465
2921 0.1793442
2922 0.1793418
2923 0.1793396
2924 0.1793375
2925 0.1793353
2926 0.1793332
2927 0.1793311
2928 0.179329
2929 0.1793269
2930 0.1793246
2931 0.1793224
2932 0.1793203
2933 0.1793181
2934 0.179316
2935 0.1793139
2936 0.1793117
2937 0.1793096
2938 0.1793076
2939 0.1793054
2940 0.1793033
2941 0.1793013
2942 0.1792993
2943 0.1792971
2944 0.1792949
2945 0.179293
2946 0.179291
2947 0.1792889
2948 0.1792868
2949 0.1792848
2950 0.1792828
2951 0.1792809
2952 0.1792788
2953 0.1792766
2954 0.1792747
2955 0.1792727
2956 0.1792706
2957 0.1792686
2958 0.1792666
2959 0.1792646
2960 0.1792627
2961 0.1792607
2962 0.1792587
2963 0.1792568
2964 0.1792546
2965 0.1792526
2966 0.1792507
2967 0.1792487
2968 0.1792468
2969 0.179245
2970 0.179243
2971 0.179241
2972 0.1792391
2973 0.1792373
2974 0.1792354
2975 0.1792334
2976 0.1792315
2977 0.1792297
2978 0.1792278
2979 0.1792259
2980 0.1792239
2981 0.1792222
2982 0.1792203
2983 0.1792184
2984 0.1792165
2985 0.1792147
2986 0.1792128
2987 0.179211
2988 0.1792091
2989 0.1792073
2990 0.1792055
2991 0.1792037
2992 0.1792017
2993 0.1791999
2994 0.1791982
2995 0.1791962
2996 0.1791947
2997 0.1791928
2998 0.179191
2999 0.1791893
3000 0.1791875
3001 0.1791857
3002 0.1791838
3003 0.179182
3004 0.1791803
3005 0.1791786
3006 0.1791768
3007 0.179175
3008 0.1791731
3009 0.1791715
3010 0.1791697
3011 0.179168
3012 0.1791664
3013 0.1791646
3014 0.1791628
3015 0.179161
3016 0.1791594
3017 0.1791578
3018 0.1791562
3019 0.1791544
3020 0.1791526
3021 0.1791509
3022 0.1791492
3023 0.1791476
3024 0.1791458
3025 0.1791442
3026 0.1791426
3027 0.1791409
3028 0.1791392
3029 0.1791375
3030 0.1791359
3031 0.1791344
3032 0.1791326
3033 0.1791309
3034 0.1791293
3035 0.1791277
3036 0.1791262
3037 0.1791245
3038 0.1791229
3039 0.1791213
3040 0.1791197
3041 0.1791182
3042 0.1791165
3043 0.1791149
3044 0.1791132
3045 0.1791114
3046 0.1791098
3047 0.1791084
3048 0.1791068
3049 0.1791051
3050 0.1791035
3051 0.1791021
3052 0.1791003
3053 0.1790988
3054 0.1790974
3055 0.179096
3056 0.1790943
3057 0.1790928
3058 0.1790913
3059 0.1790896
3060 0.1790881
3061 0.1790866
3062 0.1790851
3063 0.1790836
3064 0.1790821
3065 0.1790805
3066 0.1790789
3067 0.1790775
3068 0.1790759
3069 0.1790743
3070 0.1790728
3071 0.1790714
3072 0.1790698
3073 0.1790682
3074 0.1790668
3075 0.1790652
3076 0.1790639
3077 0.1790624
3078 0.1790608
3079 0.1790593
3080 0.179058
3081 0.1790565
3082 0.1790551
3083 0.1790535
3084 0.1790521
3085 0.1790507
3086 0.1790491
3087 0.1790477
3088 0.1790462
3089 0.1790448
3090 0.1790433
3091 0.1790421
3092 0.1790405
3093 0.179039
3094 0.1790375
3095 0.1790361
3096 0.1790348
3097 0.1790334
3098 0.1790319
3099 0.1790304
3100 0.179029
3101 0.1790276
3102 0.1790261
3103 0.1790248
3104 0.1790234
3105 0.179022
3106 0.1790206
3107 0.1790192
3108 0.1790179
3109 0.1790165
3110 0.1790153
3111 0.1790138
3112 0.1790124
3113 0.179011
3114 0.1790095
3115 0.179008
3116 0.1790066
3117 0.1790053
3118 0.1790038
3119 0.1790024
3120 0.179001
3121 0.1789997
3122 0.1789983
3123 0.178997
3124 0.1789956
3125 0.1789943
3126 0.1789929
3127 0.1789917
3128 0.17899
3129 0.1789888
3130 0.1789874
3131 0.1789861
3132 0.1789848
3133 0.1789835
3134 0.1789822
3135 0.1789807
3136 0.1789794
3137 0.178978
3138 0.1789766
3139 0.1789753
3140 0.1789739
3141 0.1789726
3142 0.1789713
3143 0.1789699
3144 0.1789686
3145 0.1789672
3146 0.1789659
3147 0.1789646
3148 0.1789632
3149 0.178962
3150 0.1789606
3151 0.1789592
3152 0.1789579
3153 0.1789564
3154 0.1789551
3155 0.1789538
3156 0.1789526
3157 0.1789514
3158 0.17895
3159 0.1789486
3160 0.1789473
3161 0.1789459
3162 0.1789445
3163 0.1789431
3164 0.178942
3165 0.1789407
3166 0.1789394
3167 0.178938
3168 0.1789368
3169 0.1789355
3170 0.1789342
3171 0.1789329
3172 0.1789317
3173 0.1789303
3174 0.178929
3175 0.1789279
3176 0.1789265
3177 0.1789254
3178 0.178924
3179 0.1789227
3180 0.1789213
3181 0.17892
3182 0.1789188
3183 0.1789176
3184 0.1789162
3185 0.178915
3186 0.1789136
3187 0.1789123
3188 0.178911
3189 0.1789097
3190 0.1789084
3191 0.1789072
3192 0.1789058
3193 0.1789045
3194 0.1789031
3195 0.1789019
3196 0.1789006
3197 0.1788993
3198 0.1788979
3199 0.1788968
3200 0.1788955
3201 0.1788942
3202 0.1788929
3203 0.1788916
3204 0.1788903
3205 0.1788891
3206 0.1788879
3207 0.1788868
3208 0.1788855
3209 0.1788842
3210 0.1788829
3211 0.1788815
3212 0.1788803
3213 0.1788792
3214 0.1788779
3215 0.1788765
3216 0.1788754
3217 0.1788741
3218 0.1788728
3219 0.1788714
3220 0.1788701
3221 0.1788689
3222 0.1788676
3223 0.1788665
3224 0.1788653
3225 0.1788639
3226 0.1788627
3227 0.1788615
3228 0.1788601
3229 0.1788587
3230 0.1788576
3231 0.1788563
3232 0.1788551
3233 0.1788538
3234 0.1788527
3235 0.1788515
3236 0.1788501
3237 0.1788488
3238 0.1788476
3239 0.1788463
3240 0.1788451
3241 0.178844
3242 0.1788427
3243 0.1788414
3244 0.1788401
3245 0.178839
3246 0.1788378
3247 0.1788366
3248 0.1788354
3249 0.1788341
3250 0.1788328
3251 0.1788315
3252 0.1788305
3253 0.1788294
3254 0.1788281
3255 0.1788267
3256 0.1788256
3257 0.1788244
3258 0.1788231
3259 0.1788219
3260 0.1788207
3261 0.1788193
3262 0.1788182
3263 0.178817
3264 0.1788159
3265 0.1788148
3266 0.1788136
3267 0.1788122
3268 0.1788111
3269 0.1788099
3270 0.1788086
3271 0.1788075
3272 0.1788062
3273 0.1788048
3274 0.1788037
3275 0.1788024
3276 0.1788012
3277 0.1788
3278 0.1787987
3279 0.1787975
3280 0.1787963
3281 0.1787953
3282 0.1787941
3283 0.1787927
3284 0.1787916
3285 0.1787902
3286 0.1787893
3287 0.178788
3288 0.1787867
3289 0.1787856
3290 0.1787844
3291 0.1787832
3292 0.1787819
3293 0.1787806
3294 0.1787794
3295 0.1787782
3296 0.1787771
3297 0.178776
3298 0.1787749
3299 0.1787737
3300 0.1787725
3301 0.1787714
3302 0.1787702
3303 0.1787688
3304 0.1787677
3305 0.1787664
3306 0.1787651
3307 0.1787641
3308 0.1787626
3309 0.1787615
3310 0.1787602
3311 0.1787591
3312 0.178758
3313 0.1787568
3314 0.1787555
3315 0.1787544
3316 0.1787532
3317 0.1787522
3318 0.178751
3319 0.1787499
3320 0.1787487
3321 0.1787475
3322 0.1787463
3323 0.178745
3324 0.1787438
3325 0.1787427
3326 0.1787415
3327 0.1787404
3328 0.1787391
3329 0.1787379
3330 0.1787369
3331 0.1787358
3332 0.1787346
3333 0.1787335
3334 0.1787323
3335 0.1787312
3336 0.1787301
3337 0.1787288
3338 0.1787276
3339 0.1787265
3340 0.1787253
3341 0.1787241
3342 0.1787228
3343 0.1787216
3344 0.1787205
3345 0.1787195
3346 0.1787181
3347 0.1787171
3348 0.178716
3349 0.1787148
3350 0.1787136
3351 0.1787125
3352 0.1787115
3353 0.1787103
3354 0.1787093
3355 0.1787081
3356 0.1787069
3357 0.1787057
3358 0.1787046
3359 0.1787035
3360 0.1787023
3361 0.1787011
3362 0.1787
3363 0.1786989
3364 0.1786977
3365 0.1786968
3366 0.1786956
3367 0.1786944
3368 0.1786934
3369 0.1786923
3370 0.1786912
3371 0.1786901
3372 0.1786889
3373 0.1786878
3374 0.1786865
3375 0.1786854
3376 0.1786843
3377 0.1786832
3378 0.178682
3379 0.1786808
3380 0.1786798
3381 0.1786786
3382 0.1786775
3383 0.1786765
3384 0.1786754
3385 0.1786742
3386 0.1786732
3387 0.1786721
3388 0.1786709
3389 0.1786698
3390 0.1786688
3391 0.1786677
3392 0.1786666
3393 0.1786654
3394 0.1786643
3395 0.1786634
3396 0.1786622
3397 0.1786612
3398 0.1786602
3399 0.1786592
3400 0.178658
3401 0.1786568
3402 0.1786557
3403 0.1786547
3404 0.1786535
3405 0.1786525
3406 0.1786513
3407 0.1786501
3408 0.1786491
3409 0.1786479
3410 0.1786468
3411 0.1786458
3412 0.1786447
3413 0.1786437
3414 0.1786425
3415 0.1786416
3416 0.1786404
3417 0.1786393
3418 0.1786381
3419 0.178637
3420 0.1786359
3421 0.1786349
3422 0.1786338
3423 0.1786328
3424 0.1786317
3425 0.1786306
3426 0.1786296
3427 0.1786284
3428 0.1786274
3429 0.1786264
3430 0.1786252
3431 0.1786241
3432 0.1786231
3433 0.1786221
3434 0.178621
3435 0.17862
3436 0.178619
3437 0.1786179
3438 0.1786168
3439 0.1786158
3440 0.1786148
3441 0.1786137
3442 0.1786126
3443 0.1786117
3444 0.1786105
3445 0.1786095
3446 0.1786084
3447 0.1786073
3448 0.1786063
3449 0.1786054
3450 0.1786044
3451 0.1786032
3452 0.1786022
3453 0.178601
3454 0.1786001
3455 0.1785991
3456 0.178598
3457 0.1785969
3458 0.1785959
3459 0.1785949
3460 0.1785939
3461 0.1785928
3462 0.1785917
3463 0.1785907
3464 0.1785896
3465 0.1785886
3466 0.1785876
3467 0.1785866
3468 0.1785856
3469 0.1785845
3470 0.1785835
3471 0.1785827
3472 0.1785816
3473 0.1785804
3474 0.1785796
3475 0.1785786
3476 0.1785775
3477 0.1785764
3478 0.1785754
3479 0.1785744
3480 0.1785733
3481 0.1785723
3482 0.1785713
3483 0.1785704
3484 0.1785694
3485 0.1785683
3486 0.1785672
3487 0.1785662
3488 0.1785651
3489 0.1785642
3490 0.1785632
3491 0.1785622
3492 0.1785611
3493 0.1785601
3494 0.1785592
3495 0.1785582
3496 0.1785572
3497 0.1785561
3498 0.1785551
3499 0.178554
3500 0.1785531
3501 0.1785522
3502 0.1785511
3503 0.17855
3504 0.1785491
3505 0.178548
3506 0.1785469
3507 0.178546
3508 0.178545
3509 0.1785441
3510 0.1785431
3511 0.1785421
3512 0.1785411
3513 0.1785401
3514 0.1785391
3515 0.178538
3516 0.1785371
3517 0.1785363
3518 0.1785352
3519 0.1785341
3520 0.1785332
3521 0.1785322
3522 0.1785312
3523 0.1785303
3524 0.1785293
3525 0.1785282
3526 0.1785273
3527 0.1785263
3528 0.1785252
3529 0.1785243
3530 0.1785234
3531 0.1785225
3532 0.1785215
3533 0.1785204
3534 0.1785195
3535 0.1785186
3536 0.1785174
3537 0.1785164
3538 0.1785155
3539 0.1785146
3540 0.1785136
3541 0.1785126
3542 0.1785117
3543 0.1785108
3544 0.1785098
3545 0.1785088
3546 0.1785079
3547 0.1785069
3548 0.1785059
3549 0.178505
3550 0.1785039
3551 0.178503
3552 0.1785021
3553 0.1785012
3554 0.1785001
3555 0.1784991
3556 0.178498
3557 0.1784971
3558 0.1784961
3559 0.1784952
3560 0.1784943
3561 0.1784934
3562 0.1784923
3563 0.1784914
3564 0.1784905
3565 0.1784895
3566 0.1784885
3567 0.1784876
3568 0.1784865
3569 0.1784855
3570 0.1784845
3571 0.1784837
3572 0.1784828
3573 0.1784819
3574 0.1784808
3575 0.17848
3576 0.178479
3577 0.1784781
3578 0.1784771
3579 0.1784761
3580 0.1784753
3581 0.1784744
3582 0.1784734
3583 0.1784725
3584 0.1784716
3585 0.1784707
3586 0.1784698
3587 0.1784688
3588 0.1784679
3589 0.1784669
3590 0.178466
3591 0.1784651
3592 0.1784641
3593 0.1784631
3594 0.1784621
3595 0.1784612
3596 0.1784603
3597 0.1784593
3598 0.1784583
3599 0.1784573
3600 0.1784565
