"report-def-lift-rfile"
"Iteration" "report-def-lift"
("Iteration" "report-def-lift")
1 0.3039278
2 0.3178903
3 0.3312946
4 0.3440514
5 0.3560901
6 0.3673291
7 0.3776795
8 0.3871002
9 0.3956015
10 0.4032364
11 0.41009
12 0.4162652
13 0.4218685
14 0.4269971
15 0.4317276
16 0.4361261
17 0.4402382
18 0.4440896
19 0.4477048
20 0.4511055
21 0.4543267
22 0.4573331
23 0.4601072
24 0.4626195
25 0.4648425
26 0.4667563
27 0.4683458
28 0.469608
29 0.4705482
30 0.4711835
31 0.4715371
32 0.4716401
33 0.4715247
34 0.4712245
35 0.4707696
36 0.4701886
37 0.4695084
38 0.4687498
39 0.4679338
40 0.4670731
41 0.4661818
42 0.4652644
43 0.4643227
44 0.4633524
45 0.4623511
46 0.4613115
47 0.4602264
48 0.4590869
49 0.4578871
50 0.4566106
51 0.4552272
52 0.4537617
53 0.452223
54 0.4506183
55 0.4489577
56 0.4472546
57 0.4455227
58 0.4437775
59 0.4420303
60 0.4402925
61 0.4385767
62 0.4368915
63 0.4352462
64 0.4336478
65 0.4321007
66 0.4306112
67 0.4291796
68 0.4278083
69 0.4264978
70 0.4252487
71 0.4240597
72 0.4229299
73 0.4218572
74 0.4208409
75 0.4198779
76 0.4189686
77 0.4181095
78 0.4173
79 0.4165377
80 0.4158229
81 0.415154
82 0.4145313
83 0.4139524
84 0.4134189
85 0.4129279
86 0.4124801
87 0.4120746
88 0.4117109
89 0.4113872
90 0.4111023
91 0.4108556
92 0.4106466
93 0.4104725
94 0.4103326
95 0.4102241
96 0.4101456
97 0.4100959
98 0.4100734
99 0.4100753
100 0.4100996
101 0.4101455
102 0.4102102
103 0.4102911
104 0.4103896
105 0.4105003
106 0.4106239
107 0.4107586
108 0.4109029
109 0.4110551
110 0.4112138
111 0.4113782
112 0.4115471
113 0.4117199
114 0.4118956
115 0.4120736
116 0.4122524
117 0.4124307
118 0.4126104
119 0.4127878
120 0.412964
121 0.4131384
122 0.4133095
123 0.4134787
124 0.4136437
125 0.4138039
126 0.4139602
127 0.4141118
128 0.4142578
129 0.4143982
130 0.4145329
131 0.4146609
132 0.4147834
133 0.4148982
134 0.4150081
135 0.4151088
136 0.4152041
137 0.4152911
138 0.4153718
139 0.4154454
140 0.4155128
141 0.4155719
142 0.415625
143 0.4156713
144 0.415712
145 0.4157454
146 0.415773
147 0.4157951
148 0.415811
149 0.4158222
150 0.4158274
151 0.4158282
152 0.4158243
153 0.4158153
154 0.415802
155 0.4157844
156 0.4157628
157 0.4157378
158 0.4157097
159 0.4156783
160 0.4156439
161 0.4156058
162 0.4155646
163 0.4155217
164 0.4154764
165 0.4154283
166 0.4153783
167 0.4153266
168 0.4152727
169 0.4152174
170 0.4151602
171 0.4151021
172 0.4150421
173 0.4149812
174 0.4149191
175 0.4148566
176 0.4147934
177 0.4147288
178 0.4146646
179 0.4145995
180 0.4145339
181 0.4144685
182 0.4144018
183 0.4143364
184 0.4142697
185 0.4142037
186 0.4141375
187 0.4140712
188 0.4140066
189 0.413941
190 0.4138756
191 0.4138113
192 0.4137469
193 0.4136828
194 0.4136187
195 0.4135555
196 0.4134918
197 0.4134303
198 0.4133683
199 0.4133067
200 0.4132445
201 0.4131837
202 0.413123
203 0.4130636
204 0.4130037
205 0.4129442
206 0.4128855
207 0.4128263
208 0.412768
209 0.4127105
210 0.4126523
211 0.4125948
212 0.4125376
213 0.412481
214 0.412424
215 0.4123679
216 0.4123114
217 0.4122558
218 0.4122
219 0.4121439
220 0.4120883
221 0.4120333
222 0.4119779
223 0.4119225
224 0.4118675
225 0.4118125
226 0.4117572
227 0.4117019
228 0.4116473
229 0.4115926
230 0.411538
231 0.4114821
232 0.4114269
233 0.4113729
234 0.4113176
235 0.4112624
236 0.4112069
237 0.411152
238 0.4110959
239 0.4110407
240 0.4109846
241 0.4109294
242 0.4108739
243 0.4108182
244 0.4107612
245 0.4107048
246 0.4106488
247 0.4105923
248 0.4105352
249 0.4104779
250 0.4104213
251 0.410364
252 0.4103065
253 0.4102494
254 0.4101923
255 0.4101338
256 0.410076
257 0.4100173
258 0.4099589
259 0.4098998
260 0.409842
261 0.4097827
262 0.4097239
263 0.4096639
264 0.4096045
265 0.4095462
266 0.4094863
267 0.4094258
268 0.409366
269 0.4093063
270 0.4092457
271 0.4091853
272 0.4091251
273 0.4090644
274 0.409004
275 0.4089429
276 0.4088811
277 0.4088206
278 0.4087591
279 0.4086976
280 0.4086359
281 0.408574
282 0.4085124
283 0.4084502
284 0.4083885
285 0.4083264
286 0.4082629
287 0.4082012
288 0.4081384
289 0.4080761
290 0.4080143
291 0.4079509
292 0.4078883
293 0.4078248
294 0.4077621
295 0.4076988
296 0.4076356
297 0.4075726
298 0.4075094
299 0.407446
300 0.4073826
301 0.4073191
302 0.4072554
303 0.407192
304 0.407128
305 0.4070644
306 0.4070001
307 0.4069368
308 0.4068729
309 0.4068088
310 0.4067448
311 0.4066806
312 0.406616
313 0.4065521
314 0.4064882
315 0.4064242
316 0.4063598
317 0.4062949
318 0.4062311
319 0.4061671
320 0.4061019
321 0.4060376
322 0.4059733
323 0.4059096
324 0.4058446
325 0.4057798
326 0.4057149
327 0.4056505
328 0.4055862
329 0.4055221
330 0.4054573
331 0.4053925
332 0.4053279
333 0.4052626
334 0.4051983
335 0.4051333
336 0.4050688
337 0.4050045
338 0.4049399
339 0.4048747
340 0.4048101
341 0.4047447
342 0.40468
343 0.4046158
344 0.4045515
345 0.4044866
346 0.4044214
347 0.4043568
348 0.4042915
349 0.4042279
350 0.4041629
351 0.4040974
352 0.4040328
353 0.4039679
354 0.4039035
355 0.4038384
356 0.4037738
357 0.4037085
358 0.4036439
359 0.4035794
360 0.4035142
361 0.4034491
362 0.4033841
363 0.4033193
364 0.403254
365 0.4031896
366 0.4031238
367 0.4030592
368 0.4029942
369 0.4029291
370 0.4028639
371 0.4027982
372 0.4027342
373 0.4026687
374 0.4026032
375 0.4025381
376 0.4024723
377 0.4024079
378 0.4023421
379 0.4022763
380 0.4022109
381 0.402146
382 0.4020803
383 0.4020144
384 0.4019487
385 0.4018835
386 0.4018176
387 0.4017522
388 0.401686
389 0.4016213
390 0.4015548
391 0.4014887
392 0.401423
393 0.4013568
394 0.4012913
395 0.4012252
396 0.4011591
397 0.4010932
398 0.4010267
399 0.4009607
400 0.4008937
401 0.4008281
402 0.4007619
403 0.4006957
404 0.400629
405 0.4005624
406 0.400496
407 0.4004297
408 0.4003626
409 0.4002958
410 0.4002291
411 0.4001623
412 0.4000958
413 0.4000283
414 0.3999614
415 0.3998945
416 0.3998282
417 0.3997608
418 0.3996932
419 0.3996257
420 0.3995585
421 0.3994916
422 0.3994241
423 0.3993564
424 0.3992885
425 0.3992214
426 0.3991534
427 0.3990855
428 0.399018
429 0.3989496
430 0.3988825
431 0.3988138
432 0.398746
433 0.3986778
434 0.39861
435 0.3985414
436 0.3984734
437 0.3984048
438 0.3983364
439 0.3982681
440 0.3981992
441 0.3981307
442 0.398062
443 0.3979935
444 0.3979245
445 0.3978558
446 0.3977867
447 0.3977177
448 0.3976492
449 0.3975797
450 0.3975107
451 0.3974415
452 0.3973714
453 0.3973023
454 0.3972334
455 0.3971639
456 0.397094
457 0.3970245
458 0.3969544
459 0.3968856
460 0.3968157
461 0.3967456
462 0.3966756
463 0.3966056
464 0.3965357
465 0.3964648
466 0.3963953
467 0.3963251
468 0.3962553
469 0.3961841
470 0.396114
471 0.3960437
472 0.3959732
473 0.3959024
474 0.3958322
475 0.3957612
476 0.3956906
477 0.3956195
478 0.3955493
479 0.3954778
480 0.3954067
481 0.3953356
482 0.3952644
483 0.3951938
484 0.3951221
485 0.3950507
486 0.3949794
487 0.3949083
488 0.3948362
489 0.3947656
490 0.3946935
491 0.3946221
492 0.3945503
493 0.3944779
494 0.3944064
495 0.3943341
496 0.3942617
497 0.3941896
498 0.3941177
499 0.3940458
500 0.3939734
501 0.3939008
502 0.3938283
503 0.3937558
504 0.3936825
505 0.3936106
506 0.3935383
507 0.3934655
508 0.3933921
509 0.3933192
510 0.3932465
511 0.3931732
512 0.3931002
513 0.3930274
514 0.3929539
515 0.3928801
516 0.3928068
517 0.3927335
518 0.3926595
519 0.3925854
520 0.392512
521 0.3924376
522 0.3923637
523 0.3922902
524 0.392216
525 0.3921414
526 0.3920676
527 0.3919927
528 0.3919188
529 0.3918445
530 0.3917696
531 0.3916951
532 0.3916199
533 0.3915453
534 0.3914699
535 0.3913949
536 0.3913198
537 0.3912443
538 0.3911697
539 0.391094
540 0.3910182
541 0.3909427
542 0.3908673
543 0.3907914
544 0.3907149
545 0.3906391
546 0.3905635
547 0.3904867
548 0.3904108
549 0.390334
550 0.3902577
551 0.3901815
552 0.3901047
553 0.3900273
554 0.3899508
555 0.3898733
556 0.389796
557 0.3897188
558 0.3896415
559 0.3895643
560 0.3894866
561 0.3894087
562 0.3893308
563 0.3892536
564 0.389176
565 0.3890971
566 0.3890186
567 0.3889396
568 0.3888619
569 0.3887835
570 0.3887047
571 0.3886251
572 0.3885462
573 0.3884673
574 0.3883875
575 0.3883084
576 0.3882288
577 0.3881484
578 0.3880686
579 0.3879888
580 0.3879084
581 0.3878283
582 0.3877479
583 0.387667
584 0.3875865
585 0.3875056
586 0.3874243
587 0.3873427
588 0.3872615
589 0.3871795
590 0.3870989
591 0.3870165
592 0.386934
593 0.3868513
594 0.3867692
595 0.3866863
596 0.386604
597 0.386521
598 0.3864373
599 0.386354
600 0.3862703
601 0.3861864
602 0.3861026
603 0.3860183
604 0.3859337
605 0.3858497
606 0.3857652
607 0.3856792
608 0.3855946
609 0.3855095
610 0.3854234
611 0.3853378
612 0.3852512
613 0.3851659
614 0.3850787
615 0.3849923
616 0.3849056
617 0.3848183
618 0.3847307
619 0.3846437
620 0.384556
621 0.3844681
622 0.3843794
623 0.3842913
624 0.3842025
625 0.3841135
626 0.3840244
627 0.3839351
628 0.3838463
629 0.3837555
630 0.3836659
631 0.3835757
632 0.3834851
633 0.3833942
634 0.3833033
635 0.3832116
636 0.3831213
637 0.3830291
638 0.3829379
639 0.3828458
640 0.3827534
641 0.3826608
642 0.3825684
643 0.3824748
644 0.3823819
645 0.3822882
646 0.3821948
647 0.3821007
648 0.3820073
649 0.3819129
650 0.3818189
651 0.3817244
652 0.3816291
653 0.3815343
654 0.3814393
655 0.3813441
656 0.3812488
657 0.3811525
658 0.3810569
659 0.3809609
660 0.3808644
661 0.380768
662 0.3806716
663 0.3805754
664 0.380479
665 0.3803817
666 0.3802845
667 0.3801871
668 0.3800896
669 0.3799927
670 0.3798948
671 0.3797971
672 0.3796997
673 0.3796014
674 0.3795034
675 0.3794056
676 0.3793078
677 0.3792089
678 0.379111
679 0.3790123
680 0.3789141
681 0.3788148
682 0.3787163
683 0.3786175
684 0.3785191
685 0.3784205
686 0.378322
687 0.3782233
688 0.3781247
689 0.3780264
690 0.3779274
691 0.377829
692 0.3777297
693 0.3776311
694 0.3775327
695 0.3774334
696 0.3773348
697 0.3772365
698 0.3771378
699 0.3770394
700 0.3769415
701 0.376843
702 0.3767441
703 0.3766469
704 0.3765486
705 0.3764508
706 0.3763531
707 0.3762551
708 0.3761576
709 0.3760597
710 0.3759633
711 0.3758659
712 0.3757689
713 0.3756721
714 0.3755757
715 0.3754787
716 0.3753824
717 0.375286
718 0.3751911
719 0.3750945
720 0.3749993
721 0.3749033
722 0.3748086
723 0.3747137
724 0.374619
725 0.3745241
726 0.3744302
727 0.3743364
728 0.3742426
729 0.3741492
730 0.3740561
731 0.3739628
732 0.3738704
733 0.3737782
734 0.373686
735 0.3735942
736 0.3735031
737 0.3734122
738 0.373321
739 0.3732298
740 0.37314
741 0.3730499
742 0.3729609
743 0.3728714
744 0.3727823
745 0.3726944
746 0.372606
747 0.3725183
748 0.3724306
749 0.3723438
750 0.3722571
751 0.3721708
752 0.3720844
753 0.3719994
754 0.3719139
755 0.3718296
756 0.3717452
757 0.371661
758 0.3715778
759 0.3714945
760 0.3714122
761 0.3713293
762 0.3712477
763 0.3711663
764 0.3710849
765 0.3710046
766 0.3709244
767 0.3708448
768 0.3707652
769 0.3706864
770 0.3706077
771 0.3705294
772 0.3704522
773 0.3703756
774 0.3702989
775 0.3702226
776 0.3701468
777 0.3700714
778 0.3699965
779 0.3699219
780 0.3698488
781 0.3697756
782 0.3697024
783 0.3696299
784 0.3695578
785 0.3694867
786 0.3694155
787 0.369345
788 0.3692747
789 0.3692047
790 0.3691369
791 0.3690679
792 0.3689995
793 0.3689317
794 0.3688648
795 0.3687978
796 0.3687316
797 0.3686659
798 0.3686014
799 0.3685369
800 0.3684717
801 0.368408
802 0.3683449
803 0.3682824
804 0.36822
805 0.3681584
806 0.3680968
807 0.3680361
808 0.3679751
809 0.3679155
810 0.3678561
811 0.3677973
812 0.3677388
813 0.3676805
814 0.3676236
815 0.3675662
816 0.3675091
817 0.3674532
818 0.3673981
819 0.3673424
820 0.3672881
821 0.3672331
822 0.3671798
823 0.3671261
824 0.3670735
825 0.367021
826 0.3669687
827 0.3669176
828 0.3668665
829 0.3668158
830 0.3667655
831 0.3667156
832 0.3666664
833 0.3666178
834 0.3665691
835 0.3665209
836 0.366473
837 0.3664263
838 0.3663791
839 0.3663329
840 0.3662877
841 0.3662416
842 0.366197
843 0.3661523
844 0.3661079
845 0.3660638
846 0.3660201
847 0.365977
848 0.365934
849 0.3658917
850 0.36585
851 0.3658089
852 0.3657671
853 0.3657261
854 0.3656857
855 0.3656459
856 0.3656063
857 0.3655671
858 0.3655277
859 0.3654894
860 0.3654507
861 0.3654131
862 0.365375
863 0.3653379
864 0.3653007
865 0.365264
866 0.3652276
867 0.3651917
868 0.3651564
869 0.3651209
870 0.3650849
871 0.3650511
872 0.3650167
873 0.3649822
874 0.3649483
875 0.3649148
876 0.3648812
877 0.364848
878 0.3648157
879 0.3647832
880 0.3647509
881 0.3647193
882 0.3646875
883 0.3646558
884 0.3646246
885 0.3645932
886 0.3645636
887 0.3645322
888 0.3645027
889 0.3644719
890 0.3644423
891 0.3644132
892 0.3643837
893 0.3643552
894 0.3643261
895 0.3642975
896 0.3642682
897 0.3642404
898 0.364212
899 0.3641844
900 0.3641569
901 0.36413
902 0.3641023
903 0.3640755
904 0.3640484
905 0.364022
906 0.3639953
907 0.363969
908 0.3639433
909 0.3639168
910 0.3638912
911 0.3638653
912 0.3638393
913 0.3638141
914 0.363789
915 0.3637642
916 0.3637382
917 0.3637139
918 0.3636894
919 0.3636651
920 0.3636404
921 0.3636168
922 0.3635927
923 0.3635683
924 0.3635447
925 0.3635207
926 0.363497
927 0.363474
928 0.3634498
929 0.3634269
930 0.3634038
931 0.3633811
932 0.3633578
933 0.3633347
934 0.3633122
935 0.3632894
936 0.3632672
937 0.363244
938 0.3632217
939 0.3631994
940 0.3631769
941 0.3631552
942 0.3631333
943 0.3631112
944 0.3630891
945 0.3630671
946 0.3630459
947 0.3630235
948 0.3630022
949 0.36298
950 0.3629593
951 0.362938
952 0.3629159
953 0.3628952
954 0.3628737
955 0.3628518
956 0.3628314
957 0.3628104
958 0.3627888
959 0.3627678
960 0.3627473
961 0.3627264
962 0.3627056
963 0.3626847
964 0.3626638
965 0.3626426
966 0.3626223
967 0.3626015
968 0.3625813
969 0.3625609
970 0.3625404
971 0.3625201
972 0.3624995
973 0.3624793
974 0.3624588
975 0.3624387
976 0.3624181
977 0.3623978
978 0.3623772
979 0.3623571
980 0.362337
981 0.362317
982 0.3622968
983 0.3622769
984 0.3622568
985 0.3622372
986 0.3622168
987 0.3621966
988 0.362177
989 0.3621573
990 0.362137
991 0.3621171
992 0.3620974
993 0.3620777
994 0.3620576
995 0.3620381
996 0.3620183
997 0.3619989
998 0.3619784
999 0.3619585
1000 0.3619393
1001 0.3619194
1002 0.3618993
1003 0.3618803
1004 0.3618601
1005 0.3618407
1006 0.3618207
1007 0.3618011
1008 0.3617821
1009 0.3617625
1010 0.361743
1011 0.3617236
1012 0.3617038
1013 0.3616843
1014 0.361665
1015 0.3616448
1016 0.3616258
1017 0.3616064
1018 0.361587
1019 0.3615675
1020 0.3615475
1021 0.3615281
1022 0.361509
1023 0.3614899
1024 0.3614703
1025 0.3614505
1026 0.3614316
1027 0.3614127
1028 0.3613931
1029 0.3613733
1030 0.3613543
1031 0.361335
1032 0.3613158
1033 0.3612962
1034 0.3612771
1035 0.3612576
1036 0.361238
1037 0.3612188
1038 0.3611997
1039 0.36118
1040 0.3611612
1041 0.3611415
1042 0.3611223
1043 0.3611031
1044 0.3610839
1045 0.3610642
1046 0.3610453
1047 0.3610252
1048 0.3610066
1049 0.3609873
1050 0.3609678
1051 0.3609486
1052 0.3609296
1053 0.3609103
1054 0.3608904
1055 0.3608717
1056 0.3608525
1057 0.3608325
1058 0.3608136
1059 0.3607948
1060 0.3607749
1061 0.3607555
1062 0.3607365
1063 0.3607168
1064 0.360698
1065 0.3606787
1066 0.3606594
1067 0.3606401
1068 0.3606207
1069 0.3606005
1070 0.3605813
1071 0.360562
1072 0.3605422
1073 0.3605234
1074 0.3605036
1075 0.3604848
1076 0.3604658
1077 0.3604464
1078 0.3604271
1079 0.3604071
1080 0.3603873
1081 0.3603683
1082 0.3603486
1083 0.3603292
1084 0.3603098
1085 0.3602901
1086 0.3602705
1087 0.3602505
1088 0.360231
1089 0.3602118
1090 0.3601919
1091 0.3601723
1092 0.3601529
1093 0.3601329
1094 0.3601133
1095 0.3600934
1096 0.3600743
1097 0.3600536
1098 0.3600343
1099 0.3600144
1100 0.3599947
1101 0.3599748
1102 0.3599545
1103 0.3599349
1104 0.3599156
1105 0.3598951
1106 0.3598759
1107 0.3598557
1108 0.3598357
1109 0.359816
1110 0.359796
1111 0.3597756
1112 0.3597555
1113 0.3597354
1114 0.3597154
1115 0.3596954
1116 0.3596751
1117 0.3596556
1118 0.3596346
1119 0.3596145
1120 0.3595944
1121 0.3595745
1122 0.3595533
1123 0.3595328
1124 0.3595134
1125 0.359493
1126 0.3594727
1127 0.3594519
1128 0.3594314
1129 0.359411
1130 0.3593905
1131 0.3593698
1132 0.3593495
1133 0.3593291
1134 0.3593084
1135 0.3592879
1136 0.3592676
1137 0.3592465
1138 0.3592259
1139 0.3592051
1140 0.3591844
1141 0.3591639
1142 0.3591426
1143 0.3591224
1144 0.3591012
1145 0.3590802
1146 0.3590596
1147 0.3590389
1148 0.3590181
1149 0.3589967
1150 0.3589754
1151 0.3589544
1152 0.3589338
1153 0.3589127
1154 0.358892
1155 0.3588709
1156 0.358849
1157 0.3588283
1158 0.3588072
1159 0.3587863
1160 0.3587649
1161 0.3587435
1162 0.358722
1163 0.358701
1164 0.3586799
1165 0.358658
1166 0.3586371
1167 0.3586156
1168 0.3585952
1169 0.3585734
1170 0.3585519
1171 0.3585303
1172 0.3585087
1173 0.3584873
1174 0.3584659
1175 0.3584442
1176 0.3584228
1177 0.3584013
1178 0.3583804
1179 0.3583585
1180 0.358337
1181 0.3583159
1182 0.3582937
1183 0.3582721
1184 0.3582496
1185 0.3582286
1186 0.3582068
1187 0.3581857
1188 0.3581644
1189 0.3581423
1190 0.3581203
1191 0.3580987
1192 0.3580771
1193 0.3580556
1194 0.3580334
1195 0.3580119
1196 0.3579903
1197 0.3579684
1198 0.3579466
1199 0.3579246
1200 0.3579032
1201 0.3578812
1202 0.3578593
1203 0.3578384
1204 0.3578162
1205 0.3577942
1206 0.3577726
1207 0.3577509
1208 0.3577287
1209 0.3577071
1210 0.3576847
1211 0.3576632
1212 0.3576418
1213 0.3576192
1214 0.3575979
1215 0.3575757
1216 0.3575541
1217 0.357532
1218 0.3575104
1219 0.3574879
1220 0.3574664
1221 0.3574443
1222 0.3574225
1223 0.3574007
1224 0.3573785
1225 0.357357
1226 0.3573349
1227 0.3573133
1228 0.3572915
1229 0.3572693
1230 0.3572477
1231 0.3572259
1232 0.357204
1233 0.357182
1234 0.3571603
1235 0.357139
1236 0.3571171
1237 0.3570956
1238 0.3570732
1239 0.3570509
1240 0.3570299
1241 0.3570077
1242 0.3569865
1243 0.3569636
1244 0.3569429
1245 0.3569211
1246 0.3568984
1247 0.3568779
1248 0.356856
1249 0.356834
1250 0.3568125
1251 0.3567908
1252 0.3567692
1253 0.3567478
1254 0.3567264
1255 0.3567048
1256 0.356683
1257 0.3566608
1258 0.3566399
1259 0.3566176
1260 0.3565964
1261 0.3565749
1262 0.3565529
1263 0.3565315
1264 0.3565106
1265 0.3564892
1266 0.3564681
1267 0.3564464
1268 0.3564247
1269 0.3564025
1270 0.3563812
1271 0.35636
1272 0.3563391
1273 0.3563179
1274 0.356296
1275 0.3562744
1276 0.3562534
1277 0.3562321
1278 0.3562111
1279 0.3561894
1280 0.3561684
1281 0.3561469
1282 0.3561261
1283 0.3561048
1284 0.3560837
1285 0.3560631
1286 0.3560416
1287 0.3560207
1288 0.3559991
1289 0.355978
1290 0.3559574
1291 0.3559365
1292 0.3559149
1293 0.3558946
1294 0.3558733
1295 0.3558519
1296 0.3558316
1297 0.3558105
1298 0.3557894
1299 0.3557684
1300 0.3557481
1301 0.3557273
1302 0.3557063
1303 0.3556855
1304 0.3556651
1305 0.3556445
1306 0.3556234
1307 0.3556037
1308 0.3555825
1309 0.3555612
1310 0.3555411
1311 0.3555202
1312 0.3555002
1313 0.3554793
1314 0.3554592
1315 0.3554386
1316 0.3554179
1317 0.3553976
1318 0.3553777
1319 0.355357
1320 0.3553365
1321 0.3553158
1322 0.3552957
1323 0.3552756
1324 0.3552555
1325 0.3552352
1326 0.3552147
1327 0.3551943
1328 0.3551746
1329 0.3551545
1330 0.355134
1331 0.3551149
1332 0.3550951
1333 0.3550745
1334 0.355054
1335 0.3550347
1336 0.3550145
1337 0.3549947
1338 0.3549747
1339 0.3549547
1340 0.3549349
1341 0.3549148
1342 0.3548954
1343 0.354876
1344 0.3548562
1345 0.3548364
1346 0.3548164
1347 0.3547977
1348 0.3547776
1349 0.3547581
1350 0.3547391
1351 0.3547191
1352 0.3546996
1353 0.3546801
1354 0.3546607
1355 0.3546417
1356 0.3546224
1357 0.3546027
1358 0.3545841
1359 0.3545641
1360 0.354545
1361 0.354526
1362 0.3545069
1363 0.354488
1364 0.3544687
1365 0.3544494
1366 0.3544308
1367 0.3544118
1368 0.3543923
1369 0.3543738
1370 0.3543549
1371 0.3543352
1372 0.3543171
1373 0.3542991
1374 0.3542797
1375 0.3542606
1376 0.3542418
1377 0.3542235
1378 0.3542047
1379 0.3541862
1380 0.3541674
1381 0.3541488
1382 0.3541307
1383 0.3541121
1384 0.3540938
1385 0.3540752
1386 0.3540565
1387 0.3540384
1388 0.3540198
1389 0.3540017
1390 0.3539832
1391 0.353965
1392 0.3539468
1393 0.3539292
1394 0.3539106
1395 0.3538923
1396 0.3538741
1397 0.3538565
1398 0.3538384
1399 0.3538201
1400 0.3538022
1401 0.3537851
1402 0.3537666
1403 0.3537491
1404 0.3537309
1405 0.3537131
1406 0.3536952
1407 0.3536775
1408 0.3536595
1409 0.353642
1410 0.3536245
1411 0.3536069
1412 0.3535891
1413 0.3535714
1414 0.3535539
1415 0.3535365
1416 0.3535191
1417 0.3535017
1418 0.353484
1419 0.353467
1420 0.3534491
1421 0.3534318
1422 0.3534147
1423 0.3533979
1424 0.3533809
1425 0.3533633
1426 0.3533461
1427 0.3533294
1428 0.3533119
1429 0.3532947
1430 0.3532776
1431 0.3532609
1432 0.3532439
1433 0.3532265
1434 0.3532097
1435 0.3531931
1436 0.3531758
1437 0.3531589
1438 0.3531418
1439 0.3531249
1440 0.3531084
1441 0.3530916
1442 0.3530749
1443 0.3530585
1444 0.3530419
1445 0.3530245
1446 0.3530086
1447 0.3529919
1448 0.3529752
1449 0.3529586
1450 0.3529419
1451 0.3529249
1452 0.3529087
1453 0.3528926
1454 0.352876
1455 0.3528601
1456 0.3528433
1457 0.3528268
1458 0.3528101
1459 0.3527939
1460 0.352778
1461 0.3527616
1462 0.3527455
1463 0.3527292
1464 0.3527129
1465 0.3526968
1466 0.3526809
1467 0.3526647
1468 0.3526485
1469 0.3526322
1470 0.352616
1471 0.3525999
1472 0.3525839
1473 0.3525679
1474 0.3525517
1475 0.3525354
1476 0.3525196
1477 0.3525037
1478 0.3524874
1479 0.3524718
1480 0.3524561
1481 0.35244
1482 0.3524246
1483 0.3524077
1484 0.3523923
1485 0.3523766
1486 0.3523608
1487 0.3523451
1488 0.3523295
1489 0.3523138
1490 0.3522974
1491 0.3522815
1492 0.3522659
1493 0.3522503
1494 0.3522346
1495 0.3522198
1496 0.3522037
1497 0.3521877
1498 0.352172
1499 0.3521562
1500 0.3521409
1501 0.352125
1502 0.3521092
1503 0.3520944
1504 0.3520789
1505 0.3520627
1506 0.3520476
1507 0.3520322
1508 0.3520165
1509 0.3520005
1510 0.3519851
1511 0.3519697
1512 0.3519543
1513 0.3519391
1514 0.3519234
1515 0.3519077
1516 0.3518926
1517 0.3518771
1518 0.3518613
1519 0.351846
1520 0.3518303
1521 0.3518148
1522 0.3517998
1523 0.3517839
1524 0.3517691
1525 0.3517542
1526 0.3517384
1527 0.3517233
1528 0.3517082
1529 0.3516924
1530 0.3516767
1531 0.3516618
1532 0.3516458
1533 0.351631
1534 0.3516157
1535 0.3516002
1536 0.3515849
1537 0.3515701
1538 0.3515543
1539 0.3515394
1540 0.3515243
1541 0.3515087
1542 0.3514929
1543 0.3514778
1544 0.3514627
1545 0.3514478
1546 0.3514327
1547 0.3514172
1548 0.351402
1549 0.3513866
1550 0.3513715
1551 0.3513563
1552 0.3513409
1553 0.3513257
1554 0.3513106
1555 0.3512956
1556 0.3512801
1557 0.3512652
1558 0.35125
1559 0.3512352
1560 0.3512198
1561 0.3512043
1562 0.3511893
1563 0.3511744
1564 0.3511591
1565 0.3511437
1566 0.3511282
1567 0.3511132
1568 0.3510986
1569 0.3510832
1570 0.3510681
1571 0.351053
1572 0.351038
1573 0.3510228
1574 0.3510073
1575 0.3509923
1576 0.3509771
1577 0.3509619
1578 0.3509465
1579 0.3509316
1580 0.3509164
1581 0.3509009
1582 0.3508861
1583 0.3508713
1584 0.3508559
1585 0.3508403
1586 0.3508252
1587 0.3508097
1588 0.3507952
1589 0.35078
1590 0.3507645
1591 0.3507496
1592 0.3507343
1593 0.3507186
1594 0.350704
1595 0.3506895
1596 0.350674
1597 0.3506584
1598 0.3506433
1599 0.3506287
1600 0.3506137
1601 0.3505984
1602 0.350583
1603 0.350568
1604 0.350553
1605 0.3505374
1606 0.350522
1607 0.3505073
1608 0.3504917
1609 0.3504762
1610 0.350461
1611 0.3504461
1612 0.3504308
1613 0.3504156
1614 0.3504005
1615 0.3503854
1616 0.3503703
1617 0.350355
1618 0.3503396
1619 0.3503252
1620 0.3503092
1621 0.3502939
1622 0.3502787
1623 0.3502635
1624 0.3502482
1625 0.350233
1626 0.3502175
1627 0.3502025
1628 0.3501878
1629 0.3501722
1630 0.3501567
1631 0.3501418
1632 0.3501266
1633 0.3501107
1634 0.3500961
1635 0.3500813
1636 0.3500654
1637 0.3500505
1638 0.3500354
1639 0.3500196
1640 0.350004
1641 0.3499888
1642 0.3499736
1643 0.3499591
1644 0.3499434
1645 0.3499283
1646 0.3499131
1647 0.3498977
1648 0.3498823
1649 0.3498672
1650 0.3498518
1651 0.3498364
1652 0.3498207
1653 0.3498061
1654 0.3497907
1655 0.3497751
1656 0.3497602
1657 0.3497443
1658 0.349729
1659 0.3497136
1660 0.3496987
1661 0.3496831
1662 0.3496681
1663 0.3496531
1664 0.3496375
1665 0.3496221
1666 0.3496071
1667 0.3495918
1668 0.3495765
1669 0.3495613
1670 0.3495456
1671 0.3495303
1672 0.3495153
1673 0.3494999
1674 0.3494848
1675 0.3494694
1676 0.3494538
1677 0.3494387
1678 0.3494235
1679 0.3494079
1680 0.3493928
1681 0.3493776
1682 0.3493618
1683 0.3493469
1684 0.3493316
1685 0.3493167
1686 0.3493012
1687 0.3492859
1688 0.3492701
1689 0.349255
1690 0.3492402
1691 0.349225
1692 0.3492093
1693 0.3491944
1694 0.3491786
1695 0.3491641
1696 0.3491486
1697 0.349133
1698 0.3491178
1699 0.3491026
1700 0.3490873
1701 0.3490722
1702 0.3490567
1703 0.349042
1704 0.3490269
1705 0.3490113
1706 0.3489964
1707 0.3489808
1708 0.3489655
1709 0.3489505
1710 0.3489352
1711 0.3489198
1712 0.3489046
1713 0.3488891
1714 0.3488744
1715 0.3488594
1716 0.3488446
1717 0.3488289
1718 0.3488141
1719 0.3487988
1720 0.3487837
1721 0.3487685
1722 0.3487538
1723 0.3487385
1724 0.3487231
1725 0.3487078
1726 0.3486931
1727 0.3486779
1728 0.3486627
1729 0.3486473
1730 0.3486327
1731 0.3486174
1732 0.3486029
1733 0.3485876
1734 0.3485726
1735 0.3485575
1736 0.3485421
1737 0.3485268
1738 0.3485122
1739 0.3484978
1740 0.3484825
1741 0.3484678
1742 0.3484528
1743 0.3484378
1744 0.3484224
1745 0.3484074
1746 0.3483931
1747 0.3483782
1748 0.3483632
1749 0.3483478
1750 0.3483336
1751 0.3483182
1752 0.3483035
1753 0.348289
1754 0.3482738
1755 0.3482586
1756 0.3482446
1757 0.3482295
1758 0.3482151
1759 0.3482003
1760 0.3481852
1761 0.3481708
1762 0.3481562
1763 0.348141
1764 0.348126
1765 0.3481113
1766 0.3480968
1767 0.3480823
1768 0.3480676
1769 0.3480533
1770 0.3480387
1771 0.3480238
1772 0.3480089
1773 0.3479947
1774 0.3479802
1775 0.3479657
1776 0.3479517
1777 0.3479367
1778 0.347922
1779 0.3479075
1780 0.3478933
1781 0.347879
1782 0.3478642
1783 0.3478501
1784 0.3478361
1785 0.3478212
1786 0.3478075
1787 0.3477928
1788 0.3477783
1789 0.3477642
1790 0.3477496
1791 0.3477355
1792 0.3477213
1793 0.3477072
1794 0.3476928
1795 0.3476786
1796 0.3476652
1797 0.3476511
1798 0.3476371
1799 0.3476222
1800 0.3476086
1801 0.347594
1802 0.3475804
1803 0.3475658
1804 0.3475521
1805 0.3475382
1806 0.3475243
1807 0.3475098
1808 0.3474965
1809 0.3474827
1810 0.3474691
1811 0.3474547
1812 0.3474409
1813 0.3474271
1814 0.3474136
1815 0.3474001
1816 0.3473864
1817 0.3473725
1818 0.347358
1819 0.3473451
1820 0.3473313
1821 0.3473184
1822 0.3473042
1823 0.34729
1824 0.347277
1825 0.3472632
1826 0.3472497
1827 0.3472362
1828 0.3472228
1829 0.347209
1830 0.347196
1831 0.3471827
1832 0.3471689
1833 0.347156
1834 0.3471422
1835 0.3471292
1836 0.3471162
1837 0.3471024
1838 0.3470898
1839 0.3470765
1840 0.3470632
1841 0.34705
1842 0.347037
1843 0.3470238
1844 0.3470107
1845 0.3469974
1846 0.3469844
1847 0.3469712
1848 0.3469588
1849 0.3469459
1850 0.3469326
1851 0.3469199
1852 0.3469066
1853 0.346894
1854 0.3468808
1855 0.3468685
1856 0.3468556
1857 0.3468429
1858 0.3468299
1859 0.3468174
1860 0.346805
1861 0.346792
1862 0.3467789
1863 0.3467669
1864 0.3467546
1865 0.3467424
1866 0.3467293
1867 0.3467167
1868 0.3467042
1869 0.3466919
1870 0.3466795
1871 0.3466671
1872 0.3466541
1873 0.3466422
1874 0.3466296
1875 0.3466175
1876 0.3466051
1877 0.3465931
1878 0.3465809
1879 0.3465691
1880 0.3465563
1881 0.3465441
1882 0.3465318
1883 0.3465202
1884 0.3465084
1885 0.3464961
1886 0.3464845
1887 0.3464722
1888 0.3464599
1889 0.3464483
1890 0.3464361
1891 0.3464239
1892 0.3464126
1893 0.3464006
1894 0.3463888
1895 0.3463765
1896 0.3463652
1897 0.3463535
1898 0.3463419
1899 0.3463302
1900 0.3463181
1901 0.3463067
1902 0.3462948
1903 0.3462836
1904 0.3462721
1905 0.3462602
1906 0.346249
1907 0.3462373
1908 0.3462261
1909 0.3462149
1910 0.3462027
1911 0.3461913
1912 0.34618
1913 0.346169
1914 0.3461575
1915 0.3461463
1916 0.3461347
1917 0.3461234
1918 0.3461123
1919 0.346101
1920 0.3460898
1921 0.3460784
1922 0.3460676
1923 0.3460566
1924 0.3460454
1925 0.346034
1926 0.3460227
1927 0.3460116
1928 0.3460012
1929 0.34599
1930 0.345979
1931 0.3459677
1932 0.3459564
1933 0.3459462
1934 0.3459349
1935 0.345924
1936 0.3459131
1937 0.3459027
1938 0.3458922
1939 0.345881
1940 0.3458705
1941 0.3458601
1942 0.3458487
1943 0.345838
1944 0.3458274
1945 0.3458168
1946 0.3458062
1947 0.3457953
1948 0.3457853
1949 0.3457745
1950 0.3457635
1951 0.3457536
1952 0.3457429
1953 0.3457319
1954 0.3457218
1955 0.3457113
1956 0.3457007
1957 0.3456902
1958 0.34568
1959 0.345669
1960 0.3456592
1961 0.3456487
1962 0.3456385
1963 0.3456285
1964 0.3456172
1965 0.3456074
1966 0.3455976
1967 0.3455866
1968 0.3455767
1969 0.3455667
1970 0.3455565
1971 0.3455463
1972 0.3455364
1973 0.3455254
1974 0.3455159
1975 0.3455052
1976 0.3454953
1977 0.3454859
1978 0.3454759
1979 0.3454652
1980 0.3454553
1981 0.345445
1982 0.3454353
1983 0.3454251
1984 0.3454154
1985 0.3454057
1986 0.3453953
1987 0.3453851
1988 0.3453757
1989 0.3453659
1990 0.345356
1991 0.3453461
1992 0.3453363
1993 0.3453259
1994 0.3453162
1995 0.3453064
1996 0.3452967
1997 0.3452868
1998 0.3452774
1999 0.3452678
2000 0.345258
2001 0.3452478
2002 0.3452387
2003 0.3452289
2004 0.3452194
2005 0.3452093
2006 0.3451998
2007 0.3451906
2008 0.3451811
2009 0.3451711
2010 0.3451614
2011 0.3451517
2012 0.3451422
2013 0.3451324
2014 0.3451231
2015 0.3451135
2016 0.3451038
2017 0.3450946
2018 0.3450848
2019 0.3450755
2020 0.3450659
2021 0.3450564
2022 0.3450472
2023 0.3450372
2024 0.3450279
2025 0.3450187
2026 0.3450094
2027 0.3450001
2028 0.3449906
2029 0.3449808
2030 0.3449722
2031 0.3449627
2032 0.3449539
2033 0.344944
2034 0.3449349
2035 0.3449254
2036 0.3449163
2037 0.3449068
2038 0.3448978
2039 0.3448884
2040 0.3448794
2041 0.3448698
2042 0.3448607
2043 0.3448512
2044 0.344842
2045 0.3448331
2046 0.3448231
2047 0.3448144
2048 0.3448052
2049 0.3447954
2050 0.344787
2051 0.3447778
2052 0.3447687
2053 0.3447593
2054 0.3447511
2055 0.3447413
2056 0.3447321
2057 0.3447231
2058 0.3447142
2059 0.3447052
2060 0.3446957
2061 0.344687
2062 0.3446782
2063 0.3446683
2064 0.3446591
2065 0.3446504
2066 0.344642
2067 0.3446329
2068 0.3446236
2069 0.3446148
2070 0.3446062
2071 0.3445963
2072 0.3445881
2073 0.3445791
2074 0.3445701
2075 0.3445607
2076 0.3445517
2077 0.3445426
2078 0.3445342
2079 0.3445252
2080 0.344516
2081 0.3445076
2082 0.3444983
2083 0.3444892
2084 0.3444799
2085 0.3444716
2086 0.3444625
2087 0.3444536
2088 0.344445
2089 0.3444368
2090 0.3444279
2091 0.3444188
2092 0.3444098
2093 0.3444005
2094 0.3443922
2095 0.3443833
2096 0.3443742
2097 0.3443662
2098 0.3443569
2099 0.3443479
2100 0.3443396
2101 0.3443307
2102 0.3443219
2103 0.3443128
2104 0.3443038
2105 0.3442953
2106 0.3442871
2107 0.3442786
2108 0.3442695
2109 0.3442606
2110 0.3442517
2111 0.3442433
2112 0.3442345
2113 0.344226
2114 0.3442167
2115 0.3442082
2116 0.3442
2117 0.3441911
2118 0.3441822
2119 0.3441734
2120 0.344165
2121 0.3441562
2122 0.3441475
2123 0.3441384
2124 0.3441307
2125 0.3441218
2126 0.3441136
2127 0.3441049
2128 0.3440959
2129 0.3440877
2130 0.3440785
2131 0.34407
2132 0.3440618
2133 0.3440533
2134 0.3440444
2135 0.3440356
2136 0.344027
2137 0.3440183
2138 0.3440102
2139 0.3440015
2140 0.3439927
2141 0.3439841
2142 0.3439754
2143 0.343967
2144 0.3439584
2145 0.3439497
2146 0.3439415
2147 0.3439326
2148 0.3439244
2149 0.3439158
2150 0.3439076
2151 0.3438993
2152 0.3438908
2153 0.3438819
2154 0.3438735
2155 0.3438646
2156 0.3438564
2157 0.3438487
2158 0.3438398
2159 0.3438313
2160 0.3438223
2161 0.3438144
2162 0.3438058
2163 0.3437973
2164 0.3437889
2165 0.3437799
2166 0.3437719
2167 0.3437633
2168 0.3437548
2169 0.3437466
2170 0.3437385
2171 0.3437295
2172 0.343721
2173 0.3437127
2174 0.343704
2175 0.343696
2176 0.3436874
2177 0.3436794
2178 0.343671
2179 0.3436626
2180 0.3436541
2181 0.3436456
2182 0.3436377
2183 0.3436297
2184 0.3436203
2185 0.3436118
2186 0.3436036
2187 0.3435955
2188 0.3435875
2189 0.3435786
2190 0.3435699
2191 0.3435622
2192 0.3435536
2193 0.3435456
2194 0.3435372
2195 0.3435288
2196 0.3435205
2197 0.3435124
2198 0.3435045
2199 0.3434954
2200 0.3434871
2201 0.3434791
2202 0.3434702
2203 0.3434626
2204 0.3434541
2205 0.3434461
2206 0.3434376
2207 0.3434297
2208 0.3434213
2209 0.3434132
2210 0.3434047
2211 0.3433961
2212 0.343388
2213 0.3433797
2214 0.3433717
2215 0.3433639
2216 0.3433554
2217 0.343347
2218 0.3433391
2219 0.3433307
2220 0.3433228
2221 0.3433149
2222 0.3433063
2223 0.3432983
2224 0.3432901
2225 0.3432812
2226 0.3432738
2227 0.3432658
2228 0.3432573
2229 0.3432484
2230 0.3432409
2231 0.3432328
2232 0.3432249
2233 0.3432167
2234 0.3432082
2235 0.3432008
2236 0.3431918
2237 0.3431839
2238 0.3431759
2239 0.3431679
2240 0.3431596
2241 0.3431516
2242 0.3431439
2243 0.3431357
2244 0.3431273
2245 0.3431191
2246 0.343111
2247 0.3431032
2248 0.343095
2249 0.343087
2250 0.3430788
2251 0.343071
2252 0.3430627
2253 0.3430548
2254 0.3430472
2255 0.343039
2256 0.3430311
2257 0.3430227
2258 0.3430147
2259 0.343007
2260 0.3429995
2261 0.3429911
2262 0.3429832
2263 0.342975
2264 0.3429667
2265 0.3429587
2266 0.3429513
2267 0.3429429
2268 0.3429351
2269 0.3429273
2270 0.3429195
2271 0.3429113
2272 0.3429036
2273 0.3428954
2274 0.3428874
2275 0.3428799
2276 0.3428718
2277 0.3428639
2278 0.3428563
2279 0.3428481
2280 0.3428406
2281 0.3428324
2282 0.3428245
2283 0.3428168
2284 0.3428091
2285 0.3428004
2286 0.342793
2287 0.3427855
2288 0.3427773
2289 0.3427696
2290 0.3427621
2291 0.3427541
2292 0.3427459
2293 0.3427387
2294 0.3427309
2295 0.3427231
2296 0.3427149
2297 0.3427072
2298 0.3426995
2299 0.3426916
2300 0.3426836
2301 0.3426761
2302 0.342668
2303 0.3426604
2304 0.3426529
2305 0.342645
2306 0.3426373
2307 0.3426296
2308 0.3426219
2309 0.3426146
2310 0.3426066
2311 0.3425991
2312 0.3425912
2313 0.3425833
2314 0.3425757
2315 0.342568
2316 0.3425606
2317 0.3425528
2318 0.3425452
2319 0.3425379
2320 0.3425299
2321 0.3425219
2322 0.3425149
2323 0.3425069
2324 0.3424996
2325 0.3424915
2326 0.342484
2327 0.3424765
2328 0.3424689
2329 0.342461
2330 0.3424538
2331 0.3424467
2332 0.3424385
2333 0.342431
2334 0.3424228
2335 0.3424156
2336 0.3424081
2337 0.3424006
2338 0.3423931
2339 0.3423859
2340 0.3423783
2341 0.3423707
2342 0.3423631
2343 0.3423555
2344 0.3423482
2345 0.3423407
2346 0.342333
2347 0.3423253
2348 0.3423182
2349 0.3423107
2350 0.3423032
2351 0.3422958
2352 0.3422883
2353 0.3422808
2354 0.3422729
2355 0.3422659
2356 0.3422587
2357 0.3422516
2358 0.3422443
2359 0.3422369
2360 0.3422293
2361 0.3422218
2362 0.3422146
2363 0.3422069
2364 0.3421995
2365 0.342192
2366 0.3421849
2367 0.3421779
2368 0.3421697
2369 0.3421625
2370 0.3421555
2371 0.3421484
2372 0.342141
2373 0.3421338
2374 0.3421263
2375 0.3421193
2376 0.3421119
2377 0.3421047
2378 0.3420969
2379 0.3420893
2380 0.3420823
2381 0.3420746
2382 0.3420676
2383 0.3420605
2384 0.3420526
2385 0.3420458
2386 0.3420388
2387 0.3420318
2388 0.3420239
2389 0.3420168
2390 0.34201
2391 0.3420024
2392 0.341995
2393 0.3419875
2394 0.3419805
2395 0.3419744
2396 0.341967
2397 0.3419591
2398 0.341952
2399 0.3419452
2400 0.3419382
2401 0.3419309
2402 0.3419239
2403 0.3419168
2404 0.3419095
2405 0.3419023
2406 0.3418955
2407 0.3418878
2408 0.3418809
2409 0.3418735
2410 0.3418672
2411 0.3418593
2412 0.3418523
2413 0.3418455
2414 0.341838
2415 0.3418312
2416 0.3418244
2417 0.3418173
2418 0.3418103
2419 0.3418033
2420 0.3417965
2421 0.3417888
2422 0.3417824
2423 0.3417755
2424 0.3417687
2425 0.3417614
2426 0.3417537
2427 0.3417472
2428 0.3417404
2429 0.3417335
2430 0.3417266
2431 0.3417195
2432 0.3417124
2433 0.3417053
2434 0.3416986
2435 0.3416912
2436 0.3416846
2437 0.3416776
2438 0.3416707
2439 0.3416639
2440 0.341657
2441 0.3416496
2442 0.3416429
2443 0.341636
2444 0.3416289
2445 0.3416224
2446 0.3416155
2447 0.3416088
2448 0.3416016
2449 0.3415943
2450 0.3415877
2451 0.3415808
2452 0.341574
2453 0.3415673
2454 0.3415604
2455 0.3415537
2456 0.3415466
2457 0.3415402
2458 0.3415328
2459 0.3415261
2460 0.3415198
2461 0.3415128
2462 0.3415058
2463 0.3414994
2464 0.3414929
2465 0.3414861
2466 0.3414794
2467 0.3414724
2468 0.3414656
2469 0.341459
2470 0.3414523
2471 0.3414454
2472 0.3414383
2473 0.3414322
2474 0.3414249
2475 0.3414183
2476 0.3414115
2477 0.3414049
2478 0.3413985
2479 0.3413917
2480 0.3413847
2481 0.3413782
2482 0.3413718
2483 0.3413649
2484 0.3413588
2485 0.3413517
2486 0.3413453
2487 0.3413383
2488 0.3413323
2489 0.341325
2490 0.3413189
2491 0.3413124
2492 0.3413053
2493 0.3412986
2494 0.3412918
2495 0.3412856
2496 0.3412792
2497 0.3412721
2498 0.3412655
2499 0.3412592
2500 0.3412529
2501 0.3412459
2502 0.3412395
2503 0.3412327
2504 0.3412262
2505 0.3412201
2506 0.3412139
2507 0.3412074
2508 0.3412003
2509 0.3411941
2510 0.3411874
2511 0.3411813
2512 0.3411751
2513 0.3411684
2514 0.3411619
2515 0.3411553
2516 0.3411493
2517 0.3411423
2518 0.3411356
2519 0.3411294
2520 0.3411232
2521 0.3411163
2522 0.3411102
2523 0.3411035
2524 0.3410977
2525 0.3410911
2526 0.3410841
2527 0.3410778
2528 0.3410718
2529 0.3410658
2530 0.3410586
2531 0.3410527
2532 0.3410463
2533 0.3410403
2534 0.3410341
2535 0.3410278
2536 0.3410209
2537 0.3410145
2538 0.3410084
2539 0.341002
2540 0.3409956
2541 0.3409896
2542 0.3409832
2543 0.3409769
2544 0.3409706
2545 0.3409646
2546 0.3409583
2547 0.3409518
2548 0.3409453
2549 0.3409392
2550 0.3409333
2551 0.3409272
2552 0.3409209
2553 0.3409147
2554 0.3409082
2555 0.3409018
2556 0.3408959
2557 0.3408903
2558 0.340884
2559 0.3408774
2560 0.3408711
2561 0.3408652
2562 0.3408589
2563 0.3408531
2564 0.3408462
2565 0.3408403
2566 0.3408339
2567 0.3408278
2568 0.3408221
2569 0.3408158
2570 0.3408102
2571 0.3408044
2572 0.340798
2573 0.3407921
2574 0.3407855
2575 0.3407798
2576 0.3407735
2577 0.3407679
2578 0.3407618
2579 0.3407555
2580 0.3407496
2581 0.3407435
2582 0.3407374
2583 0.3407314
2584 0.3407255
2585 0.3407191
2586 0.3407131
2587 0.3407074
2588 0.3407009
2589 0.3406953
2590 0.3406892
2591 0.3406834
2592 0.3406771
2593 0.3406712
2594 0.3406658
2595 0.3406602
2596 0.3406542
2597 0.3406483
2598 0.3406425
2599 0.3406367
2600 0.34063
2601 0.3406246
2602 0.3406189
2603 0.3406135
2604 0.3406074
2605 0.3406015
2606 0.3405957
2607 0.3405894
2608 0.3405838
2609 0.3405779
2610 0.3405723
2611 0.3405666
2612 0.3405609
2613 0.3405553
2614 0.3405495
2615 0.3405434
2616 0.3405376
2617 0.3405324
2618 0.340527
2619 0.3405214
2620 0.3405158
2621 0.3405098
2622 0.340504
2623 0.340498
2624 0.3404925
2625 0.340487
2626 0.340481
2627 0.3404754
2628 0.34047
2629 0.3404643
2630 0.340459
2631 0.3404529
2632 0.3404474
2633 0.3404418
2634 0.3404362
2635 0.3404308
2636 0.3404249
2637 0.34042
2638 0.3404144
2639 0.340409
2640 0.3404031
2641 0.3403979
2642 0.3403925
2643 0.3403868
2644 0.3403817
2645 0.3403762
2646 0.3403703
2647 0.3403653
2648 0.3403596
2649 0.340354
2650 0.3403489
2651 0.3403434
2652 0.3403382
2653 0.3403327
2654 0.3403273
2655 0.3403218
2656 0.3403166
2657 0.3403113
2658 0.3403062
2659 0.3403006
2660 0.3402955
2661 0.3402898
2662 0.3402846
2663 0.3402789
2664 0.3402739
2665 0.3402686
2666 0.3402638
2667 0.3402582
2668 0.3402529
2669 0.3402476
2670 0.3402422
2671 0.3402378
2672 0.3402326
2673 0.3402272
2674 0.3402221
2675 0.3402167
2676 0.3402115
2677 0.3402061
2678 0.3402013
2679 0.3401961
2680 0.3401912
2681 0.3401861
2682 0.3401807
2683 0.3401757
2684 0.3401708
2685 0.3401657
2686 0.3401608
2687 0.3401558
2688 0.3401507
2689 0.3401457
2690 0.3401407
2691 0.340136
2692 0.340131
2693 0.3401254
2694 0.3401208
2695 0.3401161
2696 0.3401106
2697 0.3401058
2698 0.3401009
2699 0.3400959
2700 0.3400913
2701 0.3400866
2702 0.3400814
2703 0.3400769
2704 0.3400718
2705 0.3400668
2706 0.3400618
2707 0.340057
2708 0.3400523
2709 0.3400475
2710 0.3400431
2711 0.3400379
2712 0.3400333
2713 0.3400283
2714 0.3400234
2715 0.340019
2716 0.3400144
2717 0.3400093
2718 0.3400046
2719 0.3400001
2720 0.3399954
2721 0.3399908
2722 0.3399859
2723 0.3399814
2724 0.339977
2725 0.3399723
2726 0.3399677
2727 0.3399623
2728 0.3399578
2729 0.3399535
2730 0.3399487
2731 0.3399446
2732 0.33994
2733 0.3399355
2734 0.3399307
2735 0.3399262
2736 0.3399217
2737 0.339917
2738 0.3399122
2739 0.3399077
2740 0.3399033
2741 0.3398994
2742 0.3398947
2743 0.33989
2744 0.3398859
2745 0.3398811
2746 0.3398768
2747 0.3398727
2748 0.3398682
2749 0.3398639
2750 0.3398597
2751 0.339855
2752 0.3398508
2753 0.3398467
2754 0.3398426
2755 0.3398376
2756 0.3398333
2757 0.3398291
2758 0.3398246
2759 0.33982
2760 0.339816
2761 0.3398114
2762 0.3398075
2763 0.3398033
2764 0.3397992
2765 0.3397948
2766 0.3397909
2767 0.3397869
2768 0.3397827
2769 0.3397782
2770 0.339774
2771 0.3397697
2772 0.3397654
2773 0.3397616
2774 0.3397577
2775 0.3397531
2776 0.3397491
2777 0.3397451
2778 0.3397408
2779 0.3397369
2780 0.3397328
2781 0.3397287
2782 0.3397246
2783 0.3397208
2784 0.339717
2785 0.3397132
2786 0.339709
2787 0.3397051
2788 0.3397008
2789 0.3396967
2790 0.3396926
2791 0.3396882
2792 0.3396845
2793 0.3396806
2794 0.3396768
2795 0.3396728
2796 0.3396688
2797 0.339665
2798 0.3396607
2799 0.339657
2800 0.3396535
2801 0.3396493
2802 0.3396454
2803 0.3396418
2804 0.3396377
2805 0.3396342
2806 0.3396303
2807 0.3396264
2808 0.3396229
2809 0.339619
2810 0.339615
2811 0.3396111
2812 0.3396071
2813 0.3396034
2814 0.3396003
2815 0.3395969
2816 0.3395922
2817 0.3395882
2818 0.3395839
2819 0.3395806
2820 0.3395767
2821 0.3395736
2822 0.3395698
2823 0.3395663
2824 0.3395626
2825 0.3395591
2826 0.3395556
2827 0.3395521
2828 0.3395481
2829 0.339545
2830 0.3395408
2831 0.339537
2832 0.3395335
2833 0.3395296
2834 0.3395259
2835 0.3395226
2836 0.3395191
2837 0.3395161
2838 0.3395122
2839 0.3395087
2840 0.3395045
2841 0.3395014
2842 0.3394981
2843 0.3394949
2844 0.3394913
2845 0.3394876
2846 0.3394835
2847 0.3394797
2848 0.3394765
2849 0.3394729
2850 0.3394693
2851 0.3394665
2852 0.3394631
2853 0.3394597
2854 0.339456
2855 0.3394526
2856 0.3394488
2857 0.3394459
2858 0.3394426
2859 0.3394391
2860 0.3394356
2861 0.3394321
2862 0.3394287
2863 0.3394253
2864 0.3394217
2865 0.3394186
2866 0.3394152
2867 0.3394116
2868 0.3394083
2869 0.3394049
2870 0.3394021
2871 0.3393985
2872 0.3393952
2873 0.3393921
2874 0.3393882
2875 0.3393852
2876 0.3393818
2877 0.339379
2878 0.339376
2879 0.3393726
2880 0.339369
2881 0.3393658
2882 0.3393624
2883 0.3393592
2884 0.3393559
2885 0.3393529
2886 0.3393491
2887 0.3393463
2888 0.3393428
2889 0.3393396
2890 0.3393363
2891 0.3393334
2892 0.3393303
2893 0.3393273
2894 0.3393247
2895 0.3393211
2896 0.339318
2897 0.3393144
2898 0.3393116
2899 0.3393085
2900 0.3393053
2901 0.3393021
2902 0.339299
2903 0.3392957
2904 0.3392931
2905 0.3392896
2906 0.3392866
2907 0.3392832
2908 0.3392801
2909 0.3392775
2910 0.339274
2911 0.3392712
2912 0.3392678
2913 0.339265
2914 0.339262
2915 0.339259
2916 0.3392561
2917 0.3392527
2918 0.3392494
2919 0.3392466
2920 0.3392437
2921 0.3392404
2922 0.3392369
2923 0.3392339
2924 0.339231
2925 0.3392281
2926 0.3392252
2927 0.3392225
2928 0.3392196
2929 0.3392165
2930 0.3392134
2931 0.3392104
2932 0.3392074
2933 0.3392043
2934 0.3392015
2935 0.3391986
2936 0.3391955
2937 0.3391926
2938 0.3391901
2939 0.3391868
2940 0.3391838
2941 0.339181
2942 0.3391785
2943 0.3391751
2944 0.3391721
2945 0.3391696
2946 0.3391669
2947 0.3391639
2948 0.3391609
2949 0.3391579
2950 0.3391552
2951 0.3391526
2952 0.3391496
2953 0.3391462
2954 0.3391437
2955 0.3391409
2956 0.3391378
2957 0.3391351
2958 0.3391321
2959 0.3391295
2960 0.3391266
2961 0.3391238
2962 0.3391208
2963 0.3391182
2964 0.3391148
2965 0.3391119
2966 0.3391093
2967 0.3391064
2968 0.3391038
2969 0.3391012
2970 0.3390982
2971 0.3390951
2972 0.3390926
2973 0.3390899
2974 0.3390872
2975 0.3390842
2976 0.3390816
2977 0.339079
2978 0.3390764
2979 0.3390735
2980 0.3390706
2981 0.3390681
2982 0.3390651
2983 0.3390622
2984 0.3390595
2985 0.3390569
2986 0.339054
2987 0.3390513
2988 0.3390485
2989 0.3390459
2990 0.3390432
2991 0.3390403
2992 0.3390373
2993 0.3390347
2994 0.3390321
2995 0.339029
2996 0.339027
2997 0.3390239
2998 0.3390214
2999 0.3390189
3000 0.3390163
3001 0.3390134
3002 0.3390103
3003 0.3390076
3004 0.339005
3005 0.3390025
3006 0.339
3007 0.3389969
3008 0.3389939
3009 0.3389916
3010 0.3389888
3011 0.3389863
3012 0.338984
3013 0.338981
3014 0.3389781
3015 0.3389754
3016 0.338973
3017 0.3389706
3018 0.338968
3019 0.338965
3020 0.3389623
3021 0.3389597
3022 0.338957
3023 0.3389545
3024 0.3389517
3025 0.338949
3026 0.3389466
3027 0.338944
3028 0.3389412
3029 0.3389386
3030 0.338936
3031 0.3389338
3032 0.3389309
3033 0.3389279
3034 0.3389257
3035 0.338923
3036 0.3389206
3037 0.3389179
3038 0.3389152
3039 0.3389126
3040 0.3389101
3041 0.3389077
3042 0.3389051
3043 0.3389025
3044 0.3389
3045 0.3388968
3046 0.3388943
3047 0.338892
3048 0.3388894
3049 0.3388865
3050 0.3388841
3051 0.3388818
3052 0.3388787
3053 0.3388762
3054 0.338874
3055 0.3388717
3056 0.3388689
3057 0.3388664
3058 0.338864
3059 0.338861
3060 0.3388587
3061 0.338856
3062 0.3388536
3063 0.338851
3064 0.3388485
3065 0.3388458
3066 0.338843
3067 0.3388406
3068 0.3388379
3069 0.3388352
3070 0.3388326
3071 0.3388303
3072 0.3388275
3073 0.3388248
3074 0.3388225
3075 0.3388197
3076 0.3388174
3077 0.3388149
3078 0.3388122
3079 0.3388097
3080 0.3388075
3081 0.3388051
3082 0.3388024
3083 0.3387996
3084 0.3387972
3085 0.338795
3086 0.3387922
3087 0.3387897
3088 0.338787
3089 0.3387846
3090 0.3387818
3091 0.3387797
3092 0.3387769
3093 0.3387743
3094 0.3387717
3095 0.3387692
3096 0.3387668
3097 0.3387644
3098 0.3387617
3099 0.338759
3100 0.3387567
3101 0.3387541
3102 0.3387514
3103 0.3387493
3104 0.3387468
3105 0.338744
3106 0.3387416
3107 0.3387392
3108 0.338737
3109 0.3387344
3110 0.3387323
3111 0.3387295
3112 0.338727
3113 0.3387243
3114 0.3387216
3115 0.3387188
3116 0.3387163
3117 0.338714
3118 0.3387111
3119 0.3387085
3120 0.3387059
3121 0.3387035
3122 0.338701
3123 0.3386986
3124 0.3386959
3125 0.3386936
3126 0.3386909
3127 0.3386886
3128 0.3386852
3129 0.3386832
3130 0.3386807
3131 0.3386784
3132 0.3386758
3133 0.3386735
3134 0.338671
3135 0.3386683
3136 0.3386658
3137 0.3386631
3138 0.3386606
3139 0.3386581
3140 0.3386554
3141 0.3386529
3142 0.3386505
3143 0.3386479
3144 0.3386454
3145 0.3386427
3146 0.3386403
3147 0.338638
3148 0.3386353
3149 0.3386328
3150 0.3386301
3151 0.3386274
3152 0.3386249
3153 0.3386219
3154 0.3386195
3155 0.3386168
3156 0.3386149
3157 0.3386125
3158 0.3386098
3159 0.338607
3160 0.3386043
3161 0.3386016
3162 0.3385991
3163 0.3385963
3164 0.3385941
3165 0.3385916
3166 0.338589
3167 0.3385863
3168 0.338584
3169 0.3385817
3170 0.338579
3171 0.3385764
3172 0.338574
3173 0.3385712
3174 0.3385688
3175 0.3385666
3176 0.3385641
3177 0.3385618
3178 0.3385589
3179 0.3385564
3180 0.3385535
3181 0.338551
3182 0.3385487
3183 0.3385464
3184 0.3385436
3185 0.3385412
3186 0.3385384
3187 0.3385356
3188 0.338533
3189 0.3385305
3190 0.338528
3191 0.3385255
3192 0.3385226
3193 0.3385201
3194 0.3385174
3195 0.3385149
3196 0.3385124
3197 0.3385098
3198 0.3385069
3199 0.3385047
3200 0.3385021
3201 0.3384995
3202 0.3384968
3203 0.3384942
3204 0.3384916
3205 0.3384893
3206 0.3384869
3207 0.3384846
3208 0.3384819
3209 0.3384793
3210 0.3384765
3211 0.3384736
3212 0.3384712
3213 0.3384691
3214 0.3384666
3215 0.3384637
3216 0.3384614
3217 0.338459
3218 0.3384563
3219 0.3384534
3220 0.3384508
3221 0.3384482
3222 0.3384457
3223 0.3384435
3224 0.3384411
3225 0.338438
3226 0.3384354
3227 0.3384332
3228 0.3384303
3229 0.3384272
3230 0.3384249
3231 0.3384224
3232 0.3384199
3233 0.3384174
3234 0.3384153
3235 0.3384128
3236 0.3384096
3237 0.3384071
3238 0.3384044
3239 0.3384017
3240 0.3383991
3241 0.3383968
3242 0.3383943
3243 0.3383916
3244 0.3383889
3245 0.3383864
3246 0.338384
3247 0.3383816
3248 0.3383792
3249 0.3383766
3250 0.3383739
3251 0.3383712
3252 0.3383692
3253 0.3383668
3254 0.338364
3255 0.3383611
3256 0.3383589
3257 0.3383563
3258 0.3383537
3259 0.3383512
3260 0.3383486
3261 0.3383457
3262 0.3383432
3263 0.3383408
3264 0.3383384
3265 0.3383362
3266 0.3383338
3267 0.3383309
3268 0.3383285
3269 0.3383261
3270 0.3383233
3271 0.338321
3272 0.3383181
3273 0.3383154
3274 0.3383129
3275 0.3383102
3276 0.3383078
3277 0.3383053
3278 0.3383025
3279 0.3383
3280 0.3382975
3281 0.3382953
3282 0.3382926
3283 0.3382899
3284 0.3382874
3285 0.3382845
3286 0.3382825
3287 0.3382799
3288 0.3382772
3289 0.3382748
3290 0.3382722
3291 0.3382698
3292 0.3382669
3293 0.3382643
3294 0.3382616
3295 0.338259
3296 0.3382567
3297 0.3382546
3298 0.3382522
3299 0.3382498
3300 0.3382472
3301 0.3382449
3302 0.3382424
3303 0.3382394
3304 0.3382368
3305 0.338234
3306 0.3382314
3307 0.3382292
3308 0.3382261
3309 0.3382236
3310 0.338221
3311 0.3382186
3312 0.3382162
3313 0.3382137
3314 0.338211
3315 0.3382088
3316 0.3382062
3317 0.338204
3318 0.3382015
3319 0.3381993
3320 0.3381966
3321 0.3381942
3322 0.3381916
3323 0.3381887
3324 0.3381861
3325 0.3381837
3326 0.3381812
3327 0.3381788
3328 0.338176
3329 0.3381733
3330 0.3381714
3331 0.338169
3332 0.3381664
3333 0.3381639
3334 0.3381612
3335 0.338159
3336 0.3381568
3337 0.338154
3338 0.3381515
3339 0.3381491
3340 0.3381465
3341 0.338144
3342 0.3381411
3343 0.3381384
3344 0.3381362
3345 0.338134
3346 0.3381311
3347 0.3381289
3348 0.3381265
3349 0.3381241
3350 0.3381216
3351 0.3381192
3352 0.3381169
3353 0.3381143
3354 0.3381121
3355 0.3381097
3356 0.3381069
3357 0.3381043
3358 0.3381021
3359 0.3380995
3360 0.338097
3361 0.3380942
3362 0.3380918
3363 0.3380896
3364 0.3380871
3365 0.3380852
3366 0.3380827
3367 0.3380801
3368 0.338078
3369 0.3380755
3370 0.3380732
3371 0.3380709
3372 0.3380685
3373 0.3380658
3374 0.3380631
3375 0.3380605
3376 0.3380582
3377 0.3380559
3378 0.338053
3379 0.3380506
3380 0.3380485
3381 0.3380458
3382 0.3380435
3383 0.3380413
3384 0.338039
3385 0.3380363
3386 0.3380341
3387 0.3380318
3388 0.3380292
3389 0.3380268
3390 0.3380246
3391 0.3380223
3392 0.3380197
3393 0.3380173
3394 0.3380148
3395 0.3380128
3396 0.3380103
3397 0.3380083
3398 0.3380063
3399 0.3380041
3400 0.3380014
3401 0.3379987
3402 0.3379962
3403 0.3379944
3404 0.3379917
3405 0.3379894
3406 0.3379869
3407 0.3379842
3408 0.3379818
3409 0.3379792
3410 0.3379771
3411 0.3379749
3412 0.3379725
3413 0.3379703
3414 0.3379677
3415 0.3379658
3416 0.3379632
3417 0.3379608
3418 0.337958
3419 0.3379556
3420 0.3379532
3421 0.3379511
3422 0.3379488
3423 0.3379466
3424 0.3379442
3425 0.3379421
3426 0.3379397
3427 0.3379372
3428 0.3379351
3429 0.3379328
3430 0.3379303
3431 0.3379278
3432 0.3379256
3433 0.3379235
3434 0.3379211
3435 0.3379188
3436 0.3379168
3437 0.3379146
3438 0.3379121
3439 0.3379099
3440 0.3379078
3441 0.3379053
3442 0.337903
3443 0.3379009
3444 0.3378985
3445 0.3378963
3446 0.3378938
3447 0.3378915
3448 0.3378892
3449 0.3378874
3450 0.3378852
3451 0.3378828
3452 0.3378806
3453 0.3378779
3454 0.337876
3455 0.3378737
3456 0.3378713
3457 0.3378692
3458 0.3378669
3459 0.3378646
3460 0.3378624
3461 0.3378602
3462 0.3378578
3463 0.3378555
3464 0.3378532
3465 0.3378512
3466 0.337849
3467 0.3378469
3468 0.3378445
3469 0.337842
3470 0.33784
3471 0.3378382
3472 0.337836
3473 0.3378334
3474 0.3378317
3475 0.3378295
3476 0.3378273
3477 0.3378249
3478 0.3378227
3479 0.3378205
3480 0.3378182
3481 0.337816
3482 0.3378137
3483 0.3378119
3484 0.3378096
3485 0.3378074
3486 0.337805
3487 0.3378028
3488 0.3378006
3489 0.3377987
3490 0.3377966
3491 0.3377944
3492 0.337792
3493 0.3377899
3494 0.3377879
3495 0.3377858
3496 0.3377837
3497 0.3377813
3498 0.3377792
3499 0.3377769
3500 0.337775
3501 0.337773
3502 0.3377706
3503 0.3377684
3504 0.3377664
3505 0.3377641
3506 0.3377616
3507 0.3377596
3508 0.3377577
3509 0.3377557
3510 0.3377536
3511 0.3377514
3512 0.3377492
3513 0.3377472
3514 0.337745
3515 0.3377429
3516 0.3377408
3517 0.3377392
3518 0.337737
3519 0.3377347
3520 0.3377326
3521 0.3377305
3522 0.3377285
3523 0.3377263
3524 0.3377242
3525 0.3377219
3526 0.33772
3527 0.3377177
3528 0.3377157
3529 0.3377136
3530 0.3377118
3531 0.3377099
3532 0.3377078
3533 0.3377056
3534 0.3377036
3535 0.3377017
3536 0.3376993
3537 0.3376972
3538 0.3376951
3539 0.3376933
3540 0.3376913
3541 0.3376892
3542 0.3376873
3543 0.3376852
3544 0.3376833
3545 0.3376811
3546 0.3376793
3547 0.3376773
3548 0.3376752
3549 0.3376733
3550 0.337671
3551 0.3376691
3552 0.3376672
3553 0.3376655
3554 0.337663
3555 0.337661
3556 0.3376588
3557 0.3376569
3558 0.3376548
3559 0.337653
3560 0.3376512
3561 0.337649
3562 0.3376468
3563 0.337645
3564 0.3376431
3565 0.3376411
3566 0.337639
3567 0.3376371
3568 0.3376349
3569 0.3376327
3570 0.3376307
3571 0.3376292
3572 0.3376273
3573 0.3376253
3574 0.3376231
3575 0.3376213
3576 0.3376193
3577 0.3376175
3578 0.3376155
3579 0.3376133
3580 0.3376116
3581 0.3376098
3582 0.3376079
3583 0.3376062
3584 0.3376042
3585 0.3376024
3586 0.3376007
3587 0.3375986
3588 0.3375966
3589 0.3375947
3590 0.3375928
3591 0.3375909
3592 0.337589
3593 0.3375869
3594 0.3375849
3595 0.3375831
3596 0.3375812
3597 0.3375791
3598 0.3375773
3599 0.3375751
3600 0.3375734
