"report-def-lift-rfile"
"Iteration" "report-def-lift"
("Iteration" "report-def-lift")
1 0.4476042
2 0.4868887
3 0.525418
4 0.5631071
5 0.5998248
6 0.6354216
7 0.6697497
8 0.7026836
9 0.7341152
10 0.7639719
11 0.7922003
12 0.8187718
13 0.8436771
14 0.8669239
15 0.8885258
16 0.9085107
17 0.9268758
18 0.9436167
19 0.9587881
20 0.9725045
21 0.9849187
22 0.9962083
23 1.006561
24 1.016157
25 1.025145
26 1.033649
27 1.041745
28 1.049484
29 1.056867
30 1.063872
31 1.070448
32 1.076532
33 1.082057
34 1.086954
35 1.091239
36 1.094902
37 1.097921
38 1.100259
39 1.101831
40 1.102662
41 1.102796
42 1.102276
43 1.101117
44 1.099343
45 1.096991
46 1.094127
47 1.090826
48 1.087194
49 1.083328
50 1.079322
51 1.075255
52 1.0712
53 1.0672
54 1.063289
55 1.059478
56 1.055772
57 1.052159
58 1.048633
59 1.045172
60 1.041759
61 1.03838
62 1.035001
63 1.031512
64 1.027882
65 1.024144
66 1.020298
67 1.016344
68 1.012298
69 1.008172
70 1.003964
71 0.9996767
72 0.9953208
73 0.9909033
74 0.9864389
75 0.9819449
76 0.9774427
77 0.9729559
78 0.9685115
79 0.9641294
80 0.9598377
81 0.9556535
82 0.9515988
83 0.9476904
84 0.9439434
85 0.9403683
86 0.9369737
87 0.9337675
88 0.9307495
89 0.9279206
90 0.925283
91 0.9228331
92 0.9205675
93 0.9184785
94 0.9165681
95 0.9148237
96 0.9132395
97 0.9118091
98 0.9105216
99 0.9093656
100 0.9083341
101 0.9074148
102 0.9066001
103 0.9058789
104 0.9052439
105 0.9046875
106 0.9042047
107 0.903791
108 0.903438
109 0.9031442
110 0.9029073
111 0.9027265
112 0.9025955
113 0.9025188
114 0.902495
115 0.9025208
116 0.9025977
117 0.9027257
118 0.9029053
119 0.9031324
120 0.9034095
121 0.9037346
122 0.9041075
123 0.9045263
124 0.9049899
125 0.905496
126 0.9060457
127 0.9066299
128 0.9072513
129 0.9079049
130 0.9085856
131 0.9092937
132 0.9100231
133 0.9107699
134 0.9115281
135 0.9122964
136 0.9130734
137 0.9138515
138 0.914625
139 0.9153955
140 0.9161541
141 0.9168996
142 0.9176302
143 0.9183406
144 0.9190332
145 0.9197016
146 0.9203445
147 0.9209636
148 0.9215555
149 0.9221219
150 0.9226593
151 0.9231696
152 0.9236532
153 0.9241112
154 0.9245402
155 0.9249446
156 0.9253258
157 0.9256808
158 0.9260138
159 0.9263263
160 0.9266166
161 0.9268879
162 0.9271411
163 0.927375
164 0.9275929
165 0.9277959
166 0.9279812
167 0.9281534
168 0.9283126
169 0.9284591
170 0.9285913
171 0.9287114
172 0.9288208
173 0.9289174
174 0.9290034
175 0.9290766
176 0.9291422
177 0.9291947
178 0.9292366
179 0.9292672
180 0.929287
181 0.9292988
182 0.929297
183 0.9292874
184 0.9292662
185 0.9292343
186 0.9291931
187 0.9291428
188 0.9290826
189 0.9290131
190 0.9289337
191 0.9288488
192 0.9287568
193 0.9286553
194 0.9285482
195 0.9284327
196 0.9283147
197 0.92819
198 0.9280629
199 0.9279301
200 0.9277956
201 0.9276574
202 0.927518
203 0.927378
204 0.9272355
205 0.927094
206 0.9269511
207 0.9268092
208 0.9266683
209 0.9265301
210 0.9263915
211 0.9262569
212 0.9261217
213 0.925989
214 0.9258606
215 0.9257358
216 0.9256101
217 0.9254869
218 0.9253669
219 0.9252496
220 0.9251338
221 0.9250205
222 0.9249106
223 0.9248011
224 0.9246939
225 0.9245895
226 0.9244857
227 0.9243824
228 0.9242793
229 0.9241798
230 0.9240798
231 0.9239811
232 0.9238836
233 0.9237859
234 0.9236882
235 0.9235921
236 0.9234961
237 0.9233997
238 0.9233046
239 0.9232085
240 0.9231131
241 0.923017
242 0.9229225
243 0.9228271
244 0.9227322
245 0.9226382
246 0.9225449
247 0.9224506
248 0.9223582
249 0.9222648
250 0.9221715
251 0.9220792
252 0.9219877
253 0.9218952
254 0.9218056
255 0.9217152
256 0.9216248
257 0.9215353
258 0.9214467
259 0.9213569
260 0.9212694
261 0.9211809
262 0.9210945
263 0.9210072
264 0.9209199
265 0.9208323
266 0.9207447
267 0.9206578
268 0.9205709
269 0.9204837
270 0.9203961
271 0.9203072
272 0.9202183
273 0.9201284
274 0.9200394
275 0.9199489
276 0.9198588
277 0.9197658
278 0.919673
279 0.9195799
280 0.9194844
281 0.9193904
282 0.9192952
283 0.9191971
284 0.919098
285 0.9189985
286 0.9188983
287 0.918797
288 0.9186949
289 0.9185905
290 0.918487
291 0.9183804
292 0.9182755
293 0.9181688
294 0.9180601
295 0.917951
296 0.9178421
297 0.9177315
298 0.9176201
299 0.91751
300 0.9173971
301 0.9172855
302 0.9171722
303 0.9170591
304 0.9169444
305 0.9168295
306 0.916715
307 0.9165996
308 0.9164835
309 0.9163668
310 0.9162506
311 0.9161339
312 0.9160159
313 0.9158984
314 0.9157822
315 0.9156635
316 0.915545
317 0.9154261
318 0.9153084
319 0.915189
320 0.9150686
321 0.9149496
322 0.9148297
323 0.9147095
324 0.9145882
325 0.9144676
326 0.9143457
327 0.9142231
328 0.9141025
329 0.9139782
330 0.9138552
331 0.9137322
332 0.9136096
333 0.9134868
334 0.9133629
335 0.9132369
336 0.9131126
337 0.9129881
338 0.9128644
339 0.9127373
340 0.9126109
341 0.912485
342 0.9123589
343 0.9122314
344 0.912105
345 0.9119776
346 0.9118513
347 0.9117231
348 0.9115961
349 0.9114687
350 0.9113395
351 0.9112122
352 0.9110849
353 0.9109553
354 0.9108275
355 0.9106998
356 0.9105716
357 0.9104427
358 0.9103155
359 0.9101853
360 0.9100586
361 0.9099284
362 0.9098006
363 0.9096722
364 0.9095427
365 0.9094142
366 0.9092851
367 0.9091551
368 0.9090269
369 0.908899
370 0.9087686
371 0.9086407
372 0.9085102
373 0.9083809
374 0.908252
375 0.908123
376 0.9079936
377 0.907863
378 0.9077341
379 0.9076047
380 0.9074727
381 0.9073433
382 0.9072127
383 0.9070829
384 0.9069524
385 0.9068207
386 0.9066898
387 0.9065591
388 0.9064265
389 0.9062962
390 0.9061638
391 0.9060326
392 0.9059014
393 0.9057682
394 0.9056354
395 0.905503
396 0.9053706
397 0.905239
398 0.9051054
399 0.9049724
400 0.9048389
401 0.9047053
402 0.9045735
403 0.904438
404 0.9043038
405 0.9041698
406 0.9040356
407 0.9039012
408 0.903766
409 0.9036316
410 0.9034964
411 0.9033616
412 0.9032263
413 0.9030904
414 0.9029539
415 0.9028181
416 0.9026835
417 0.9025447
418 0.902409
419 0.9022725
420 0.9021363
421 0.9019986
422 0.9018615
423 0.9017245
424 0.9015857
425 0.9014488
426 0.9013108
427 0.9011731
428 0.901035
429 0.9008959
430 0.9007574
431 0.9006186
432 0.9004804
433 0.9003393
434 0.9002007
435 0.9000603
436 0.8999209
437 0.8997809
438 0.899641
439 0.8994989
440 0.899358
441 0.8992169
442 0.8990755
443 0.8989329
444 0.8987905
445 0.8986483
446 0.8985064
447 0.8983646
448 0.8982216
449 0.8980786
450 0.8979353
451 0.8977923
452 0.8976485
453 0.8975043
454 0.8973608
455 0.8972161
456 0.8970704
457 0.8969263
458 0.896781
459 0.8966361
460 0.8964908
461 0.8963439
462 0.896198
463 0.8960512
464 0.8959055
465 0.8957584
466 0.8956108
467 0.8954656
468 0.895317
469 0.8951706
470 0.8950221
471 0.8948745
472 0.8947257
473 0.8945768
474 0.8944275
475 0.8942783
476 0.8941295
477 0.8939809
478 0.8938304
479 0.8936817
480 0.8935309
481 0.8933809
482 0.8932301
483 0.8930768
484 0.8929266
485 0.8927763
486 0.8926228
487 0.8924723
488 0.8923194
489 0.8921666
490 0.892014
491 0.8918609
492 0.8917068
493 0.8915532
494 0.8913993
495 0.8912457
496 0.8910912
497 0.8909354
498 0.8907816
499 0.8906279
500 0.890471
501 0.8903146
502 0.8901599
503 0.8900033
504 0.889847
505 0.8896906
506 0.8895334
507 0.8893757
508 0.8892182
509 0.889061
510 0.8889025
511 0.8887439
512 0.8885857
513 0.8884272
514 0.8882684
515 0.8881086
516 0.8879503
517 0.88779
518 0.88763
519 0.8874706
520 0.8873106
521 0.8871485
522 0.8869877
523 0.8868259
524 0.886665
525 0.8865048
526 0.886342
527 0.8861802
528 0.8860185
529 0.8858568
530 0.8856936
531 0.885532
532 0.8853666
533 0.8852046
534 0.8850409
535 0.8848767
536 0.8847138
537 0.8845493
538 0.8843863
539 0.8842217
540 0.8840572
541 0.8838914
542 0.8837277
543 0.8835614
544 0.8833961
545 0.8832312
546 0.8830661
547 0.8829008
548 0.8827338
549 0.8825684
550 0.8824036
551 0.8822358
552 0.8820686
553 0.8819029
554 0.8817369
555 0.8815694
556 0.8814033
557 0.8812356
558 0.8810676
559 0.8808993
560 0.8807325
561 0.8805646
562 0.8803977
563 0.8802291
564 0.8800617
565 0.8798937
566 0.8797262
567 0.8795565
568 0.8793878
569 0.8792201
570 0.8790525
571 0.8788836
572 0.8787143
573 0.8785458
574 0.8783764
575 0.8782071
576 0.8780389
577 0.877869
578 0.8776987
579 0.8775312
580 0.8773608
581 0.8771921
582 0.8770224
583 0.8768542
584 0.876684
585 0.8765137
586 0.8763439
587 0.8761744
588 0.8760041
589 0.8758336
590 0.8756639
591 0.8754939
592 0.8753243
593 0.8751556
594 0.8749847
595 0.8748145
596 0.8746458
597 0.874475
598 0.8743048
599 0.8741347
600 0.8739641
601 0.8737946
602 0.8736249
603 0.8734536
604 0.8732844
605 0.8731137
606 0.8729439
607 0.8727728
608 0.8726022
609 0.8724327
610 0.8722636
611 0.8720928
612 0.8719229
613 0.8717518
614 0.871581
615 0.8714108
616 0.871242
617 0.871071
618 0.8709012
619 0.8707309
620 0.8705608
621 0.8703909
622 0.8702197
623 0.8700496
624 0.8698806
625 0.8697107
626 0.8695405
627 0.86937
628 0.8692002
629 0.869031
630 0.8688602
631 0.8686919
632 0.8685223
633 0.8683518
634 0.8681806
635 0.8680131
636 0.867842
637 0.8676723
638 0.8675029
639 0.8673325
640 0.8671644
641 0.866995
642 0.8668261
643 0.8666565
644 0.8664874
645 0.8663172
646 0.8661475
647 0.8659785
648 0.8658091
649 0.8656414
650 0.8654714
651 0.8653031
652 0.8651338
653 0.864965
654 0.8647956
655 0.8646275
656 0.8644587
657 0.8642901
658 0.8641201
659 0.8639508
660 0.8637835
661 0.8636161
662 0.8634475
663 0.8632785
664 0.8631095
665 0.8629419
666 0.8627732
667 0.8626059
668 0.8624374
669 0.8622699
670 0.862102
671 0.8619345
672 0.8617659
673 0.861599
674 0.8614298
675 0.8612629
676 0.8610954
677 0.8609286
678 0.8607604
679 0.860593
680 0.8604262
681 0.8602588
682 0.8600909
683 0.859924
684 0.859757
685 0.8595897
686 0.8594236
687 0.8592548
688 0.8590884
689 0.8589228
690 0.858757
691 0.8585904
692 0.8584231
693 0.8582565
694 0.85809
695 0.8579239
696 0.8577568
697 0.8575901
698 0.8574253
699 0.8572592
700 0.8570924
701 0.856927
702 0.8567599
703 0.8565957
704 0.8564296
705 0.8562653
706 0.8560987
707 0.8559342
708 0.8557677
709 0.855603
710 0.8554375
711 0.855272
712 0.8551069
713 0.8549414
714 0.8547767
715 0.8546115
716 0.8544477
717 0.8542818
718 0.8541176
719 0.8539533
720 0.8537896
721 0.8536233
722 0.8534592
723 0.8532945
724 0.8531314
725 0.8529654
726 0.8528009
727 0.8526368
728 0.8524727
729 0.8523079
730 0.8521441
731 0.8519801
732 0.8518158
733 0.8516519
734 0.8514867
735 0.8513238
736 0.8511593
737 0.850995
738 0.8508314
739 0.8506681
740 0.8505034
741 0.8503398
742 0.8501749
743 0.8500116
744 0.8498484
745 0.8496848
746 0.8495197
747 0.8493559
748 0.8491915
749 0.8490271
750 0.8488634
751 0.8486987
752 0.8485345
753 0.8483703
754 0.8482045
755 0.8480424
756 0.847877
757 0.8477139
758 0.8475476
759 0.8473834
760 0.847219
761 0.8470542
762 0.8468885
763 0.8467234
764 0.8465594
765 0.8463932
766 0.8462293
767 0.846063
768 0.8458983
769 0.8457329
770 0.8455668
771 0.8454011
772 0.8452339
773 0.8450688
774 0.8449014
775 0.8447347
776 0.8445693
777 0.8444026
778 0.8442354
779 0.8440672
780 0.8439006
781 0.843733
782 0.8435656
783 0.8433971
784 0.84323
785 0.8430612
786 0.8428926
787 0.842725
788 0.8425561
789 0.8423857
790 0.8422168
791 0.8420481
792 0.8418775
793 0.8417075
794 0.8415381
795 0.8413675
796 0.8411961
797 0.8410248
798 0.8408547
799 0.8406838
800 0.8405113
801 0.8403403
802 0.8401693
803 0.8399957
804 0.8398231
805 0.8396496
806 0.8394786
807 0.8393034
808 0.8391296
809 0.8389564
810 0.8387827
811 0.8386083
812 0.8384331
813 0.8382592
814 0.8380829
815 0.8379093
816 0.8377323
817 0.837558
818 0.8373808
819 0.8372056
820 0.8370286
821 0.8368526
822 0.8366743
823 0.836498
824 0.8363203
825 0.8361422
826 0.835964
827 0.8357871
828 0.8356081
829 0.835429
830 0.8352509
831 0.8350728
832 0.834893
833 0.8347136
834 0.8345339
835 0.8343552
836 0.8341758
837 0.8339953
838 0.8338152
839 0.8336353
840 0.8334541
841 0.8332738
842 0.8330935
843 0.8329129
844 0.8327307
845 0.8325505
846 0.8323681
847 0.8321878
848 0.8320056
849 0.8318253
850 0.8316427
851 0.8314614
852 0.8312792
853 0.8310975
854 0.8309152
855 0.8307327
856 0.8305511
857 0.8303682
858 0.8301877
859 0.8300048
860 0.8298236
861 0.8296416
862 0.8294588
863 0.8292765
864 0.8290944
865 0.828913
866 0.8287308
867 0.8285483
868 0.8283679
869 0.8281851
870 0.8280035
871 0.8278219
872 0.8276396
873 0.8274575
874 0.8272767
875 0.827096
876 0.8269159
877 0.8267335
878 0.8265527
879 0.8263723
880 0.8261924
881 0.8260123
882 0.8258325
883 0.8256517
884 0.8254718
885 0.8252929
886 0.8251133
887 0.8249342
888 0.8247558
889 0.8245777
890 0.8243992
891 0.8242213
892 0.8240436
893 0.8238673
894 0.8236887
895 0.8235134
896 0.8233364
897 0.8231607
898 0.8229858
899 0.8228091
900 0.8226336
901 0.8224591
902 0.8222846
903 0.822112
904 0.8219379
905 0.8217646
906 0.8215914
907 0.821421
908 0.8212481
909 0.8210766
910 0.8209059
911 0.8207358
912 0.8205658
913 0.8203959
914 0.820228
915 0.8200584
916 0.8198904
917 0.8197228
918 0.8195563
919 0.8193888
920 0.8192232
921 0.8190586
922 0.8188933
923 0.8187292
924 0.8185658
925 0.8184023
926 0.8182395
927 0.8180782
928 0.8179154
929 0.8177558
930 0.8175952
931 0.8174355
932 0.8172776
933 0.8171178
934 0.8169597
935 0.8168029
936 0.8166477
937 0.8164918
938 0.8163368
939 0.8161812
940 0.8160291
941 0.8158744
942 0.8157238
943 0.8155714
944 0.8154203
945 0.8152697
946 0.8151222
947 0.8149735
948 0.8148254
949 0.8146763
950 0.8145304
951 0.8143848
952 0.8142382
953 0.8140945
954 0.8139504
955 0.813809
956 0.8136662
957 0.8135265
958 0.8133855
959 0.8132461
960 0.8131062
961 0.8129693
962 0.8128316
963 0.8126948
964 0.8125597
965 0.8124249
966 0.81229
967 0.8121572
968 0.8120252
969 0.8118939
970 0.8117642
971 0.8116325
972 0.8115048
973 0.8113769
974 0.8112499
975 0.8111231
976 0.8109978
977 0.8108732
978 0.8107496
979 0.810627
980 0.8105052
981 0.8103835
982 0.8102642
983 0.8101444
984 0.8100248
985 0.8099087
986 0.8097917
987 0.809675
988 0.8095605
989 0.8094469
990 0.8093342
991 0.8092234
992 0.8091097
993 0.8090009
994 0.8088914
995 0.808782
996 0.8086744
997 0.8085684
998 0.8084633
999 0.8083581
1000 0.8082551
1001 0.8081515
1002 0.8080482
1003 0.8079475
1004 0.8078483
1005 0.8077487
1006 0.8076501
1007 0.8075531
1008 0.8074567
1009 0.8073605
1010 0.8072659
1011 0.8071724
1012 0.8070798
1013 0.8069882
1014 0.8068961
1015 0.8068058
1016 0.8067168
1017 0.8066291
1018 0.8065408
1019 0.8064541
1020 0.8063682
1021 0.8062831
1022 0.8061984
1023 0.8061157
1024 0.806033
1025 0.8059515
1026 0.805871
1027 0.8057922
1028 0.8057138
1029 0.8056345
1030 0.805558
1031 0.8054815
1032 0.8054053
1033 0.8053302
1034 0.8052566
1035 0.8051838
1036 0.8051115
1037 0.8050402
1038 0.8049694
1039 0.8048988
1040 0.8048301
1041 0.8047619
1042 0.8046935
1043 0.8046268
1044 0.8045604
1045 0.8044959
1046 0.8044311
1047 0.8043665
1048 0.8043037
1049 0.8042405
1050 0.8041782
1051 0.8041176
1052 0.8040574
1053 0.8039975
1054 0.8039384
1055 0.8038806
1056 0.8038226
1057 0.8037658
1058 0.8037074
1059 0.8036525
1060 0.8035978
1061 0.8035415
1062 0.8034866
1063 0.8034331
1064 0.8033797
1065 0.8033272
1066 0.8032756
1067 0.8032241
1068 0.8031729
1069 0.8031213
1070 0.8030713
1071 0.8030226
1072 0.8029721
1073 0.8029246
1074 0.8028759
1075 0.8028276
1076 0.8027807
1077 0.8027343
1078 0.8026868
1079 0.80264
1080 0.8025952
1081 0.8025481
1082 0.8025042
1083 0.8024577
1084 0.8024144
1085 0.8023685
1086 0.8023247
1087 0.8022813
1088 0.8022373
1089 0.8021952
1090 0.8021514
1091 0.8021093
1092 0.8020664
1093 0.8020238
1094 0.8019822
1095 0.8019397
1096 0.8018978
1097 0.8018571
1098 0.8018157
1099 0.8017752
1100 0.8017334
1101 0.8016924
1102 0.8016499
1103 0.8016094
1104 0.8015686
1105 0.8015296
1106 0.8014876
1107 0.8014479
1108 0.8014069
1109 0.801366
1110 0.8013265
1111 0.8012859
1112 0.8012456
1113 0.801205
1114 0.8011657
1115 0.8011233
1116 0.8010837
1117 0.801043
1118 0.8010024
1119 0.8009619
1120 0.8009208
1121 0.8008808
1122 0.8008402
1123 0.8007989
1124 0.8007578
1125 0.8007169
1126 0.8006757
1127 0.8006331
1128 0.8005918
1129 0.8005511
1130 0.8005087
1131 0.800468
1132 0.8004261
1133 0.8003826
1134 0.8003408
1135 0.8002986
1136 0.8002557
1137 0.8002127
1138 0.8001694
1139 0.8001267
1140 0.8000832
1141 0.8000404
1142 0.7999957
1143 0.7999521
1144 0.7999083
1145 0.7998641
1146 0.7998202
1147 0.7997742
1148 0.7997308
1149 0.7996837
1150 0.7996386
1151 0.7995932
1152 0.7995486
1153 0.799502
1154 0.7994559
1155 0.7994084
1156 0.7993634
1157 0.7993161
1158 0.7992695
1159 0.7992219
1160 0.7991753
1161 0.7991266
1162 0.7990792
1163 0.7990321
1164 0.798982
1165 0.7989348
1166 0.7988871
1167 0.7988372
1168 0.7987882
1169 0.79874
1170 0.7986898
1171 0.7986404
1172 0.7985904
1173 0.7985399
1174 0.7984896
1175 0.7984405
1176 0.7983892
1177 0.798338
1178 0.798289
1179 0.7982382
1180 0.798188
1181 0.7981351
1182 0.7980833
1183 0.7980334
1184 0.7979813
1185 0.7979298
1186 0.7978783
1187 0.7978263
1188 0.7977729
1189 0.7977223
1190 0.7976701
1191 0.7976193
1192 0.7975665
1193 0.7975151
1194 0.7974625
1195 0.797409
1196 0.7973571
1197 0.7973056
1198 0.7972523
1199 0.7972005
1200 0.797148
1201 0.7970949
1202 0.7970433
1203 0.7969915
1204 0.7969384
1205 0.7968866
1206 0.7968349
1207 0.796783
1208 0.7967306
1209 0.7966802
1210 0.7966263
1211 0.796575
1212 0.796524
1213 0.796474
1214 0.7964217
1215 0.7963704
1216 0.7963197
1217 0.7962687
1218 0.7962171
1219 0.796167
1220 0.7961162
1221 0.7960666
1222 0.7960162
1223 0.7959668
1224 0.7959185
1225 0.7958692
1226 0.7958195
1227 0.7957708
1228 0.7957221
1229 0.7956737
1230 0.7956252
1231 0.7955775
1232 0.795531
1233 0.7954838
1234 0.795435
1235 0.7953891
1236 0.7953429
1237 0.7952968
1238 0.795252
1239 0.795206
1240 0.7951626
1241 0.7951173
1242 0.7950734
1243 0.795029
1244 0.794985
1245 0.794942
1246 0.7948989
1247 0.794856
1248 0.7948142
1249 0.7947724
1250 0.7947324
1251 0.7946908
1252 0.7946509
1253 0.7946114
1254 0.7945708
1255 0.7945322
1256 0.7944936
1257 0.7944559
1258 0.7944177
1259 0.7943808
1260 0.7943439
1261 0.7943083
1262 0.7942722
1263 0.7942362
1264 0.7942005
1265 0.7941671
1266 0.7941321
1267 0.7940983
1268 0.7940663
1269 0.7940328
1270 0.794001
1271 0.7939692
1272 0.7939384
1273 0.7939078
1274 0.7938784
1275 0.7938485
1276 0.7938185
1277 0.7937896
1278 0.7937616
1279 0.7937334
1280 0.7937061
1281 0.7936798
1282 0.793653
1283 0.7936279
1284 0.793601
1285 0.7935764
1286 0.7935517
1287 0.7935277
1288 0.7935057
1289 0.7934822
1290 0.7934592
1291 0.7934372
1292 0.7934151
1293 0.7933937
1294 0.7933738
1295 0.7933521
1296 0.7933325
1297 0.7933127
1298 0.7932943
1299 0.7932764
1300 0.7932573
1301 0.7932398
1302 0.7932216
1303 0.7932053
1304 0.7931885
1305 0.793172
1306 0.7931571
1307 0.7931418
1308 0.7931261
1309 0.793112
1310 0.793099
1311 0.7930849
1312 0.7930712
1313 0.7930584
1314 0.7930445
1315 0.7930326
1316 0.793021
1317 0.793009
1318 0.7929969
1319 0.7929859
1320 0.7929753
1321 0.7929649
1322 0.7929542
1323 0.7929437
1324 0.7929344
1325 0.7929248
1326 0.792916
1327 0.7929064
1328 0.792897
1329 0.7928884
1330 0.7928802
1331 0.7928725
1332 0.7928653
1333 0.7928574
1334 0.7928494
1335 0.7928424
1336 0.7928349
1337 0.7928272
1338 0.7928209
1339 0.7928149
1340 0.7928088
1341 0.7928021
1342 0.7927961
1343 0.7927896
1344 0.7927836
1345 0.7927773
1346 0.792772
1347 0.7927657
1348 0.7927601
1349 0.7927541
1350 0.7927479
1351 0.7927428
1352 0.7927371
1353 0.792731
1354 0.7927248
1355 0.7927203
1356 0.7927141
1357 0.7927086
1358 0.7927031
1359 0.792697
1360 0.7926912
1361 0.7926854
1362 0.7926794
1363 0.7926731
1364 0.7926669
1365 0.7926617
1366 0.7926551
1367 0.792649
1368 0.7926422
1369 0.7926359
1370 0.7926298
1371 0.7926229
1372 0.7926157
1373 0.7926076
1374 0.7926008
1375 0.7925942
1376 0.7925867
1377 0.7925789
1378 0.7925704
1379 0.7925626
1380 0.7925538
1381 0.7925451
1382 0.7925367
1383 0.7925282
1384 0.7925194
1385 0.79251
1386 0.7924995
1387 0.7924902
1388 0.7924796
1389 0.7924694
1390 0.7924597
1391 0.7924488
1392 0.7924367
1393 0.7924245
1394 0.7924131
1395 0.7924012
1396 0.7923893
1397 0.7923763
1398 0.7923629
1399 0.7923509
1400 0.7923372
1401 0.7923238
1402 0.7923101
1403 0.7922958
1404 0.7922801
1405 0.7922669
1406 0.7922518
1407 0.792236
1408 0.7922207
1409 0.7922049
1410 0.7921883
1411 0.7921702
1412 0.7921541
1413 0.7921364
1414 0.7921184
1415 0.7921007
1416 0.7920827
1417 0.7920638
1418 0.7920431
1419 0.792025
1420 0.7920045
1421 0.7919852
1422 0.7919641
1423 0.791944
1424 0.791923
1425 0.7919014
1426 0.7918798
1427 0.7918578
1428 0.7918359
1429 0.7918136
1430 0.7917897
1431 0.7917655
1432 0.7917429
1433 0.7917184
1434 0.7916945
1435 0.7916697
1436 0.7916448
1437 0.7916195
1438 0.7915938
1439 0.7915678
1440 0.7915419
1441 0.7915146
1442 0.7914875
1443 0.7914617
1444 0.7914339
1445 0.7914057
1446 0.7913778
1447 0.7913496
1448 0.7913209
1449 0.7912925
1450 0.7912631
1451 0.7912331
1452 0.7912034
1453 0.7911733
1454 0.7911421
1455 0.7911127
1456 0.7910813
1457 0.7910504
1458 0.7910206
1459 0.7909886
1460 0.7909568
1461 0.7909247
1462 0.7908918
1463 0.7908589
1464 0.7908266
1465 0.7907929
1466 0.7907595
1467 0.7907271
1468 0.7906917
1469 0.790659
1470 0.7906256
1471 0.7905905
1472 0.7905564
1473 0.7905219
1474 0.7904859
1475 0.7904499
1476 0.7904161
1477 0.7903807
1478 0.7903447
1479 0.790309
1480 0.7902734
1481 0.790237
1482 0.7902009
1483 0.7901645
1484 0.7901286
1485 0.7900923
1486 0.7900555
1487 0.790018
1488 0.7899814
1489 0.789944
1490 0.7899062
1491 0.7898698
1492 0.7898318
1493 0.7897947
1494 0.7897562
1495 0.789719
1496 0.7896811
1497 0.7896427
1498 0.7896046
1499 0.789567
1500 0.7895285
1501 0.7894901
1502 0.7894513
1503 0.7894142
1504 0.7893751
1505 0.7893366
1506 0.7892983
1507 0.78926
1508 0.7892209
1509 0.7891814
1510 0.7891434
1511 0.7891056
1512 0.7890666
1513 0.7890282
1514 0.78899
1515 0.7889507
1516 0.7889121
1517 0.7888728
1518 0.788835
1519 0.7887963
1520 0.7887572
1521 0.7887194
1522 0.7886803
1523 0.7886413
1524 0.7886038
1525 0.7885665
1526 0.7885271
1527 0.7884877
1528 0.7884501
1529 0.7884114
1530 0.7883735
1531 0.7883345
1532 0.7882967
1533 0.7882587
1534 0.7882197
1535 0.7881823
1536 0.7881439
1537 0.788107
1538 0.7880693
1539 0.7880316
1540 0.7879944
1541 0.787955
1542 0.7879192
1543 0.7878813
1544 0.787843
1545 0.787807
1546 0.7877687
1547 0.7877325
1548 0.7876952
1549 0.7876595
1550 0.7876217
1551 0.7875838
1552 0.7875477
1553 0.7875121
1554 0.7874745
1555 0.7874377
1556 0.7874033
1557 0.7873667
1558 0.7873313
1559 0.7872951
1560 0.7872589
1561 0.7872235
1562 0.7871885
1563 0.7871525
1564 0.7871175
1565 0.7870834
1566 0.7870471
1567 0.7870122
1568 0.7869767
1569 0.786942
1570 0.7869085
1571 0.7868751
1572 0.78684
1573 0.7868059
1574 0.7867706
1575 0.7867373
1576 0.7867026
1577 0.7866687
1578 0.7866359
1579 0.786602
1580 0.7865688
1581 0.7865357
1582 0.7865027
1583 0.7864693
1584 0.7864357
1585 0.7864028
1586 0.7863702
1587 0.7863373
1588 0.7863051
1589 0.7862726
1590 0.7862398
1591 0.786208
1592 0.7861757
1593 0.7861449
1594 0.7861124
1595 0.7860792
1596 0.7860481
1597 0.7860159
1598 0.7859845
1599 0.7859538
1600 0.7859225
1601 0.785891
1602 0.7858604
1603 0.785829
1604 0.7857971
1605 0.7857672
1606 0.7857363
1607 0.7857047
1608 0.7856753
1609 0.7856441
1610 0.7856137
1611 0.7855828
1612 0.785552
1613 0.7855227
1614 0.7854921
1615 0.7854622
1616 0.7854323
1617 0.7854043
1618 0.7853727
1619 0.7853427
1620 0.7853131
1621 0.7852842
1622 0.7852545
1623 0.7852249
1624 0.7851946
1625 0.7851662
1626 0.7851354
1627 0.7851061
1628 0.7850775
1629 0.7850477
1630 0.7850187
1631 0.7849911
1632 0.7849608
1633 0.7849303
1634 0.7849017
1635 0.7848739
1636 0.7848453
1637 0.7848162
1638 0.7847866
1639 0.7847561
1640 0.7847281
1641 0.7846997
1642 0.7846702
1643 0.7846417
1644 0.7846129
1645 0.784584
1646 0.7845546
1647 0.7845253
1648 0.784497
1649 0.7844689
1650 0.7844394
1651 0.7843959
1652 0.7843522
1653 0.7843114
1654 0.7842678
1655 0.784225
1656 0.7841808
1657 0.7841376
1658 0.784094
1659 0.7840503
1660 0.7840082
1661 0.7839656
1662 0.7839213
1663 0.7838774
1664 0.7838348
1665 0.7837903
1666 0.7837479
1667 0.7837039
1668 0.7836606
1669 0.783617
1670 0.7835737
1671 0.7835287
1672 0.7834857
1673 0.7834399
1674 0.7833979
1675 0.7833546
1676 0.7833095
1677 0.783265
1678 0.7832217
1679 0.7831762
1680 0.7831312
1681 0.7830871
1682 0.783043
1683 0.7829975
1684 0.7829529
1685 0.7829089
1686 0.7828633
1687 0.7828193
1688 0.782773
1689 0.7827284
1690 0.7826833
1691 0.7826381
1692 0.7825928
1693 0.7825473
1694 0.7825027
1695 0.782457
1696 0.7824113
1697 0.7823654
1698 0.7823193
1699 0.7822753
1700 0.7822285
1701 0.7821819
1702 0.782138
1703 0.7820919
1704 0.7820454
1705 0.7820001
1706 0.7819542
1707 0.7819084
1708 0.7818637
1709 0.7818162
1710 0.7817704
1711 0.7817236
1712 0.7816791
1713 0.7816322
1714 0.7815872
1715 0.7815412
1716 0.781495
1717 0.7814485
1718 0.7814025
1719 0.7813587
1720 0.7813115
1721 0.7812662
1722 0.7812205
1723 0.7811753
1724 0.7811283
1725 0.7810844
1726 0.7810376
1727 0.7809926
1728 0.7809479
1729 0.780902
1730 0.7808561
1731 0.7808109
1732 0.7807656
1733 0.7807222
1734 0.7806771
1735 0.7806316
1736 0.7805877
1737 0.7805426
1738 0.7804985
1739 0.7804533
1740 0.7804095
1741 0.7803644
1742 0.780321
1743 0.7802765
1744 0.7802325
1745 0.7801884
1746 0.7801451
1747 0.7801026
1748 0.7800585
1749 0.7800144
1750 0.7799717
1751 0.7799289
1752 0.7798871
1753 0.7798431
1754 0.7798018
1755 0.7797589
1756 0.7797155
1757 0.7796737
1758 0.7796324
1759 0.779591
1760 0.779549
1761 0.779507
1762 0.7794655
1763 0.779426
1764 0.7793851
1765 0.7793431
1766 0.7793029
1767 0.7792619
1768 0.7792216
1769 0.7791823
1770 0.7791416
1771 0.7791016
1772 0.7790618
1773 0.7790229
1774 0.7789832
1775 0.7789435
1776 0.7789038
1777 0.7788655
1778 0.7788267
1779 0.7787885
1780 0.7787504
1781 0.7787119
1782 0.7786742
1783 0.7786345
1784 0.7785978
1785 0.7785596
1786 0.7785229
1787 0.7784854
1788 0.7784484
1789 0.7784111
1790 0.7783753
1791 0.778339
1792 0.7783015
1793 0.7782657
1794 0.7782285
1795 0.7781912
1796 0.7781568
1797 0.7781198
1798 0.7780849
1799 0.7780484
1800 0.7780136
1801 0.7779777
1802 0.7779429
1803 0.7779088
1804 0.7778736
1805 0.7778386
1806 0.7778025
1807 0.7777686
1808 0.7777345
1809 0.7776994
1810 0.7776659
1811 0.7776316
1812 0.777599
1813 0.7775643
1814 0.7775288
1815 0.777496
1816 0.7774621
1817 0.7774277
1818 0.7773952
1819 0.777361
1820 0.7773281
1821 0.7772939
1822 0.7772595
1823 0.7772272
1824 0.777194
1825 0.7771612
1826 0.7771275
1827 0.7770946
1828 0.7770621
1829 0.777029
1830 0.7769969
1831 0.7769632
1832 0.7769309
1833 0.7768993
1834 0.7768653
1835 0.7768333
1836 0.7768003
1837 0.7767674
1838 0.7767361
1839 0.7767038
1840 0.7766699
1841 0.776638
1842 0.7766066
1843 0.7765737
1844 0.7765415
1845 0.7765087
1846 0.7764753
1847 0.7764415
1848 0.7764107
1849 0.7763788
1850 0.7763465
1851 0.7763148
1852 0.7762813
1853 0.7762484
1854 0.7762166
1855 0.7761827
1856 0.7761517
1857 0.7761188
1858 0.7760869
1859 0.776054
1860 0.7760226
1861 0.7759893
1862 0.7759578
1863 0.7759242
1864 0.7758924
1865 0.7758598
1866 0.7758279
1867 0.775794
1868 0.7757622
1869 0.7757295
1870 0.7756965
1871 0.7756644
1872 0.7756317
1873 0.7755989
1874 0.7755657
1875 0.7755343
1876 0.7755001
1877 0.7754685
1878 0.775435
1879 0.7754036
1880 0.7753701
1881 0.7753375
1882 0.775306
1883 0.7752732
1884 0.7752411
1885 0.775207
1886 0.7751756
1887 0.7751428
1888 0.7751087
1889 0.7750759
1890 0.775044
1891 0.7750118
1892 0.7749786
1893 0.774946
1894 0.7749134
1895 0.7748793
1896 0.7748468
1897 0.7748134
1898 0.7747821
1899 0.7747493
1900 0.7747163
1901 0.7746837
1902 0.7746516
1903 0.7746195
1904 0.7745858
1905 0.7745534
1906 0.7745214
1907 0.7744889
1908 0.7744568
1909 0.774423
1910 0.7743919
1911 0.7743582
1912 0.7743271
1913 0.774294
1914 0.7742618
1915 0.7742296
1916 0.7741975
1917 0.7741669
1918 0.774134
1919 0.7741016
1920 0.7740709
1921 0.7740373
1922 0.774006
1923 0.7739752
1924 0.7739428
1925 0.773911
1926 0.7738791
1927 0.7738488
1928 0.7738165
1929 0.773785
1930 0.7737538
1931 0.773722
1932 0.7736919
1933 0.7736608
1934 0.7736299
1935 0.7735981
1936 0.7735671
1937 0.7735364
1938 0.773505
1939 0.7734755
1940 0.7734438
1941 0.7734146
1942 0.7733846
1943 0.7733532
1944 0.7733222
1945 0.7732928
1946 0.7732632
1947 0.7732334
1948 0.7732034
1949 0.7731733
1950 0.7731448
1951 0.7731147
1952 0.7730854
1953 0.7730563
1954 0.7730261
1955 0.7729983
1956 0.7729692
1957 0.7729394
1958 0.7729104
1959 0.7728822
1960 0.7728534
1961 0.7728251
1962 0.7727963
1963 0.7727678
1964 0.7727396
1965 0.7727116
1966 0.772684
1967 0.7726557
1968 0.7726281
1969 0.7725998
1970 0.7725731
1971 0.7725446
1972 0.7725171
1973 0.77249
1974 0.7724633
1975 0.7724359
1976 0.7724087
1977 0.7723804
1978 0.7723542
1979 0.7723272
1980 0.7723
1981 0.7722747
1982 0.7722474
1983 0.7722214
1984 0.7721939
1985 0.7721671
1986 0.7721415
1987 0.7721161
1988 0.7720894
1989 0.7720626
1990 0.7720375
1991 0.7720107
1992 0.7719857
1993 0.77196
1994 0.7719341
1995 0.7719084
1996 0.7718831
1997 0.7718563
1998 0.7718304
1999 0.7718047
2000 0.7717798
2001 0.7717556
2002 0.771731
2003 0.7717041
2004 0.7716787
2005 0.7716536
2006 0.7716285
2007 0.7716045
2008 0.7715786
2009 0.7715546
2010 0.77153
2011 0.7715052
2012 0.7714805
2013 0.7714549
2014 0.7714311
2015 0.7714055
2016 0.7713815
2017 0.7713567
2018 0.7713319
2019 0.7713077
2020 0.7712828
2021 0.7712584
2022 0.771233
2023 0.7712082
2024 0.7711839
2025 0.7711594
2026 0.7711349
2027 0.7711105
2028 0.7710861
2029 0.7710618
2030 0.7710381
2031 0.7710131
2032 0.7709886
2033 0.7709631
2034 0.7709396
2035 0.7709143
2036 0.77089
2037 0.7708656
2038 0.7708406
2039 0.7708166
2040 0.7707911
2041 0.7707668
2042 0.7707419
2043 0.7707178
2044 0.7706927
2045 0.7706686
2046 0.7706427
2047 0.770618
2048 0.7705939
2049 0.7705699
2050 0.7705442
2051 0.7705193
2052 0.7704933
2053 0.7704687
2054 0.7704445
2055 0.7704189
2056 0.7703942
2057 0.7703694
2058 0.7703438
2059 0.7703194
2060 0.770294
2061 0.770268
2062 0.7702429
2063 0.7702186
2064 0.7701929
2065 0.7701665
2066 0.770142
2067 0.7701153
2068 0.7700906
2069 0.7700635
2070 0.7700399
2071 0.7700123
2072 0.7699869
2073 0.7699615
2074 0.7699354
2075 0.7699087
2076 0.7698833
2077 0.7698569
2078 0.7698314
2079 0.7698049
2080 0.769779
2081 0.7697527
2082 0.7697264
2083 0.7697009
2084 0.7696736
2085 0.769649
2086 0.7696211
2087 0.7695954
2088 0.7695693
2089 0.7695431
2090 0.7695159
2091 0.7694887
2092 0.7694621
2093 0.7694364
2094 0.7694091
2095 0.7693819
2096 0.7693554
2097 0.7693278
2098 0.769302
2099 0.7692744
2100 0.7692469
2101 0.7692201
2102 0.7691926
2103 0.769166
2104 0.7691399
2105 0.7691117
2106 0.7690845
2107 0.7690564
2108 0.76903
2109 0.7690034
2110 0.7689756
2111 0.7689478
2112 0.7689213
2113 0.7688922
2114 0.7688652
2115 0.7688388
2116 0.7688108
2117 0.7687838
2118 0.7687554
2119 0.7687268
2120 0.7686999
2121 0.7686737
2122 0.7686455
2123 0.7686172
2124 0.7685891
2125 0.7685613
2126 0.7685331
2127 0.7685064
2128 0.7684776
2129 0.7684495
2130 0.7684221
2131 0.7683932
2132 0.7683672
2133 0.7683383
2134 0.7683103
2135 0.768282
2136 0.7682539
2137 0.7682265
2138 0.7681984
2139 0.7681701
2140 0.7681425
2141 0.768115
2142 0.7680858
2143 0.7680576
2144 0.7680299
2145 0.7680009
2146 0.7679747
2147 0.7679453
2148 0.7679179
2149 0.7678903
2150 0.7678622
2151 0.7678336
2152 0.767805
2153 0.7677783
2154 0.7677497
2155 0.7677211
2156 0.7676929
2157 0.7676648
2158 0.7676373
2159 0.7676077
2160 0.7675787
2161 0.7675522
2162 0.7675238
2163 0.7674961
2164 0.7674671
2165 0.7674391
2166 0.7674105
2167 0.7673821
2168 0.7673546
2169 0.7673263
2170 0.7672979
2171 0.76727
2172 0.7672415
2173 0.767213
2174 0.7671843
2175 0.7671563
2176 0.7671287
2177 0.767099
2178 0.767071
2179 0.7670423
2180 0.7670146
2181 0.7669867
2182 0.7669584
2183 0.7669303
2184 0.7669029
2185 0.7668727
2186 0.7668453
2187 0.7668175
2188 0.7667887
2189 0.7667605
2190 0.7667323
2191 0.7667041
2192 0.7666748
2193 0.7666461
2194 0.7666187
2195 0.7665898
2196 0.7665617
2197 0.7665327
2198 0.7665048
2199 0.7664756
2200 0.7664471
2201 0.7664194
2202 0.7663908
2203 0.7663627
2204 0.7663337
2205 0.7663057
2206 0.7662768
2207 0.7662482
2208 0.7662198
2209 0.7661917
2210 0.766162
2211 0.7661346
2212 0.7661055
2213 0.7660774
2214 0.7660478
2215 0.7660186
2216 0.765991
2217 0.7659624
2218 0.7659334
2219 0.7659054
2220 0.7658757
2221 0.7658479
2222 0.7658204
2223 0.7657898
2224 0.7657608
2225 0.7657316
2226 0.7657039
2227 0.7656735
2228 0.7656465
2229 0.7656167
2230 0.7655891
2231 0.7655594
2232 0.7655306
2233 0.7655014
2234 0.7654731
2235 0.7654429
2236 0.7654157
2237 0.7653849
2238 0.7653555
2239 0.7653269
2240 0.7652989
2241 0.7652686
2242 0.7652403
2243 0.7652106
2244 0.7651817
2245 0.7651515
2246 0.765123
2247 0.7650945
2248 0.7650647
2249 0.7650365
2250 0.7650065
2251 0.7649781
2252 0.7649477
2253 0.7649187
2254 0.7648896
2255 0.7648592
2256 0.764831
2257 0.7648025
2258 0.7647709
2259 0.7647421
2260 0.7647125
2261 0.7646828
2262 0.7646537
2263 0.7646247
2264 0.7645943
2265 0.7645653
2266 0.7645355
2267 0.7645062
2268 0.7644763
2269 0.7644458
2270 0.7644161
2271 0.7643863
2272 0.7643571
2273 0.7643278
2274 0.7642978
2275 0.764268
2276 0.764238
2277 0.7642094
2278 0.764179
2279 0.7641476
2280 0.7641183
2281 0.764087
2282 0.7640591
2283 0.764029
2284 0.7639983
2285 0.7639688
2286 0.7639382
2287 0.7639092
2288 0.7638795
2289 0.7638484
2290 0.7638196
2291 0.7637876
2292 0.7637591
2293 0.7637282
2294 0.7636977
2295 0.7636672
2296 0.7636366
2297 0.7636082
2298 0.7635772
2299 0.7635471
2300 0.7635165
2301 0.7634854
2302 0.7634558
2303 0.7634249
2304 0.7633957
2305 0.7633646
2306 0.7633342
2307 0.7633043
2308 0.7632726
2309 0.7632431
2310 0.763213
2311 0.7631817
2312 0.7631525
2313 0.7631225
2314 0.7630909
2315 0.7630603
2316 0.7630304
2317 0.7630012
2318 0.7629694
2319 0.7629392
2320 0.7629083
2321 0.7628783
2322 0.7628474
2323 0.7628171
2324 0.762786
2325 0.7627558
2326 0.7627239
2327 0.7626953
2328 0.7626645
2329 0.7626323
2330 0.762602
2331 0.7625723
2332 0.7625419
2333 0.7625109
2334 0.7624807
2335 0.7624505
2336 0.762419
2337 0.7623874
2338 0.7623575
2339 0.7623279
2340 0.7622975
2341 0.7622672
2342 0.7622352
2343 0.7622051
2344 0.7621744
2345 0.7621437
2346 0.7621123
2347 0.7620827
2348 0.7620514
2349 0.7620222
2350 0.7619913
2351 0.7619611
2352 0.7619293
2353 0.7618985
2354 0.7618684
2355 0.7618385
2356 0.7618068
2357 0.761776
2358 0.7617458
2359 0.7617154
2360 0.7616867
2361 0.761655
2362 0.7616245
2363 0.7615952
2364 0.7615638
2365 0.7615342
2366 0.7615034
2367 0.7614728
2368 0.7614424
2369 0.7614131
2370 0.7613826
2371 0.7613522
2372 0.7613224
2373 0.7612928
2374 0.7612616
2375 0.7612315
2376 0.7612026
2377 0.7611722
2378 0.761142
2379 0.7611119
2380 0.7610828
2381 0.7610529
2382 0.7610227
2383 0.7609932
2384 0.7609637
2385 0.7609327
2386 0.760904
2387 0.7608743
2388 0.7608454
2389 0.7608163
2390 0.760786
2391 0.7607568
2392 0.7607261
2393 0.7606977
2394 0.7606691
2395 0.7606395
2396 0.7606107
2397 0.7605814
2398 0.7605519
2399 0.7605241
2400 0.7604948
2401 0.7604641
2402 0.7604359
2403 0.7604069
2404 0.7603778
2405 0.7603493
2406 0.76032
2407 0.7602915
2408 0.7602643
2409 0.7602358
2410 0.7602066
2411 0.760179
2412 0.7601506
2413 0.7601219
2414 0.7600941
2415 0.7600666
2416 0.7600375
2417 0.7600099
2418 0.7599816
2419 0.7599528
2420 0.7599261
2421 0.7598985
2422 0.7598695
2423 0.7598415
2424 0.7598144
2425 0.7597865
2426 0.7597585
2427 0.7597318
2428 0.7597037
2429 0.7596753
2430 0.7596494
2431 0.7596218
2432 0.7595947
2433 0.759567
2434 0.7595402
2435 0.759513
2436 0.7594859
2437 0.7594595
2438 0.7594323
2439 0.7594046
2440 0.7593789
2441 0.7593501
2442 0.7593246
2443 0.7592979
2444 0.7592702
2445 0.7592447
2446 0.7592165
2447 0.7591904
2448 0.7591643
2449 0.7591389
2450 0.7591128
2451 0.7590863
2452 0.7590603
2453 0.7590346
2454 0.7590079
2455 0.7589818
2456 0.7589549
2457 0.7589287
2458 0.7589028
2459 0.7588768
2460 0.7588506
2461 0.7588254
2462 0.7587994
2463 0.7587738
2464 0.7587473
2465 0.7587226
2466 0.7586965
2467 0.7586716
2468 0.7586453
2469 0.7586203
2470 0.7585942
2471 0.7585691
2472 0.7585434
2473 0.7585179
2474 0.7584925
2475 0.7584667
2476 0.7584412
2477 0.7584153
2478 0.75839
2479 0.7583656
2480 0.7583406
2481 0.7583147
2482 0.75829
2483 0.7582655
2484 0.7582399
2485 0.758215
2486 0.7581902
2487 0.7581645
2488 0.7581391
2489 0.7581137
2490 0.7580888
2491 0.7580649
2492 0.7580392
2493 0.7580138
2494 0.7579893
2495 0.7579629
2496 0.7579404
2497 0.7579139
2498 0.7578897
2499 0.7578633
2500 0.757839
2501 0.7578138
2502 0.7577896
2503 0.7577639
2504 0.7577396
2505 0.7577148
2506 0.7576886
2507 0.757665
2508 0.7576401
2509 0.7576156
2510 0.7575904
2511 0.7575655
2512 0.7575406
2513 0.7575161
2514 0.7574904
2515 0.7574657
2516 0.7574397
2517 0.7574159
2518 0.757391
2519 0.7573658
2520 0.7573409
2521 0.7573155
2522 0.7572905
2523 0.7572649
2524 0.7572407
2525 0.7572153
2526 0.7571892
2527 0.7571641
2528 0.7571402
2529 0.7571144
2530 0.7570888
2531 0.7570633
2532 0.7570382
2533 0.7570121
2534 0.7569869
2535 0.7569615
2536 0.7569374
2537 0.7569128
2538 0.7568868
2539 0.7568605
2540 0.7568355
2541 0.7568088
2542 0.7567829
2543 0.7567586
2544 0.7567323
2545 0.7567065
2546 0.7566817
2547 0.7566549
2548 0.7566286
2549 0.7566031
2550 0.7565762
2551 0.7565502
2552 0.756524
2553 0.7564973
2554 0.7564707
2555 0.7564455
2556 0.7564187
2557 0.7563919
2558 0.7563659
2559 0.7563397
2560 0.7563123
2561 0.7562866
2562 0.7562597
2563 0.7562336
2564 0.7562066
2565 0.7561786
2566 0.7561525
2567 0.7561255
2568 0.756098
2569 0.7560703
2570 0.7560428
2571 0.756016
2572 0.7559889
2573 0.7559613
2574 0.7559339
2575 0.7559063
2576 0.7558792
2577 0.7558507
2578 0.7558228
2579 0.7557963
2580 0.7557673
2581 0.7557402
2582 0.7557121
2583 0.7556844
2584 0.7556551
2585 0.7556266
2586 0.7555984
2587 0.7555697
2588 0.7555413
2589 0.7555125
2590 0.7554845
2591 0.7554553
2592 0.7554265
2593 0.7553979
2594 0.7553688
2595 0.7553403
2596 0.7553109
2597 0.7552809
2598 0.7552519
2599 0.7552228
2600 0.755193
2601 0.7551633
2602 0.7551337
2603 0.7551042
2604 0.7550755
2605 0.7550455
2606 0.7550156
2607 0.754985
2608 0.7549545
2609 0.7549245
2610 0.754895
2611 0.7548639
2612 0.7548341
2613 0.7548038
2614 0.7547726
2615 0.7547423
2616 0.7547109
2617 0.7546807
2618 0.7546502
2619 0.7546191
2620 0.7545879
2621 0.7545568
2622 0.7545262
2623 0.7544948
2624 0.7544634
2625 0.754432
2626 0.7544003
2627 0.75437
2628 0.7543372
2629 0.7543048
2630 0.7542733
2631 0.7542413
2632 0.7542105
2633 0.7541769
2634 0.754145
2635 0.7541133
2636 0.7540821
2637 0.7540492
2638 0.7540159
2639 0.7539843
2640 0.7539518
2641 0.7539186
2642 0.7538862
2643 0.753853
2644 0.7538207
2645 0.7537876
2646 0.7537545
2647 0.7537223
2648 0.7536891
2649 0.753655
2650 0.7536221
2651 0.7535887
2652 0.7535557
2653 0.7535219
2654 0.7534897
2655 0.7534559
2656 0.7534215
2657 0.7533875
2658 0.7533538
2659 0.7533189
2660 0.7532861
2661 0.753252
2662 0.7532181
2663 0.7531836
2664 0.75315
2665 0.7531165
2666 0.7530805
2667 0.753047
2668 0.7530122
2669 0.752978
2670 0.7529438
2671 0.7529093
2672 0.7528748
2673 0.7528405
2674 0.7528052
2675 0.7527712
2676 0.7527367
2677 0.7527009
2678 0.7526653
2679 0.7526308
2680 0.7525959
2681 0.7525616
2682 0.7525254
2683 0.7524906
2684 0.7524543
2685 0.7524199
2686 0.7523848
2687 0.7523492
2688 0.7523138
2689 0.7522783
2690 0.7522417
2691 0.7522066
2692 0.7521722
2693 0.7521359
2694 0.7521014
2695 0.7520649
2696 0.7520294
2697 0.7519932
2698 0.7519566
2699 0.7519208
2700 0.7518853
2701 0.7518488
2702 0.751813
2703 0.7517759
2704 0.7517404
2705 0.7517046
2706 0.7516685
2707 0.7516329
2708 0.7515969
2709 0.7515607
2710 0.7515239
2711 0.7514875
2712 0.7514509
2713 0.7514147
2714 0.7513788
2715 0.7513426
2716 0.7513057
2717 0.7512693
2718 0.7512332
2719 0.7511957
2720 0.7511588
2721 0.7511226
2722 0.7510861
2723 0.7510492
2724 0.7510136
2725 0.7509766
2726 0.7509406
2727 0.7509043
2728 0.7508664
2729 0.7508301
2730 0.7507939
2731 0.7507579
2732 0.75072
2733 0.7506835
2734 0.7506469
2735 0.75061
2736 0.7505739
2737 0.7505368
2738 0.7505001
2739 0.7504643
2740 0.7504273
2741 0.7503899
2742 0.7503534
2743 0.7503166
2744 0.7502804
2745 0.7502429
2746 0.7502066
2747 0.7501696
2748 0.7501338
2749 0.7500965
2750 0.7500596
2751 0.7500232
2752 0.7499868
2753 0.7499509
2754 0.7499143
2755 0.7498783
2756 0.7498415
2757 0.7498059
2758 0.749769
2759 0.7497326
2760 0.7496962
2761 0.7496594
2762 0.7496229
2763 0.7495871
2764 0.7495512
2765 0.7495147
2766 0.7494786
2767 0.7494421
2768 0.7494058
2769 0.7493691
2770 0.7493342
2771 0.7492982
2772 0.7492627
2773 0.7492263
2774 0.7491909
2775 0.7491547
2776 0.749119
2777 0.7490828
2778 0.7490477
2779 0.7490123
2780 0.7489768
2781 0.74894
2782 0.7489052
2783 0.7488688
2784 0.7488342
2785 0.7487989
2786 0.7487641
2787 0.7487288
2788 0.7486942
2789 0.7486586
2790 0.7486234
2791 0.748589
2792 0.7485538
2793 0.7485192
2794 0.748485
2795 0.7484505
2796 0.7484149
2797 0.7483801
2798 0.7483459
2799 0.7483127
2800 0.7482775
2801 0.7482421
2802 0.7482101
2803 0.748175
2804 0.7481409
2805 0.7481079
2806 0.7480731
2807 0.7480381
2808 0.7480056
2809 0.7479724
2810 0.7479385
2811 0.7479052
2812 0.7478718
2813 0.7478378
2814 0.7478045
2815 0.7477718
2816 0.7477375
2817 0.747705
2818 0.7476736
2819 0.7476403
2820 0.7476077
2821 0.7475744
2822 0.7475428
2823 0.7475107
2824 0.7474778
2825 0.7474465
2826 0.7474139
2827 0.7473815
2828 0.7473491
2829 0.7473172
2830 0.7472851
2831 0.747254
2832 0.7472231
2833 0.7471919
2834 0.7471595
2835 0.7471295
2836 0.7470976
2837 0.747067
2838 0.7470356
2839 0.7470049
2840 0.7469742
2841 0.7469436
2842 0.7469127
2843 0.7468834
2844 0.7468527
2845 0.746821
2846 0.7467923
2847 0.7467619
2848 0.746731
2849 0.7467011
2850 0.746673
2851 0.7466428
2852 0.746613
2853 0.746583
2854 0.7465548
2855 0.7465248
2856 0.7464958
2857 0.7464665
2858 0.746438
2859 0.7464088
2860 0.7463812
2861 0.7463519
2862 0.7463229
2863 0.7462955
2864 0.7462677
2865 0.7462399
2866 0.7462118
2867 0.746184
2868 0.7461559
2869 0.7461287
2870 0.7461007
2871 0.7460737
2872 0.7460461
2873 0.7460192
2874 0.7459916
2875 0.7459658
2876 0.7459393
2877 0.7459112
2878 0.7458857
2879 0.7458605
2880 0.745832
2881 0.7458063
2882 0.7457804
2883 0.7457556
2884 0.7457285
2885 0.745703
2886 0.7456775
2887 0.7456512
2888 0.7456271
2889 0.7456014
2890 0.7455766
2891 0.7455524
2892 0.7455267
2893 0.745502
2894 0.7454771
2895 0.7454522
2896 0.7454277
2897 0.745403
2898 0.7453792
2899 0.7453561
2900 0.7453314
2901 0.7453063
2902 0.7452835
2903 0.7452598
2904 0.7452363
2905 0.7452126
2906 0.7451894
2907 0.7451669
2908 0.7451443
2909 0.7451208
2910 0.7450973
2911 0.7450749
2912 0.7450519
2913 0.7450298
2914 0.7450059
2915 0.7449855
2916 0.7449638
2917 0.7449408
2918 0.7449185
2919 0.7448984
2920 0.7448757
2921 0.7448542
2922 0.744832
2923 0.7448108
2924 0.7447896
2925 0.7447696
2926 0.7447474
2927 0.7447272
2928 0.744706
2929 0.7446858
2930 0.7446654
2931 0.7446448
2932 0.7446247
2933 0.7446041
2934 0.7445833
2935 0.7445634
2936 0.7445449
2937 0.7445247
2938 0.7445046
2939 0.7444849
2940 0.7444661
2941 0.7444457
2942 0.7444257
2943 0.7444069
2944 0.7443878
2945 0.7443691
2946 0.7443502
2947 0.7443314
2948 0.7443128
2949 0.7442949
2950 0.7442767
2951 0.7442576
2952 0.7442398
2953 0.7442217
2954 0.7442032
2955 0.7441853
2956 0.7441682
2957 0.7441494
2958 0.7441323
2959 0.7441146
2960 0.7440968
2961 0.7440786
2962 0.7440618
2963 0.7440444
2964 0.7440274
2965 0.744011
2966 0.7439943
2967 0.7439777
2968 0.7439607
2969 0.7439439
2970 0.7439281
2971 0.7439112
2972 0.7438937
2973 0.7438771
2974 0.7438615
2975 0.7438463
2976 0.7438295
2977 0.7438129
2978 0.7437974
2979 0.743782
2980 0.7437661
2981 0.7437502
2982 0.7437349
2983 0.7437188
2984 0.7437034
2985 0.7436884
2986 0.7436742
2987 0.7436596
2988 0.7436431
2989 0.7436292
2990 0.7436143
2991 0.7435998
2992 0.7435859
2993 0.7435707
2994 0.7435558
2995 0.7435415
2996 0.7435265
2997 0.7435125
2998 0.7434989
2999 0.7434837
3000 0.7434709
3001 0.7434565
3002 0.7434419
3003 0.7434286
3004 0.7434151
3005 0.7434025
3006 0.7433878
3007 0.7433752
3008 0.7433618
3009 0.7433485
3010 0.7433349
3011 0.7433215
3012 0.7433074
3013 0.7432954
3014 0.7432824
3015 0.7432691
3016 0.7432556
3017 0.743243
3018 0.7432305
3019 0.7432192
3020 0.7432073
3021 0.7431948
3022 0.7431813
3023 0.7431692
3024 0.7431574
3025 0.7431455
3026 0.7431329
3027 0.7431209
3028 0.7431093
3029 0.7430982
3030 0.7430864
3031 0.7430752
3032 0.7430632
3033 0.7430519
3034 0.7430395
3035 0.743028
3036 0.743017
3037 0.7430062
3038 0.7429956
3039 0.7429855
3040 0.7429737
3041 0.7429622
3042 0.7429516
3043 0.7429407
3044 0.7429299
3045 0.742919
3046 0.742909
3047 0.7428988
3048 0.7428885
3049 0.7428784
3050 0.7428685
