"report-def-mom-rfile"
"Iteration" "report-def-mom"
("Iteration" "report-def-mom")
1 -0.007675643
2 -0.01081962
3 -0.01384486
4 -0.01674892
5 -0.01952817
6 -0.02217899
7 -0.02469814
8 -0.02708366
9 -0.02933474
10 -0.03145169
11 -0.03343597
12 -0.03529
13 -0.03701673
14 -0.03861959
15 -0.04010293
16 -0.04147074
17 -0.04272686
18 -0.04387425
19 -0.04491761
20 -0.04586418
21 -0.0467229
22 -0.04750329
23 -0.04821531
24 -0.04886818
25 -0.04947035
26 -0.05002869
27 -0.05054844
28 -0.0510334
29 -0.05148534
30 -0.05190507
31 -0.05229226
32 -0.05264563
33 -0.05296357
34 -0.05324447
35 -0.05348878
36 -0.05369726
37 -0.05386998
38 -0.05400715
39 -0.05410529
40 -0.05416459
41 -0.05418694
42 -0.05417514
43 -0.05413031
44 -0.05405361
45 -0.05394639
46 -0.05381128
47 -0.05365166
48 -0.05347191
49 -0.05327594
50 -0.05306847
51 -0.05285298
52 -0.05263295
53 -0.05241109
54 -0.05218901
55 -0.05196814
56 -0.05174897
57 -0.05153152
58 -0.05131557
59 -0.05110079
60 -0.05088686
61 -0.05067324
62 -0.05045886
63 -0.05024217
64 -0.05002014
65 -0.04979281
66 -0.04956039
67 -0.04932255
68 -0.04908069
69 -0.04883529
70 -0.04858649
71 -0.04833459
72 -0.0480797
73 -0.04782267
74 -0.04756375
75 -0.04730378
76 -0.04704346
77 -0.04678392
78 -0.04652618
79 -0.04627108
80 -0.04601971
81 -0.04577303
82 -0.04553222
83 -0.04529759
84 -0.04507019
85 -0.04485041
86 -0.04463877
87 -0.04443562
88 -0.0442412
89 -0.04405546
90 -0.04387844
91 -0.04371006
92 -0.04355045
93 -0.04339916
94 -0.04325604
95 -0.04312088
96 -0.04299349
97 -0.04287333
98 -0.0427603
99 -0.04265381
100 -0.04255354
101 -0.04245905
102 -0.04236997
103 -0.04228593
104 -0.04220641
105 -0.04213122
106 -0.04205996
107 -0.04199229
108 -0.04192818
109 -0.04186735
110 -0.04180953
111 -0.04175477
112 -0.04170278
113 -0.04165363
114 -0.04160732
115 -0.04156372
116 -0.04152295
117 -0.04148481
118 -0.04144952
119 -0.04141695
120 -0.04138704
121 -0.04135994
122 -0.04133554
123 -0.04131373
124 -0.04129462
125 -0.04127796
126 -0.0412639
127 -0.04125209
128 -0.04124281
129 -0.04123551
130 -0.04123035
131 -0.04122706
132 -0.0412255
133 -0.04122575
134 -0.04122737
135 -0.04123015
136 -0.04123428
137 -0.04123926
138 -0.04124498
139 -0.04125134
140 -0.0412581
141 -0.04126517
142 -0.04127231
143 -0.04127942
144 -0.0412863
145 -0.04129297
146 -0.04129929
147 -0.04130502
148 -0.04131013
149 -0.04131463
150 -0.04131849
151 -0.04132155
152 -0.0413238
153 -0.04132527
154 -0.04132602
155 -0.04132594
156 -0.04132503
157 -0.04132335
158 -0.04132088
159 -0.04131766
160 -0.04131379
161 -0.04130907
162 -0.04130382
163 -0.04129793
164 -0.04129136
165 -0.04128426
166 -0.04127651
167 -0.04126835
168 -0.04125954
169 -0.04125038
170 -0.04124073
171 -0.04123056
172 -0.04121992
173 -0.04120886
174 -0.04119741
175 -0.04118549
176 -0.04117327
177 -0.04116051
178 -0.04114743
179 -0.04113386
180 -0.04111987
181 -0.04110544
182 -0.04109075
183 -0.04107546
184 -0.04105986
185 -0.04104376
186 -0.0410273
187 -0.04101042
188 -0.04099303
189 -0.04097533
190 -0.04095724
191 -0.04093865
192 -0.04091983
193 -0.04090052
194 -0.04088085
195 -0.04086081
196 -0.0408405
197 -0.04081994
198 -0.04079918
199 -0.04077807
200 -0.04075671
201 -0.04073513
202 -0.04071337
203 -0.04069145
204 -0.04066947
205 -0.04064731
206 -0.04062502
207 -0.04060271
208 -0.04058029
209 -0.0405579
210 -0.04053549
211 -0.04051306
212 -0.04049066
213 -0.04046831
214 -0.04044588
215 -0.04042358
216 -0.04040145
217 -0.04037931
218 -0.04035714
219 -0.04033514
220 -0.04031316
221 -0.0402913
222 -0.04026949
223 -0.04024781
224 -0.04022614
225 -0.04020458
226 -0.04018305
227 -0.04016154
228 -0.04014021
229 -0.0401189
230 -0.04009762
231 -0.04007635
232 -0.04005507
233 -0.04003385
234 -0.04001274
235 -0.03999152
236 -0.03997042
237 -0.03994927
238 -0.03992816
239 -0.03990703
240 -0.03988587
241 -0.03986477
242 -0.03984366
243 -0.03982254
244 -0.03980144
245 -0.03978034
246 -0.03975919
247 -0.03973804
248 -0.03971696
249 -0.0396958
250 -0.03967461
251 -0.03965354
252 -0.03963247
253 -0.03961136
254 -0.03959023
255 -0.03956915
256 -0.03954807
257 -0.03952705
258 -0.03950603
259 -0.03948505
260 -0.03946401
261 -0.03944305
262 -0.0394221
263 -0.03940113
264 -0.03938016
265 -0.03935923
266 -0.03933831
267 -0.03931742
268 -0.03929651
269 -0.03927572
270 -0.03925479
271 -0.03923394
272 -0.03921311
273 -0.03919219
274 -0.03917125
275 -0.03915039
276 -0.03912945
277 -0.03910853
278 -0.03908761
279 -0.03906672
280 -0.03904574
281 -0.03902475
282 -0.03900371
283 -0.03898275
284 -0.03896167
285 -0.03894056
286 -0.03891945
287 -0.0388983
288 -0.03887715
289 -0.03885596
290 -0.03883474
291 -0.0388135
292 -0.03879222
293 -0.03877087
294 -0.03874955
295 -0.03872829
296 -0.03870693
297 -0.03868559
298 -0.03866413
299 -0.03864269
300 -0.0386213
301 -0.03859983
302 -0.03857836
303 -0.03855695
304 -0.03853551
305 -0.03851397
306 -0.03849258
307 -0.03847109
308 -0.03844969
309 -0.03842823
310 -0.03840674
311 -0.03838531
312 -0.03836381
313 -0.03834236
314 -0.03832092
315 -0.03829947
316 -0.03827812
317 -0.03825671
318 -0.03823531
319 -0.03821395
320 -0.03819256
321 -0.03817118
322 -0.03814978
323 -0.03812842
324 -0.03810712
325 -0.03808585
326 -0.03806456
327 -0.03804328
328 -0.03802203
329 -0.0380008
330 -0.03797955
331 -0.03795836
332 -0.03793706
333 -0.03791578
334 -0.03789458
335 -0.03787338
336 -0.03785217
337 -0.03783105
338 -0.03780989
339 -0.03778877
340 -0.0377676
341 -0.03774647
342 -0.03772533
343 -0.03770416
344 -0.03768305
345 -0.03766191
346 -0.0376409
347 -0.03761974
348 -0.03759871
349 -0.03757766
350 -0.03755663
351 -0.0375356
352 -0.03751457
353 -0.03749357
354 -0.03747251
355 -0.03745154
356 -0.03743058
357 -0.03740954
358 -0.03738857
359 -0.0373676
360 -0.03734664
361 -0.03732568
362 -0.03730477
363 -0.03728386
364 -0.03726295
365 -0.0372421
366 -0.03722122
367 -0.0372003
368 -0.03717943
369 -0.03715858
370 -0.03713769
371 -0.03711687
372 -0.03709601
373 -0.03707517
374 -0.03705434
375 -0.03703354
376 -0.03701273
377 -0.03699191
378 -0.03697119
379 -0.03695032
380 -0.03692956
381 -0.03690871
382 -0.03688798
383 -0.03686721
384 -0.03684646
385 -0.03682565
386 -0.0368048
387 -0.03678403
388 -0.03676324
389 -0.0367425
390 -0.0367217
391 -0.03670093
392 -0.03668011
393 -0.03665929
394 -0.03663847
395 -0.03661769
396 -0.03659684
397 -0.03657607
398 -0.0365552
399 -0.03653439
400 -0.03651346
401 -0.03649265
402 -0.03647178
403 -0.03645087
404 -0.03643003
405 -0.0364092
406 -0.03638828
407 -0.0363674
408 -0.03634645
409 -0.0363256
410 -0.03630474
411 -0.03628372
412 -0.03626284
413 -0.0362419
414 -0.03622091
415 -0.03619991
416 -0.03617893
417 -0.03615794
418 -0.03613685
419 -0.03611596
420 -0.03609497
421 -0.03607391
422 -0.03605279
423 -0.03603166
424 -0.03601064
425 -0.03598955
426 -0.03596845
427 -0.03594729
428 -0.03592616
429 -0.035905
430 -0.03588381
431 -0.03586264
432 -0.03584143
433 -0.0358202
434 -0.03579897
435 -0.03577777
436 -0.03575654
437 -0.0357353
438 -0.03571396
439 -0.03569265
440 -0.03567132
441 -0.03564997
442 -0.03562863
443 -0.03560725
444 -0.03558588
445 -0.03556446
446 -0.03554303
447 -0.03552154
448 -0.0355001
449 -0.03547866
450 -0.03545711
451 -0.03543565
452 -0.03541401
453 -0.03539249
454 -0.03537089
455 -0.03534925
456 -0.03532764
457 -0.035306
458 -0.03528435
459 -0.03526274
460 -0.03524094
461 -0.03521911
462 -0.03519737
463 -0.0351756
464 -0.03515384
465 -0.03513199
466 -0.03511021
467 -0.03508829
468 -0.03506634
469 -0.03504442
470 -0.03502248
471 -0.03500045
472 -0.0349785
473 -0.03495642
474 -0.03493442
475 -0.03491237
476 -0.03489035
477 -0.03486811
478 -0.03484603
479 -0.03482379
480 -0.03480159
481 -0.0347794
482 -0.03475713
483 -0.03473483
484 -0.03471247
485 -0.03469014
486 -0.03466772
487 -0.03464526
488 -0.0346229
489 -0.03460043
490 -0.03457794
491 -0.03455541
492 -0.03453281
493 -0.03451022
494 -0.03448759
495 -0.03446491
496 -0.03444233
497 -0.03441955
498 -0.03439678
499 -0.034374
500 -0.03435127
501 -0.03432841
502 -0.0343055
503 -0.0342826
504 -0.03425973
505 -0.03423674
506 -0.03421376
507 -0.0341907
508 -0.03416763
509 -0.03414453
510 -0.03412136
511 -0.03409821
512 -0.03407498
513 -0.03405188
514 -0.03402863
515 -0.03400532
516 -0.03398198
517 -0.03395858
518 -0.03393532
519 -0.03391189
520 -0.03388848
521 -0.03386495
522 -0.03384146
523 -0.03381791
524 -0.03379441
525 -0.03377082
526 -0.03374716
527 -0.03372361
528 -0.03369987
529 -0.03367612
530 -0.03365251
531 -0.03362872
532 -0.03360489
533 -0.0335811
534 -0.03355725
535 -0.03353338
536 -0.03350953
537 -0.03348558
538 -0.03346163
539 -0.03343767
540 -0.03341367
541 -0.03338962
542 -0.03336561
543 -0.03334155
544 -0.03331745
545 -0.03329326
546 -0.03326914
547 -0.03324499
548 -0.03322074
549 -0.03319653
550 -0.03317231
551 -0.03314805
552 -0.03312372
553 -0.0330995
554 -0.03307511
555 -0.03305073
556 -0.03302637
557 -0.03300197
558 -0.03297756
559 -0.03295312
560 -0.0329286
561 -0.03290417
562 -0.03287963
563 -0.03285516
564 -0.03283058
565 -0.03280598
566 -0.03278147
567 -0.0327568
568 -0.03273222
569 -0.03270755
570 -0.03268294
571 -0.03265828
572 -0.03263363
573 -0.0326089
574 -0.03258417
575 -0.03255949
576 -0.03253474
577 -0.0325099
578 -0.03248516
579 -0.03246037
580 -0.03243549
581 -0.03241064
582 -0.03238578
583 -0.03236099
584 -0.03233607
585 -0.03231123
586 -0.03228632
587 -0.03226142
588 -0.03223647
589 -0.03221152
590 -0.03218662
591 -0.03216173
592 -0.03213671
593 -0.03211172
594 -0.03208668
595 -0.03206172
596 -0.03203665
597 -0.03201163
598 -0.03198658
599 -0.03196152
600 -0.03193648
601 -0.0319115
602 -0.03188638
603 -0.03186124
604 -0.03183619
605 -0.03181104
606 -0.03178593
607 -0.03176082
608 -0.03173571
609 -0.03171058
610 -0.03168547
611 -0.03166032
612 -0.03163514
613 -0.0316099
614 -0.03158477
615 -0.03155958
616 -0.03153434
617 -0.03150913
618 -0.03148395
619 -0.03145874
620 -0.03143354
621 -0.03140829
622 -0.03138304
623 -0.03135793
624 -0.03133267
625 -0.03130735
626 -0.03128212
627 -0.03125686
628 -0.03123157
629 -0.03120634
630 -0.03118112
631 -0.03115577
632 -0.03113051
633 -0.03110525
634 -0.03108001
635 -0.03105468
636 -0.03102935
637 -0.03100399
638 -0.03097875
639 -0.03095347
640 -0.03092821
641 -0.03090287
642 -0.03087757
643 -0.03085225
644 -0.03082694
645 -0.03080167
646 -0.03077638
647 -0.03075106
648 -0.0307257
649 -0.03070037
650 -0.0306751
651 -0.03064973
652 -0.03062443
653 -0.03059914
654 -0.03057384
655 -0.03054848
656 -0.03052315
657 -0.03049788
658 -0.03047258
659 -0.03044724
660 -0.03042188
661 -0.03039663
662 -0.03037136
663 -0.03034608
664 -0.03032067
665 -0.03029544
666 -0.0302701
667 -0.03024479
668 -0.03021953
669 -0.03019431
670 -0.03016905
671 -0.03014378
672 -0.03011852
673 -0.03009316
674 -0.03006793
675 -0.0300427
676 -0.03001745
677 -0.02999226
678 -0.02996697
679 -0.0299418
680 -0.02991661
681 -0.0298914
682 -0.02986623
683 -0.02984102
684 -0.02981588
685 -0.02979073
686 -0.02976558
687 -0.02974041
688 -0.0297153
689 -0.02969014
690 -0.02966508
691 -0.02964001
692 -0.02961493
693 -0.02958986
694 -0.02956482
695 -0.02953973
696 -0.02951473
697 -0.02948966
698 -0.02946469
699 -0.02943964
700 -0.02941472
701 -0.02938978
702 -0.02936478
703 -0.02933986
704 -0.02931505
705 -0.02929009
706 -0.0292652
707 -0.0292403
708 -0.02921546
709 -0.02919056
710 -0.02916579
711 -0.0291409
712 -0.02911615
713 -0.02909136
714 -0.02906663
715 -0.02904187
716 -0.02901714
717 -0.02899242
718 -0.02896775
719 -0.02894307
720 -0.0289184
721 -0.02889372
722 -0.02886912
723 -0.02884447
724 -0.02881994
725 -0.0287953
726 -0.02877083
727 -0.02874621
728 -0.02872175
729 -0.02869723
730 -0.02867276
731 -0.02864823
732 -0.02862385
733 -0.02859944
734 -0.02857502
735 -0.02855065
736 -0.02852624
737 -0.02850188
738 -0.02847764
739 -0.02845326
740 -0.02842899
741 -0.02840474
742 -0.02838053
743 -0.02835625
744 -0.02833208
745 -0.02830788
746 -0.02828367
747 -0.02825959
748 -0.02823542
749 -0.02821128
750 -0.02818722
751 -0.0281632
752 -0.0281391
753 -0.02811516
754 -0.02809114
755 -0.02806715
756 -0.02804323
757 -0.0280192
758 -0.02799536
759 -0.0279715
760 -0.0279476
761 -0.02792379
762 -0.02789989
763 -0.02787612
764 -0.02785234
765 -0.02782861
766 -0.02780487
767 -0.0277811
768 -0.02775749
769 -0.02773377
770 -0.02771023
771 -0.02768662
772 -0.0276629
773 -0.02763936
774 -0.02761587
775 -0.02759234
776 -0.02756879
777 -0.02754536
778 -0.02752198
779 -0.02749854
780 -0.02747513
781 -0.02745181
782 -0.02742843
783 -0.02740522
784 -0.02738187
785 -0.02735865
786 -0.02733543
787 -0.02731225
788 -0.0272891
789 -0.02726596
790 -0.02724281
791 -0.02721978
792 -0.02719664
793 -0.0271737
794 -0.02715066
795 -0.0271277
796 -0.02710474
797 -0.02708186
798 -0.02705887
799 -0.02703608
800 -0.0270132
801 -0.0269904
802 -0.02696764
803 -0.02694493
804 -0.02692217
805 -0.02689944
806 -0.02687681
807 -0.02685418
808 -0.02683153
809 -0.02680901
810 -0.02678641
811 -0.02676385
812 -0.02674144
813 -0.02671896
814 -0.02669653
815 -0.02667414
816 -0.02665171
817 -0.02662936
818 -0.02660705
819 -0.02658472
820 -0.02656247
821 -0.02654027
822 -0.02651794
823 -0.02649586
824 -0.02647365
825 -0.02645158
826 -0.02642948
827 -0.02640745
828 -0.02638545
829 -0.02636345
830 -0.02634153
831 -0.02631952
832 -0.02629771
833 -0.0262758
834 -0.02625393
835 -0.02623221
836 -0.02621039
837 -0.02618876
838 -0.02616707
839 -0.0261454
840 -0.02612382
841 -0.02610236
842 -0.02608074
843 -0.0260593
844 -0.02603773
845 -0.02601626
846 -0.02599502
847 -0.02597355
848 -0.02595229
849 -0.02593097
850 -0.02590979
851 -0.02588853
852 -0.02586744
853 -0.02584634
854 -0.02582528
855 -0.02580432
856 -0.02578327
857 -0.02576236
858 -0.02574142
859 -0.02572055
860 -0.02569977
861 -0.02567892
862 -0.02565816
863 -0.02563745
864 -0.02561674
865 -0.02559613
866 -0.02557557
867 -0.02555509
868 -0.02553459
869 -0.02551412
870 -0.02549373
871 -0.02547344
872 -0.02545318
873 -0.02543283
874 -0.02541266
875 -0.02539249
876 -0.02537245
877 -0.02535227
878 -0.02533227
879 -0.02531236
880 -0.02529249
881 -0.02527257
882 -0.02525266
883 -0.02523301
884 -0.02521324
885 -0.02519367
886 -0.025174
887 -0.0251545
888 -0.02513495
889 -0.0251155
890 -0.02509613
891 -0.02507676
892 -0.02505746
893 -0.02503823
894 -0.02501906
895 -0.02499991
896 -0.02498088
897 -0.02496191
898 -0.02494294
899 -0.02492402
900 -0.02490518
901 -0.02488631
902 -0.02486763
903 -0.02484896
904 -0.02483032
905 -0.02481172
906 -0.02479324
907 -0.02477475
908 -0.02475639
909 -0.0247381
910 -0.02471985
911 -0.02470159
912 -0.02468345
913 -0.02466533
914 -0.02464732
915 -0.02462938
916 -0.02461144
917 -0.02459363
918 -0.02457582
919 -0.02455814
920 -0.02454042
921 -0.0245228
922 -0.02450532
923 -0.02448785
924 -0.02447035
925 -0.02445301
926 -0.02443575
927 -0.02441853
928 -0.02440139
929 -0.0243843
930 -0.02436722
931 -0.02435022
932 -0.02433331
933 -0.0243164
934 -0.0242996
935 -0.02428288
936 -0.02426624
937 -0.02424962
938 -0.0242331
939 -0.0242166
940 -0.0242002
941 -0.02418383
942 -0.02416755
943 -0.02415132
944 -0.02413522
945 -0.02411911
946 -0.02410308
947 -0.02408706
948 -0.02407118
949 -0.02405538
950 -0.02403959
951 -0.02402387
952 -0.02400825
953 -0.02399261
954 -0.02397708
955 -0.02396172
956 -0.0239463
957 -0.02393094
958 -0.02391566
959 -0.02390049
960 -0.02388534
961 -0.02387025
962 -0.02385527
963 -0.02384032
964 -0.02382541
965 -0.02381058
966 -0.02379587
967 -0.0237811
968 -0.02376654
969 -0.02375196
970 -0.02373743
971 -0.02372295
972 -0.02370856
973 -0.02369431
974 -0.02368005
975 -0.02366586
976 -0.02365172
977 -0.02363769
978 -0.02362362
979 -0.0236097
980 -0.02359582
981 -0.023582
982 -0.02356824
983 -0.02355459
984 -0.02354089
985 -0.0235273
986 -0.0235138
987 -0.02350037
988 -0.02348692
989 -0.02347367
990 -0.02346046
991 -0.02344718
992 -0.02343408
993 -0.02342096
994 -0.02340794
995 -0.02339503
996 -0.02338207
997 -0.02336928
998 -0.02335645
999 -0.02334377
1000 -0.02333111
1001 -0.0233185
1002 -0.0233059
1003 -0.02329344
1004 -0.02328098
1005 -0.02326871
1006 -0.02325639
1007 -0.02324413
1008 -0.02323187
1009 -0.02321979
1010 -0.02320775
1011 -0.02319575
1012 -0.0231838
1013 -0.02317184
1014 -0.02315995
1015 -0.02314826
1016 -0.02313653
1017 -0.02312485
1018 -0.02311322
1019 -0.02310171
1020 -0.02309017
1021 -0.02307876
1022 -0.02306734
1023 -0.02305599
1024 -0.02304481
1025 -0.02303353
1026 -0.0230223
1027 -0.02301127
1028 -0.02300019
1029 -0.02298919
1030 -0.02297828
1031 -0.02296749
1032 -0.02295664
1033 -0.02294588
1034 -0.0229351
1035 -0.02292436
1036 -0.0229138
1037 -0.02290327
1038 -0.02289279
1039 -0.02288236
1040 -0.02287197
1041 -0.02286158
1042 -0.02285133
1043 -0.02284108
1044 -0.02283092
1045 -0.02282082
1046 -0.02281068
1047 -0.02280074
1048 -0.02279072
1049 -0.02278076
1050 -0.02277092
1051 -0.0227611
1052 -0.02275142
1053 -0.02274166
1054 -0.02273202
1055 -0.02272239
1056 -0.02271283
1057 -0.02270327
1058 -0.02269382
1059 -0.02268443
1060 -0.02267507
1061 -0.02266579
1062 -0.02265654
1063 -0.02264732
1064 -0.02263817
1065 -0.02262906
1066 -0.02261996
1067 -0.0226109
1068 -0.02260192
1069 -0.02259302
1070 -0.02258412
1071 -0.02257533
1072 -0.02256652
1073 -0.02255778
1074 -0.02254905
1075 -0.02254044
1076 -0.02253181
1077 -0.02252324
1078 -0.02251476
1079 -0.02250629
1080 -0.02249786
1081 -0.02248953
1082 -0.02248113
1083 -0.02247284
1084 -0.02246463
1085 -0.02245637
1086 -0.02244828
1087 -0.02244017
1088 -0.02243207
1089 -0.02242409
1090 -0.02241609
1091 -0.02240806
1092 -0.02240021
1093 -0.02239229
1094 -0.02238446
1095 -0.0223767
1096 -0.02236896
1097 -0.02236124
1098 -0.02235359
1099 -0.0223459
1100 -0.02233836
1101 -0.02233082
1102 -0.02232333
1103 -0.02231582
1104 -0.02230838
1105 -0.02230095
1106 -0.02229356
1107 -0.02228624
1108 -0.02227892
1109 -0.02227163
1110 -0.02226444
1111 -0.02225722
1112 -0.02225006
1113 -0.022243
1114 -0.02223593
1115 -0.02222885
1116 -0.02222178
1117 -0.02221478
1118 -0.02220791
1119 -0.02220096
1120 -0.02219408
1121 -0.02218714
1122 -0.02218031
1123 -0.02217355
1124 -0.02216677
1125 -0.02216009
1126 -0.02215339
1127 -0.02214669
1128 -0.02214005
1129 -0.02213344
1130 -0.02212686
1131 -0.02212033
1132 -0.02211371
1133 -0.02210729
1134 -0.02210082
1135 -0.02209439
1136 -0.022088
1137 -0.02208161
1138 -0.02207528
1139 -0.02206897
1140 -0.02206264
1141 -0.02205643
1142 -0.0220502
1143 -0.02204392
1144 -0.02203775
1145 -0.02203158
1146 -0.02202543
1147 -0.0220193
1148 -0.02201319
1149 -0.02200712
1150 -0.02200106
1151 -0.02199507
1152 -0.02198906
1153 -0.02198311
1154 -0.02197709
1155 -0.0219712
1156 -0.02196529
1157 -0.02195942
1158 -0.02195354
1159 -0.02194772
1160 -0.02194187
1161 -0.02193609
1162 -0.02193033
1163 -0.0219246
1164 -0.02191883
1165 -0.02191321
1166 -0.02190742
1167 -0.0219018
1168 -0.02189611
1169 -0.02189058
1170 -0.02188494
1171 -0.02187935
1172 -0.02187383
1173 -0.02186832
1174 -0.02186284
1175 -0.02185733
1176 -0.0218518
1177 -0.02184636
1178 -0.0218409
1179 -0.02183549
1180 -0.02183019
1181 -0.02182478
1182 -0.02181949
1183 -0.0218141
1184 -0.02180881
1185 -0.02180352
1186 -0.02179827
1187 -0.02179299
1188 -0.02178766
1189 -0.02178246
1190 -0.02177733
1191 -0.02177215
1192 -0.02176701
1193 -0.02176192
1194 -0.02175681
1195 -0.0217517
1196 -0.02174666
1197 -0.02174162
1198 -0.02173659
1199 -0.02173165
1200 -0.02172657
1201 -0.02172156
1202 -0.02171655
1203 -0.0217117
1204 -0.02170681
1205 -0.02170192
1206 -0.02169713
1207 -0.02169228
1208 -0.02168744
1209 -0.02168259
1210 -0.02167785
1211 -0.02167309
1212 -0.02166839
1213 -0.02166362
1214 -0.0216589
1215 -0.02165426
1216 -0.02164963
1217 -0.02164505
1218 -0.02164038
1219 -0.02163579
1220 -0.02163121
1221 -0.02162671
1222 -0.02162218
1223 -0.02161765
1224 -0.02161318
1225 -0.02160872
1226 -0.02160432
1227 -0.02159987
1228 -0.02159549
1229 -0.02159116
1230 -0.02158678
1231 -0.02158247
1232 -0.02157824
1233 -0.02157393
1234 -0.02156965
1235 -0.02156545
1236 -0.02156125
1237 -0.02155709
1238 -0.02155298
1239 -0.02154883
1240 -0.0215447
1241 -0.02154062
1242 -0.02153659
1243 -0.02153254
1244 -0.02152851
1245 -0.02152462
1246 -0.02152059
1247 -0.02151667
1248 -0.02151275
1249 -0.02150883
1250 -0.02150501
1251 -0.02150114
1252 -0.02149728
1253 -0.02149345
1254 -0.02148976
1255 -0.021486
1256 -0.0214823
1257 -0.02147865
1258 -0.021475
1259 -0.02147133
1260 -0.02146773
1261 -0.02146412
1262 -0.0214606
1263 -0.02145706
1264 -0.02145351
1265 -0.02144998
1266 -0.02144652
1267 -0.02144313
1268 -0.02143971
1269 -0.02143638
1270 -0.02143303
1271 -0.02142967
1272 -0.02142639
1273 -0.02142308
1274 -0.0214198
1275 -0.02141662
1276 -0.02141339
1277 -0.02141019
1278 -0.02140704
1279 -0.02140397
1280 -0.02140088
1281 -0.0213978
1282 -0.02139476
1283 -0.02139169
1284 -0.02138869
1285 -0.02138571
1286 -0.0213828
1287 -0.02137991
1288 -0.02137697
1289 -0.02137405
1290 -0.02137125
1291 -0.02136846
1292 -0.02136567
1293 -0.02136287
1294 -0.02136013
1295 -0.02135741
1296 -0.02135465
1297 -0.02135211
1298 -0.02134947
1299 -0.02134676
1300 -0.02134416
1301 -0.0213416
1302 -0.02133913
1303 -0.0213366
1304 -0.02133411
1305 -0.02133164
1306 -0.02132921
1307 -0.0213268
1308 -0.02132436
1309 -0.02132203
1310 -0.02131963
1311 -0.02131734
1312 -0.02131503
1313 -0.02131277
1314 -0.02131056
1315 -0.02130834
1316 -0.02130611
1317 -0.02130394
1318 -0.02130178
1319 -0.02129965
1320 -0.02129752
1321 -0.02129549
1322 -0.02129343
1323 -0.02129147
1324 -0.02128934
1325 -0.02128737
1326 -0.02128545
1327 -0.02128346
1328 -0.02128158
1329 -0.0212797
1330 -0.0212778
1331 -0.02127594
1332 -0.02127414
1333 -0.02127234
1334 -0.02127059
1335 -0.02126885
1336 -0.02126702
1337 -0.02126529
1338 -0.02126362
1339 -0.02126198
1340 -0.02126034
1341 -0.02125871
1342 -0.02125709
1343 -0.02125543
1344 -0.02125389
1345 -0.02125228
1346 -0.02125076
1347 -0.02124928
1348 -0.02124773
1349 -0.02124627
1350 -0.02124477
1351 -0.02124336
1352 -0.02124197
1353 -0.0212406
1354 -0.02123924
1355 -0.02123783
1356 -0.02123649
1357 -0.02123514
1358 -0.02123388
1359 -0.02123256
1360 -0.02123127
1361 -0.02123002
1362 -0.02122879
1363 -0.02122758
1364 -0.02122644
1365 -0.02122524
1366 -0.02122406
1367 -0.02122292
1368 -0.02122183
1369 -0.02122067
1370 -0.02121959
1371 -0.02121848
1372 -0.02121743
1373 -0.02121639
1374 -0.02121534
1375 -0.02121429
1376 -0.0212133
1377 -0.02121233
1378 -0.02121135
1379 -0.02121034
1380 -0.0212094
1381 -0.02120849
1382 -0.02120755
1383 -0.02120662
1384 -0.02120578
1385 -0.02120486
1386 -0.02120401
1387 -0.02120313
1388 -0.02120232
1389 -0.02120147
1390 -0.02120066
1391 -0.02119986
1392 -0.02119911
1393 -0.02119831
1394 -0.02119758
1395 -0.02119681
1396 -0.02119613
1397 -0.02119532
1398 -0.02119465
1399 -0.02119391
1400 -0.02119323
1401 -0.02119254
1402 -0.02119187
1403 -0.02119115
1404 -0.02119057
1405 -0.02118991
1406 -0.02118933
1407 -0.02118863
1408 -0.02118802
1409 -0.02118743
1410 -0.02118689
1411 -0.02118627
1412 -0.02118567
1413 -0.02118514
1414 -0.02118462
1415 -0.02118406
1416 -0.0211835
1417 -0.02118294
1418 -0.02118243
1419 -0.02118196
1420 -0.02118141
1421 -0.02118093
1422 -0.02118046
1423 -0.02117992
1424 -0.02117947
1425 -0.02117905
1426 -0.02117856
1427 -0.02117806
1428 -0.02117764
1429 -0.02117723
1430 -0.02117685
1431 -0.02117638
1432 -0.02117596
1433 -0.02117554
1434 -0.02117513
1435 -0.02117467
1436 -0.02117426
1437 -0.02117389
1438 -0.02117351
1439 -0.02117316
1440 -0.0211728
1441 -0.02117241
1442 -0.02117206
1443 -0.02117171
1444 -0.02117139
1445 -0.02117105
1446 -0.02117065
1447 -0.02117032
1448 -0.02116997
1449 -0.02116969
1450 -0.02116933
1451 -0.02116897
1452 -0.02116873
1453 -0.0211684
1454 -0.0211681
1455 -0.02116777
1456 -0.02116745
1457 -0.02116716
1458 -0.02116687
1459 -0.02116661
1460 -0.02116631
1461 -0.02116605
1462 -0.02116572
1463 -0.02116542
1464 -0.02116516
1465 -0.02116486
1466 -0.02116463
1467 -0.02116433
1468 -0.02116407
1469 -0.02116379
1470 -0.02116352
1471 -0.02116326
1472 -0.02116299
1473 -0.02116274
1474 -0.02116251
1475 -0.02116232
1476 -0.02116206
1477 -0.0211617
1478 -0.02116146
1479 -0.02116127
1480 -0.02116103
1481 -0.0211608
1482 -0.02116052
1483 -0.02116029
1484 -0.02116005
1485 -0.02115983
1486 -0.02115957
1487 -0.02115931
1488 -0.02115906
1489 -0.02115886
1490 -0.02115858
1491 -0.02115839
1492 -0.02115815
1493 -0.02115789
1494 -0.02115759
1495 -0.02115744
1496 -0.0211572
1497 -0.02115693
1498 -0.02115673
1499 -0.02115649
1500 -0.02115626
1501 -0.02115596
1502 -0.02115569
1503 -0.02115551
1504 -0.02115526
1505 -0.021155
1506 -0.02115474
1507 -0.02115454
1508 -0.02115434
1509 -0.02115409
1510 -0.02115384
1511 -0.0211537
1512 -0.02115338
1513 -0.02115314
1514 -0.02115295
1515 -0.0211527
1516 -0.02115238
1517 -0.02115215
1518 -0.02115188
1519 -0.0211517
1520 -0.02115148
1521 -0.02115124
1522 -0.02115094
1523 -0.02115066
1524 -0.02115045
1525 -0.02115019
1526 -0.02114989
1527 -0.02114961
1528 -0.02114937
1529 -0.02114911
1530 -0.02114888
1531 -0.02114865
1532 -0.02114836
1533 -0.02114805
1534 -0.0211478
1535 -0.02114751
1536 -0.0211472
1537 -0.02114692
1538 -0.02114664
1539 -0.02114645
1540 -0.02114614
1541 -0.02114586
1542 -0.02114552
1543 -0.02114525
1544 -0.02114498
1545 -0.02114468
1546 -0.02114447
1547 -0.02114413
1548 -0.02114378
1549 -0.02114347
1550 -0.02114318
1551 -0.02114294
1552 -0.02114262
1553 -0.02114228
1554 -0.02114197
1555 -0.02114166
1556 -0.0211413
1557 -0.02114098
1558 -0.02114066
1559 -0.0211403
1560 -0.02114007
1561 -0.02113971
1562 -0.02113935
1563 -0.02113894
1564 -0.02113867
1565 -0.02113835
1566 -0.02113794
1567 -0.02113763
1568 -0.02113727
1569 -0.02113684
1570 -0.02113647
1571 -0.02113613
1572 -0.02113576
1573 -0.02113537
1574 -0.02113499
1575 -0.02113465
1576 -0.02113421
1577 -0.02113381
1578 -0.02113341
1579 -0.02113304
1580 -0.02113265
1581 -0.02113226
1582 -0.02113186
1583 -0.02113148
1584 -0.02113105
1585 -0.02113061
1586 -0.02113017
1587 -0.02112982
1588 -0.0211294
1589 -0.02112885
1590 -0.02112847
1591 -0.02112803
1592 -0.02112757
1593 -0.02112712
1594 -0.02112668
1595 -0.02112625
1596 -0.02112577
1597 -0.02112528
1598 -0.02112477
1599 -0.02112437
1600 -0.02112388
1601 -0.02112341
1602 -0.02112292
1603 -0.0211224
1604 -0.02112195
1605 -0.02112143
1606 -0.02112094
1607 -0.02112042
1608 -0.02111992
1609 -0.02111939
1610 -0.02111886
1611 -0.02111833
1612 -0.02111777
1613 -0.02111723
1614 -0.0211168
1615 -0.02111618
1616 -0.02111558
1617 -0.02111505
1618 -0.02111451
1619 -0.02111398
1620 -0.02111336
1621 -0.02111278
1622 -0.0211122
1623 -0.02111165
1624 -0.021111
1625 -0.02111039
1626 -0.02110984
1627 -0.0211092
1628 -0.02110859
1629 -0.02110799
1630 -0.02110744
1631 -0.02110681
1632 -0.02110614
1633 -0.02110554
1634 -0.02110484
1635 -0.02110423
1636 -0.02110359
1637 -0.02110297
1638 -0.02110229
1639 -0.02110165
1640 -0.02110102
1641 -0.02110041
1642 -0.02109972
1643 -0.021099
1644 -0.02109833
1645 -0.02109762
1646 -0.02109696
1647 -0.02109629
1648 -0.02109556
1649 -0.02109479
1650 -0.02109412
1651 -0.02109306
1652 -0.02109196
1653 -0.02109093
1654 -0.02108981
1655 -0.02108869
1656 -0.02108761
1657 -0.02108651
1658 -0.02108537
1659 -0.02108422
1660 -0.02108315
1661 -0.02108193
1662 -0.02108075
1663 -0.02107957
1664 -0.02107839
1665 -0.02107718
1666 -0.02107594
1667 -0.02107473
1668 -0.02107348
1669 -0.02107227
1670 -0.0210711
1671 -0.02106981
1672 -0.02106857
1673 -0.02106727
1674 -0.02106604
1675 -0.02106474
1676 -0.02106343
1677 -0.02106223
1678 -0.02106093
1679 -0.02105957
1680 -0.0210583
1681 -0.02105702
1682 -0.02105565
1683 -0.02105431
1684 -0.02105296
1685 -0.0210516
1686 -0.02105022
1687 -0.02104891
1688 -0.02104755
1689 -0.02104619
1690 -0.0210448
1691 -0.02104343
1692 -0.02104208
1693 -0.02104071
1694 -0.02103923
1695 -0.02103778
1696 -0.02103643
1697 -0.02103501
1698 -0.02103357
1699 -0.02103223
1700 -0.0210308
1701 -0.02102938
1702 -0.02102793
1703 -0.02102652
1704 -0.02102507
1705 -0.02102359
1706 -0.0210222
1707 -0.02102077
1708 -0.02101927
1709 -0.02101791
1710 -0.0210164
1711 -0.02101501
1712 -0.02101354
1713 -0.02101208
1714 -0.02101058
1715 -0.02100913
1716 -0.02100769
1717 -0.0210062
1718 -0.02100473
1719 -0.02100326
1720 -0.02100182
1721 -0.02100034
1722 -0.02099887
1723 -0.02099742
1724 -0.0209959
1725 -0.02099447
1726 -0.02099296
1727 -0.02099151
1728 -0.02099003
1729 -0.02098859
1730 -0.0209871
1731 -0.02098565
1732 -0.02098416
1733 -0.02098269
1734 -0.02098124
1735 -0.02097979
1736 -0.02097831
1737 -0.02097681
1738 -0.02097534
1739 -0.02097391
1740 -0.02097248
1741 -0.02097099
1742 -0.02096948
1743 -0.02096811
1744 -0.02096655
1745 -0.02096511
1746 -0.02096369
1747 -0.02096225
1748 -0.02096082
1749 -0.02095936
1750 -0.02095789
1751 -0.02095644
1752 -0.02095501
1753 -0.02095352
1754 -0.02095208
1755 -0.02095072
1756 -0.02094927
1757 -0.02094777
1758 -0.02094638
1759 -0.02094496
1760 -0.02094348
1761 -0.02094205
1762 -0.02094065
1763 -0.02093917
1764 -0.0209378
1765 -0.02093634
1766 -0.02093495
1767 -0.02093351
1768 -0.0209321
1769 -0.02093072
1770 -0.02092928
1771 -0.02092791
1772 -0.02092641
1773 -0.02092501
1774 -0.02092366
1775 -0.02092222
1776 -0.02092079
1777 -0.02091946
1778 -0.02091806
1779 -0.0209166
1780 -0.02091521
1781 -0.02091385
1782 -0.02091241
1783 -0.02091102
1784 -0.02090965
1785 -0.02090831
1786 -0.02090687
1787 -0.02090542
1788 -0.02090405
1789 -0.02090265
1790 -0.02090126
1791 -0.02089993
1792 -0.02089848
1793 -0.02089708
1794 -0.0208957
1795 -0.02089431
1796 -0.02089293
1797 -0.02089157
1798 -0.02089022
1799 -0.02088881
1800 -0.02088742
1801 -0.02088598
1802 -0.02088465
1803 -0.02088323
1804 -0.02088186
1805 -0.02088047
1806 -0.02087905
1807 -0.02087764
1808 -0.0208763
1809 -0.0208749
1810 -0.02087355
1811 -0.02087214
1812 -0.02087078
1813 -0.02086933
1814 -0.02086802
1815 -0.02086663
1816 -0.02086525
1817 -0.02086385
1818 -0.02086245
1819 -0.02086113
1820 -0.02085971
1821 -0.02085831
1822 -0.02085686
1823 -0.02085546
1824 -0.02085408
1825 -0.02085273
1826 -0.0208513
1827 -0.02084991
1828 -0.02084856
1829 -0.02084719
1830 -0.02084571
1831 -0.02084436
1832 -0.02084298
1833 -0.02084159
1834 -0.02084008
1835 -0.02083877
1836 -0.02083735
1837 -0.02083598
1838 -0.02083456
1839 -0.02083311
1840 -0.02083177
1841 -0.02083037
1842 -0.02082894
1843 -0.02082757
1844 -0.02082613
1845 -0.02082478
1846 -0.02082329
1847 -0.02082192
1848 -0.02082054
1849 -0.02081914
1850 -0.02081768
1851 -0.02081629
1852 -0.02081489
1853 -0.02081348
1854 -0.02081209
1855 -0.02081068
1856 -0.0208093
1857 -0.02080788
1858 -0.0208065
1859 -0.02080507
1860 -0.02080368
1861 -0.02080223
1862 -0.02080081
1863 -0.02079941
1864 -0.02079801
1865 -0.02079659
1866 -0.02079516
1867 -0.02079377
1868 -0.02079237
1869 -0.02079092
1870 -0.02078953
1871 -0.02078808
1872 -0.02078672
1873 -0.02078533
1874 -0.02078386
1875 -0.02078243
1876 -0.02078103
1877 -0.02077966
1878 -0.02077825
1879 -0.02077687
1880 -0.02077553
1881 -0.0207741
1882 -0.02077271
1883 -0.02077127
1884 -0.02076987
1885 -0.02076844
1886 -0.02076711
1887 -0.0207657
1888 -0.02076433
1889 -0.02076292
1890 -0.02076161
1891 -0.02076021
1892 -0.02075883
1893 -0.02075749
1894 -0.02075607
1895 -0.02075472
1896 -0.02075331
1897 -0.02075197
1898 -0.02075059
1899 -0.02074923
1900 -0.02074793
1901 -0.02074653
1902 -0.02074521
1903 -0.02074386
1904 -0.02074251
1905 -0.02074121
1906 -0.02073984
1907 -0.02073859
1908 -0.02073724
1909 -0.02073588
1910 -0.02073456
1911 -0.02073332
1912 -0.02073203
1913 -0.02073062
1914 -0.02072942
1915 -0.02072814
1916 -0.02072679
1917 -0.02072557
1918 -0.02072433
1919 -0.02072302
1920 -0.02072175
1921 -0.02072052
1922 -0.02071928
1923 -0.02071808
1924 -0.02071686
1925 -0.02071558
1926 -0.02071439
1927 -0.02071315
1928 -0.02071194
1929 -0.02071074
1930 -0.02070959
1931 -0.02070842
1932 -0.02070718
1933 -0.02070602
1934 -0.02070487
1935 -0.02070365
1936 -0.0207025
1937 -0.02070133
1938 -0.02070025
1939 -0.02069913
1940 -0.02069797
1941 -0.02069691
1942 -0.02069576
1943 -0.02069472
1944 -0.0206936
1945 -0.02069251
1946 -0.02069137
1947 -0.02069036
1948 -0.02068935
1949 -0.02068824
1950 -0.02068719
1951 -0.02068613
1952 -0.02068514
1953 -0.02068413
1954 -0.02068305
1955 -0.02068206
1956 -0.02068103
1957 -0.02068002
1958 -0.02067907
1959 -0.02067814
1960 -0.0206772
1961 -0.0206762
1962 -0.02067525
1963 -0.02067423
1964 -0.02067334
1965 -0.0206724
1966 -0.02067148
1967 -0.02067064
1968 -0.02066975
1969 -0.02066884
1970 -0.02066797
1971 -0.02066705
1972 -0.02066614
1973 -0.02066525
1974 -0.02066449
1975 -0.02066355
1976 -0.02066281
1977 -0.02066196
1978 -0.02066112
1979 -0.02066028
1980 -0.02065945
1981 -0.02065864
1982 -0.02065789
1983 -0.02065708
1984 -0.02065635
1985 -0.02065552
1986 -0.02065468
1987 -0.02065399
1988 -0.02065322
1989 -0.02065247
1990 -0.02065176
1991 -0.02065099
1992 -0.02065024
1993 -0.02064952
1994 -0.02064876
1995 -0.02064803
1996 -0.02064733
1997 -0.02064661
1998 -0.02064589
1999 -0.02064525
2000 -0.02064455
2001 -0.02064383
2002 -0.02064314
2003 -0.02064246
2004 -0.02064181
2005 -0.02064112
2006 -0.0206405
2007 -0.02063994
2008 -0.0206392
2009 -0.0206385
2010 -0.02063789
2011 -0.02063722
2012 -0.02063662
2013 -0.02063598
2014 -0.02063535
2015 -0.0206347
2016 -0.02063407
2017 -0.02063345
2018 -0.02063278
2019 -0.02063216
2020 -0.02063155
2021 -0.02063088
2022 -0.02063031
2023 -0.02062977
2024 -0.02062909
2025 -0.0206285
2026 -0.0206279
2027 -0.0206273
2028 -0.02062668
2029 -0.02062605
2030 -0.02062546
2031 -0.02062486
2032 -0.02062431
2033 -0.02062373
2034 -0.02062311
2035 -0.02062248
2036 -0.0206218
2037 -0.02062123
2038 -0.02062071
2039 -0.02062005
2040 -0.02061949
2041 -0.02061889
2042 -0.02061826
2043 -0.0206177
2044 -0.02061714
2045 -0.0206165
2046 -0.02061589
2047 -0.02061537
2048 -0.0206148
2049 -0.02061407
2050 -0.02061348
2051 -0.02061289
2052 -0.02061227
2053 -0.02061171
2054 -0.02061106
2055 -0.02061047
2056 -0.02060992
2057 -0.02060927
2058 -0.02060862
2059 -0.02060804
2060 -0.02060748
2061 -0.02060681
2062 -0.02060617
2063 -0.02060554
2064 -0.02060491
2065 -0.02060424
2066 -0.02060372
2067 -0.02060308
2068 -0.02060249
2069 -0.02060184
2070 -0.02060118
2071 -0.02060056
2072 -0.02059995
2073 -0.0205993
2074 -0.02059865
2075 -0.02059805
2076 -0.02059742
2077 -0.02059676
2078 -0.02059615
2079 -0.02059549
2080 -0.02059482
2081 -0.02059417
2082 -0.02059351
2083 -0.02059286
2084 -0.02059228
2085 -0.02059159
2086 -0.0205909
2087 -0.02059023
2088 -0.02058959
2089 -0.02058896
2090 -0.02058831
2091 -0.02058763
2092 -0.02058692
2093 -0.0205863
2094 -0.02058561
2095 -0.02058501
2096 -0.02058437
2097 -0.02058364
2098 -0.02058298
2099 -0.02058234
2100 -0.02058167
2101 -0.02058095
2102 -0.02058036
2103 -0.02057968
2104 -0.02057889
2105 -0.02057829
2106 -0.02057761
2107 -0.02057688
2108 -0.02057621
2109 -0.02057552
2110 -0.02057485
2111 -0.02057421
2112 -0.02057344
2113 -0.02057281
2114 -0.02057221
2115 -0.02057142
2116 -0.02057073
2117 -0.02057006
2118 -0.02056939
2119 -0.02056867
2120 -0.02056803
2121 -0.02056733
2122 -0.02056664
2123 -0.02056595
2124 -0.02056525
2125 -0.02056454
2126 -0.0205639
2127 -0.02056322
2128 -0.02056249
2129 -0.02056184
2130 -0.0205612
2131 -0.02056052
2132 -0.02055983
2133 -0.02055922
2134 -0.02055844
2135 -0.02055778
2136 -0.02055712
2137 -0.02055641
2138 -0.0205557
2139 -0.02055503
2140 -0.0205544
2141 -0.02055369
2142 -0.02055305
2143 -0.02055232
2144 -0.02055171
2145 -0.02055098
2146 -0.02055034
2147 -0.0205496
2148 -0.02054898
2149 -0.02054827
2150 -0.0205476
2151 -0.02054696
2152 -0.0205463
2153 -0.02054563
2154 -0.02054498
2155 -0.02054434
2156 -0.02054367
2157 -0.02054298
2158 -0.02054228
2159 -0.02054165
2160 -0.02054092
2161 -0.02054035
2162 -0.02053964
2163 -0.02053898
2164 -0.02053836
2165 -0.02053769
2166 -0.02053703
2167 -0.02053641
2168 -0.02053572
2169 -0.02053509
2170 -0.02053442
2171 -0.02053378
2172 -0.02053313
2173 -0.02053244
2174 -0.02053179
2175 -0.02053118
2176 -0.02053053
2177 -0.02052994
2178 -0.02052934
2179 -0.02052858
2180 -0.02052803
2181 -0.02052737
2182 -0.02052669
2183 -0.020526
2184 -0.02052549
2185 -0.02052481
2186 -0.02052414
2187 -0.02052341
2188 -0.02052283
2189 -0.02052213
2190 -0.02052148
2191 -0.02052095
2192 -0.02052029
2193 -0.02051966
2194 -0.02051896
2195 -0.02051836
2196 -0.02051771
2197 -0.02051704
2198 -0.02051644
2199 -0.02051593
2200 -0.0205152
2201 -0.02051457
2202 -0.02051396
2203 -0.02051335
2204 -0.02051267
2205 -0.02051213
2206 -0.0205114
2207 -0.02051078
2208 -0.02051017
2209 -0.02050955
2210 -0.02050891
2211 -0.02050832
2212 -0.02050768
2213 -0.02050708
2214 -0.02050649
2215 -0.02050584
2216 -0.02050517
2217 -0.02050457
2218 -0.02050393
2219 -0.02050334
2220 -0.02050269
2221 -0.02050208
2222 -0.02050145
2223 -0.02050088
2224 -0.02050024
2225 -0.02049954
2226 -0.02049905
2227 -0.0204984
2228 -0.02049782
2229 -0.02049711
2230 -0.02049651
2231 -0.02049594
2232 -0.0204954
2233 -0.02049471
2234 -0.02049409
2235 -0.02049343
2236 -0.02049289
2237 -0.0204923
2238 -0.02049169
2239 -0.02049102
2240 -0.02049043
2241 -0.02048986
2242 -0.02048923
2243 -0.02048863
2244 -0.020488
2245 -0.02048739
2246 -0.02048688
2247 -0.02048623
2248 -0.02048565
2249 -0.02048505
2250 -0.02048443
2251 -0.02048383
2252 -0.02048321
2253 -0.02048263
2254 -0.02048212
2255 -0.02048146
2256 -0.02048092
2257 -0.0204803
2258 -0.02047977
2259 -0.02047914
2260 -0.02047856
2261 -0.02047799
2262 -0.02047746
2263 -0.02047683
2264 -0.02047632
2265 -0.02047576
2266 -0.02047514
2267 -0.02047465
2268 -0.02047407
2269 -0.02047348
2270 -0.02047297
2271 -0.02047244
2272 -0.02047189
2273 -0.02047134
2274 -0.02047076
2275 -0.02047025
2276 -0.02046965
2277 -0.02046915
2278 -0.02046859
2279 -0.02046801
2280 -0.02046748
2281 -0.02046693
2282 -0.02046643
2283 -0.02046591
2284 -0.02046542
2285 -0.02046487
2286 -0.0204643
2287 -0.0204638
2288 -0.02046326
2289 -0.02046279
2290 -0.02046219
2291 -0.02046169
2292 -0.02046121
2293 -0.02046071
2294 -0.02046021
2295 -0.02045971
2296 -0.02045922
2297 -0.02045871
2298 -0.02045825
2299 -0.02045772
2300 -0.02045725
2301 -0.02045674
2302 -0.02045626
2303 -0.02045573
2304 -0.02045527
2305 -0.02045479
2306 -0.02045432
2307 -0.02045388
2308 -0.02045335
2309 -0.02045289
2310 -0.02045249
2311 -0.02045203
2312 -0.02045152
2313 -0.02045106
2314 -0.02045047
2315 -0.02045006
2316 -0.02044965
2317 -0.02044915
2318 -0.0204487
2319 -0.02044822
2320 -0.02044779
2321 -0.02044732
2322 -0.02044693
2323 -0.02044644
2324 -0.02044603
2325 -0.02044548
2326 -0.02044507
2327 -0.02044464
2328 -0.02044418
2329 -0.02044379
2330 -0.02044332
2331 -0.02044285
2332 -0.02044249
2333 -0.02044204
2334 -0.0204416
2335 -0.02044112
2336 -0.02044075
2337 -0.02044035
2338 -0.02043991
2339 -0.02043949
2340 -0.02043911
2341 -0.0204386
2342 -0.02043818
2343 -0.02043777
2344 -0.02043728
2345 -0.02043687
2346 -0.02043646
2347 -0.02043606
2348 -0.02043568
2349 -0.02043522
2350 -0.02043482
2351 -0.02043436
2352 -0.02043398
2353 -0.02043353
2354 -0.02043311
2355 -0.0204327
2356 -0.0204323
2357 -0.02043189
2358 -0.02043146
2359 -0.02043105
2360 -0.02043062
2361 -0.02043023
2362 -0.0204298
2363 -0.02042939
2364 -0.02042894
2365 -0.02042854
2366 -0.02042816
2367 -0.02042775
2368 -0.02042734
2369 -0.02042688
2370 -0.02042644
2371 -0.02042609
2372 -0.02042562
2373 -0.02042519
2374 -0.02042483
2375 -0.02042437
2376 -0.02042397
2377 -0.02042351
2378 -0.02042306
2379 -0.02042266
2380 -0.02042224
2381 -0.02042176
2382 -0.02042137
2383 -0.02042102
2384 -0.0204206
2385 -0.02042017
2386 -0.02041978
2387 -0.02041936
2388 -0.02041891
2389 -0.02041845
2390 -0.02041801
2391 -0.02041756
2392 -0.02041717
2393 -0.02041675
2394 -0.02041629
2395 -0.02041588
2396 -0.0204154
2397 -0.02041503
2398 -0.02041459
2399 -0.02041418
2400 -0.02041371
2401 -0.02041323
2402 -0.02041275
2403 -0.02041229
2404 -0.02041184
2405 -0.02041145
2406 -0.02041095
2407 -0.02041054
2408 -0.02041006
2409 -0.02040958
2410 -0.02040917
2411 -0.02040867
2412 -0.02040821
2413 -0.0204077
2414 -0.0204073
2415 -0.02040681
2416 -0.02040636
2417 -0.02040586
2418 -0.02040538
2419 -0.02040488
2420 -0.0204044
2421 -0.02040394
2422 -0.02040341
2423 -0.02040289
2424 -0.02040242
2425 -0.02040191
2426 -0.02040144
2427 -0.02040101
2428 -0.02040043
2429 -0.02039996
2430 -0.02039942
2431 -0.02039895
2432 -0.0203984
2433 -0.02039794
2434 -0.02039735
2435 -0.02039679
2436 -0.02039629
2437 -0.02039576
2438 -0.02039527
2439 -0.02039471
2440 -0.0203942
2441 -0.02039363
2442 -0.02039305
2443 -0.02039256
2444 -0.02039206
2445 -0.02039145
2446 -0.02039086
2447 -0.02039042
2448 -0.02038976
2449 -0.02038922
2450 -0.02038858
2451 -0.02038804
2452 -0.02038743
2453 -0.02038679
2454 -0.02038631
2455 -0.02038568
2456 -0.02038503
2457 -0.02038446
2458 -0.02038386
2459 -0.02038325
2460 -0.02038264
2461 -0.02038211
2462 -0.0203815
2463 -0.02038081
2464 -0.02038018
2465 -0.02037959
2466 -0.02037897
2467 -0.02037826
2468 -0.0203776
2469 -0.020377
2470 -0.02037639
2471 -0.02037573
2472 -0.02037508
2473 -0.02037444
2474 -0.02037375
2475 -0.02037304
2476 -0.0203724
2477 -0.0203717
2478 -0.02037108
2479 -0.02037045
2480 -0.02036968
2481 -0.02036902
2482 -0.02036835
2483 -0.02036764
2484 -0.02036695
2485 -0.02036619
2486 -0.02036552
2487 -0.02036482
2488 -0.02036412
2489 -0.02036346
2490 -0.02036266
2491 -0.0203619
2492 -0.02036126
2493 -0.02036051
2494 -0.02035979
2495 -0.02035904
2496 -0.02035834
2497 -0.02035756
2498 -0.02035682
2499 -0.02035605
2500 -0.0203553
2501 -0.02035459
2502 -0.02035383
2503 -0.02035309
2504 -0.02035231
2505 -0.02035155
2506 -0.0203508
2507 -0.02034999
2508 -0.02034924
2509 -0.02034852
2510 -0.02034768
2511 -0.02034695
2512 -0.02034613
2513 -0.02034535
2514 -0.02034456
2515 -0.02034375
2516 -0.02034299
2517 -0.02034216
2518 -0.02034141
2519 -0.02034064
2520 -0.02033975
2521 -0.02033895
2522 -0.02033816
2523 -0.02033732
2524 -0.0203365
2525 -0.02033568
2526 -0.0203349
2527 -0.02033409
2528 -0.02033323
2529 -0.02033244
2530 -0.02033153
2531 -0.02033076
2532 -0.02032998
2533 -0.02032911
2534 -0.02032826
2535 -0.02032746
2536 -0.02032665
2537 -0.02032578
2538 -0.02032491
2539 -0.02032411
2540 -0.02032322
2541 -0.02032238
2542 -0.02032156
2543 -0.02032073
2544 -0.02031986
2545 -0.02031899
2546 -0.02031816
2547 -0.02031733
2548 -0.02031639
2549 -0.02031557
2550 -0.02031474
2551 -0.02031392
2552 -0.02031299
2553 -0.02031216
2554 -0.02031133
2555 -0.02031041
2556 -0.02030949
2557 -0.02030866
2558 -0.02030778
2559 -0.02030692
2560 -0.02030604
2561 -0.02030514
2562 -0.02030435
2563 -0.02030346
2564 -0.02030255
2565 -0.02030167
2566 -0.02030077
2567 -0.02029992
2568 -0.02029901
2569 -0.02029817
2570 -0.02029726
2571 -0.02029637
2572 -0.02029554
2573 -0.02029464
2574 -0.02029372
2575 -0.02029292
2576 -0.02029203
2577 -0.02029107
2578 -0.02029023
2579 -0.02028933
2580 -0.02028848
2581 -0.02028758
2582 -0.02028667
2583 -0.02028579
2584 -0.02028493
2585 -0.02028405
2586 -0.0202832
2587 -0.02028224
2588 -0.02028136
2589 -0.02028049
2590 -0.02027964
2591 -0.02027875
2592 -0.02027786
2593 -0.02027696
2594 -0.0202761
2595 -0.02027523
2596 -0.02027434
2597 -0.02027342
2598 -0.0202726
2599 -0.02027169
2600 -0.02027081
2601 -0.0202699
2602 -0.02026906
2603 -0.0202682
2604 -0.02026729
2605 -0.02026641
2606 -0.02026552
2607 -0.02026472
2608 -0.02026382
2609 -0.02026299
2610 -0.02026213
2611 -0.02026122
2612 -0.02026032
2613 -0.02025946
2614 -0.02025858
2615 -0.02025768
2616 -0.02025686
2617 -0.02025599
2618 -0.02025513
2619 -0.02025425
2620 -0.02025337
2621 -0.02025247
2622 -0.02025165
2623 -0.02025083
2624 -0.02025002
2625 -0.02024909
2626 -0.02024823
2627 -0.02024738
2628 -0.02024653
2629 -0.02024567
2630 -0.02024489
2631 -0.02024399
2632 -0.02024317
2633 -0.02024232
2634 -0.02024147
2635 -0.02024068
2636 -0.02023981
2637 -0.02023899
2638 -0.02023814
2639 -0.02023728
2640 -0.02023646
2641 -0.02023559
2642 -0.02023475
2643 -0.02023396
2644 -0.02023318
2645 -0.02023235
2646 -0.02023152
2647 -0.02023074
2648 -0.02022996
2649 -0.02022911
2650 -0.02022825
2651 -0.02022739
2652 -0.02022664
2653 -0.02022582
2654 -0.02022503
2655 -0.02022419
2656 -0.02022342
2657 -0.02022255
2658 -0.02022173
2659 -0.020221
2660 -0.02022024
2661 -0.02021944
2662 -0.0202186
2663 -0.02021781
2664 -0.02021702
2665 -0.02021625
2666 -0.02021541
2667 -0.02021462
2668 -0.02021383
2669 -0.02021307
2670 -0.02021224
2671 -0.02021156
2672 -0.02021071
2673 -0.02020995
2674 -0.02020916
2675 -0.02020841
2676 -0.02020764
2677 -0.02020688
2678 -0.02020607
2679 -0.0202053
2680 -0.02020454
2681 -0.0202038
2682 -0.02020299
2683 -0.02020222
2684 -0.02020139
2685 -0.02020068
2686 -0.0201999
2687 -0.02019918
2688 -0.02019832
2689 -0.0201976
2690 -0.0201968
2691 -0.02019609
2692 -0.0201953
2693 -0.02019457
2694 -0.02019378
2695 -0.02019304
2696 -0.02019229
2697 -0.02019154
2698 -0.02019074
2699 -0.02018997
2700 -0.02018921
2701 -0.02018848
2702 -0.02018769
2703 -0.02018695
2704 -0.02018619
2705 -0.02018546
2706 -0.02018466
2707 -0.02018392
2708 -0.02018317
2709 -0.02018243
2710 -0.02018163
2711 -0.02018091
2712 -0.02018015
2713 -0.02017935
2714 -0.02017853
2715 -0.02017781
2716 -0.020177
2717 -0.02017634
2718 -0.02017555
2719 -0.0201748
2720 -0.02017402
2721 -0.02017325
2722 -0.0201725
2723 -0.02017167
2724 -0.02017095
2725 -0.02017012
2726 -0.02016935
2727 -0.02016866
2728 -0.02016785
2729 -0.02016708
2730 -0.02016636
2731 -0.02016556
2732 -0.02016479
2733 -0.02016399
2734 -0.02016321
2735 -0.02016237
2736 -0.02016162
2737 -0.02016085
2738 -0.02016009
2739 -0.02015934
2740 -0.02015856
2741 -0.02015775
2742 -0.02015702
2743 -0.02015624
2744 -0.02015538
2745 -0.02015464
2746 -0.02015385
2747 -0.02015308
2748 -0.0201523
2749 -0.02015153
2750 -0.0201507
2751 -0.02014993
2752 -0.02014914
2753 -0.0201483
2754 -0.02014747
2755 -0.02014668
2756 -0.02014588
2757 -0.02014507
2758 -0.02014432
2759 -0.02014356
2760 -0.02014266
2761 -0.02014186
2762 -0.02014107
2763 -0.02014028
2764 -0.02013948
2765 -0.02013864
2766 -0.02013784
2767 -0.02013698
2768 -0.02013616
2769 -0.02013532
2770 -0.02013454
2771 -0.02013372
2772 -0.02013289
2773 -0.02013211
2774 -0.0201313
2775 -0.02013051
2776 -0.02012965
2777 -0.02012884
2778 -0.02012804
2779 -0.02012723
2780 -0.02012635
2781 -0.02012555
2782 -0.02012472
2783 -0.02012387
2784 -0.02012303
2785 -0.02012218
2786 -0.02012135
2787 -0.0201205
2788 -0.02011972
2789 -0.02011885
2790 -0.02011801
2791 -0.02011718
2792 -0.02011633
2793 -0.02011547
2794 -0.02011457
2795 -0.02011376
2796 -0.02011294
2797 -0.02011208
2798 -0.02011127
2799 -0.02011041
2800 -0.0201096
2801 -0.02010871
2802 -0.02010787
2803 -0.02010698
2804 -0.02010614
2805 -0.02010535
2806 -0.02010446
2807 -0.02010361
2808 -0.02010281
2809 -0.02010197
2810 -0.02010111
2811 -0.02010025
2812 -0.02009935
2813 -0.0200985
2814 -0.02009763
2815 -0.02009678
2816 -0.02009594
2817 -0.02009511
2818 -0.02009418
2819 -0.02009332
2820 -0.02009246
2821 -0.0200916
2822 -0.02009078
2823 -0.02008992
2824 -0.02008904
2825 -0.02008819
2826 -0.02008731
2827 -0.02008651
2828 -0.02008564
2829 -0.02008478
2830 -0.02008392
2831 -0.02008299
2832 -0.02008214
2833 -0.02008138
2834 -0.0200805
2835 -0.02007958
2836 -0.02007875
2837 -0.02007788
2838 -0.02007699
2839 -0.02007615
2840 -0.02007531
2841 -0.02007441
2842 -0.02007363
2843 -0.02007272
2844 -0.02007182
2845 -0.02007096
2846 -0.02007014
2847 -0.0200693
2848 -0.02006844
2849 -0.02006759
2850 -0.0200667
2851 -0.02006587
2852 -0.02006503
2853 -0.02006416
2854 -0.02006331
2855 -0.02006242
2856 -0.02006158
2857 -0.02006074
2858 -0.02005988
2859 -0.02005907
2860 -0.02005814
2861 -0.02005728
2862 -0.02005643
2863 -0.02005559
2864 -0.02005478
2865 -0.02005392
2866 -0.02005304
2867 -0.02005221
2868 -0.02005136
2869 -0.0200505
2870 -0.02004975
2871 -0.0200489
2872 -0.02004802
2873 -0.02004712
2874 -0.02004631
2875 -0.02004543
2876 -0.0200446
2877 -0.0200438
2878 -0.02004295
2879 -0.02004213
2880 -0.02004127
2881 -0.02004049
2882 -0.02003964
2883 -0.02003887
2884 -0.02003801
2885 -0.02003722
2886 -0.02003637
2887 -0.02003555
2888 -0.02003477
2889 -0.02003394
2890 -0.02003307
2891 -0.02003233
2892 -0.02003152
2893 -0.02003066
2894 -0.02002978
2895 -0.02002901
2896 -0.02002822
2897 -0.02002744
2898 -0.0200266
2899 -0.02002581
2900 -0.02002501
2901 -0.02002421
2902 -0.02002336
2903 -0.02002262
2904 -0.0200218
2905 -0.020021
2906 -0.02002023
2907 -0.02001942
2908 -0.02001858
2909 -0.02001783
2910 -0.02001703
2911 -0.0200163
2912 -0.0200155
2913 -0.02001479
2914 -0.02001398
2915 -0.02001316
2916 -0.02001237
2917 -0.02001163
2918 -0.02001087
2919 -0.02001003
2920 -0.02000926
2921 -0.02000853
2922 -0.02000773
2923 -0.02000695
2924 -0.02000624
2925 -0.02000542
2926 -0.02000472
2927 -0.02000398
2928 -0.02000321
2929 -0.02000244
2930 -0.02000164
2931 -0.02000094
2932 -0.02000018
2933 -0.01999941
2934 -0.01999865
2935 -0.01999798
2936 -0.01999717
2937 -0.01999641
2938 -0.0199957
2939 -0.01999497
2940 -0.01999425
2941 -0.01999349
2942 -0.01999276
2943 -0.01999201
2944 -0.01999126
2945 -0.01999057
2946 -0.01998986
2947 -0.01998912
2948 -0.01998836
2949 -0.01998769
2950 -0.01998694
2951 -0.01998623
2952 -0.01998548
2953 -0.01998481
2954 -0.01998406
2955 -0.01998331
2956 -0.01998267
2957 -0.01998199
2958 -0.01998129
2959 -0.01998057
2960 -0.0199798
2961 -0.01997911
2962 -0.01997843
2963 -0.01997774
2964 -0.019977
2965 -0.01997628
2966 -0.01997558
2967 -0.01997488
2968 -0.01997423
2969 -0.01997353
2970 -0.01997286
2971 -0.0199722
2972 -0.01997147
2973 -0.01997077
2974 -0.01997006
2975 -0.01996941
2976 -0.01996875
2977 -0.0199681
2978 -0.01996737
2979 -0.01996673
2980 -0.01996608
2981 -0.01996542
2982 -0.01996474
2983 -0.01996402
2984 -0.01996337
2985 -0.01996263
2986 -0.01996202
2987 -0.01996137
2988 -0.01996071
2989 -0.01996006
2990 -0.0199594
2991 -0.01995874
2992 -0.01995808
2993 -0.0199574
2994 -0.01995676
2995 -0.01995609
2996 -0.01995545
2997 -0.01995483
2998 -0.01995416
2999 -0.01995354
3000 -0.01995293
3001 -0.0199523
3002 -0.01995167
3003 -0.01995105
3004 -0.01995041
3005 -0.01994981
3006 -0.01994918
3007 -0.01994856
3008 -0.01994796
3009 -0.01994735
3010 -0.01994671
3011 -0.0199461
3012 -0.0199455
3013 -0.01994487
3014 -0.01994425
3015 -0.01994366
3016 -0.01994305
3017 -0.01994242
3018 -0.01994185
3019 -0.01994124
3020 -0.01994071
3021 -0.0199401
3022 -0.0199395
3023 -0.01993889
3024 -0.01993834
3025 -0.01993774
3026 -0.01993717
3027 -0.01993665
3028 -0.01993605
3029 -0.01993549
3030 -0.01993492
3031 -0.01993438
3032 -0.0199338
3033 -0.0199333
3034 -0.01993275
3035 -0.0199322
3036 -0.01993165
3037 -0.01993114
3038 -0.01993066
3039 -0.01993013
3040 -0.01992955
3041 -0.01992906
3042 -0.01992859
3043 -0.01992798
3044 -0.01992746
3045 -0.01992699
3046 -0.01992646
3047 -0.019926
3048 -0.01992552
3049 -0.01992501
3050 -0.01992452
