"report-def-drag-rfile"
"Iteration" "report-def-drag"
("Iteration" "report-def-drag")
1 0.5649335
2 0.6053129
3 0.6446964
4 0.6830845
5 0.7204009
6 0.7565325
7 0.7913545
8 0.8247537
9 0.856631
10 0.8869172
11 0.9155597
12 0.9425299
13 0.9678159
14 0.9914238
15 1.013364
16 1.033663
17 1.052314
18 1.069307
19 1.08469
20 1.09858
21 1.11113
22 1.122525
23 1.13296
24 1.142626
25 1.151679
26 1.16025
27 1.168422
28 1.176247
29 1.183728
30 1.190839
31 1.197526
32 1.20372
33 1.209345
34 1.214326
35 1.218674
36 1.222375
37 1.225407
38 1.227729
39 1.229248
40 1.229983
41 1.229982
42 1.229288
43 1.227915
44 1.225888
45 1.223244
46 1.220053
47 1.216393
48 1.212373
49 1.208099
50 1.203669
51 1.199168
52 1.194676
53 1.19024
54 1.185899
55 1.181665
56 1.177544
57 1.173526
58 1.169602
59 1.16575
60 1.161953
61 1.158193
62 1.154437
63 1.150572
64 1.14656
65 1.142435
66 1.138195
67 1.133841
68 1.12939
69 1.124854
70 1.120232
71 1.115525
72 1.110744
73 1.105898
74 1.101002
75 1.096073
76 1.091135
77 1.086211
78 1.081332
79 1.076517
80 1.071797
81 1.067191
82 1.062722
83 1.058408
84 1.054267
85 1.050308
86 1.046543
87 1.04298
88 1.039619
89 1.036462
90 1.03351
91 1.03076
92 1.02821
93 1.02585
94 1.023683
95 1.021695
96 1.019882
97 1.018234
98 1.016742
99 1.015393
100 1.014179
101 1.013088
102 1.012111
103 1.011237
104 1.010457
105 1.009763
106 1.00915
107 1.008613
108 1.008142
109 1.007736
110 1.007393
111 1.00711
112 1.006882
113 1.006713
114 1.0066
115 1.006542
116 1.00654
117 1.006592
118 1.006701
119 1.00686
120 1.007075
121 1.007341
122 1.007658
123 1.008026
124 1.008443
125 1.008906
126 1.009417
127 1.009966
128 1.010556
129 1.011182
130 1.011838
131 1.012525
132 1.013236
133 1.013968
134 1.014714
135 1.015474
136 1.016244
137 1.017017
138 1.017788
139 1.018557
140 1.019317
141 1.020064
142 1.020797
143 1.021511
144 1.022207
145 1.02288
146 1.023527
147 1.024151
148 1.024747
149 1.025317
150 1.025858
151 1.026371
152 1.026856
153 1.027315
154 1.027745
155 1.028148
156 1.028528
157 1.02888
158 1.029209
159 1.029518
160 1.029803
161 1.030068
162 1.030313
163 1.030539
164 1.030748
165 1.030941
166 1.031116
167 1.031276
168 1.031423
169 1.031556
170 1.031675
171 1.031781
172 1.031875
173 1.031956
174 1.032026
175 1.032082
176 1.032131
177 1.032165
178 1.032188
179 1.0322
180 1.0322
181 1.032192
182 1.032169
183 1.032138
184 1.032096
185 1.032042
186 1.031978
187 1.031904
188 1.03182
189 1.031726
190 1.031622
191 1.031511
192 1.031393
193 1.031266
194 1.031131
195 1.030989
196 1.030843
197 1.03069
198 1.030535
199 1.030373
200 1.03021
201 1.030042
202 1.029873
203 1.029703
204 1.02953
205 1.029358
206 1.029185
207 1.029012
208 1.028841
209 1.028672
210 1.028502
211 1.028337
212 1.028171
213 1.028008
214 1.027849
215 1.027694
216 1.027537
217 1.027384
218 1.027234
219 1.027087
220 1.026941
221 1.026798
222 1.026659
223 1.02652
224 1.026384
225 1.02625
226 1.026118
227 1.025986
228 1.025854
229 1.025726
230 1.025598
231 1.025472
232 1.025346
233 1.025221
234 1.025095
235 1.024972
236 1.024848
237 1.024724
238 1.024602
239 1.024478
240 1.024356
241 1.024232
242 1.024111
243 1.023989
244 1.023867
245 1.023746
246 1.023626
247 1.023505
248 1.023386
249 1.023266
250 1.023146
251 1.023027
252 1.022909
253 1.022791
254 1.022675
255 1.022558
256 1.022441
257 1.022326
258 1.022212
259 1.022096
260 1.021982
261 1.021868
262 1.021756
263 1.021643
264 1.02153
265 1.021417
266 1.021304
267 1.021191
268 1.021079
269 1.020967
270 1.020854
271 1.02074
272 1.020625
273 1.02051
274 1.020396
275 1.02028
276 1.020165
277 1.020047
278 1.019929
279 1.01981
280 1.01969
281 1.01957
282 1.019449
283 1.019326
284 1.019202
285 1.019077
286 1.018951
287 1.018825
288 1.018697
289 1.018568
290 1.018439
291 1.018307
292 1.018177
293 1.018044
294 1.01791
295 1.017776
296 1.017641
297 1.017505
298 1.017368
299 1.017233
300 1.017094
301 1.016957
302 1.016819
303 1.01668
304 1.01654
305 1.0164
306 1.01626
307 1.016119
308 1.015978
309 1.015836
310 1.015694
311 1.015552
312 1.015409
313 1.015267
314 1.015126
315 1.014982
316 1.014838
317 1.014695
318 1.014552
319 1.014408
320 1.014263
321 1.014119
322 1.013975
323 1.01383
324 1.013684
325 1.01354
326 1.013393
327 1.013246
328 1.013102
329 1.012953
330 1.012806
331 1.012659
332 1.012512
333 1.012366
334 1.012218
335 1.012068
336 1.01192
337 1.011772
338 1.011624
339 1.011474
340 1.011324
341 1.011174
342 1.011025
343 1.010874
344 1.010724
345 1.010573
346 1.010424
347 1.010272
348 1.010122
349 1.009971
350 1.009819
351 1.009669
352 1.009519
353 1.009366
354 1.009216
355 1.009065
356 1.008914
357 1.008763
358 1.008613
359 1.00846
360 1.008311
361 1.008159
362 1.008009
363 1.007858
364 1.007706
365 1.007556
366 1.007404
367 1.007252
368 1.007102
369 1.006953
370 1.0068
371 1.00665
372 1.006498
373 1.006347
374 1.006197
375 1.006046
376 1.005895
377 1.005743
378 1.005593
379 1.005442
380 1.005289
381 1.005138
382 1.004986
383 1.004835
384 1.004683
385 1.004531
386 1.004379
387 1.004227
388 1.004073
389 1.003922
390 1.003768
391 1.003617
392 1.003464
393 1.00331
394 1.003157
395 1.003003
396 1.00285
397 1.002698
398 1.002543
399 1.00239
400 1.002236
401 1.002082
402 1.001929
403 1.001773
404 1.001618
405 1.001463
406 1.001308
407 1.001153
408 1.000998
409 1.000843
410 1.000687
411 1.000532
412 1.000376
413 1.00022
414 1.000063
415 0.9999063
416 0.9997513
417 0.9995921
418 0.9994359
419 0.999279
420 0.9991226
421 0.9989643
422 0.998807
423 0.9986498
424 0.9984906
425 0.9983335
426 0.9981751
427 0.998017
428 0.9978586
429 0.9976992
430 0.9975404
431 0.9973814
432 0.9972231
433 0.9970617
434 0.9969029
435 0.9967423
436 0.9965825
437 0.9964225
438 0.9962624
439 0.9961002
440 0.9959391
441 0.9957778
442 0.9956164
443 0.9954537
444 0.9952911
445 0.9951291
446 0.9949671
447 0.9948052
448 0.994642
449 0.9944788
450 0.9943156
451 0.9941526
452 0.9939889
453 0.9938247
454 0.9936613
455 0.9934967
456 0.993331
457 0.9931671
458 0.9930018
459 0.992837
460 0.9926717
461 0.9925053
462 0.9923394
463 0.9921729
464 0.9920073
465 0.9918403
466 0.9916729
467 0.9915079
468 0.9913393
469 0.9911734
470 0.9910052
471 0.9908378
472 0.9906692
473 0.9905006
474 0.9903316
475 0.9901627
476 0.9899942
477 0.9898256
478 0.9896556
479 0.9894871
480 0.9893165
481 0.9891468
482 0.9889764
483 0.9888034
484 0.9886332
485 0.9884634
486 0.9882902
487 0.9881197
488 0.987947
489 0.9877746
490 0.9876023
491 0.9874294
492 0.9872555
493 0.9870822
494 0.9869084
495 0.9867349
496 0.9865605
497 0.9863851
498 0.9862112
499 0.9860376
500 0.9858609
501 0.9856848
502 0.9855102
503 0.9853336
504 0.9851572
505 0.9849808
506 0.9848037
507 0.9846261
508 0.9844488
509 0.9842715
510 0.984093
511 0.9839145
512 0.983736
513 0.9835577
514 0.9833789
515 0.9831989
516 0.9830207
517 0.9828403
518 0.9826601
519 0.9824807
520 0.9823005
521 0.9821183
522 0.9819375
523 0.9817554
524 0.9815744
525 0.9813941
526 0.9812111
527 0.981029
528 0.9808474
529 0.9806652
530 0.980482
531 0.9803
532 0.9801144
533 0.9799324
534 0.9797483
535 0.9795638
536 0.9793805
537 0.9791958
538 0.9790124
539 0.9788276
540 0.9786428
541 0.9784565
542 0.9782727
543 0.978086
544 0.9779004
545 0.9777153
546 0.9775295
547 0.9773439
548 0.9771566
549 0.9769708
550 0.9767856
551 0.9765974
552 0.9764099
553 0.9762235
554 0.9760374
555 0.9758494
556 0.9756628
557 0.9754748
558 0.9752864
559 0.9750974
560 0.9749101
561 0.9747219
562 0.9745344
563 0.9743452
564 0.9741574
565 0.9739689
566 0.9737809
567 0.9735908
568 0.9734016
569 0.9732132
570 0.9730252
571 0.9728358
572 0.9726459
573 0.9724571
574 0.972267
575 0.9720773
576 0.9718884
577 0.9716978
578 0.9715071
579 0.971319
580 0.971128
581 0.9709387
582 0.9707485
583 0.9705595
584 0.9703687
585 0.9701778
586 0.9699876
587 0.9697976
588 0.9696065
589 0.9694155
590 0.969225
591 0.9690344
592 0.9688442
593 0.9686547
594 0.9684632
595 0.9682722
596 0.968083
597 0.9678913
598 0.9677004
599 0.9675097
600 0.9673184
601 0.9671283
602 0.9669377
603 0.9667456
604 0.9665557
605 0.966364
606 0.9661735
607 0.9659818
608 0.9657904
609 0.9656002
610 0.9654101
611 0.9652187
612 0.9650278
613 0.9648359
614 0.9646441
615 0.9644533
616 0.9642635
617 0.9640717
618 0.963881
619 0.9636896
620 0.9634988
621 0.9633079
622 0.9631157
623 0.9629246
624 0.9627347
625 0.9625438
626 0.9623527
627 0.9621611
628 0.9619702
629 0.9617801
630 0.9615883
631 0.9613991
632 0.9612083
633 0.9610167
634 0.9608246
635 0.9606357
636 0.9604434
637 0.9602526
638 0.9600622
639 0.9598708
640 0.9596814
641 0.959491
642 0.9593008
643 0.95911
644 0.9589198
645 0.9587283
646 0.9585374
647 0.9583469
648 0.9581564
649 0.9579673
650 0.957776
651 0.9575865
652 0.9573959
653 0.9572057
654 0.9570149
655 0.9568255
656 0.9566351
657 0.9564453
658 0.9562538
659 0.9560634
660 0.9558746
661 0.9556856
662 0.9554956
663 0.9553052
664 0.9551146
665 0.9549256
666 0.9547353
667 0.9545466
668 0.9543565
669 0.9541676
670 0.9539781
671 0.9537893
672 0.9535988
673 0.95341
674 0.9532195
675 0.9530309
676 0.9528419
677 0.9526536
678 0.9524637
679 0.9522747
680 0.9520863
681 0.9518971
682 0.9517075
683 0.9515188
684 0.9513302
685 0.9511414
686 0.9509534
687 0.950763
688 0.9505749
689 0.9503876
690 0.9502
691 0.9500115
692 0.9498225
693 0.9496341
694 0.9494458
695 0.9492578
696 0.949069
697 0.9488806
698 0.948694
699 0.9485062
700 0.9483175
701 0.9481302
702 0.9479414
703 0.9477552
704 0.9475676
705 0.9473813
706 0.947193
707 0.9470068
708 0.9468185
709 0.9466318
710 0.9464444
711 0.9462572
712 0.9460703
713 0.945883
714 0.9456965
715 0.9455094
716 0.9453241
717 0.9451364
718 0.9449503
719 0.9447643
720 0.9445787
721 0.9443907
722 0.9442049
723 0.9440184
724 0.9438335
725 0.9436459
726 0.9434597
727 0.9432737
728 0.943088
729 0.9429014
730 0.9427161
731 0.9425305
732 0.9423445
733 0.9421589
734 0.9419721
735 0.9417878
736 0.9416016
737 0.9414157
738 0.9412305
739 0.9410456
740 0.9408593
741 0.9406744
742 0.940488
743 0.9403033
744 0.9401183
745 0.9399335
746 0.9397469
747 0.9395618
748 0.9393759
749 0.9391901
750 0.9390052
751 0.938819
752 0.9386334
753 0.9384478
754 0.938261
755 0.9380776
756 0.937891
757 0.9377066
758 0.9375191
759 0.9373335
760 0.9371482
761 0.9369621
762 0.9367754
763 0.936589
764 0.936404
765 0.9362168
766 0.9360319
767 0.9358445
768 0.9356589
769 0.9354725
770 0.9352854
771 0.9350986
772 0.9349105
773 0.9347245
774 0.9345362
775 0.9343487
776 0.9341624
777 0.9339748
778 0.9337868
779 0.9335979
780 0.9334106
781 0.9332221
782 0.9330338
783 0.9328448
784 0.9326569
785 0.9324676
786 0.9322782
787 0.9320901
788 0.9319004
789 0.9317095
790 0.9315201
791 0.9313308
792 0.9311396
793 0.9309492
794 0.9307591
795 0.9305683
796 0.9303764
797 0.9301845
798 0.929994
799 0.9298027
800 0.9296098
801 0.9294184
802 0.9292272
803 0.9290333
804 0.9288405
805 0.9286466
806 0.9284553
807 0.9282599
808 0.9280658
809 0.9278725
810 0.9276787
811 0.9274842
812 0.9272888
813 0.9270948
814 0.9268985
815 0.9267046
816 0.9265076
817 0.9263134
818 0.9261162
819 0.925921
820 0.925724
821 0.9255279
822 0.9253299
823 0.9251334
824 0.9249361
825 0.924738
826 0.92454
827 0.9243431
828 0.9241443
829 0.9239454
830 0.9237476
831 0.9235498
832 0.9233502
833 0.9231511
834 0.9229515
835 0.9227533
836 0.9225543
837 0.9223543
838 0.9221545
839 0.921955
840 0.9217543
841 0.9215544
842 0.9213547
843 0.9211546
844 0.9209529
845 0.9207531
846 0.9205514
847 0.9203519
848 0.9201501
849 0.9199504
850 0.9197485
851 0.9195479
852 0.9193462
853 0.9191454
854 0.9189438
855 0.9187421
856 0.9185413
857 0.9183392
858 0.9181395
859 0.9179376
860 0.9177372
861 0.9175361
862 0.9173342
863 0.9171328
864 0.9169316
865 0.9167312
866 0.9165302
867 0.9163285
868 0.9161294
869 0.9159276
870 0.9157273
871 0.9155266
872 0.9153255
873 0.9151246
874 0.914925
875 0.9147254
876 0.9145265
877 0.9143254
878 0.914126
879 0.913927
880 0.9137284
881 0.9135297
882 0.9133312
883 0.9131319
884 0.9129332
885 0.9127359
886 0.9125378
887 0.91234
888 0.9121433
889 0.9119467
890 0.9117497
891 0.9115534
892 0.9113575
893 0.9111626
894 0.9109659
895 0.9107724
896 0.9105769
897 0.9103831
898 0.91019
899 0.9099951
900 0.9098014
901 0.9096087
902 0.9094163
903 0.9092255
904 0.9090332
905 0.9088419
906 0.9086508
907 0.9084622
908 0.9082716
909 0.9080821
910 0.9078935
911 0.9077054
912 0.9075174
913 0.9073297
914 0.9071441
915 0.9069564
916 0.9067709
917 0.9065856
918 0.9064013
919 0.9062161
920 0.9060327
921 0.9058506
922 0.9056675
923 0.905486
924 0.905305
925 0.9051239
926 0.9049436
927 0.904765
928 0.9045845
929 0.9044075
930 0.9042294
931 0.9040523
932 0.9038773
933 0.9037
934 0.9035249
935 0.9033506
936 0.9031781
937 0.9030049
938 0.9028328
939 0.9026601
940 0.9024908
941 0.902319
942 0.9021513
943 0.9019819
944 0.9018137
945 0.9016462
946 0.9014816
947 0.9013159
948 0.9011509
949 0.9009848
950 0.9008223
951 0.9006599
952 0.9004964
953 0.900336
954 0.900175
955 0.900017
956 0.8998574
957 0.8997012
958 0.8995435
959 0.8993877
960 0.8992311
961 0.8990777
962 0.8989235
963 0.8987703
964 0.8986187
965 0.8984675
966 0.8983163
967 0.8981673
968 0.8980187
969 0.8978711
970 0.8977253
971 0.8975773
972 0.8974334
973 0.8972895
974 0.8971463
975 0.8970034
976 0.8968622
977 0.8967216
978 0.8965819
979 0.8964436
980 0.8963057
981 0.8961681
982 0.8960331
983 0.8958974
984 0.8957622
985 0.8956305
986 0.8954976
987 0.8953653
988 0.8952351
989 0.895106
990 0.894978
991 0.8948516
992 0.8947225
993 0.8945982
994 0.8944733
995 0.8943486
996 0.8942258
997 0.8941046
998 0.8939842
999 0.8938639
1000 0.8937458
1001 0.8936272
1002 0.8935088
1003 0.8933932
1004 0.893279
1005 0.8931644
1006 0.8930513
1007 0.8929393
1008 0.8928281
1009 0.8927175
1010 0.8926079
1011 0.8924999
1012 0.8923928
1013 0.8922865
1014 0.8921801
1015 0.8920754
1016 0.891972
1017 0.8918699
1018 0.8917677
1019 0.8916667
1020 0.8915665
1021 0.8914675
1022 0.8913685
1023 0.8912719
1024 0.8911751
1025 0.8910798
1026 0.8909854
1027 0.8908929
1028 0.8908008
1029 0.8907077
1030 0.8906178
1031 0.8905277
1032 0.890438
1033 0.8903493
1034 0.8902624
1035 0.8901762
1036 0.8900908
1037 0.8900061
1038 0.8899222
1039 0.8898386
1040 0.8897567
1041 0.8896757
1042 0.8895943
1043 0.8895147
1044 0.8894355
1045 0.8893583
1046 0.8892808
1047 0.8892037
1048 0.8891283
1049 0.8890526
1050 0.8889777
1051 0.8889047
1052 0.888832
1053 0.88876
1054 0.8886888
1055 0.8886188
1056 0.8885487
1057 0.8884799
1058 0.8884096
1059 0.8883427
1060 0.8882762
1061 0.8882082
1062 0.8881416
1063 0.8880764
1064 0.8880115
1065 0.8879476
1066 0.8878845
1067 0.8878215
1068 0.887759
1069 0.8876962
1070 0.8876348
1071 0.8875749
1072 0.8875133
1073 0.8874549
1074 0.8873952
1075 0.8873359
1076 0.8872782
1077 0.8872212
1078 0.8871627
1079 0.8871053
1080 0.8870499
1081 0.8869922
1082 0.8869377
1083 0.8868808
1084 0.8868271
1085 0.886771
1086 0.8867167
1087 0.8866631
1088 0.8866089
1089 0.8865567
1090 0.886503
1091 0.8864509
1092 0.8863981
1093 0.8863456
1094 0.8862942
1095 0.886242
1096 0.8861903
1097 0.88614
1098 0.886089
1099 0.8860388
1100 0.8859875
1101 0.885937
1102 0.8858852
1103 0.8858354
1104 0.8857854
1105 0.885737
1106 0.8856858
1107 0.8856369
1108 0.8855867
1109 0.885537
1110 0.8854886
1111 0.8854389
1112 0.8853897
1113 0.8853403
1114 0.8852922
1115 0.885241
1116 0.8851926
1117 0.8851435
1118 0.8850942
1119 0.885045
1120 0.8849955
1121 0.8849469
1122 0.8848977
1123 0.8848481
1124 0.8847988
1125 0.8847495
1126 0.8846999
1127 0.8846491
1128 0.8845995
1129 0.8845508
1130 0.8845002
1131 0.8844512
1132 0.8844013
1133 0.8843499
1134 0.8843001
1135 0.8842499
1136 0.884199
1137 0.8841482
1138 0.8840971
1139 0.8840466
1140 0.8839952
1141 0.8839447
1142 0.8838922
1143 0.883841
1144 0.8837895
1145 0.8837377
1146 0.8836861
1147 0.8836325
1148 0.8835816
1149 0.883527
1150 0.8834744
1151 0.8834216
1152 0.8833695
1153 0.8833155
1154 0.8832618
1155 0.883207
1156 0.8831546
1157 0.8831001
1158 0.8830462
1159 0.8829914
1160 0.8829373
1161 0.8828817
1162 0.8828269
1163 0.8827726
1164 0.8827153
1165 0.8826609
1166 0.8826063
1167 0.8825493
1168 0.8824931
1169 0.8824378
1170 0.8823807
1171 0.8823242
1172 0.8822672
1173 0.8822098
1174 0.8821524
1175 0.8820964
1176 0.8820381
1177 0.88198
1178 0.8819242
1179 0.8818665
1180 0.8818094
1181 0.8817496
1182 0.8816912
1183 0.8816345
1184 0.8815755
1185 0.8815171
1186 0.881459
1187 0.8814003
1188 0.88134
1189 0.8812827
1190 0.8812239
1191 0.8811665
1192 0.881107
1193 0.881049
1194 0.8809897
1195 0.8809295
1196 0.8808711
1197 0.8808129
1198 0.8807532
1199 0.8806949
1200 0.880636
1201 0.8805764
1202 0.8805183
1203 0.88046
1204 0.8804003
1205 0.8803422
1206 0.8802842
1207 0.8802258
1208 0.880167
1209 0.8801103
1210 0.8800502
1211 0.8799925
1212 0.8799353
1213 0.8798792
1214 0.8798205
1215 0.8797628
1216 0.879706
1217 0.8796487
1218 0.879591
1219 0.8795347
1220 0.8794777
1221 0.8794222
1222 0.8793656
1223 0.8793103
1224 0.8792558
1225 0.8792005
1226 0.8791448
1227 0.8790901
1228 0.8790356
1229 0.8789811
1230 0.8789266
1231 0.8788731
1232 0.8788208
1233 0.8787678
1234 0.8787133
1235 0.8786615
1236 0.8786095
1237 0.8785579
1238 0.8785073
1239 0.8784556
1240 0.8784065
1241 0.8783556
1242 0.8783062
1243 0.8782563
1244 0.8782067
1245 0.8781583
1246 0.8781097
1247 0.8780613
1248 0.8780142
1249 0.877967
1250 0.8779216
1251 0.8778748
1252 0.8778293
1253 0.8777846
1254 0.8777389
1255 0.877695
1256 0.8776514
1257 0.8776085
1258 0.8775651
1259 0.8775234
1260 0.8774813
1261 0.8774407
1262 0.8773995
1263 0.8773586
1264 0.8773179
1265 0.8772797
1266 0.8772399
1267 0.8772014
1268 0.8771646
1269 0.8771263
1270 0.8770897
1271 0.8770533
1272 0.8770178
1273 0.8769826
1274 0.8769487
1275 0.8769141
1276 0.8768797
1277 0.8768464
1278 0.8768139
1279 0.8767814
1280 0.87675
1281 0.8767193
1282 0.8766882
1283 0.8766589
1284 0.8766276
1285 0.8765991
1286 0.8765702
1287 0.876542
1288 0.8765157
1289 0.8764884
1290 0.8764616
1291 0.8764358
1292 0.8764097
1293 0.8763846
1294 0.8763607
1295 0.8763352
1296 0.8763118
1297 0.8762885
1298 0.8762665
1299 0.876245
1300 0.8762223
1301 0.8762012
1302 0.8761796
1303 0.8761598
1304 0.8761396
1305 0.8761197
1306 0.8761016
1307 0.8760829
1308 0.8760639
1309 0.8760467
1310 0.8760304
1311 0.8760132
1312 0.8759962
1313 0.8759804
1314 0.8759636
1315 0.8759486
1316 0.875934
1317 0.8759194
1318 0.8759043
1319 0.8758904
1320 0.8758771
1321 0.875864
1322 0.8758507
1323 0.8758374
1324 0.8758255
1325 0.8758134
1326 0.8758018
1327 0.8757898
1328 0.875778
1329 0.8757669
1330 0.8757563
1331 0.8757461
1332 0.8757368
1333 0.8757266
1334 0.8757164
1335 0.8757072
1336 0.8756974
1337 0.8756878
1338 0.8756796
1339 0.8756713
1340 0.8756632
1341 0.8756543
1342 0.8756465
1343 0.8756382
1344 0.8756302
1345 0.875622
1346 0.8756149
1347 0.8756069
1348 0.8755994
1349 0.8755918
1350 0.8755839
1351 0.8755771
1352 0.8755699
1353 0.8755623
1354 0.8755545
1355 0.8755484
1356 0.8755407
1357 0.8755339
1358 0.8755267
1359 0.8755193
1360 0.8755121
1361 0.875505
1362 0.8754978
1363 0.8754901
1364 0.8754827
1365 0.8754763
1366 0.8754685
1367 0.8754612
1368 0.8754534
1369 0.8754459
1370 0.8754386
1371 0.8754306
1372 0.8754223
1373 0.8754134
1374 0.8754057
1375 0.8753982
1376 0.8753896
1377 0.8753809
1378 0.8753715
1379 0.8753629
1380 0.8753531
1381 0.8753437
1382 0.8753345
1383 0.8753251
1384 0.8753158
1385 0.8753055
1386 0.8752944
1387 0.8752844
1388 0.8752731
1389 0.8752622
1390 0.875252
1391 0.8752404
1392 0.8752276
1393 0.8752149
1394 0.8752031
1395 0.8751906
1396 0.8751782
1397 0.8751645
1398 0.8751508
1399 0.8751383
1400 0.8751243
1401 0.8751103
1402 0.8750961
1403 0.8750812
1404 0.8750653
1405 0.8750516
1406 0.8750361
1407 0.8750199
1408 0.8750042
1409 0.8749881
1410 0.874971
1411 0.8749526
1412 0.874936
1413 0.8749182
1414 0.8749
1415 0.8748819
1416 0.8748636
1417 0.8748443
1418 0.8748235
1419 0.874805
1420 0.8747842
1421 0.8747647
1422 0.8747433
1423 0.8747228
1424 0.8747016
1425 0.8746799
1426 0.874658
1427 0.8746357
1428 0.8746135
1429 0.8745909
1430 0.8745667
1431 0.8745423
1432 0.8745194
1433 0.8744947
1434 0.8744706
1435 0.8744456
1436 0.8744205
1437 0.8743951
1438 0.874369
1439 0.8743428
1440 0.8743167
1441 0.8742892
1442 0.8742618
1443 0.8742358
1444 0.8742077
1445 0.8741793
1446 0.874151
1447 0.8741226
1448 0.8740937
1449 0.8740649
1450 0.8740354
1451 0.874005
1452 0.8739752
1453 0.8739447
1454 0.8739133
1455 0.8738835
1456 0.8738518
1457 0.8738207
1458 0.8737906
1459 0.8737582
1460 0.8737264
1461 0.8736939
1462 0.8736607
1463 0.8736274
1464 0.8735948
1465 0.8735608
1466 0.873527
1467 0.8734941
1468 0.8734583
1469 0.8734252
1470 0.8733915
1471 0.873356
1472 0.8733215
1473 0.8732866
1474 0.8732501
1475 0.8732138
1476 0.8731796
1477 0.8731437
1478 0.8731072
1479 0.8730711
1480 0.873035
1481 0.8729979
1482 0.8729615
1483 0.8729246
1484 0.8728882
1485 0.8728514
1486 0.8728141
1487 0.872776
1488 0.8727388
1489 0.8727009
1490 0.8726623
1491 0.8726254
1492 0.8725867
1493 0.8725491
1494 0.87251
1495 0.8724723
1496 0.8724337
1497 0.8723946
1498 0.872356
1499 0.8723177
1500 0.8722783
1501 0.8722394
1502 0.8721999
1503 0.8721619
1504 0.8721222
1505 0.872083
1506 0.8720438
1507 0.8720047
1508 0.8719647
1509 0.8719246
1510 0.8718857
1511 0.871847
1512 0.8718073
1513 0.8717681
1514 0.871729
1515 0.8716889
1516 0.8716494
1517 0.8716093
1518 0.8715705
1519 0.8715309
1520 0.8714909
1521 0.871452
1522 0.871412
1523 0.8713722
1524 0.8713338
1525 0.8712954
1526 0.8712552
1527 0.8712147
1528 0.8711762
1529 0.8711364
1530 0.8710974
1531 0.8710575
1532 0.8710185
1533 0.8709795
1534 0.8709395
1535 0.870901
1536 0.8708616
1537 0.8708236
1538 0.8707849
1539 0.870746
1540 0.8707078
1541 0.8706673
1542 0.8706303
1543 0.8705914
1544 0.8705518
1545 0.8705146
1546 0.8704752
1547 0.8704379
1548 0.8703993
1549 0.8703626
1550 0.8703236
1551 0.8702845
1552 0.8702471
1553 0.8702103
1554 0.8701715
1555 0.8701335
1556 0.8700979
1557 0.8700603
1558 0.8700236
1559 0.869986
1560 0.8699485
1561 0.8699118
1562 0.8698756
1563 0.8698382
1564 0.869802
1565 0.8697665
1566 0.8697291
1567 0.8696927
1568 0.869656
1569 0.8696201
1570 0.8695852
1571 0.8695505
1572 0.8695139
1573 0.8694786
1574 0.8694419
1575 0.8694073
1576 0.8693712
1577 0.8693361
1578 0.8693018
1579 0.8692667
1580 0.8692319
1581 0.8691975
1582 0.8691633
1583 0.8691283
1584 0.8690934
1585 0.869059
1586 0.8690251
1587 0.8689908
1588 0.8689573
1589 0.8689234
1590 0.8688892
1591 0.8688561
1592 0.8688225
1593 0.86879
1594 0.8687562
1595 0.8687216
1596 0.8686891
1597 0.8686555
1598 0.8686228
1599 0.8685907
1600 0.8685579
1601 0.868525
1602 0.8684929
1603 0.8684601
1604 0.8684269
1605 0.8683954
1606 0.8683631
1607 0.8683301
1608 0.8682994
1609 0.8682666
1610 0.8682348
1611 0.8682024
1612 0.8681701
1613 0.8681394
1614 0.8681074
1615 0.868076
1616 0.8680447
1617 0.8680153
1618 0.8679825
1619 0.8679509
1620 0.8679198
1621 0.8678896
1622 0.8678584
1623 0.8678274
1624 0.8677957
1625 0.8677657
1626 0.8677335
1627 0.8677028
1628 0.8676727
1629 0.8676415
1630 0.8676112
1631 0.867582
1632 0.8675504
1633 0.8675184
1634 0.8674882
1635 0.8674591
1636 0.867429
1637 0.8673984
1638 0.8673674
1639 0.8673355
1640 0.8673059
1641 0.8672763
1642 0.8672455
1643 0.8672155
1644 0.8671851
1645 0.8671549
1646 0.867124
1647 0.8670933
1648 0.8670636
1649 0.8670341
1650 0.867003
1651 0.8669574
1652 0.8669115
1653 0.8668684
1654 0.8668227
1655 0.8667778
1656 0.8667313
1657 0.8666862
1658 0.8666405
1659 0.8665946
1660 0.8665502
1661 0.8665054
1662 0.866459
1663 0.8664129
1664 0.8663682
1665 0.8663213
1666 0.8662769
1667 0.8662307
1668 0.8661852
1669 0.8661395
1670 0.866094
1671 0.8660468
1672 0.8660014
1673 0.8659534
1674 0.8659091
1675 0.8658637
1676 0.8658164
1677 0.8657697
1678 0.8657242
1679 0.8656765
1680 0.8656292
1681 0.8655831
1682 0.8655366
1683 0.8654888
1684 0.8654419
1685 0.8653956
1686 0.8653477
1687 0.8653015
1688 0.8652529
1689 0.8652061
1690 0.8651585
1691 0.8651111
1692 0.8650634
1693 0.8650154
1694 0.8649687
1695 0.8649207
1696 0.8648727
1697 0.8648245
1698 0.864776
1699 0.8647295
1700 0.8646804
1701 0.8646316
1702 0.8645855
1703 0.8645368
1704 0.8644879
1705 0.8644403
1706 0.864392
1707 0.864344
1708 0.8642968
1709 0.8642469
1710 0.8641987
1711 0.8641497
1712 0.8641026
1713 0.8640532
1714 0.8640059
1715 0.8639576
1716 0.8639091
1717 0.8638602
1718 0.8638118
1719 0.8637654
1720 0.8637158
1721 0.8636681
1722 0.86362
1723 0.8635724
1724 0.8635228
1725 0.8634765
1726 0.8634273
1727 0.86338
1728 0.8633328
1729 0.8632844
1730 0.8632359
1731 0.8631883
1732 0.8631406
1733 0.8630947
1734 0.8630471
1735 0.8629993
1736 0.8629529
1737 0.8629052
1738 0.8628588
1739 0.862811
1740 0.8627648
1741 0.8627171
1742 0.8626713
1743 0.8626243
1744 0.8625779
1745 0.8625314
1746 0.8624855
1747 0.8624404
1748 0.8623939
1749 0.8623474
1750 0.8623021
1751 0.8622567
1752 0.8622124
1753 0.8621659
1754 0.8621222
1755 0.8620769
1756 0.862031
1757 0.8619865
1758 0.8619429
1759 0.8618988
1760 0.8618544
1761 0.8618098
1762 0.8617659
1763 0.861724
1764 0.8616807
1765 0.8616361
1766 0.8615932
1767 0.8615499
1768 0.861507
1769 0.8614651
1770 0.8614218
1771 0.8613794
1772 0.8613371
1773 0.8612956
1774 0.8612536
1775 0.8612112
1776 0.861169
1777 0.8611283
1778 0.8610869
1779 0.8610462
1780 0.8610055
1781 0.8609648
1782 0.8609245
1783 0.8608825
1784 0.8608432
1785 0.8608023
1786 0.8607631
1787 0.8607231
1788 0.8606836
1789 0.8606439
1790 0.8606056
1791 0.8605669
1792 0.8605269
1793 0.8604884
1794 0.8604488
1795 0.860409
1796 0.8603721
1797 0.8603325
1798 0.8602953
1799 0.8602562
1800 0.860219
1801 0.8601807
1802 0.8601433
1803 0.8601067
1804 0.8600693
1805 0.8600317
1806 0.8599929
1807 0.8599566
1808 0.85992
1809 0.8598827
1810 0.8598468
1811 0.8598099
1812 0.8597747
1813 0.8597376
1814 0.8596998
1815 0.8596647
1816 0.8596282
1817 0.8595915
1818 0.8595566
1819 0.8595198
1820 0.8594843
1821 0.859448
1822 0.8594113
1823 0.8593765
1824 0.8593408
1825 0.8593056
1826 0.8592696
1827 0.8592344
1828 0.8591995
1829 0.859164
1830 0.8591295
1831 0.8590934
1832 0.8590589
1833 0.8590249
1834 0.8589885
1835 0.8589541
1836 0.8589187
1837 0.8588835
1838 0.8588501
1839 0.8588153
1840 0.8587793
1841 0.858745
1842 0.8587112
1843 0.858676
1844 0.8586417
1845 0.8586066
1846 0.8585709
1847 0.8585349
1848 0.8585017
1849 0.8584675
1850 0.858433
1851 0.8583991
1852 0.8583636
1853 0.8583286
1854 0.8582944
1855 0.8582585
1856 0.8582252
1857 0.8581901
1858 0.858156
1859 0.858121
1860 0.8580875
1861 0.8580521
1862 0.8580183
1863 0.8579828
1864 0.8579487
1865 0.8579141
1866 0.8578801
1867 0.857844
1868 0.8578103
1869 0.8577756
1870 0.8577405
1871 0.8577064
1872 0.8576716
1873 0.8576367
1874 0.8576016
1875 0.8575683
1876 0.857532
1877 0.8574983
1878 0.8574629
1879 0.8574299
1880 0.8573942
1881 0.8573598
1882 0.8573264
1883 0.8572919
1884 0.8572577
1885 0.8572218
1886 0.8571885
1887 0.8571538
1888 0.857118
1889 0.8570833
1890 0.8570497
1891 0.8570158
1892 0.8569807
1893 0.8569463
1894 0.856912
1895 0.8568761
1896 0.856842
1897 0.8568069
1898 0.8567739
1899 0.8567395
1900 0.8567049
1901 0.8566705
1902 0.8566367
1903 0.8566031
1904 0.8565677
1905 0.8565336
1906 0.8565001
1907 0.8564661
1908 0.8564324
1909 0.8563971
1910 0.8563645
1911 0.8563294
1912 0.8562968
1913 0.8562621
1914 0.8562284
1915 0.8561949
1916 0.8561613
1917 0.8561293
1918 0.8560951
1919 0.8560613
1920 0.856029
1921 0.8559943
1922 0.8559616
1923 0.8559295
1924 0.8558958
1925 0.8558627
1926 0.8558297
1927 0.8557979
1928 0.8557646
1929 0.855732
1930 0.8556995
1931 0.8556663
1932 0.855635
1933 0.8556029
1934 0.8555708
1935 0.855538
1936 0.8555059
1937 0.8554739
1938 0.8554415
1939 0.8554108
1940 0.8553781
1941 0.8553478
1942 0.8553168
1943 0.8552843
1944 0.8552523
1945 0.8552219
1946 0.8551912
1947 0.8551606
1948 0.8551298
1949 0.8550985
1950 0.8550691
1951 0.8550381
1952 0.8550078
1953 0.8549779
1954 0.8549467
1955 0.8549179
1956 0.854888
1957 0.8548574
1958 0.8548275
1959 0.8547984
1960 0.8547688
1961 0.8547398
1962 0.8547102
1963 0.854681
1964 0.8546519
1965 0.8546233
1966 0.8545948
1967 0.8545659
1968 0.8545373
1969 0.8545082
1970 0.8544807
1971 0.8544515
1972 0.8544235
1973 0.8543957
1974 0.854368
1975 0.8543401
1976 0.8543121
1977 0.8542831
1978 0.8542563
1979 0.8542285
1980 0.8542007
1981 0.8541747
1982 0.8541467
1983 0.85412
1984 0.8540918
1985 0.8540645
1986 0.8540382
1987 0.8540119
1988 0.8539847
1989 0.8539572
1990 0.8539315
1991 0.8539039
1992 0.8538786
1993 0.853852
1994 0.8538255
1995 0.8537992
1996 0.8537731
1997 0.8537459
1998 0.8537192
1999 0.8536927
2000 0.8536672
2001 0.8536423
2002 0.8536171
2003 0.8535895
2004 0.8535634
2005 0.8535376
2006 0.8535119
2007 0.8534872
2008 0.8534606
2009 0.8534358
2010 0.8534105
2011 0.853385
2012 0.8533594
2013 0.8533331
2014 0.8533086
2015 0.8532821
2016 0.8532574
2017 0.853232
2018 0.8532063
2019 0.8531815
2020 0.8531557
2021 0.8531304
2022 0.8531041
2023 0.8530785
2024 0.8530536
2025 0.8530282
2026 0.8530029
2027 0.8529775
2028 0.8529522
2029 0.852927
2030 0.8529024
2031 0.8528764
2032 0.852851
2033 0.8528245
2034 0.8528
2035 0.8527738
2036 0.8527486
2037 0.8527232
2038 0.8526972
2039 0.8526723
2040 0.8526457
2041 0.8526202
2042 0.8525943
2043 0.8525692
2044 0.8525428
2045 0.8525178
2046 0.8524907
2047 0.8524648
2048 0.8524395
2049 0.8524144
2050 0.8523876
2051 0.8523615
2052 0.8523343
2053 0.8523085
2054 0.8522831
2055 0.8522564
2056 0.8522305
2057 0.8522043
2058 0.8521776
2059 0.8521519
2060 0.8521252
2061 0.8520978
2062 0.8520715
2063 0.8520461
2064 0.8520191
2065 0.8519912
2066 0.8519654
2067 0.8519374
2068 0.8519114
2069 0.8518828
2070 0.851858
2071 0.851829
2072 0.8518023
2073 0.8517754
2074 0.8517479
2075 0.8517199
2076 0.8516931
2077 0.8516652
2078 0.8516383
2079 0.8516103
2080 0.8515828
2081 0.8515553
2082 0.8515275
2083 0.8515006
2084 0.851472
2085 0.8514457
2086 0.8514166
2087 0.8513892
2088 0.8513616
2089 0.8513339
2090 0.8513054
2091 0.8512766
2092 0.8512485
2093 0.8512212
2094 0.8511926
2095 0.8511639
2096 0.851136
2097 0.8511068
2098 0.8510795
2099 0.8510503
2100 0.8510213
2101 0.8509931
2102 0.850964
2103 0.8509359
2104 0.8509083
2105 0.8508785
2106 0.8508499
2107 0.8508204
2108 0.8507926
2109 0.8507642
2110 0.8507349
2111 0.8507056
2112 0.8506776
2113 0.8506471
2114 0.8506185
2115 0.8505906
2116 0.850561
2117 0.8505325
2118 0.8505028
2119 0.8504726
2120 0.8504442
2121 0.8504164
2122 0.8503867
2123 0.8503568
2124 0.8503272
2125 0.850298
2126 0.8502683
2127 0.8502402
2128 0.8502099
2129 0.8501803
2130 0.8501512
2131 0.850121
2132 0.8500936
2133 0.8500632
2134 0.8500336
2135 0.850004
2136 0.8499743
2137 0.8499454
2138 0.8499157
2139 0.8498861
2140 0.849857
2141 0.8498283
2142 0.8497973
2143 0.8497678
2144 0.8497385
2145 0.849708
2146 0.8496804
2147 0.8496497
2148 0.8496207
2149 0.8495917
2150 0.849562
2151 0.8495319
2152 0.849502
2153 0.8494738
2154 0.8494437
2155 0.8494138
2156 0.849384
2157 0.8493546
2158 0.8493255
2159 0.8492946
2160 0.8492641
2161 0.8492361
2162 0.8492064
2163 0.8491773
2164 0.8491468
2165 0.8491173
2166 0.8490875
2167 0.8490575
2168 0.8490288
2169 0.8489991
2170 0.8489692
2171 0.84894
2172 0.8489099
2173 0.84888
2174 0.8488501
2175 0.8488207
2176 0.8487918
2177 0.8487607
2178 0.8487312
2179 0.8487011
2180 0.848672
2181 0.8486428
2182 0.848613
2183 0.8485835
2184 0.8485547
2185 0.8485231
2186 0.8484943
2187 0.8484651
2188 0.8484349
2189 0.8484054
2190 0.8483759
2191 0.8483465
2192 0.8483155
2193 0.8482855
2194 0.8482568
2195 0.8482263
2196 0.8481968
2197 0.8481665
2198 0.8481371
2199 0.8481066
2200 0.8480767
2201 0.8480477
2202 0.8480179
2203 0.8479882
2204 0.847958
2205 0.8479286
2206 0.8478982
2207 0.8478683
2208 0.8478385
2209 0.8478088
2210 0.8477778
2211 0.8477492
2212 0.8477187
2213 0.847689
2214 0.8476582
2215 0.8476276
2216 0.8475985
2217 0.8475686
2218 0.8475382
2219 0.8475088
2220 0.8474778
2221 0.8474484
2222 0.8474198
2223 0.8473876
2224 0.8473572
2225 0.8473266
2226 0.8472975
2227 0.8472658
2228 0.8472374
2229 0.8472061
2230 0.8471771
2231 0.8471461
2232 0.8471159
2233 0.8470854
2234 0.8470557
2235 0.8470239
2236 0.8469953
2237 0.8469629
2238 0.8469324
2239 0.8469021
2240 0.8468729
2241 0.846841
2242 0.8468114
2243 0.8467802
2244 0.84675
2245 0.8467184
2246 0.8466884
2247 0.8466585
2248 0.8466274
2249 0.8465976
2250 0.8465662
2251 0.8465362
2252 0.8465044
2253 0.8464741
2254 0.8464435
2255 0.8464116
2256 0.8463823
2257 0.8463522
2258 0.8463192
2259 0.846289
2260 0.846258
2261 0.8462268
2262 0.8461962
2263 0.8461657
2264 0.846134
2265 0.8461037
2266 0.8460723
2267 0.8460417
2268 0.8460104
2269 0.8459784
2270 0.8459473
2271 0.8459161
2272 0.8458855
2273 0.8458548
2274 0.8458232
2275 0.8457921
2276 0.8457607
2277 0.8457308
2278 0.845699
2279 0.8456662
2280 0.8456355
2281 0.8456029
2282 0.8455737
2283 0.8455421
2284 0.8455099
2285 0.8454791
2286 0.8454472
2287 0.8454167
2288 0.8453856
2289 0.8453532
2290 0.8453229
2291 0.8452895
2292 0.8452597
2293 0.8452274
2294 0.8451957
2295 0.8451637
2296 0.8451318
2297 0.845102
2298 0.8450696
2299 0.8450381
2300 0.8450062
2301 0.8449737
2302 0.8449427
2303 0.8449104
2304 0.84488
2305 0.8448476
2306 0.8448156
2307 0.8447846
2308 0.8447515
2309 0.8447208
2310 0.8446894
2311 0.8446568
2312 0.8446263
2313 0.8445948
2314 0.8445619
2315 0.8445299
2316 0.8444988
2317 0.8444683
2318 0.8444352
2319 0.8444034
2320 0.8443715
2321 0.8443401
2322 0.8443079
2323 0.8442762
2324 0.8442438
2325 0.8442123
2326 0.8441791
2327 0.8441493
2328 0.8441172
2329 0.8440836
2330 0.8440519
2331 0.844021
2332 0.8439893
2333 0.8439571
2334 0.8439255
2335 0.8438939
2336 0.8438615
2337 0.8438284
2338 0.8437971
2339 0.8437663
2340 0.8437347
2341 0.843703
2342 0.8436698
2343 0.8436384
2344 0.8436065
2345 0.8435744
2346 0.8435417
2347 0.8435109
2348 0.8434782
2349 0.8434477
2350 0.8434155
2351 0.8433841
2352 0.843351
2353 0.8433189
2354 0.8432876
2355 0.8432564
2356 0.8432234
2357 0.8431914
2358 0.8431597
2359 0.8431281
2360 0.8430982
2361 0.8430651
2362 0.8430333
2363 0.8430029
2364 0.8429702
2365 0.8429392
2366 0.8429071
2367 0.8428753
2368 0.8428437
2369 0.8428132
2370 0.8427813
2371 0.8427495
2372 0.8427187
2373 0.8426875
2374 0.8426551
2375 0.8426237
2376 0.8425934
2377 0.8425618
2378 0.8425304
2379 0.8424989
2380 0.8424685
2381 0.8424373
2382 0.8424058
2383 0.8423749
2384 0.842344
2385 0.8423118
2386 0.8422818
2387 0.8422508
2388 0.8422205
2389 0.84219
2390 0.8421585
2391 0.8421277
2392 0.8420959
2393 0.8420662
2394 0.8420362
2395 0.8420052
2396 0.8419752
2397 0.8419447
2398 0.8419138
2399 0.8418846
2400 0.8418539
2401 0.841822
2402 0.8417922
2403 0.8417619
2404 0.8417316
2405 0.8417018
2406 0.841671
2407 0.8416412
2408 0.8416126
2409 0.8415826
2410 0.8415522
2411 0.8415232
2412 0.8414934
2413 0.8414634
2414 0.8414342
2415 0.8414053
2416 0.8413749
2417 0.8413459
2418 0.8413162
2419 0.8412861
2420 0.841258
2421 0.8412291
2422 0.8411987
2423 0.8411693
2424 0.8411409
2425 0.8411118
2426 0.8410823
2427 0.8410543
2428 0.8410248
2429 0.8409951
2430 0.8409676
2431 0.8409386
2432 0.8409101
2433 0.840881
2434 0.8408529
2435 0.8408245
2436 0.8407959
2437 0.8407679
2438 0.8407394
2439 0.8407105
2440 0.8406833
2441 0.8406532
2442 0.8406263
2443 0.8405983
2444 0.840569
2445 0.8405424
2446 0.8405127
2447 0.8404853
2448 0.8404577
2449 0.8404309
2450 0.8404034
2451 0.8403755
2452 0.8403482
2453 0.8403211
2454 0.8402929
2455 0.8402656
2456 0.8402374
2457 0.8402099
2458 0.8401827
2459 0.8401552
2460 0.8401276
2461 0.8401011
2462 0.8400737
2463 0.8400468
2464 0.8400189
2465 0.839993
2466 0.8399655
2467 0.8399394
2468 0.8399117
2469 0.8398853
2470 0.8398578
2471 0.8398315
2472 0.8398044
2473 0.8397775
2474 0.8397509
2475 0.8397238
2476 0.8396971
2477 0.8396698
2478 0.8396431
2479 0.8396175
2480 0.8395911
2481 0.8395641
2482 0.839538
2483 0.8395122
2484 0.8394852
2485 0.8394591
2486 0.839433
2487 0.8394061
2488 0.8393795
2489 0.839353
2490 0.8393266
2491 0.8393016
2492 0.8392745
2493 0.8392479
2494 0.8392223
2495 0.8391945
2496 0.8391708
2497 0.839143
2498 0.8391176
2499 0.8390902
2500 0.8390647
2501 0.8390382
2502 0.8390129
2503 0.838986
2504 0.8389605
2505 0.8389345
2506 0.8389072
2507 0.8388823
2508 0.8388564
2509 0.8388309
2510 0.8388044
2511 0.8387784
2512 0.8387524
2513 0.8387268
2514 0.8386999
2515 0.8386742
2516 0.838647
2517 0.8386222
2518 0.8385963
2519 0.8385699
2520 0.838544
2521 0.8385178
2522 0.8384916
2523 0.838465
2524 0.8384399
2525 0.8384135
2526 0.8383864
2527 0.8383604
2528 0.8383352
2529 0.8383085
2530 0.838282
2531 0.8382558
2532 0.8382295
2533 0.8382025
2534 0.8381764
2535 0.8381501
2536 0.8381251
2537 0.8380996
2538 0.8380727
2539 0.8380456
2540 0.8380197
2541 0.8379921
2542 0.8379654
2543 0.8379403
2544 0.837913
2545 0.8378864
2546 0.8378608
2547 0.8378332
2548 0.837806
2549 0.8377799
2550 0.8377523
2551 0.8377256
2552 0.8376987
2553 0.8376711
2554 0.8376438
2555 0.8376179
2556 0.8375905
2557 0.8375629
2558 0.8375361
2559 0.8375092
2560 0.8374811
2561 0.8374547
2562 0.8374271
2563 0.8374003
2564 0.8373727
2565 0.8373442
2566 0.8373173
2567 0.8372897
2568 0.8372617
2569 0.8372335
2570 0.8372054
2571 0.837178
2572 0.8371502
2573 0.837122
2574 0.8370939
2575 0.8370658
2576 0.8370382
2577 0.8370094
2578 0.8369809
2579 0.836954
2580 0.8369246
2581 0.8368967
2582 0.8368683
2583 0.83684
2584 0.8368102
2585 0.8367813
2586 0.8367526
2587 0.8367234
2588 0.8366945
2589 0.8366652
2590 0.8366369
2591 0.8366071
2592 0.8365781
2593 0.8365489
2594 0.8365195
2595 0.8364906
2596 0.8364609
2597 0.8364306
2598 0.836401
2599 0.8363716
2600 0.8363414
2601 0.8363113
2602 0.8362814
2603 0.8362516
2604 0.8362225
2605 0.8361922
2606 0.836162
2607 0.836131
2608 0.8361002
2609 0.8360701
2610 0.8360401
2611 0.8360087
2612 0.8359787
2613 0.8359481
2614 0.8359167
2615 0.8358859
2616 0.8358544
2617 0.8358238
2618 0.8357931
2619 0.835762
2620 0.8357303
2621 0.8356991
2622 0.8356683
2623 0.8356367
2624 0.835605
2625 0.8355734
2626 0.8355414
2627 0.8355108
2628 0.8354781
2629 0.8354453
2630 0.8354137
2631 0.8353817
2632 0.8353506
2633 0.8353168
2634 0.8352849
2635 0.835253
2636 0.8352216
2637 0.8351886
2638 0.8351551
2639 0.8351233
2640 0.8350906
2641 0.8350571
2642 0.8350246
2643 0.8349913
2644 0.834959
2645 0.8349259
2646 0.8348926
2647 0.8348603
2648 0.8348269
2649 0.8347929
2650 0.8347598
2651 0.8347263
2652 0.8346931
2653 0.8346592
2654 0.834627
2655 0.834593
2656 0.8345587
2657 0.8345245
2658 0.8344906
2659 0.8344555
2660 0.8344226
2661 0.8343884
2662 0.8343545
2663 0.83432
2664 0.8342863
2665 0.8342528
2666 0.8342165
2667 0.8341833
2668 0.8341484
2669 0.8341141
2670 0.8340797
2671 0.8340453
2672 0.8340106
2673 0.833976
2674 0.8339406
2675 0.8339066
2676 0.833872
2677 0.8338359
2678 0.8338004
2679 0.8337657
2680 0.8337308
2681 0.8336963
2682 0.8336602
2683 0.8336254
2684 0.8335888
2685 0.8335543
2686 0.8335192
2687 0.8334833
2688 0.8334478
2689 0.8334121
2690 0.8333755
2691 0.8333403
2692 0.8333058
2693 0.8332695
2694 0.8332348
2695 0.8331981
2696 0.8331624
2697 0.833126
2698 0.8330892
2699 0.8330532
2700 0.8330176
2701 0.8329809
2702 0.832945
2703 0.8329078
2704 0.8328721
2705 0.8328359
2706 0.8327996
2707 0.8327639
2708 0.8327276
2709 0.8326911
2710 0.8326541
2711 0.8326176
2712 0.8325807
2713 0.8325443
2714 0.832508
2715 0.8324717
2716 0.8324345
2717 0.8323976
2718 0.8323613
2719 0.8323237
2720 0.8322865
2721 0.8322499
2722 0.8322133
2723 0.832176
2724 0.8321401
2725 0.8321028
2726 0.8320663
2727 0.8320296
2728 0.8319913
2729 0.8319547
2730 0.8319182
2731 0.8318818
2732 0.8318436
2733 0.8318067
2734 0.8317697
2735 0.8317323
2736 0.8316958
2737 0.8316582
2738 0.8316209
2739 0.8315846
2740 0.8315471
2741 0.8315094
2742 0.8314723
2743 0.8314348
2744 0.8313984
2745 0.8313603
2746 0.8313234
2747 0.8312858
2748 0.8312495
2749 0.8312117
2750 0.8311741
2751 0.8311372
2752 0.8311003
2753 0.8310637
2754 0.8310266
2755 0.83099
2756 0.8309525
2757 0.8309162
2758 0.8308786
2759 0.8308415
2760 0.8308043
2761 0.8307668
2762 0.8307299
2763 0.8306932
2764 0.8306566
2765 0.8306195
2766 0.8305825
2767 0.8305454
2768 0.8305082
2769 0.8304707
2770 0.830435
2771 0.8303981
2772 0.8303618
2773 0.8303246
2774 0.8302883
2775 0.8302512
2776 0.8302146
2777 0.8301776
2778 0.8301418
2779 0.8301054
2780 0.8300691
2781 0.8300314
2782 0.8299957
2783 0.8299584
2784 0.829923
2785 0.8298867
2786 0.829851
2787 0.8298146
2788 0.8297791
2789 0.8297425
2790 0.8297064
2791 0.829671
2792 0.8296347
2793 0.8295991
2794 0.8295639
2795 0.8295283
2796 0.8294917
2797 0.8294559
2798 0.8294204
2799 0.8293864
2800 0.8293501
2801 0.8293136
2802 0.8292804
2803 0.8292443
2804 0.829209
2805 0.8291749
2806 0.8291389
2807 0.8291028
2808 0.8290691
2809 0.8290348
2810 0.8289997
2811 0.8289651
2812 0.8289307
2813 0.8288955
2814 0.828861
2815 0.828827
2816 0.8287914
2817 0.8287578
2818 0.8287252
2819 0.8286906
2820 0.8286567
2821 0.8286223
2822 0.8285893
2823 0.828556
2824 0.828522
2825 0.8284892
2826 0.8284554
2827 0.8284217
2828 0.8283879
2829 0.8283548
2830 0.8283213
2831 0.8282889
2832 0.8282565
2833 0.828224
2834 0.8281903
2835 0.8281589
2836 0.8281258
2837 0.8280936
2838 0.8280608
2839 0.8280288
2840 0.8279965
2841 0.8279645
2842 0.8279322
2843 0.8279016
2844 0.8278696
2845 0.8278365
2846 0.8278062
2847 0.8277743
2848 0.8277419
2849 0.8277106
2850 0.8276811
2851 0.8276494
2852 0.8276181
2853 0.8275865
2854 0.8275567
2855 0.8275253
2856 0.8274949
2857 0.827464
2858 0.8274339
2859 0.8274032
2860 0.8273741
2861 0.8273432
2862 0.8273128
2863 0.8272838
2864 0.8272544
2865 0.8272251
2866 0.8271952
2867 0.8271659
2868 0.8271363
2869 0.8271073
2870 0.8270776
2871 0.8270491
2872 0.82702
2873 0.8269914
2874 0.8269622
2875 0.8269347
2876 0.8269067
2877 0.8268768
2878 0.8268498
2879 0.8268229
2880 0.8267927
2881 0.8267653
2882 0.8267376
2883 0.8267113
2884 0.8266825
2885 0.8266553
2886 0.826628
2887 0.8266
2888 0.8265743
2889 0.8265468
2890 0.8265203
2891 0.8264943
2892 0.826467
2893 0.8264406
2894 0.826414
2895 0.8263872
2896 0.826361
2897 0.8263345
2898 0.826309
2899 0.8262843
2900 0.8262578
2901 0.8262308
2902 0.8262062
2903 0.8261808
2904 0.8261553
2905 0.82613
2906 0.8261049
2907 0.8260804
2908 0.8260562
2909 0.826031
2910 0.8260056
2911 0.8259814
2912 0.8259566
2913 0.8259324
2914 0.8259066
2915 0.8258845
2916 0.8258609
2917 0.825836
2918 0.8258118
2919 0.8257901
2920 0.8257653
2921 0.8257419
2922 0.8257179
2923 0.8256947
2924 0.8256716
2925 0.8256497
2926 0.8256257
2927 0.8256034
2928 0.8255804
2929 0.8255582
2930 0.8255358
2931 0.8255133
2932 0.8254912
2933 0.8254686
2934 0.825446
2935 0.8254241
2936 0.8254036
2937 0.8253813
2938 0.8253592
2939 0.8253376
2940 0.8253168
2941 0.8252943
2942 0.8252724
2943 0.8252515
2944 0.8252305
2945 0.8252099
2946 0.8251889
2947 0.825168
2948 0.8251474
2949 0.8251274
2950 0.8251072
2951 0.825086
2952 0.8250662
2953 0.8250461
2954 0.8250254
2955 0.8250056
2956 0.8249864
2957 0.8249654
2958 0.8249462
2959 0.8249264
2960 0.8249063
2961 0.8248861
2962 0.8248671
2963 0.8248478
2964 0.8248286
2965 0.8248101
2966 0.8247913
2967 0.8247725
2968 0.8247535
2969 0.8247344
2970 0.8247166
2971 0.8246976
2972 0.8246778
2973 0.8246591
2974 0.8246413
2975 0.8246239
2976 0.824605
2977 0.8245861
2978 0.8245685
2979 0.8245509
2980 0.8245327
2981 0.8245146
2982 0.824497
2983 0.8244787
2984 0.824461
2985 0.8244438
2986 0.8244274
2987 0.8244106
2988 0.8243918
2989 0.8243757
2990 0.8243585
2991 0.8243419
2992 0.8243257
2993 0.8243083
2994 0.8242912
2995 0.8242746
2996 0.8242573
2997 0.8242411
2998 0.8242252
2999 0.8242078
3000 0.8241926
3001 0.824176
3002 0.8241592
3003 0.8241435
3004 0.8241278
3005 0.8241129
3006 0.824096
3007 0.8240811
3008 0.8240653
3009 0.8240498
3010 0.824034
3011 0.8240182
3012 0.8240018
3013 0.8239875
3014 0.8239722
3015 0.8239567
3016 0.8239406
3017 0.8239258
3018 0.8239111
3019 0.8238974
3020 0.8238832
3021 0.8238683
3022 0.8238526
3023 0.8238382
3024 0.823824
3025 0.8238099
3026 0.823795
3027 0.8237807
3028 0.8237666
3029 0.8237533
3030 0.8237391
3031 0.8237256
3032 0.8237112
3033 0.8236977
3034 0.823683
3035 0.8236691
3036 0.8236558
3037 0.8236427
3038 0.8236297
3039 0.8236173
3040 0.8236032
3041 0.8235893
3042 0.8235765
3043 0.8235634
3044 0.8235502
3045 0.8235368
3046 0.8235246
3047 0.8235123
3048 0.8234995
3049 0.8234872
3050 0.8234751
